<?xml version="1.0" encoding="UTF-8"?>
<testsuites name="TSC_02_FMS_SMART_WEB_APPLICATION" time="355.971" tests="5" failures="0" errors="0">
   <testsuite name="TS_005_FMS_SMART_Login feature" tests="1" failures="0" errors="0" time="23.751" skipped="0" timestamp="2023-08-17 15:48:10" hostname="DESKTOP-21ATSCV$ - DESKTOP-21ATSCV" id="Test Suites/TS_005_FMS_SMART_Login feature">
      <properties>
         <property name="deviceName" value=""/>
         <property name="devicePlatform" value=""/>
         <property name="logFolder" value="C:\\Users\\windows 10\\git\\NewRepository\\KatalonGit\\Reports\\20230817_154738\\TS_005_FMS_SMART_Login feature\\20230817_154747"/>
         <property name="logFiles" value="C:\\Users\\windows 10\\git\\NewRepository\\KatalonGit\\Reports\\20230817_154738\\TS_005_FMS_SMART_Login feature\\20230817_154747\\execution0.log"/>
         <property name="attachments" value=""/>
         <property name="hostName" value="DESKTOP-21ATSCV$ - DESKTOP-21ATSCV"/>
         <property name="os" value="Windows 10 64bit"/>
         <property name="katalonVersion" value="8.6.5.208"/>
         <property name="browser" value="Chrome 115.0.0.0"/>
         <property name="hostAddress" value="192.168.1.101"/>
         <property name="sessionId" value="37b2225cac5da3dcc3fe312713f5cf25"/>
         <property name="seleniumVersion" value="3.141.59"/>
         <property name="proxyInformation" value="ProxyInformation { proxyOption=NO_PROXY, proxyServerType=HTTP, username=, password=********, proxyServerAddress=, proxyServerPort=0, executionList=&quot;&quot;, isApplyToDesiredCapabilities=true }"/>
         <property name="platform" value="Windows 10"/>
      </properties>
      <testcase name="Test Cases/TC_007_FMS_Smart_Verify Login feature" time="23.379" classname="Test Cases/TC_007_FMS_Smart_Verify Login feature" status="PASSED">
         <system-out><![CDATA[2023-08-17 15:48:10 - [TEST_CASE][PASSED] - Test Cases/TC_007_FMS_Smart_Verify Login feature: Test Cases/TC_007_FMS_Smart_Verify Login feature

2023-08-17 15:48:11 - [TEST_STEP][PASSED] - openBrowser(url): Browser is opened with url: 'https://ioclfmssmart.tmsitrimble.in/FMSSmartApp/#/login'

2023-08-17 15:48:11 - [MESSAGE][INFO] - Starting 'Chrome' driver

2023-08-17 15:48:11 - [MESSAGE][INFO] - Action delay is set to 0 milliseconds

2023-08-17 15:48:18 - [MESSAGE][PASSED] - Browser is opened with url: 'https://ioclfmssmart.tmsitrimble.in/FMSSmartApp/#/login'

2023-08-17 15:48:18 - [TEST_STEP][PASSED] - maximizeWindow(): Current window maximized

2023-08-17 15:48:18 - [MESSAGE][PASSED] - Current window maximized

2023-08-17 15:48:18 - [TEST_STEP][PASSED] - delay(3): Delayed 3 second(s)

2023-08-17 15:48:21 - [MESSAGE][PASSED] - Delayed 3 second(s)

2023-08-17 15:48:21 - [TEST_STEP][PASSED] - click(findTestObject("OB_005_Login screen_fms smart/login screen/username")): Object: 'Object Repository/OB_005_Login screen_fms smart/login screen/username' is clicked on

2023-08-17 15:48:22 - [MESSAGE][PASSED] - Object: 'Object Repository/OB_005_Login screen_fms smart/login screen/username' is clicked on

2023-08-17 15:48:22 - [TEST_STEP][PASSED] - setText(findTestObject("OB_005_Login screen_fms smart/login screen/username"), username): Text '11038331' is set on object 'Object Repository/OB_005_Login screen_fms smart/login screen/username'

2023-08-17 15:48:23 - [MESSAGE][PASSED] - Text '11038331' is set on object 'Object Repository/OB_005_Login screen_fms smart/login screen/username'

2023-08-17 15:48:23 - [TEST_STEP][PASSED] - click(findTestObject("OB_005_Login screen_fms smart/login screen/Password")): Object: 'Object Repository/OB_005_Login screen_fms smart/login screen/Password' is clicked on

2023-08-17 15:48:23 - [MESSAGE][PASSED] - Object: 'Object Repository/OB_005_Login screen_fms smart/login screen/Password' is clicked on

2023-08-17 15:48:23 - [TEST_STEP][PASSED] - setText(findTestObject("OB_005_Login screen_fms smart/login screen/Password"), password): Text 'Nr@747900' is set on object 'Object Repository/OB_005_Login screen_fms smart/login screen/Password'

2023-08-17 15:48:24 - [MESSAGE][PASSED] - Text 'Nr@747900' is set on object 'Object Repository/OB_005_Login screen_fms smart/login screen/Password'

2023-08-17 15:48:24 - [TEST_STEP][PASSED] - click(findTestObject("OB_005_Login screen_fms smart/login screen/button_Sign in")): Object: 'Object Repository/OB_005_Login screen_fms smart/login screen/button_Sign in' is clicked on

2023-08-17 15:48:24 - [MESSAGE][PASSED] - Object: 'Object Repository/OB_005_Login screen_fms smart/login screen/button_Sign in' is clicked on

2023-08-17 15:48:24 - [TEST_STEP][PASSED] - delay(6): Delayed 6 second(s)

2023-08-17 15:48:30 - [MESSAGE][PASSED] - Delayed 6 second(s)

2023-08-17 15:48:30 - [TEST_STEP][PASSED] - click(findTestObject("OB_005_Login screen_fms smart/login screen/button_ACCEPT AND CLOSE")): Object: 'Object Repository/OB_005_Login screen_fms smart/login screen/button_ACCEPT AND CLOSE' is clicked on

2023-08-17 15:48:32 - [MESSAGE][PASSED] - Object: 'Object Repository/OB_005_Login screen_fms smart/login screen/button_ACCEPT AND CLOSE' is clicked on

2023-08-17 15:48:32 - [TEST_STEP][PASSED] - verifyTextPresent("FMS Smart", false): Text 'FMS Smart' is present on page 

2023-08-17 15:48:33 - [MESSAGE][PASSED] - Text 'FMS Smart' is present on page]]></system-out>
         <system-err><![CDATA[]]></system-err>
      </testcase>
      <system-out><![CDATA[2023-08-17 15:48:10 - [TEST_SUITE][PASSED] - TS_005_FMS_SMART_Login feature: Test Cases/TC_007_FMS_Smart_Verify Login feature]]></system-out>
      <system-err><![CDATA[]]></system-err>
   </testsuite>
   <testsuite name="TS_006_FMS_SMART_Logout feature" tests="1" failures="0" errors="0" time="63.21" skipped="0" timestamp="2023-08-17 15:48:52" hostname="DESKTOP-21ATSCV$ - DESKTOP-21ATSCV" id="Test Suites/TS_006_FMS_SMART_Logout feature">
      <properties>
         <property name="deviceName" value=""/>
         <property name="devicePlatform" value=""/>
         <property name="logFolder" value="C:\\Users\\windows 10\\git\\NewRepository\\KatalonGit\\Reports\\20230817_154738\\TS_006_FMS_SMART_Logout feature\\20230817_154756"/>
         <property name="logFiles" value="C:\\Users\\windows 10\\git\\NewRepository\\KatalonGit\\Reports\\20230817_154738\\TS_006_FMS_SMART_Logout feature\\20230817_154756\\execution0.log"/>
         <property name="attachments" value=""/>
         <property name="hostName" value="DESKTOP-21ATSCV$ - DESKTOP-21ATSCV"/>
         <property name="os" value="Windows 10 64bit"/>
         <property name="katalonVersion" value="8.6.5.208"/>
         <property name="browser" value="Chrome 115.0.0.0"/>
         <property name="hostAddress" value="192.168.1.101"/>
         <property name="sessionId" value="fb470326f679264ccc1d9f3f17d58146"/>
         <property name="seleniumVersion" value="3.141.59"/>
         <property name="proxyInformation" value="ProxyInformation { proxyOption=NO_PROXY, proxyServerType=HTTP, username=, password=********, proxyServerAddress=, proxyServerPort=0, executionList=&quot;&quot;, isApplyToDesiredCapabilities=true }"/>
         <property name="platform" value="Windows 10"/>
      </properties>
      <testcase name="Test Cases/TC_010_FMS_Smart_Verify Logout feature" time="62.824" classname="Test Cases/TC_010_FMS_Smart_Verify Logout feature" status="PASSED">
         <system-out><![CDATA[2023-08-17 15:48:52 - [TEST_CASE][PASSED] - Test Cases/TC_010_FMS_Smart_Verify Logout feature: Test Cases/TC_010_FMS_Smart_Verify Logout feature

2023-08-17 15:48:53 - [TEST_STEP][PASSED] - callTestCase(findTestCase("TC_007_FMS_Smart_Verify Login feature"), ["url":"https://ioclfmssmart.tmsitrimble.in/FMSSmartApp/#/login", "username":"11038331", "password":"Nr@747900"], STOP_ON_FAILURE): Call Test Case 'Test Cases/TC_007_FMS_Smart_Verify Login feature' successfully

2023-08-17 15:48:53 - [TEST_CASE][PASSED] - Test Cases/TC_007_FMS_Smart_Verify Login feature: Test Cases/TC_007_FMS_Smart_Verify Login feature

2023-08-17 15:48:53 - [TEST_STEP][PASSED] - openBrowser(url): Browser is opened with url: 'https://ioclfmssmart.tmsitrimble.in/FMSSmartApp/#/login'

2023-08-17 15:48:53 - [MESSAGE][INFO] - Starting 'Chrome' driver

2023-08-17 15:48:53 - [MESSAGE][INFO] - Action delay is set to 0 milliseconds

2023-08-17 15:49:00 - [MESSAGE][PASSED] - Browser is opened with url: 'https://ioclfmssmart.tmsitrimble.in/FMSSmartApp/#/login'

2023-08-17 15:49:00 - [TEST_STEP][PASSED] - maximizeWindow(): Current window maximized

2023-08-17 15:49:00 - [MESSAGE][PASSED] - Current window maximized

2023-08-17 15:49:00 - [TEST_STEP][PASSED] - delay(3): Delayed 3 second(s)

2023-08-17 15:49:03 - [MESSAGE][PASSED] - Delayed 3 second(s)

2023-08-17 15:49:03 - [TEST_STEP][PASSED] - click(findTestObject("OB_005_Login screen_fms smart/login screen/username")): Object: 'Object Repository/OB_005_Login screen_fms smart/login screen/username' is clicked on

2023-08-17 15:49:04 - [MESSAGE][PASSED] - Object: 'Object Repository/OB_005_Login screen_fms smart/login screen/username' is clicked on

2023-08-17 15:49:04 - [TEST_STEP][PASSED] - setText(findTestObject("OB_005_Login screen_fms smart/login screen/username"), username): Text '11038331' is set on object 'Object Repository/OB_005_Login screen_fms smart/login screen/username'

2023-08-17 15:49:05 - [MESSAGE][PASSED] - Text '11038331' is set on object 'Object Repository/OB_005_Login screen_fms smart/login screen/username'

2023-08-17 15:49:05 - [TEST_STEP][PASSED] - click(findTestObject("OB_005_Login screen_fms smart/login screen/Password")): Object: 'Object Repository/OB_005_Login screen_fms smart/login screen/Password' is clicked on

2023-08-17 15:49:05 - [MESSAGE][PASSED] - Object: 'Object Repository/OB_005_Login screen_fms smart/login screen/Password' is clicked on

2023-08-17 15:49:05 - [TEST_STEP][PASSED] - setText(findTestObject("OB_005_Login screen_fms smart/login screen/Password"), password): Text 'Nr@747900' is set on object 'Object Repository/OB_005_Login screen_fms smart/login screen/Password'

2023-08-17 15:49:06 - [MESSAGE][PASSED] - Text 'Nr@747900' is set on object 'Object Repository/OB_005_Login screen_fms smart/login screen/Password'

2023-08-17 15:49:06 - [TEST_STEP][PASSED] - click(findTestObject("OB_005_Login screen_fms smart/login screen/button_Sign in")): Object: 'Object Repository/OB_005_Login screen_fms smart/login screen/button_Sign in' is clicked on

2023-08-17 15:49:07 - [MESSAGE][PASSED] - Object: 'Object Repository/OB_005_Login screen_fms smart/login screen/button_Sign in' is clicked on

2023-08-17 15:49:07 - [TEST_STEP][PASSED] - delay(6): Delayed 6 second(s)

2023-08-17 15:49:13 - [MESSAGE][PASSED] - Delayed 6 second(s)

2023-08-17 15:49:13 - [TEST_STEP][PASSED] - click(findTestObject("OB_005_Login screen_fms smart/login screen/button_ACCEPT AND CLOSE")): Object: 'Object Repository/OB_005_Login screen_fms smart/login screen/button_ACCEPT AND CLOSE' is clicked on

2023-08-17 15:49:14 - [MESSAGE][PASSED] - Object: 'Object Repository/OB_005_Login screen_fms smart/login screen/button_ACCEPT AND CLOSE' is clicked on

2023-08-17 15:49:14 - [TEST_STEP][PASSED] - verifyTextPresent("FMS Smart", false): Text 'FMS Smart' is present on page 

2023-08-17 15:49:15 - [MESSAGE][PASSED] - Text 'FMS Smart' is present on page 

2023-08-17 15:49:15 - [MESSAGE][PASSED] - Call Test Case 'Test Cases/TC_007_FMS_Smart_Verify Login feature' successfully

2023-08-17 15:49:15 - [TEST_STEP][PASSED] - click(findTestObject("OB_008_Fms smart Lgout and Feedback/Logout And Feedback/Logout1")): Object: 'Object Repository/OB_008_Fms smart Lgout and Feedback/Logout And Feedback/Logout1' is clicked on

2023-08-17 15:49:16 - [MESSAGE][PASSED] - Object: 'Object Repository/OB_008_Fms smart Lgout and Feedback/Logout And Feedback/Logout1' is clicked on

2023-08-17 15:49:16 - [TEST_STEP][PASSED] - delay(3): Delayed 3 second(s)

2023-08-17 15:49:19 - [MESSAGE][PASSED] - Delayed 3 second(s)

2023-08-17 15:49:19 - [TEST_STEP][PASSED] - click(findTestObject("OB_008_Fms smart Lgout and Feedback/Page_FMS Smart/Lgout22")): Object: 'Object Repository/OB_008_Fms smart Lgout and Feedback/Page_FMS Smart/Lgout22' is clicked on

2023-08-17 15:49:50 - [MESSAGE][INFO] - Unable to find the element located by 'By.xpath: //div[@id='feedback-modal']/div[2]/form/div[7]/div[2]/i'. Please recheck the objects properties to make sure the desired element is located. 

2023-08-17 15:49:50 - [MESSAGE][WARNING] - [SELF-HEALING] Failed to find element with id 'Object Repository/OB_008_Fms smart Lgout and Feedback/Page_FMS Smart/Lgout22'. Try using Self-healing.

2023-08-17 15:49:50 - [MESSAGE][WARNING] - [SELF-HEALING] The current locator of test object 'Object Repository/OB_008_Fms smart Lgout and Feedback/Page_FMS Smart/Lgout22' was broken. Propose an alternative one: '//div[@id='dropdown']/a[2]/i'.

2023-08-17 15:49:51 - [MESSAGE][PASSED] - Object: 'Object Repository/OB_008_Fms smart Lgout and Feedback/Page_FMS Smart/Lgout22' is clicked on

2023-08-17 15:49:51 - [TEST_STEP][PASSED] - delay(3): Delayed 3 second(s)

2023-08-17 15:49:54 - [MESSAGE][PASSED] - Delayed 3 second(s)

2023-08-17 15:49:54 - [TEST_STEP][PASSED] - click(findTestObject("OB_008_Fms smart Lgout and Feedback/logout3/logou3")): Object: 'Object Repository/OB_008_Fms smart Lgout and Feedback/logout3/logou3' is clicked on

2023-08-17 15:49:54 - [MESSAGE][PASSED] - Object: 'Object Repository/OB_008_Fms smart Lgout and Feedback/logout3/logou3' is clicked on

2023-08-17 15:49:54 - [TEST_STEP][PASSED] - closeBrowser(): Browser is closed

2023-08-17 15:49:55 - [MESSAGE][PASSED] - Browser is closed]]></system-out>
         <system-err><![CDATA[]]></system-err>
      </testcase>
      <system-out><![CDATA[2023-08-17 15:48:52 - [TEST_SUITE][PASSED] - TS_006_FMS_SMART_Logout feature: Test Cases/TC_010_FMS_Smart_Verify Logout feature]]></system-out>
      <system-err><![CDATA[]]></system-err>
   </testsuite>
   <testsuite name="TS_007_FMS_SMART_BASIC_SANITY" tests="3" failures="0" errors="0" time="214.859" skipped="0" timestamp="2023-08-17 15:50:12" hostname="DESKTOP-21ATSCV$ - DESKTOP-21ATSCV" id="Test Suites/TS_007_FMS_SMART_BASIC_SANITY">
      <properties>
         <property name="deviceName" value=""/>
         <property name="devicePlatform" value=""/>
         <property name="logFolder" value="C:\\Users\\windows 10\\git\\NewRepository\\KatalonGit\\Reports\\20230817_154738\\TS_007_FMS_SMART_BASIC_SANITY\\20230817_154805"/>
         <property name="logFiles" value="C:\\Users\\windows 10\\git\\NewRepository\\KatalonGit\\Reports\\20230817_154738\\TS_007_FMS_SMART_BASIC_SANITY\\20230817_154805\\execution0.log"/>
         <property name="attachments" value=""/>
         <property name="hostName" value="DESKTOP-21ATSCV$ - DESKTOP-21ATSCV"/>
         <property name="os" value="Windows 10 64bit"/>
         <property name="katalonVersion" value="8.6.5.208"/>
         <property name="browser" value="Chrome 115.0.0.0"/>
         <property name="hostAddress" value="192.168.1.101"/>
         <property name="sessionId" value="b809e125a3637f3f2d2385de9ed0d3b5"/>
         <property name="seleniumVersion" value="3.141.59"/>
         <property name="proxyInformation" value="ProxyInformation { proxyOption=NO_PROXY, proxyServerType=HTTP, username=, password=********, proxyServerAddress=, proxyServerPort=0, executionList=&quot;&quot;, isApplyToDesiredCapabilities=true }"/>
         <property name="platform" value="Windows 10"/>
      </properties>
      <testcase name="Test Cases/TC_012_FMS_Smart_Upload the Feedack feature" time="35.882" classname="Test Cases/TC_012_FMS_Smart_Upload the Feedack feature" status="PASSED">
         <system-out><![CDATA[2023-08-17 15:50:12 - [TEST_CASE][PASSED] - Test Cases/TC_012_FMS_Smart_Upload the Feedack feature: Test Cases/TC_012_FMS_Smart_Upload the Feedack feature

2023-08-17 15:50:13 - [TEST_STEP][PASSED] - callTestCase(findTestCase("TC_007_FMS_Smart_Verify Login feature"), ["url":"https://ioclfmssmart.tmsitrimble.in/FMSSmartApp/#/login", "username":"11038331", "password":"Nr@747900"], STOP_ON_FAILURE): Call Test Case 'Test Cases/TC_007_FMS_Smart_Verify Login feature' successfully

2023-08-17 15:50:13 - [TEST_CASE][PASSED] - Test Cases/TC_007_FMS_Smart_Verify Login feature: Test Cases/TC_007_FMS_Smart_Verify Login feature

2023-08-17 15:50:13 - [TEST_STEP][PASSED] - openBrowser(url): Browser is opened with url: 'https://ioclfmssmart.tmsitrimble.in/FMSSmartApp/#/login'

2023-08-17 15:50:14 - [MESSAGE][INFO] - Starting 'Chrome' driver

2023-08-17 15:50:14 - [MESSAGE][INFO] - Action delay is set to 0 milliseconds

2023-08-17 15:50:20 - [MESSAGE][PASSED] - Browser is opened with url: 'https://ioclfmssmart.tmsitrimble.in/FMSSmartApp/#/login'

2023-08-17 15:50:20 - [TEST_STEP][PASSED] - maximizeWindow(): Current window maximized

2023-08-17 15:50:20 - [MESSAGE][PASSED] - Current window maximized

2023-08-17 15:50:20 - [TEST_STEP][PASSED] - delay(3): Delayed 3 second(s)

2023-08-17 15:50:23 - [MESSAGE][PASSED] - Delayed 3 second(s)

2023-08-17 15:50:23 - [TEST_STEP][PASSED] - click(findTestObject("OB_005_Login screen_fms smart/login screen/username")): Object: 'Object Repository/OB_005_Login screen_fms smart/login screen/username' is clicked on

2023-08-17 15:50:24 - [MESSAGE][PASSED] - Object: 'Object Repository/OB_005_Login screen_fms smart/login screen/username' is clicked on

2023-08-17 15:50:24 - [TEST_STEP][PASSED] - setText(findTestObject("OB_005_Login screen_fms smart/login screen/username"), username): Text '11038331' is set on object 'Object Repository/OB_005_Login screen_fms smart/login screen/username'

2023-08-17 15:50:25 - [MESSAGE][PASSED] - Text '11038331' is set on object 'Object Repository/OB_005_Login screen_fms smart/login screen/username'

2023-08-17 15:50:25 - [TEST_STEP][PASSED] - click(findTestObject("OB_005_Login screen_fms smart/login screen/Password")): Object: 'Object Repository/OB_005_Login screen_fms smart/login screen/Password' is clicked on

2023-08-17 15:50:25 - [MESSAGE][PASSED] - Object: 'Object Repository/OB_005_Login screen_fms smart/login screen/Password' is clicked on

2023-08-17 15:50:25 - [TEST_STEP][PASSED] - setText(findTestObject("OB_005_Login screen_fms smart/login screen/Password"), password): Text 'Nr@747900' is set on object 'Object Repository/OB_005_Login screen_fms smart/login screen/Password'

2023-08-17 15:50:26 - [MESSAGE][PASSED] - Text 'Nr@747900' is set on object 'Object Repository/OB_005_Login screen_fms smart/login screen/Password'

2023-08-17 15:50:26 - [TEST_STEP][PASSED] - click(findTestObject("OB_005_Login screen_fms smart/login screen/button_Sign in")): Object: 'Object Repository/OB_005_Login screen_fms smart/login screen/button_Sign in' is clicked on

2023-08-17 15:50:27 - [MESSAGE][PASSED] - Object: 'Object Repository/OB_005_Login screen_fms smart/login screen/button_Sign in' is clicked on

2023-08-17 15:50:27 - [TEST_STEP][PASSED] - delay(6): Delayed 6 second(s)

2023-08-17 15:50:33 - [MESSAGE][PASSED] - Delayed 6 second(s)

2023-08-17 15:50:33 - [TEST_STEP][PASSED] - click(findTestObject("OB_005_Login screen_fms smart/login screen/button_ACCEPT AND CLOSE")): Object: 'Object Repository/OB_005_Login screen_fms smart/login screen/button_ACCEPT AND CLOSE' is clicked on

2023-08-17 15:50:35 - [MESSAGE][PASSED] - Object: 'Object Repository/OB_005_Login screen_fms smart/login screen/button_ACCEPT AND CLOSE' is clicked on

2023-08-17 15:50:35 - [TEST_STEP][PASSED] - verifyTextPresent("FMS Smart", false): Text 'FMS Smart' is present on page 

2023-08-17 15:50:36 - [MESSAGE][PASSED] - Text 'FMS Smart' is present on page 

2023-08-17 15:50:36 - [MESSAGE][PASSED] - Call Test Case 'Test Cases/TC_007_FMS_Smart_Verify Login feature' successfully

2023-08-17 15:50:36 - [TEST_STEP][PASSED] - delay(4): Delayed 4 second(s)

2023-08-17 15:50:40 - [MESSAGE][PASSED] - Delayed 4 second(s)

2023-08-17 15:50:40 - [TEST_STEP][PASSED] - click(findTestObject("OB_009_Upload feedback/Page_FMS Smart/FEEDBACK")): Object: 'Object Repository/OB_009_Upload feedback/Page_FMS Smart/FEEDBACK' is clicked on

2023-08-17 15:50:40 - [MESSAGE][PASSED] - Object: 'Object Repository/OB_009_Upload feedback/Page_FMS Smart/FEEDBACK' is clicked on

2023-08-17 15:50:40 - [TEST_STEP][PASSED] - delay(3): Delayed 3 second(s)

2023-08-17 15:50:43 - [MESSAGE][PASSED] - Delayed 3 second(s)

2023-08-17 15:50:43 - [TEST_STEP][PASSED] - click(findTestObject("OB_009_Upload feedback/Page_FMS Smart/Send Feedback")): Object: 'Object Repository/OB_009_Upload feedback/Page_FMS Smart/Send Feedback' is clicked on

2023-08-17 15:50:44 - [MESSAGE][PASSED] - Object: 'Object Repository/OB_009_Upload feedback/Page_FMS Smart/Send Feedback' is clicked on

2023-08-17 15:50:44 - [TEST_STEP][PASSED] - verifyTextPresent("All fields are mandatory", false): Text 'All fields are mandatory' is present on page 

2023-08-17 15:50:44 - [MESSAGE][PASSED] - Text 'All fields are mandatory' is present on page 

2023-08-17 15:50:44 - [TEST_STEP][PASSED] - delay(3): Delayed 3 second(s)

2023-08-17 15:50:47 - [MESSAGE][PASSED] - Delayed 3 second(s)

2023-08-17 15:50:47 - [TEST_STEP][PASSED] - closeBrowser(): Browser is closed

2023-08-17 15:50:48 - [MESSAGE][PASSED] - Browser is closed]]></system-out>
         <system-err><![CDATA[]]></system-err>
      </testcase>
      <testcase name="Test Cases/TC_011_FMS_Smart_Verify Feedback feature" time="103.835" classname="Test Cases/TC_011_FMS_Smart_Verify Feedback feature" status="PASSED">
         <system-out><![CDATA[2023-08-17 15:50:48 - [TEST_CASE][PASSED] - Test Cases/TC_011_FMS_Smart_Verify Feedback feature: Test Cases/TC_011_FMS_Smart_Verify Feedback feature

2023-08-17 15:50:48 - [TEST_STEP][PASSED] - callTestCase(findTestCase("TC_007_FMS_Smart_Verify Login feature"), ["url":"https://ioclfmssmart.tmsitrimble.in/FMSSmartApp/#/login", "username":"11038331", "password":"Nr@747900"], STOP_ON_FAILURE): Call Test Case 'Test Cases/TC_007_FMS_Smart_Verify Login feature' successfully

2023-08-17 15:50:48 - [TEST_CASE][PASSED] - Test Cases/TC_007_FMS_Smart_Verify Login feature: Test Cases/TC_007_FMS_Smart_Verify Login feature

2023-08-17 15:50:48 - [TEST_STEP][PASSED] - openBrowser(url): Browser is opened with url: 'https://ioclfmssmart.tmsitrimble.in/FMSSmartApp/#/login'

2023-08-17 15:50:48 - [MESSAGE][INFO] - Starting 'Chrome' driver

2023-08-17 15:50:48 - [MESSAGE][INFO] - Action delay is set to 0 milliseconds

2023-08-17 15:50:54 - [MESSAGE][PASSED] - Browser is opened with url: 'https://ioclfmssmart.tmsitrimble.in/FMSSmartApp/#/login'

2023-08-17 15:50:54 - [TEST_STEP][PASSED] - maximizeWindow(): Current window maximized

2023-08-17 15:50:54 - [MESSAGE][PASSED] - Current window maximized

2023-08-17 15:50:54 - [TEST_STEP][PASSED] - delay(3): Delayed 3 second(s)

2023-08-17 15:50:57 - [MESSAGE][PASSED] - Delayed 3 second(s)

2023-08-17 15:50:57 - [TEST_STEP][PASSED] - click(findTestObject("OB_005_Login screen_fms smart/login screen/username")): Object: 'Object Repository/OB_005_Login screen_fms smart/login screen/username' is clicked on

2023-08-17 15:50:58 - [MESSAGE][PASSED] - Object: 'Object Repository/OB_005_Login screen_fms smart/login screen/username' is clicked on

2023-08-17 15:50:58 - [TEST_STEP][PASSED] - setText(findTestObject("OB_005_Login screen_fms smart/login screen/username"), username): Text '11038331' is set on object 'Object Repository/OB_005_Login screen_fms smart/login screen/username'

2023-08-17 15:50:58 - [MESSAGE][PASSED] - Text '11038331' is set on object 'Object Repository/OB_005_Login screen_fms smart/login screen/username'

2023-08-17 15:50:58 - [TEST_STEP][PASSED] - click(findTestObject("OB_005_Login screen_fms smart/login screen/Password")): Object: 'Object Repository/OB_005_Login screen_fms smart/login screen/Password' is clicked on

2023-08-17 15:50:59 - [MESSAGE][PASSED] - Object: 'Object Repository/OB_005_Login screen_fms smart/login screen/Password' is clicked on

2023-08-17 15:50:59 - [TEST_STEP][PASSED] - setText(findTestObject("OB_005_Login screen_fms smart/login screen/Password"), password): Text 'Nr@747900' is set on object 'Object Repository/OB_005_Login screen_fms smart/login screen/Password'

2023-08-17 15:51:00 - [MESSAGE][PASSED] - Text 'Nr@747900' is set on object 'Object Repository/OB_005_Login screen_fms smart/login screen/Password'

2023-08-17 15:51:00 - [TEST_STEP][PASSED] - click(findTestObject("OB_005_Login screen_fms smart/login screen/button_Sign in")): Object: 'Object Repository/OB_005_Login screen_fms smart/login screen/button_Sign in' is clicked on

2023-08-17 15:51:00 - [MESSAGE][PASSED] - Object: 'Object Repository/OB_005_Login screen_fms smart/login screen/button_Sign in' is clicked on

2023-08-17 15:51:00 - [TEST_STEP][PASSED] - delay(6): Delayed 6 second(s)

2023-08-17 15:51:06 - [MESSAGE][PASSED] - Delayed 6 second(s)

2023-08-17 15:51:06 - [TEST_STEP][PASSED] - click(findTestObject("OB_005_Login screen_fms smart/login screen/button_ACCEPT AND CLOSE")): Object: 'Object Repository/OB_005_Login screen_fms smart/login screen/button_ACCEPT AND CLOSE' is clicked on

2023-08-17 15:51:16 - [MESSAGE][PASSED] - Object: 'Object Repository/OB_005_Login screen_fms smart/login screen/button_ACCEPT AND CLOSE' is clicked on

2023-08-17 15:51:16 - [TEST_STEP][PASSED] - verifyTextPresent("FMS Smart", false): Text 'FMS Smart' is present on page 

2023-08-17 15:51:16 - [MESSAGE][PASSED] - Text 'FMS Smart' is present on page 

2023-08-17 15:51:16 - [MESSAGE][PASSED] - Call Test Case 'Test Cases/TC_007_FMS_Smart_Verify Login feature' successfully

2023-08-17 15:51:16 - [TEST_STEP][PASSED] - click(findTestObject("OB_008_Fms smart Lgout and Feedback/Logout And Feedback/Logout1")): Object: 'Object Repository/OB_008_Fms smart Lgout and Feedback/Logout And Feedback/Logout1' is clicked on

2023-08-17 15:51:17 - [MESSAGE][PASSED] - Object: 'Object Repository/OB_008_Fms smart Lgout and Feedback/Logout And Feedback/Logout1' is clicked on

2023-08-17 15:51:17 - [TEST_STEP][PASSED] - delay(2): Delayed 2 second(s)

2023-08-17 15:51:19 - [MESSAGE][PASSED] - Delayed 2 second(s)

2023-08-17 15:51:19 - [TEST_STEP][PASSED] - click(findTestObject("OB_008_Fms smart Lgout and Feedback/Logout And Feedback/Logout2")): Object: 'Object Repository/OB_008_Fms smart Lgout and Feedback/Logout And Feedback/Logout2' is clicked on

2023-08-17 15:51:50 - [MESSAGE][INFO] - Unable to find the element located by 'By.xpath: //div[@id='feedback-modal']/div[2]/form/div[7]/div[2]/span'. Please recheck the objects properties to make sure the desired element is located. 

2023-08-17 15:51:50 - [MESSAGE][WARNING] - [SELF-HEALING] Failed to find element with id 'Object Repository/OB_008_Fms smart Lgout and Feedback/Logout And Feedback/Logout2'. Try using Self-healing.

2023-08-17 15:51:50 - [MESSAGE][WARNING] - [SELF-HEALING] The current locator of test object 'Object Repository/OB_008_Fms smart Lgout and Feedback/Logout And Feedback/Logout2' was broken. Propose an alternative one: '(.//*[normalize-space(text()) and normalize-space(.)='Trimble'])[1]/preceding::span[1]'.

2023-08-17 15:51:50 - [MESSAGE][PASSED] - Object: 'Object Repository/OB_008_Fms smart Lgout and Feedback/Logout And Feedback/Logout2' is clicked on

2023-08-17 15:51:50 - [TEST_STEP][PASSED] - delay(3): Delayed 3 second(s)

2023-08-17 15:51:53 - [MESSAGE][PASSED] - Delayed 3 second(s)

2023-08-17 15:51:53 - [TEST_STEP][PASSED] - click(findTestObject("OB_008_Fms smart Lgout and Feedback/Logout And Feedback/5 Star")): Object: 'Object Repository/OB_008_Fms smart Lgout and Feedback/Logout And Feedback/5 Star' is clicked on

2023-08-17 15:51:54 - [MESSAGE][PASSED] - Object: 'Object Repository/OB_008_Fms smart Lgout and Feedback/Logout And Feedback/5 Star' is clicked on

2023-08-17 15:51:54 - [TEST_STEP][PASSED] - click(findTestObject("OB_008_Fms smart Lgout and Feedback/Logout And Feedback/Enter name")): Object: 'Object Repository/OB_008_Fms smart Lgout and Feedback/Logout And Feedback/Enter name' is clicked on

2023-08-17 15:51:54 - [MESSAGE][PASSED] - Object: 'Object Repository/OB_008_Fms smart Lgout and Feedback/Logout And Feedback/Enter name' is clicked on

2023-08-17 15:51:54 - [TEST_STEP][PASSED] - setText(findTestObject("OB_008_Fms smart Lgout and Feedback/Logout And Feedback/Enter name"), "Maddy patil"): Text 'Maddy patil' is set on object 'Object Repository/OB_008_Fms smart Lgout and Feedback/Logout And Feedback/Enter name'

2023-08-17 15:51:55 - [MESSAGE][PASSED] - Text 'Maddy patil' is set on object 'Object Repository/OB_008_Fms smart Lgout and Feedback/Logout And Feedback/Enter name'

2023-08-17 15:51:55 - [TEST_STEP][PASSED] - click(findTestObject("OB_008_Fms smart Lgout and Feedback/Logout And Feedback/Enter Email")): Object: 'Object Repository/OB_008_Fms smart Lgout and Feedback/Logout And Feedback/Enter Email' is clicked on

2023-08-17 15:51:56 - [MESSAGE][PASSED] - Object: 'Object Repository/OB_008_Fms smart Lgout and Feedback/Logout And Feedback/Enter Email' is clicked on

2023-08-17 15:51:56 - [TEST_STEP][PASSED] - setText(findTestObject("OB_008_Fms smart Lgout and Feedback/Logout And Feedback/Enter Email"), "maddy@gmail.com"): Text 'maddy@gmail.com' is set on object 'Object Repository/OB_008_Fms smart Lgout and Feedback/Logout And Feedback/Enter Email'

2023-08-17 15:51:57 - [MESSAGE][PASSED] - Text 'maddy@gmail.com' is set on object 'Object Repository/OB_008_Fms smart Lgout and Feedback/Logout And Feedback/Enter Email'

2023-08-17 15:51:57 - [TEST_STEP][PASSED] - click(findTestObject("OB_008_Fms smart Lgout and Feedback/Logout And Feedback/button_Others")): Object: 'Object Repository/OB_008_Fms smart Lgout and Feedback/Logout And Feedback/button_Others' is clicked on

2023-08-17 15:51:57 - [MESSAGE][PASSED] - Object: 'Object Repository/OB_008_Fms smart Lgout and Feedback/Logout And Feedback/button_Others' is clicked on

2023-08-17 15:51:57 - [TEST_STEP][PASSED] - click(findTestObject("OB_008_Fms smart Lgout and Feedback/Logout And Feedback/Description")): Object: 'Object Repository/OB_008_Fms smart Lgout and Feedback/Logout And Feedback/Description' is clicked on

2023-08-17 15:51:58 - [MESSAGE][PASSED] - Object: 'Object Repository/OB_008_Fms smart Lgout and Feedback/Logout And Feedback/Description' is clicked on

2023-08-17 15:51:58 - [TEST_STEP][PASSED] - setText(findTestObject("OB_008_Fms smart Lgout and Feedback/Logout And Feedback/Description"), "Application is very good,it helps lot ,thank you so much for this"): Text 'Application is very good,it helps lot ,thank you so much for this' is set on object 'Object Repository/OB_008_Fms smart Lgout and Feedback/Logout And Feedback/Description'

2023-08-17 15:51:59 - [MESSAGE][PASSED] - Text 'Application is very good,it helps lot ,thank you so much for this' is set on object 'Object Repository/OB_008_Fms smart Lgout and Feedback/Logout And Feedback/Description'

2023-08-17 15:51:59 - [TEST_STEP][PASSED] - click(findTestObject("OB_008_Fms smart Lgout and Feedback/Logout And Feedback/button_Send Feedback")): Object: 'Object Repository/OB_008_Fms smart Lgout and Feedback/Logout And Feedback/button_Send Feedback' is clicked on

2023-08-17 15:52:30 - [MESSAGE][INFO] - Unable to find the element located by 'By.xpath: //div[@id='feedback-modal']/div[2]/form/div[7]/div/button'. Please recheck the objects properties to make sure the desired element is located. 

2023-08-17 15:52:30 - [MESSAGE][WARNING] - [SELF-HEALING] Failed to find element with id 'Object Repository/OB_008_Fms smart Lgout and Feedback/Logout And Feedback/button_Send Feedback'. Try using Self-healing.

2023-08-17 15:52:31 - [MESSAGE][WARNING] - [SELF-HEALING] The current locator of test object 'Object Repository/OB_008_Fms smart Lgout and Feedback/Logout And Feedback/button_Send Feedback' was broken. Propose an alternative one: '(.//*[normalize-space(text()) and normalize-space(.)='Upload'])[1]/following::button[1]'.

2023-08-17 15:52:31 - [MESSAGE][PASSED] - Object: 'Object Repository/OB_008_Fms smart Lgout and Feedback/Logout And Feedback/button_Send Feedback' is clicked on

2023-08-17 15:52:31 - [TEST_STEP][PASSED] - verifyTextPresent("Thank You", false): Text 'Thank You' is present on page 

2023-08-17 15:52:32 - [MESSAGE][PASSED] - Text 'Thank You' is present on page]]></system-out>
         <system-err><![CDATA[]]></system-err>
      </testcase>
      <testcase name="Test Cases/TC_008_FMS_Smart_All Vehicles" time="74.752" classname="Test Cases/TC_008_FMS_Smart_All Vehicles" status="PASSED">
         <system-out><![CDATA[2023-08-17 15:52:32 - [TEST_CASE][PASSED] - Test Cases/TC_008_FMS_Smart_All Vehicles: Test Cases/TC_008_FMS_Smart_All Vehicles

2023-08-17 15:52:32 - [TEST_STEP][PASSED] - callTestCase(findTestCase("TC_007_FMS_Smart_Verify Login feature"), ["url":"https://ioclfmssmart.tmsitrimble.in/FMSSmartApp/#/login", "username":"11038331", "password":"Nr@747900"], STOP_ON_FAILURE): Call Test Case 'Test Cases/TC_007_FMS_Smart_Verify Login feature' successfully

2023-08-17 15:52:32 - [TEST_CASE][PASSED] - Test Cases/TC_007_FMS_Smart_Verify Login feature: Test Cases/TC_007_FMS_Smart_Verify Login feature

2023-08-17 15:52:32 - [TEST_STEP][PASSED] - openBrowser(url): Browser is opened with url: 'https://ioclfmssmart.tmsitrimble.in/FMSSmartApp/#/login'

2023-08-17 15:52:32 - [MESSAGE][WARNING] - A browser is already opened. Closing browser and opening a new one

2023-08-17 15:52:33 - [MESSAGE][INFO] - Starting 'Chrome' driver

2023-08-17 15:52:33 - [MESSAGE][INFO] - Action delay is set to 0 milliseconds

2023-08-17 15:52:39 - [MESSAGE][PASSED] - Browser is opened with url: 'https://ioclfmssmart.tmsitrimble.in/FMSSmartApp/#/login'

2023-08-17 15:52:39 - [TEST_STEP][PASSED] - maximizeWindow(): Current window maximized

2023-08-17 15:52:39 - [MESSAGE][PASSED] - Current window maximized

2023-08-17 15:52:39 - [TEST_STEP][PASSED] - delay(3): Delayed 3 second(s)

2023-08-17 15:52:42 - [MESSAGE][PASSED] - Delayed 3 second(s)

2023-08-17 15:52:42 - [TEST_STEP][PASSED] - click(findTestObject("OB_005_Login screen_fms smart/login screen/username")): Object: 'Object Repository/OB_005_Login screen_fms smart/login screen/username' is clicked on

2023-08-17 15:52:42 - [MESSAGE][PASSED] - Object: 'Object Repository/OB_005_Login screen_fms smart/login screen/username' is clicked on

2023-08-17 15:52:42 - [TEST_STEP][PASSED] - setText(findTestObject("OB_005_Login screen_fms smart/login screen/username"), username): Text '11038331' is set on object 'Object Repository/OB_005_Login screen_fms smart/login screen/username'

2023-08-17 15:52:43 - [MESSAGE][PASSED] - Text '11038331' is set on object 'Object Repository/OB_005_Login screen_fms smart/login screen/username'

2023-08-17 15:52:43 - [TEST_STEP][PASSED] - click(findTestObject("OB_005_Login screen_fms smart/login screen/Password")): Object: 'Object Repository/OB_005_Login screen_fms smart/login screen/Password' is clicked on

2023-08-17 15:52:43 - [MESSAGE][PASSED] - Object: 'Object Repository/OB_005_Login screen_fms smart/login screen/Password' is clicked on

2023-08-17 15:52:43 - [TEST_STEP][PASSED] - setText(findTestObject("OB_005_Login screen_fms smart/login screen/Password"), password): Text 'Nr@747900' is set on object 'Object Repository/OB_005_Login screen_fms smart/login screen/Password'

2023-08-17 15:52:44 - [MESSAGE][PASSED] - Text 'Nr@747900' is set on object 'Object Repository/OB_005_Login screen_fms smart/login screen/Password'

2023-08-17 15:52:44 - [TEST_STEP][PASSED] - click(findTestObject("OB_005_Login screen_fms smart/login screen/button_Sign in")): Object: 'Object Repository/OB_005_Login screen_fms smart/login screen/button_Sign in' is clicked on

2023-08-17 15:52:45 - [MESSAGE][PASSED] - Object: 'Object Repository/OB_005_Login screen_fms smart/login screen/button_Sign in' is clicked on

2023-08-17 15:52:45 - [TEST_STEP][PASSED] - delay(6): Delayed 6 second(s)

2023-08-17 15:52:51 - [MESSAGE][PASSED] - Delayed 6 second(s)

2023-08-17 15:52:51 - [TEST_STEP][PASSED] - click(findTestObject("OB_005_Login screen_fms smart/login screen/button_ACCEPT AND CLOSE")): Object: 'Object Repository/OB_005_Login screen_fms smart/login screen/button_ACCEPT AND CLOSE' is clicked on

2023-08-17 15:53:00 - [MESSAGE][PASSED] - Object: 'Object Repository/OB_005_Login screen_fms smart/login screen/button_ACCEPT AND CLOSE' is clicked on

2023-08-17 15:53:00 - [TEST_STEP][PASSED] - verifyTextPresent("FMS Smart", false): Text 'FMS Smart' is present on page 

2023-08-17 15:53:01 - [MESSAGE][PASSED] - Text 'FMS Smart' is present on page 

2023-08-17 15:53:01 - [MESSAGE][PASSED] - Call Test Case 'Test Cases/TC_007_FMS_Smart_Verify Login feature' successfully

2023-08-17 15:53:01 - [TEST_STEP][PASSED] - click(findTestObject("OB_006_Dashbaord_Grid view feature 1/Page_FMS Smart/All Vehicle BOX")): Object: 'Object Repository/OB_006_Dashbaord_Grid view feature 1/Page_FMS Smart/All Vehicle BOX' is clicked on

2023-08-17 15:53:02 - [MESSAGE][PASSED] - Object: 'Object Repository/OB_006_Dashbaord_Grid view feature 1/Page_FMS Smart/All Vehicle BOX' is clicked on

2023-08-17 15:53:02 - [TEST_STEP][PASSED] - delay(3): Delayed 3 second(s)

2023-08-17 15:53:05 - [MESSAGE][PASSED] - Delayed 3 second(s)

2023-08-17 15:53:05 - [TEST_STEP][PASSED] - click(findTestObject("OB_006_Dashbaord_Grid view feature 1/Page_FMS Smart/button_Grid view")): Object: 'Object Repository/OB_006_Dashbaord_Grid view feature 1/Page_FMS Smart/button_Grid view' is clicked on

2023-08-17 15:53:05 - [MESSAGE][PASSED] - Object: 'Object Repository/OB_006_Dashbaord_Grid view feature 1/Page_FMS Smart/button_Grid view' is clicked on

2023-08-17 15:53:05 - [TEST_STEP][PASSED] - click(findTestObject("OB_006_Dashbaord_Grid view feature 1/Page_FMS Smart/Close Grid view")): Object: 'Object Repository/OB_006_Dashbaord_Grid view feature 1/Page_FMS Smart/Close Grid view' is clicked on

2023-08-17 15:53:08 - [MESSAGE][PASSED] - Object: 'Object Repository/OB_006_Dashbaord_Grid view feature 1/Page_FMS Smart/Close Grid view' is clicked on

2023-08-17 15:53:08 - [TEST_STEP][PASSED] - delay(5): Delayed 5 second(s)

2023-08-17 15:53:14 - [MESSAGE][PASSED] - Delayed 5 second(s)

2023-08-17 15:53:14 - [TEST_STEP][PASSED] - click(findTestObject("OB_006_Dashbaord_Grid view feature 1/Page_FMS Smart/All Vehicle BOX")): Object: 'Object Repository/OB_006_Dashbaord_Grid view feature 1/Page_FMS Smart/All Vehicle BOX' is clicked on

2023-08-17 15:53:14 - [MESSAGE][PASSED] - Object: 'Object Repository/OB_006_Dashbaord_Grid view feature 1/Page_FMS Smart/All Vehicle BOX' is clicked on

2023-08-17 15:53:14 - [TEST_STEP][PASSED] - click(findTestObject("OB_006_Dashbaord_Grid view feature 1/Page_FMS Smart/button_Map view")): Object: 'Object Repository/OB_006_Dashbaord_Grid view feature 1/Page_FMS Smart/button_Map view' is clicked on

2023-08-17 15:53:14 - [MESSAGE][PASSED] - Object: 'Object Repository/OB_006_Dashbaord_Grid view feature 1/Page_FMS Smart/button_Map view' is clicked on

2023-08-17 15:53:14 - [TEST_STEP][PASSED] - delay(4): Delayed 4 second(s)

2023-08-17 15:53:18 - [MESSAGE][PASSED] - Delayed 4 second(s)

2023-08-17 15:53:18 - [TEST_STEP][PASSED] - click(findTestObject("OB_006_Dashbaord_Grid view feature 1/Page_FMS Smart/Map View-Moving Vehicle")): Object: 'Object Repository/OB_006_Dashbaord_Grid view feature 1/Page_FMS Smart/Map View-Moving Vehicle' is clicked on

2023-08-17 15:53:20 - [MESSAGE][PASSED] - Object: 'Object Repository/OB_006_Dashbaord_Grid view feature 1/Page_FMS Smart/Map View-Moving Vehicle' is clicked on

2023-08-17 15:53:20 - [TEST_STEP][PASSED] - delay(3): Delayed 3 second(s)

2023-08-17 15:53:23 - [MESSAGE][PASSED] - Delayed 3 second(s)

2023-08-17 15:53:23 - [TEST_STEP][PASSED] - click(findTestObject("OB_006_Dashbaord_Grid view feature 1/Page_FMS Smart/Map Vew-Untracked vehicles")): Object: 'Object Repository/OB_006_Dashbaord_Grid view feature 1/Page_FMS Smart/Map Vew-Untracked vehicles' is clicked on

2023-08-17 15:53:24 - [MESSAGE][PASSED] - Object: 'Object Repository/OB_006_Dashbaord_Grid view feature 1/Page_FMS Smart/Map Vew-Untracked vehicles' is clicked on

2023-08-17 15:53:24 - [TEST_STEP][PASSED] - delay(3): Delayed 3 second(s)

2023-08-17 15:53:27 - [MESSAGE][PASSED] - Delayed 3 second(s)

2023-08-17 15:53:27 - [TEST_STEP][PASSED] - click(findTestObject("OB_006_Dashbaord_Grid view feature 1/Page_FMS Smart/Map View-NRD")): Object: 'Object Repository/OB_006_Dashbaord_Grid view feature 1/Page_FMS Smart/Map View-NRD' is clicked on

2023-08-17 15:53:28 - [MESSAGE][PASSED] - Object: 'Object Repository/OB_006_Dashbaord_Grid view feature 1/Page_FMS Smart/Map View-NRD' is clicked on

2023-08-17 15:53:28 - [TEST_STEP][PASSED] - delay(4): Delayed 4 second(s)

2023-08-17 15:53:32 - [MESSAGE][PASSED] - Delayed 4 second(s)

2023-08-17 15:53:32 - [TEST_STEP][PASSED] - click(findTestObject("OB_006_Dashbaord_Grid view feature 1/Page_FMS Smart/Map View-On trip vehicles")): Object: 'Object Repository/OB_006_Dashbaord_Grid view feature 1/Page_FMS Smart/Map View-On trip vehicles' is clicked on

2023-08-17 15:53:33 - [MESSAGE][PASSED] - Object: 'Object Repository/OB_006_Dashbaord_Grid view feature 1/Page_FMS Smart/Map View-On trip vehicles' is clicked on

2023-08-17 15:53:33 - [TEST_STEP][PASSED] - delay(3): Delayed 3 second(s)

2023-08-17 15:53:36 - [MESSAGE][PASSED] - Delayed 3 second(s)

2023-08-17 15:53:36 - [TEST_STEP][PASSED] - click(findTestObject("OB_006_Dashbaord_Grid view feature 1/Page_FMS Smart/Map view-Stopped vehicle")): Object: 'Object Repository/OB_006_Dashbaord_Grid view feature 1/Page_FMS Smart/Map view-Stopped vehicle' is clicked on

2023-08-17 15:53:37 - [MESSAGE][PASSED] - Object: 'Object Repository/OB_006_Dashbaord_Grid view feature 1/Page_FMS Smart/Map view-Stopped vehicle' is clicked on

2023-08-17 15:53:37 - [TEST_STEP][PASSED] - delay(2): Delayed 2 second(s)

2023-08-17 15:53:39 - [MESSAGE][PASSED] - Delayed 2 second(s)

2023-08-17 15:53:39 - [TEST_STEP][PASSED] - click(findTestObject("OB_006_Dashbaord_Grid view feature 1/Page_FMS Smart/button_View grid")): Object: 'Object Repository/OB_006_Dashbaord_Grid view feature 1/Page_FMS Smart/button_View grid' is clicked on

2023-08-17 15:53:40 - [MESSAGE][PASSED] - Object: 'Object Repository/OB_006_Dashbaord_Grid view feature 1/Page_FMS Smart/button_View grid' is clicked on

2023-08-17 15:53:40 - [TEST_STEP][PASSED] - delay(6): Delayed 6 second(s)

2023-08-17 15:53:46 - [MESSAGE][PASSED] - Delayed 6 second(s)

2023-08-17 15:53:46 - [TEST_STEP][PASSED] - click(findTestObject("OB_006_Dashbaord_Grid view feature 1/Page_FMS Smart/Close Grid view")): Object: 'Object Repository/OB_006_Dashbaord_Grid view feature 1/Page_FMS Smart/Close Grid view' is clicked on

2023-08-17 15:53:47 - [MESSAGE][PASSED] - Object: 'Object Repository/OB_006_Dashbaord_Grid view feature 1/Page_FMS Smart/Close Grid view' is clicked on]]></system-out>
         <system-err><![CDATA[]]></system-err>
      </testcase>
      <system-out><![CDATA[2023-08-17 15:50:12 - [TEST_SUITE][PASSED] - TS_007_FMS_SMART_BASIC_SANITY: Test Cases/TC_008_FMS_Smart_All Vehicles]]></system-out>
      <system-err><![CDATA[]]></system-err>
   </testsuite>
</testsuites>
