<?xml version="1.0" encoding="UTF-8"?>
<testsuites name="TS_004_VC_Smart_Profile_ITL" time="17.1" tests="1" failures="0" errors="0">
   <testsuite name="TS_004_VC_Smart_Profile_ITL" tests="1" failures="0" errors="0" time="17.1" skipped="0" timestamp="2023-08-09 21:48:26" hostname="windows 10 - DESKTOP-21ATSCV" id="Test Suites/TS_004_VC_Smart_Profile_ITL">
      <properties>
         <property name="deviceName" value=""/>
         <property name="devicePlatform" value=""/>
         <property name="logFolder" value="C:\\Users\\windows 10\\git\\NewRepository\\KatalonGit\\Reports\\20230809_214817\\TS_004_VC_Smart_Profile_ITL\\20230809_214818"/>
         <property name="logFiles" value="C:\\Users\\windows 10\\git\\NewRepository\\KatalonGit\\Reports\\20230809_214817\\TS_004_VC_Smart_Profile_ITL\\20230809_214818\\execution0.log"/>
         <property name="attachments" value=""/>
         <property name="hostName" value="windows 10 - DESKTOP-21ATSCV"/>
         <property name="os" value="Windows 10 64bit"/>
         <property name="katalonVersion" value="8.6.5.208"/>
         <property name="browser" value="Chrome 115.0.0.0"/>
         <property name="hostAddress" value="192.168.1.102"/>
         <property name="sessionId" value="c4f6754efb117d0557a81164d7d17206"/>
         <property name="seleniumVersion" value="3.141.59"/>
         <property name="proxyInformation" value="ProxyInformation { proxyOption=NO_PROXY, proxyServerType=HTTP, username=, password=********, proxyServerAddress=, proxyServerPort=0, executionList=&quot;&quot;, isApplyToDesiredCapabilities=true }"/>
         <property name="platform" value="Windows 10"/>
      </properties>
      <testcase name="Test Cases/TC_020_VC_Smart_Login profile-ITL" time="16.621" classname="Test Cases/TC_020_VC_Smart_Login profile-ITL" status="PASSED">
         <system-out><![CDATA[2023-08-09 21:48:26 - [TEST_CASE][PASSED] - Test Cases/TC_020_VC_Smart_Login profile-ITL: Test Cases/TC_020_VC_Smart_Login profile-ITL

2023-08-09 21:48:27 - [TEST_STEP][PASSED] - openBrowser(URL): Browser is opened with url: 'https://vcsmart.tmsitrimble.in/VCSmartApp/#/login'

2023-08-09 21:48:28 - [MESSAGE][INFO] - Starting 'Chrome' driver

2023-08-09 21:48:28 - [MESSAGE][INFO] - Action delay is set to 0 milliseconds

2023-08-09 21:48:35 - [MESSAGE][PASSED] - Browser is opened with url: 'https://vcsmart.tmsitrimble.in/VCSmartApp/#/login'

2023-08-09 21:48:35 - [TEST_STEP][PASSED] - waitForPageLoad(15): Wait for page load successfully

2023-08-09 21:48:35 - [MESSAGE][PASSED] - Wait for page load successfully

2023-08-09 21:48:35 - [TEST_STEP][PASSED] - verifyElementPresent(findTestObject("OB_001_Login screen/Login Screen/Username"), 0): Object 'Object Repository/OB_001_Login screen/Login Screen/Username' is present

2023-08-09 21:48:35 - [MESSAGE][WARNING] - Timeout '0' is invalid. Using default page load timeout: '30'

2023-08-09 21:48:35 - [MESSAGE][PASSED] - Object 'Object Repository/OB_001_Login screen/Login Screen/Username' is present

2023-08-09 21:48:35 - [TEST_STEP][PASSED] - verifyElementPresent(findTestObject("OB_001_Login screen/Login Screen/Password"), 0): Object 'Object Repository/OB_001_Login screen/Login Screen/Password' is present

2023-08-09 21:48:35 - [MESSAGE][WARNING] - Timeout '0' is invalid. Using default page load timeout: '30'

2023-08-09 21:48:36 - [MESSAGE][PASSED] - Object 'Object Repository/OB_001_Login screen/Login Screen/Password' is present

2023-08-09 21:48:36 - [TEST_STEP][PASSED] - verifyElementPresent(findTestObject("OB_001_Login screen/Login Screen/button_Sign in"), 0): Object 'Object Repository/OB_001_Login screen/Login Screen/button_Sign in' is present

2023-08-09 21:48:36 - [MESSAGE][WARNING] - Timeout '0' is invalid. Using default page load timeout: '30'

2023-08-09 21:48:36 - [MESSAGE][PASSED] - Object 'Object Repository/OB_001_Login screen/Login Screen/button_Sign in' is present

2023-08-09 21:48:36 - [TEST_STEP][PASSED] - click(findTestObject("OB_001_Login screen/Login Screen/Username"), STOP_ON_FAILURE): Object: 'Object Repository/OB_001_Login screen/Login Screen/Username' is clicked on

2023-08-09 21:48:37 - [MESSAGE][PASSED] - Object: 'Object Repository/OB_001_Login screen/Login Screen/Username' is clicked on

2023-08-09 21:48:37 - [TEST_STEP][PASSED] - setText(findTestObject("OB_001_Login screen/Login Screen/Username"), USERNAME): Text 'hqlogpack' is set on object 'Object Repository/OB_001_Login screen/Login Screen/Username'

2023-08-09 21:48:38 - [MESSAGE][PASSED] - Text 'hqlogpack' is set on object 'Object Repository/OB_001_Login screen/Login Screen/Username'

2023-08-09 21:48:38 - [TEST_STEP][PASSED] - click(findTestObject("OB_001_Login screen/Login Screen/Password")): Object: 'Object Repository/OB_001_Login screen/Login Screen/Password' is clicked on

2023-08-09 21:48:38 - [MESSAGE][PASSED] - Object: 'Object Repository/OB_001_Login screen/Login Screen/Password' is clicked on

2023-08-09 21:48:38 - [TEST_STEP][PASSED] - setEncryptedText(findTestObject("OB_001_Login screen/Login Screen/Password"), PASSWORD): Text ****** has been set on object 'Object Repository/OB_001_Login screen/Login Screen/Password'

2023-08-09 21:48:39 - [MESSAGE][PASSED] - Text ****** has been set on object 'Object Repository/OB_001_Login screen/Login Screen/Password'

2023-08-09 21:48:39 - [TEST_STEP][PASSED] - waitForElementClickable(findTestObject("OB_001_Login screen/Login Screen/button_Sign in"), 3): Object 'Object Repository/OB_001_Login screen/Login Screen/button_Sign in' is clickable

2023-08-09 21:48:40 - [MESSAGE][PASSED] - Object 'Object Repository/OB_001_Login screen/Login Screen/button_Sign in' is clickable

2023-08-09 21:48:40 - [TEST_STEP][PASSED] - click(findTestObject("OB_001_Login screen/Login Screen/button_Sign in")): Object: 'Object Repository/OB_001_Login screen/Login Screen/button_Sign in' is clicked on

2023-08-09 21:48:40 - [MESSAGE][PASSED] - Object: 'Object Repository/OB_001_Login screen/Login Screen/button_Sign in' is clicked on

2023-08-09 21:48:40 - [TEST_STEP][PASSED] - waitForPageLoad(14): Wait for page load successfully

2023-08-09 21:48:40 - [MESSAGE][PASSED] - Wait for page load successfully

2023-08-09 21:48:40 - [TEST_STEP][PASSED] - verifyTextPresent("VC Smart", false): Text 'VC Smart' is present on page 

2023-08-09 21:48:43 - [MESSAGE][PASSED] - Text 'VC Smart' is present on page]]></system-out>
         <system-err><![CDATA[]]></system-err>
      </testcase>
      <system-out><![CDATA[2023-08-09 21:48:26 - [TEST_SUITE][PASSED] - TS_004_VC_Smart_Profile_ITL: Test Cases/TC_020_VC_Smart_Login profile-ITL]]></system-out>
      <system-err><![CDATA[]]></system-err>
   </testsuite>
</testsuites>
