<?xml version="1.0" encoding="UTF-8"?>
<testsuites name="TS_002_Sanity Test 1_VC smart web app" time="658.237" tests="4" failures="0" errors="0">
   <testsuite name="TS_002_Sanity Test 1_VC smart web app" tests="4" failures="0" errors="0" time="658.237" skipped="0" timestamp="2023-07-31 12:04:40" hostname="windows 10 - DESKTOP-21ATSCV" id="Test Suites/TS_002_Sanity Test 1_VC smart web app">
      <properties>
         <property name="deviceName" value=""/>
         <property name="devicePlatform" value=""/>
         <property name="logFolder" value="C:\\Users\\windows 10\\git\\NewRepository\\KatalonGit\\Reports\\20230731_120437\\TS_002_Sanity Test 1_VC smart web app\\20230731_120437"/>
         <property name="logFiles" value="C:\\Users\\windows 10\\git\\NewRepository\\KatalonGit\\Reports\\20230731_120437\\TS_002_Sanity Test 1_VC smart web app\\20230731_120437\\execution0.log"/>
         <property name="attachments" value=""/>
         <property name="hostName" value="windows 10 - DESKTOP-21ATSCV"/>
         <property name="os" value="Windows 10 64bit"/>
         <property name="katalonVersion" value="8.6.5.208"/>
         <property name="browser" value="Chrome 114.0.0.0"/>
         <property name="hostAddress" value="192.168.1.102"/>
         <property name="sessionId" value="49e3708841d2a9d24a2d0f79988a16cd"/>
         <property name="seleniumVersion" value="3.141.59"/>
         <property name="proxyInformation" value="ProxyInformation { proxyOption=NO_PROXY, proxyServerType=HTTP, username=, password=********, proxyServerAddress=, proxyServerPort=0, executionList=&quot;&quot;, isApplyToDesiredCapabilities=true }"/>
         <property name="platform" value="Windows 10"/>
      </properties>
      <testcase name="Test Cases/TC_001_Verify the Login feature with valid credentials" time="103.497" classname="Test Cases/TC_001_Verify the Login feature with valid credentials" status="PASSED">
         <system-out><![CDATA[2023-07-31 12:04:40 - [TEST_CASE][PASSED] - Test Cases/TC_001_Verify the Login feature with valid credentials: Test Cases/TC_001_Verify the Login feature with valid credentials

2023-07-31 12:04:41 - [TEST_STEP][PASSED] - openBrowser("https://ioclvcsmart.tmsitrimble.in/VCSmartApp/#/login"): Browser is opened with url: 'https://ioclvcsmart.tmsitrimble.in/VCSmartApp/#/login'

2023-07-31 12:04:41 - [MESSAGE][INFO] - Starting 'Chrome' driver

2023-07-31 12:04:41 - [MESSAGE][INFO] - Action delay is set to 0 milliseconds

2023-07-31 12:05:28 - [MESSAGE][PASSED] - Browser is opened with url: 'https://ioclvcsmart.tmsitrimble.in/VCSmartApp/#/login'

2023-07-31 12:05:28 - [TEST_STEP][PASSED] - maximizeWindow(): Current window maximized

2023-07-31 12:05:28 - [MESSAGE][PASSED] - Current window maximized

2023-07-31 12:05:28 - [TEST_STEP][PASSED] - delay(5): Delayed 5 second(s)

2023-07-31 12:05:33 - [MESSAGE][PASSED] - Delayed 5 second(s)

2023-07-31 12:05:33 - [TEST_STEP][PASSED] - click(findTestObject("OB_001_Login screen/Login Screen/Username")): Object: 'Object Repository/OB_001_Login screen/Login Screen/Username' is clicked on

2023-07-31 12:05:43 - [MESSAGE][PASSED] - Object: 'Object Repository/OB_001_Login screen/Login Screen/Username' is clicked on

2023-07-31 12:05:43 - [TEST_STEP][PASSED] - setText(findTestObject("OB_001_Login screen/Login Screen/Username"), "BSO-2300"): Text 'BSO-2300' is set on object 'Object Repository/OB_001_Login screen/Login Screen/Username'

2023-07-31 12:05:44 - [MESSAGE][PASSED] - Text 'BSO-2300' is set on object 'Object Repository/OB_001_Login screen/Login Screen/Username'

2023-07-31 12:05:44 - [TEST_STEP][PASSED] - click(findTestObject("OB_001_Login screen/Login Screen/Password")): Object: 'Object Repository/OB_001_Login screen/Login Screen/Password' is clicked on

2023-07-31 12:05:44 - [MESSAGE][PASSED] - Object: 'Object Repository/OB_001_Login screen/Login Screen/Password' is clicked on

2023-07-31 12:05:44 - [TEST_STEP][PASSED] - setText(findTestObject("OB_001_Login screen/Login Screen/Password"), "Password@2300"): Text 'Password@2300' is set on object 'Object Repository/OB_001_Login screen/Login Screen/Password'

2023-07-31 12:05:45 - [MESSAGE][PASSED] - Text 'Password@2300' is set on object 'Object Repository/OB_001_Login screen/Login Screen/Password'

2023-07-31 12:05:45 - [TEST_STEP][PASSED] - click(findTestObject("OB_001_Login screen/Login Screen/button_Sign in")): Object: 'Object Repository/OB_001_Login screen/Login Screen/button_Sign in' is clicked on

2023-07-31 12:05:45 - [MESSAGE][PASSED] - Object: 'Object Repository/OB_001_Login screen/Login Screen/button_Sign in' is clicked on

2023-07-31 12:05:45 - [TEST_STEP][PASSED] - delay(8): Delayed 8 second(s)

2023-07-31 12:05:53 - [MESSAGE][PASSED] - Delayed 8 second(s)

2023-07-31 12:05:53 - [TEST_STEP][PASSED] - verifyTextPresent("VC Smart", false): Text 'VC Smart' is present on page 

2023-07-31 12:06:24 - [MESSAGE][PASSED] - Text 'VC Smart' is present on page]]></system-out>
         <system-err><![CDATA[]]></system-err>
      </testcase>
      <testcase name="Test Cases/TC_004_Verify the TBC feature" time="157.599" classname="Test Cases/TC_004_Verify the TBC feature" status="PASSED">
         <system-out><![CDATA[2023-07-31 12:06:24 - [TEST_CASE][PASSED] - Test Cases/TC_004_Verify the TBC feature: Test Cases/TC_004_Verify the TBC feature

2023-07-31 12:06:24 - [TEST_STEP][PASSED] - callTestCase(findTestCase("TC_001_Verify the Login feature with valid credentials"), [:], STOP_ON_FAILURE): Call Test Case 'Test Cases/TC_001_Verify the Login feature with valid credentials' successfully

2023-07-31 12:06:24 - [TEST_CASE][PASSED] - Test Cases/TC_001_Verify the Login feature with valid credentials: Test Cases/TC_001_Verify the Login feature with valid credentials

2023-07-31 12:06:24 - [TEST_STEP][PASSED] - openBrowser("https://ioclvcsmart.tmsitrimble.in/VCSmartApp/#/login"): Browser is opened with url: 'https://ioclvcsmart.tmsitrimble.in/VCSmartApp/#/login'

2023-07-31 12:06:24 - [MESSAGE][WARNING] - A browser is already opened. Closing browser and opening a new one

2023-07-31 12:06:25 - [MESSAGE][INFO] - Starting 'Chrome' driver

2023-07-31 12:06:25 - [MESSAGE][INFO] - Action delay is set to 0 milliseconds

2023-07-31 12:06:33 - [MESSAGE][PASSED] - Browser is opened with url: 'https://ioclvcsmart.tmsitrimble.in/VCSmartApp/#/login'

2023-07-31 12:06:33 - [TEST_STEP][PASSED] - maximizeWindow(): Current window maximized

2023-07-31 12:06:33 - [MESSAGE][PASSED] - Current window maximized

2023-07-31 12:06:33 - [TEST_STEP][PASSED] - delay(5): Delayed 5 second(s)

2023-07-31 12:06:38 - [MESSAGE][PASSED] - Delayed 5 second(s)

2023-07-31 12:06:38 - [TEST_STEP][PASSED] - click(findTestObject("OB_001_Login screen/Login Screen/Username")): Object: 'Object Repository/OB_001_Login screen/Login Screen/Username' is clicked on

2023-07-31 12:06:39 - [MESSAGE][PASSED] - Object: 'Object Repository/OB_001_Login screen/Login Screen/Username' is clicked on

2023-07-31 12:06:39 - [TEST_STEP][PASSED] - setText(findTestObject("OB_001_Login screen/Login Screen/Username"), "BSO-2300"): Text 'BSO-2300' is set on object 'Object Repository/OB_001_Login screen/Login Screen/Username'

2023-07-31 12:06:39 - [MESSAGE][PASSED] - Text 'BSO-2300' is set on object 'Object Repository/OB_001_Login screen/Login Screen/Username'

2023-07-31 12:06:39 - [TEST_STEP][PASSED] - click(findTestObject("OB_001_Login screen/Login Screen/Password")): Object: 'Object Repository/OB_001_Login screen/Login Screen/Password' is clicked on

2023-07-31 12:06:40 - [MESSAGE][PASSED] - Object: 'Object Repository/OB_001_Login screen/Login Screen/Password' is clicked on

2023-07-31 12:06:40 - [TEST_STEP][PASSED] - setText(findTestObject("OB_001_Login screen/Login Screen/Password"), "Password@2300"): Text 'Password@2300' is set on object 'Object Repository/OB_001_Login screen/Login Screen/Password'

2023-07-31 12:06:41 - [MESSAGE][PASSED] - Text 'Password@2300' is set on object 'Object Repository/OB_001_Login screen/Login Screen/Password'

2023-07-31 12:06:41 - [TEST_STEP][PASSED] - click(findTestObject("OB_001_Login screen/Login Screen/button_Sign in")): Object: 'Object Repository/OB_001_Login screen/Login Screen/button_Sign in' is clicked on

2023-07-31 12:06:41 - [MESSAGE][PASSED] - Object: 'Object Repository/OB_001_Login screen/Login Screen/button_Sign in' is clicked on

2023-07-31 12:06:41 - [TEST_STEP][PASSED] - delay(8): Delayed 8 second(s)

2023-07-31 12:06:49 - [MESSAGE][PASSED] - Delayed 8 second(s)

2023-07-31 12:06:49 - [TEST_STEP][PASSED] - verifyTextPresent("VC Smart", false): Text 'VC Smart' is present on page 

2023-07-31 12:07:19 - [MESSAGE][PASSED] - Text 'VC Smart' is present on page 

2023-07-31 12:07:19 - [MESSAGE][PASSED] - Call Test Case 'Test Cases/TC_001_Verify the Login feature with valid credentials' successfully

2023-07-31 12:07:19 - [TEST_STEP][PASSED] - delay(8): Delayed 8 second(s)

2023-07-31 12:07:27 - [MESSAGE][PASSED] - Delayed 8 second(s)

2023-07-31 12:07:27 - [TEST_STEP][PASSED] - click(findTestObject("OB_002_Feature1/Feature/a_Track By Criteria")): Object: 'Object Repository/OB_002_Feature1/Feature/a_Track By Criteria' is clicked on

2023-07-31 12:07:58 - [MESSAGE][PASSED] - Object: 'Object Repository/OB_002_Feature1/Feature/a_Track By Criteria' is clicked on

2023-07-31 12:07:58 - [TEST_STEP][PASSED] - click(findTestObject("OB_002_Feature1/Feature/button_Submit")): Object: 'Object Repository/OB_002_Feature1/Feature/button_Submit' is clicked on

2023-07-31 12:08:28 - [MESSAGE][PASSED] - Object: 'Object Repository/OB_002_Feature1/Feature/button_Submit' is clicked on

2023-07-31 12:08:28 - [TEST_STEP][PASSED] - delay(22): Delayed 22 second(s)

2023-07-31 12:08:50 - [MESSAGE][PASSED] - Delayed 22 second(s)

2023-07-31 12:08:50 - [TEST_STEP][PASSED] - verifyTextPresent("Vehicle Number", false): Text 'Vehicle Number' is present on page 

2023-07-31 12:09:02 - [MESSAGE][PASSED] - Text 'Vehicle Number' is present on page]]></system-out>
         <system-err><![CDATA[]]></system-err>
      </testcase>
      <testcase name="Test Cases/TC_005_Verify All feature of vc smart web application" time="259.155" classname="Test Cases/TC_005_Verify All feature of vc smart web application" status="PASSED">
         <system-out><![CDATA[2023-07-31 12:09:02 - [TEST_CASE][PASSED] - Test Cases/TC_005_Verify All feature of vc smart web application: Test Cases/TC_005_Verify All feature of vc smart web application

2023-07-31 12:09:02 - [TEST_STEP][PASSED] - callTestCase(findTestCase("TC_001_Verify the Login feature with valid credentials"), [:], STOP_ON_FAILURE): Call Test Case 'Test Cases/TC_001_Verify the Login feature with valid credentials' successfully

2023-07-31 12:09:02 - [TEST_CASE][PASSED] - Test Cases/TC_001_Verify the Login feature with valid credentials: Test Cases/TC_001_Verify the Login feature with valid credentials

2023-07-31 12:09:02 - [TEST_STEP][PASSED] - openBrowser("https://ioclvcsmart.tmsitrimble.in/VCSmartApp/#/login"): Browser is opened with url: 'https://ioclvcsmart.tmsitrimble.in/VCSmartApp/#/login'

2023-07-31 12:09:02 - [MESSAGE][WARNING] - A browser is already opened. Closing browser and opening a new one

2023-07-31 12:09:03 - [MESSAGE][INFO] - Starting 'Chrome' driver

2023-07-31 12:09:03 - [MESSAGE][INFO] - Action delay is set to 0 milliseconds

2023-07-31 12:09:41 - [MESSAGE][PASSED] - Browser is opened with url: 'https://ioclvcsmart.tmsitrimble.in/VCSmartApp/#/login'

2023-07-31 12:09:41 - [TEST_STEP][PASSED] - maximizeWindow(): Current window maximized

2023-07-31 12:09:41 - [MESSAGE][PASSED] - Current window maximized

2023-07-31 12:09:41 - [TEST_STEP][PASSED] - delay(5): Delayed 5 second(s)

2023-07-31 12:09:46 - [MESSAGE][PASSED] - Delayed 5 second(s)

2023-07-31 12:09:46 - [TEST_STEP][PASSED] - click(findTestObject("OB_001_Login screen/Login Screen/Username")): Object: 'Object Repository/OB_001_Login screen/Login Screen/Username' is clicked on

2023-07-31 12:09:46 - [MESSAGE][PASSED] - Object: 'Object Repository/OB_001_Login screen/Login Screen/Username' is clicked on

2023-07-31 12:09:46 - [TEST_STEP][PASSED] - setText(findTestObject("OB_001_Login screen/Login Screen/Username"), "BSO-2300"): Text 'BSO-2300' is set on object 'Object Repository/OB_001_Login screen/Login Screen/Username'

2023-07-31 12:09:47 - [MESSAGE][PASSED] - Text 'BSO-2300' is set on object 'Object Repository/OB_001_Login screen/Login Screen/Username'

2023-07-31 12:09:47 - [TEST_STEP][PASSED] - click(findTestObject("OB_001_Login screen/Login Screen/Password")): Object: 'Object Repository/OB_001_Login screen/Login Screen/Password' is clicked on

2023-07-31 12:09:48 - [MESSAGE][PASSED] - Object: 'Object Repository/OB_001_Login screen/Login Screen/Password' is clicked on

2023-07-31 12:09:48 - [TEST_STEP][PASSED] - setText(findTestObject("OB_001_Login screen/Login Screen/Password"), "Password@2300"): Text 'Password@2300' is set on object 'Object Repository/OB_001_Login screen/Login Screen/Password'

2023-07-31 12:09:48 - [MESSAGE][PASSED] - Text 'Password@2300' is set on object 'Object Repository/OB_001_Login screen/Login Screen/Password'

2023-07-31 12:09:48 - [TEST_STEP][PASSED] - click(findTestObject("OB_001_Login screen/Login Screen/button_Sign in")): Object: 'Object Repository/OB_001_Login screen/Login Screen/button_Sign in' is clicked on

2023-07-31 12:09:49 - [MESSAGE][PASSED] - Object: 'Object Repository/OB_001_Login screen/Login Screen/button_Sign in' is clicked on

2023-07-31 12:09:49 - [TEST_STEP][PASSED] - delay(8): Delayed 8 second(s)

2023-07-31 12:09:57 - [MESSAGE][PASSED] - Delayed 8 second(s)

2023-07-31 12:09:57 - [TEST_STEP][PASSED] - verifyTextPresent("VC Smart", false): Text 'VC Smart' is present on page 

2023-07-31 12:10:27 - [MESSAGE][PASSED] - Text 'VC Smart' is present on page 

2023-07-31 12:10:27 - [MESSAGE][PASSED] - Call Test Case 'Test Cases/TC_001_Verify the Login feature with valid credentials' successfully

2023-07-31 12:10:27 - [TEST_STEP][PASSED] - delay(11): Delayed 11 second(s)

2023-07-31 12:10:38 - [MESSAGE][PASSED] - Delayed 11 second(s)

2023-07-31 12:10:38 - [TEST_STEP][PASSED] - click(findTestObject("OB_003_All feature/All feature/a_Reports")): Object: 'Object Repository/OB_003_All feature/All feature/a_Reports' is clicked on

2023-07-31 12:11:09 - [MESSAGE][PASSED] - Object: 'Object Repository/OB_003_All feature/All feature/a_Reports' is clicked on

2023-07-31 12:11:09 - [TEST_STEP][PASSED] - verifyTextPresent("Safety Index Report", false): Text 'Safety Index Report' is present on page 

2023-07-31 12:11:09 - [MESSAGE][PASSED] - Text 'Safety Index Report' is present on page 

2023-07-31 12:11:09 - [TEST_STEP][PASSED] - delay(3): Delayed 3 second(s)

2023-07-31 12:11:12 - [MESSAGE][PASSED] - Delayed 3 second(s)

2023-07-31 12:11:12 - [TEST_STEP][PASSED] - click(findTestObject("OB_003_All feature/All feature/div_Safety Index Report")): Object: 'Object Repository/OB_003_All feature/All feature/div_Safety Index Report' is clicked on

2023-07-31 12:11:13 - [MESSAGE][PASSED] - Object: 'Object Repository/OB_003_All feature/All feature/div_Safety Index Report' is clicked on

2023-07-31 12:11:13 - [TEST_STEP][PASSED] - delay(3): Delayed 3 second(s)

2023-07-31 12:11:16 - [MESSAGE][PASSED] - Delayed 3 second(s)

2023-07-31 12:11:16 - [TEST_STEP][PASSED] - click(findTestObject("OB_003_All feature/All feature/a_Reports")): Object: 'Object Repository/OB_003_All feature/All feature/a_Reports' is clicked on

2023-07-31 12:11:16 - [MESSAGE][PASSED] - Object: 'Object Repository/OB_003_All feature/All feature/a_Reports' is clicked on

2023-07-31 12:11:16 - [TEST_STEP][PASSED] - click(findTestObject("OB_003_All feature/All feature/div_User Access Report")): Object: 'Object Repository/OB_003_All feature/All feature/div_User Access Report' is clicked on

2023-07-31 12:11:17 - [MESSAGE][PASSED] - Object: 'Object Repository/OB_003_All feature/All feature/div_User Access Report' is clicked on

2023-07-31 12:11:17 - [TEST_STEP][PASSED] - delay(3): Delayed 3 second(s)

2023-07-31 12:11:20 - [MESSAGE][PASSED] - Delayed 3 second(s)

2023-07-31 12:11:20 - [TEST_STEP][PASSED] - click(findTestObject("OB_003_All feature/All feature/a_Reports")): Object: 'Object Repository/OB_003_All feature/All feature/a_Reports' is clicked on

2023-07-31 12:11:20 - [MESSAGE][PASSED] - Object: 'Object Repository/OB_003_All feature/All feature/a_Reports' is clicked on

2023-07-31 12:11:20 - [TEST_STEP][PASSED] - click(findTestObject("OB_003_All feature/All feature/div_New Trip Report")): Object: 'Object Repository/OB_003_All feature/All feature/div_New Trip Report' is clicked on

2023-07-31 12:11:21 - [MESSAGE][PASSED] - Object: 'Object Repository/OB_003_All feature/All feature/div_New Trip Report' is clicked on

2023-07-31 12:11:21 - [TEST_STEP][PASSED] - delay(3): Delayed 3 second(s)

2023-07-31 12:11:24 - [MESSAGE][PASSED] - Delayed 3 second(s)

2023-07-31 12:11:24 - [TEST_STEP][PASSED] - click(findTestObject("OB_003_All feature/All feature/a_Reports")): Object: 'Object Repository/OB_003_All feature/All feature/a_Reports' is clicked on

2023-07-31 12:11:41 - [MESSAGE][PASSED] - Object: 'Object Repository/OB_003_All feature/All feature/a_Reports' is clicked on

2023-07-31 12:11:41 - [TEST_STEP][PASSED] - click(findTestObject("OB_003_All feature/All feature/div_Login History Report")): Object: 'Object Repository/OB_003_All feature/All feature/div_Login History Report' is clicked on

2023-07-31 12:11:42 - [MESSAGE][PASSED] - Object: 'Object Repository/OB_003_All feature/All feature/div_Login History Report' is clicked on

2023-07-31 12:11:42 - [TEST_STEP][PASSED] - delay(3): Delayed 3 second(s)

2023-07-31 12:11:45 - [MESSAGE][PASSED] - Delayed 3 second(s)

2023-07-31 12:11:45 - [TEST_STEP][PASSED] - click(findTestObject("OB_003_All feature/All feature/a_Reports")): Object: 'Object Repository/OB_003_All feature/All feature/a_Reports' is clicked on

2023-07-31 12:11:45 - [MESSAGE][PASSED] - Object: 'Object Repository/OB_003_All feature/All feature/a_Reports' is clicked on

2023-07-31 12:11:45 - [TEST_STEP][PASSED] - click(findTestObject("OB_003_All feature/All feature/div_External Consignment Log")): Object: 'Object Repository/OB_003_All feature/All feature/div_External Consignment Log' is clicked on

2023-07-31 12:11:46 - [MESSAGE][PASSED] - Object: 'Object Repository/OB_003_All feature/All feature/div_External Consignment Log' is clicked on

2023-07-31 12:11:46 - [TEST_STEP][PASSED] - delay(3): Delayed 3 second(s)

2023-07-31 12:11:49 - [MESSAGE][PASSED] - Delayed 3 second(s)

2023-07-31 12:11:49 - [TEST_STEP][PASSED] - click(findTestObject("OB_003_All feature/All feature/a_Reports")): Object: 'Object Repository/OB_003_All feature/All feature/a_Reports' is clicked on

2023-07-31 12:11:55 - [MESSAGE][PASSED] - Object: 'Object Repository/OB_003_All feature/All feature/a_Reports' is clicked on

2023-07-31 12:11:55 - [TEST_STEP][PASSED] - click(findTestObject("OB_003_All feature/All feature/div_Exception Report")): Object: 'Object Repository/OB_003_All feature/All feature/div_Exception Report' is clicked on

2023-07-31 12:11:56 - [MESSAGE][PASSED] - Object: 'Object Repository/OB_003_All feature/All feature/div_Exception Report' is clicked on

2023-07-31 12:11:56 - [TEST_STEP][PASSED] - delay(3): Delayed 3 second(s)

2023-07-31 12:11:59 - [MESSAGE][PASSED] - Delayed 3 second(s)

2023-07-31 12:11:59 - [TEST_STEP][PASSED] - click(findTestObject("OB_003_All feature/All feature/a_Reports")): Object: 'Object Repository/OB_003_All feature/All feature/a_Reports' is clicked on

2023-07-31 12:12:16 - [MESSAGE][PASSED] - Object: 'Object Repository/OB_003_All feature/All feature/a_Reports' is clicked on

2023-07-31 12:12:16 - [TEST_STEP][PASSED] - click(findTestObject("OB_003_All feature/All feature/a_Admin")): Object: 'Object Repository/OB_003_All feature/All feature/a_Admin' is clicked on

2023-07-31 12:12:17 - [MESSAGE][PASSED] - Object: 'Object Repository/OB_003_All feature/All feature/a_Admin' is clicked on

2023-07-31 12:12:17 - [TEST_STEP][PASSED] - delay(4): Delayed 4 second(s)

2023-07-31 12:12:21 - [MESSAGE][PASSED] - Delayed 4 second(s)

2023-07-31 12:12:21 - [TEST_STEP][PASSED] - verifyTextPresent("Landmark Manager", false): Text 'Landmark Manager' is present on page 

2023-07-31 12:12:21 - [MESSAGE][PASSED] - Text 'Landmark Manager' is present on page 

2023-07-31 12:12:21 - [TEST_STEP][PASSED] - click(findTestObject("OB_003_All feature/All feature/a_Admin")): Object: 'Object Repository/OB_003_All feature/All feature/a_Admin' is clicked on

2023-07-31 12:12:21 - [MESSAGE][PASSED] - Object: 'Object Repository/OB_003_All feature/All feature/a_Admin' is clicked on

2023-07-31 12:12:21 - [TEST_STEP][PASSED] - click(findTestObject("OB_003_All feature/All feature/a_NRD Dashboard")): Object: 'Object Repository/OB_003_All feature/All feature/a_NRD Dashboard' is clicked on

2023-07-31 12:12:22 - [MESSAGE][PASSED] - Object: 'Object Repository/OB_003_All feature/All feature/a_NRD Dashboard' is clicked on

2023-07-31 12:12:22 - [TEST_STEP][PASSED] - delay(11): Delayed 11 second(s)

2023-07-31 12:12:33 - [MESSAGE][PASSED] - Delayed 11 second(s)

2023-07-31 12:12:33 - [TEST_STEP][PASSED] - verifyTextPresent("Device Status", false): Text 'Device Status' is present on page 

2023-07-31 12:12:53 - [MESSAGE][PASSED] - Text 'Device Status' is present on page 

2023-07-31 12:12:53 - [TEST_STEP][PASSED] - click(findTestObject("OB_003_All feature/All feature/a_Map View")): Object: 'Object Repository/OB_003_All feature/All feature/a_Map View' is clicked on

2023-07-31 12:12:54 - [MESSAGE][PASSED] - Object: 'Object Repository/OB_003_All feature/All feature/a_Map View' is clicked on

2023-07-31 12:12:54 - [TEST_STEP][PASSED] - delay(12): Delayed 12 second(s)

2023-07-31 12:13:06 - [MESSAGE][PASSED] - Delayed 12 second(s)

2023-07-31 12:13:06 - [TEST_STEP][PASSED] - verifyTextPresent("View Grid", false): Text 'View Grid' is present on page 

2023-07-31 12:13:20 - [MESSAGE][PASSED] - Text 'View Grid' is present on page 

2023-07-31 12:13:20 - [TEST_STEP][PASSED] - closeBrowser(): Browser is closed

2023-07-31 12:13:21 - [MESSAGE][PASSED] - Browser is closed]]></system-out>
         <system-err><![CDATA[]]></system-err>
      </testcase>
      <testcase name="Test Cases/TC_006_Verify the Logout feature" time="137.672" classname="Test Cases/TC_006_Verify the Logout feature" status="PASSED">
         <system-out><![CDATA[2023-07-31 12:13:21 - [TEST_CASE][PASSED] - Test Cases/TC_006_Verify the Logout feature: Test Cases/TC_006_Verify the Logout feature

2023-07-31 12:13:21 - [TEST_STEP][PASSED] - callTestCase(findTestCase("TC_001_Verify the Login feature with valid credentials"), [:], STOP_ON_FAILURE): Call Test Case 'Test Cases/TC_001_Verify the Login feature with valid credentials' successfully

2023-07-31 12:13:21 - [TEST_CASE][PASSED] - Test Cases/TC_001_Verify the Login feature with valid credentials: Test Cases/TC_001_Verify the Login feature with valid credentials

2023-07-31 12:13:21 - [TEST_STEP][PASSED] - openBrowser("https://ioclvcsmart.tmsitrimble.in/VCSmartApp/#/login"): Browser is opened with url: 'https://ioclvcsmart.tmsitrimble.in/VCSmartApp/#/login'

2023-07-31 12:13:21 - [MESSAGE][INFO] - Starting 'Chrome' driver

2023-07-31 12:13:21 - [MESSAGE][INFO] - Action delay is set to 0 milliseconds

2023-07-31 12:13:30 - [MESSAGE][PASSED] - Browser is opened with url: 'https://ioclvcsmart.tmsitrimble.in/VCSmartApp/#/login'

2023-07-31 12:13:30 - [TEST_STEP][PASSED] - maximizeWindow(): Current window maximized

2023-07-31 12:13:30 - [MESSAGE][PASSED] - Current window maximized

2023-07-31 12:13:30 - [TEST_STEP][PASSED] - delay(5): Delayed 5 second(s)

2023-07-31 12:13:35 - [MESSAGE][PASSED] - Delayed 5 second(s)

2023-07-31 12:13:35 - [TEST_STEP][PASSED] - click(findTestObject("OB_001_Login screen/Login Screen/Username")): Object: 'Object Repository/OB_001_Login screen/Login Screen/Username' is clicked on

2023-07-31 12:13:36 - [MESSAGE][PASSED] - Object: 'Object Repository/OB_001_Login screen/Login Screen/Username' is clicked on

2023-07-31 12:13:36 - [TEST_STEP][PASSED] - setText(findTestObject("OB_001_Login screen/Login Screen/Username"), "BSO-2300"): Text 'BSO-2300' is set on object 'Object Repository/OB_001_Login screen/Login Screen/Username'

2023-07-31 12:13:36 - [MESSAGE][PASSED] - Text 'BSO-2300' is set on object 'Object Repository/OB_001_Login screen/Login Screen/Username'

2023-07-31 12:13:36 - [TEST_STEP][PASSED] - click(findTestObject("OB_001_Login screen/Login Screen/Password")): Object: 'Object Repository/OB_001_Login screen/Login Screen/Password' is clicked on

2023-07-31 12:13:37 - [MESSAGE][PASSED] - Object: 'Object Repository/OB_001_Login screen/Login Screen/Password' is clicked on

2023-07-31 12:13:37 - [TEST_STEP][PASSED] - setText(findTestObject("OB_001_Login screen/Login Screen/Password"), "Password@2300"): Text 'Password@2300' is set on object 'Object Repository/OB_001_Login screen/Login Screen/Password'

2023-07-31 12:13:38 - [MESSAGE][PASSED] - Text 'Password@2300' is set on object 'Object Repository/OB_001_Login screen/Login Screen/Password'

2023-07-31 12:13:38 - [TEST_STEP][PASSED] - click(findTestObject("OB_001_Login screen/Login Screen/button_Sign in")): Object: 'Object Repository/OB_001_Login screen/Login Screen/button_Sign in' is clicked on

2023-07-31 12:13:38 - [MESSAGE][PASSED] - Object: 'Object Repository/OB_001_Login screen/Login Screen/button_Sign in' is clicked on

2023-07-31 12:13:38 - [TEST_STEP][PASSED] - delay(8): Delayed 8 second(s)

2023-07-31 12:13:46 - [MESSAGE][PASSED] - Delayed 8 second(s)

2023-07-31 12:13:46 - [TEST_STEP][PASSED] - verifyTextPresent("VC Smart", false): Text 'VC Smart' is present on page 

2023-07-31 12:14:16 - [MESSAGE][PASSED] - Text 'VC Smart' is present on page 

2023-07-31 12:14:16 - [MESSAGE][PASSED] - Call Test Case 'Test Cases/TC_001_Verify the Login feature with valid credentials' successfully

2023-07-31 12:14:16 - [TEST_STEP][PASSED] - delay(8): Delayed 8 second(s)

2023-07-31 12:14:24 - [MESSAGE][PASSED] - Delayed 8 second(s)

2023-07-31 12:14:24 - [TEST_STEP][PASSED] - click(findTestObject("OB_004_Logout Feature/logout feature/a_IOCL")): Object: 'Object Repository/OB_004_Logout Feature/logout feature/a_IOCL' is clicked on

2023-07-31 12:14:54 - [MESSAGE][PASSED] - Object: 'Object Repository/OB_004_Logout Feature/logout feature/a_IOCL' is clicked on

2023-07-31 12:14:54 - [TEST_STEP][PASSED] - delay(5): Delayed 5 second(s)

2023-07-31 12:14:59 - [MESSAGE][PASSED] - Delayed 5 second(s)

2023-07-31 12:14:59 - [TEST_STEP][PASSED] - click(findTestObject("OB_004_Logout Feature/logout feature/button_Logout")): Object: 'Object Repository/OB_004_Logout Feature/logout feature/button_Logout' is clicked on

2023-07-31 12:15:30 - [MESSAGE][PASSED] - Object: 'Object Repository/OB_004_Logout Feature/logout feature/button_Logout' is clicked on

2023-07-31 12:15:30 - [TEST_STEP][PASSED] - delay(8): Delayed 8 second(s)

2023-07-31 12:15:38 - [MESSAGE][PASSED] - Delayed 8 second(s)

2023-07-31 12:15:38 - [TEST_STEP][PASSED] - closeBrowser(): Browser is closed

2023-07-31 12:15:38 - [MESSAGE][PASSED] - Browser is closed]]></system-out>
         <system-err><![CDATA[]]></system-err>
      </testcase>
      <system-out><![CDATA[2023-07-31 12:04:40 - [TEST_SUITE][PASSED] - TS_002_Sanity Test 1_VC smart web app: Test Cases/TC_006_Verify the Logout feature]]></system-out>
      <system-err><![CDATA[]]></system-err>
   </testsuite>
</testsuites>
