<?xml version="1.0" encoding="UTF-8"?>
<testsuites name="TS_008_PROFILE_VC_SMART_FEATURE_IOCL" time="60.611" tests="1" failures="0" errors="0">
   <testsuite name="TS_008_PROFILE_VC_SMART_FEATURE_IOCL" tests="1" failures="0" errors="0" time="60.611" skipped="0" timestamp="2023-08-16 12:51:27" hostname="windows 10 - DESKTOP-21ATSCV" id="Test Suites/TS_008_PROFILE_VC_SMART_FEATURE_IOCL">
      <properties>
         <property name="deviceName" value=""/>
         <property name="devicePlatform" value=""/>
         <property name="logFolder" value="C:\\Users\\windows 10\\git\\NewRepository\\KatalonGit\\Reports\\20230816_125115\\TS_008_PROFILE_VC_SMART_FEATURE_IOCL\\20230816_125117"/>
         <property name="logFiles" value="C:\\Users\\windows 10\\git\\NewRepository\\KatalonGit\\Reports\\20230816_125115\\TS_008_PROFILE_VC_SMART_FEATURE_IOCL\\20230816_125117\\execution0.log"/>
         <property name="attachments" value=""/>
         <property name="hostName" value="windows 10 - DESKTOP-21ATSCV"/>
         <property name="os" value="Windows 10 64bit"/>
         <property name="katalonVersion" value="8.6.5.208"/>
         <property name="browser" value="Chrome 115.0.0.0"/>
         <property name="hostAddress" value="192.168.1.101"/>
         <property name="sessionId" value="c9944b144d0497e55f2c1e3de93f4adc"/>
         <property name="seleniumVersion" value="3.141.59"/>
         <property name="proxyInformation" value="ProxyInformation { proxyOption=NO_PROXY, proxyServerType=HTTP, username=, password=********, proxyServerAddress=, proxyServerPort=0, executionList=&quot;&quot;, isApplyToDesiredCapabilities=true }"/>
         <property name="platform" value="Windows 10"/>
      </properties>
      <testcase name="Test Cases/TC_018_VC_Smart_Verify Profile login-IOCL" time="60.291" classname="Test Cases/TC_018_VC_Smart_Verify Profile login-IOCL" status="PASSED">
         <system-out><![CDATA[2023-08-16 12:51:27 - [TEST_CASE][PASSED] - Test Cases/TC_018_VC_Smart_Verify Profile login-IOCL: Test Cases/TC_018_VC_Smart_Verify Profile login-IOCL

2023-08-16 12:51:28 - [TEST_STEP][PASSED] - openBrowser(URL): Browser is opened with url: 'https://ioclvcsmart.tmsitrimble.in/VCSmartApp/#/login'

2023-08-16 12:51:28 - [MESSAGE][INFO] - Starting 'Chrome' driver

2023-08-16 12:51:28 - [MESSAGE][INFO] - Action delay is set to 0 milliseconds

2023-08-16 12:51:38 - [MESSAGE][PASSED] - Browser is opened with url: 'https://ioclvcsmart.tmsitrimble.in/VCSmartApp/#/login'

2023-08-16 12:51:38 - [TEST_STEP][PASSED] - delay(4): Delayed 4 second(s)

2023-08-16 12:51:42 - [MESSAGE][PASSED] - Delayed 4 second(s)

2023-08-16 12:51:42 - [TEST_STEP][PASSED] - maximizeWindow(): Current window maximized

2023-08-16 12:51:42 - [MESSAGE][PASSED] - Current window maximized

2023-08-16 12:51:42 - [TEST_STEP][PASSED] - click(findTestObject("OB_001_Login screen/Login Screen/Username")): Object: 'Object Repository/OB_001_Login screen/Login Screen/Username' is clicked on

2023-08-16 12:51:43 - [MESSAGE][PASSED] - Object: 'Object Repository/OB_001_Login screen/Login Screen/Username' is clicked on

2023-08-16 12:51:43 - [TEST_STEP][PASSED] - setText(findTestObject("OB_001_Login screen/Login Screen/Username"), USERNAME): Text 'MPSO-3300' is set on object 'Object Repository/OB_001_Login screen/Login Screen/Username'

2023-08-16 12:51:44 - [MESSAGE][PASSED] - Text 'MPSO-3300' is set on object 'Object Repository/OB_001_Login screen/Login Screen/Username'

2023-08-16 12:51:44 - [TEST_STEP][PASSED] - click(findTestObject("OB_001_Login screen/Login Screen/Password")): Object: 'Object Repository/OB_001_Login screen/Login Screen/Password' is clicked on

2023-08-16 12:51:44 - [MESSAGE][PASSED] - Object: 'Object Repository/OB_001_Login screen/Login Screen/Password' is clicked on

2023-08-16 12:51:44 - [TEST_STEP][PASSED] - setEncryptedText(findTestObject("OB_001_Login screen/Login Screen/Password"), PASSWORD): Text ****** has been set on object 'Object Repository/OB_001_Login screen/Login Screen/Password'

2023-08-16 12:51:44 - [MESSAGE][PASSED] - Text ****** has been set on object 'Object Repository/OB_001_Login screen/Login Screen/Password'

2023-08-16 12:51:44 - [TEST_STEP][PASSED] - click(findTestObject("OB_001_Login screen/Login Screen/button_Sign in")): Object: 'Object Repository/OB_001_Login screen/Login Screen/button_Sign in' is clicked on

2023-08-16 12:51:45 - [MESSAGE][PASSED] - Object: 'Object Repository/OB_001_Login screen/Login Screen/button_Sign in' is clicked on

2023-08-16 12:51:45 - [TEST_STEP][PASSED] - delay(15): Delayed 15 second(s)

2023-08-16 12:52:00 - [MESSAGE][PASSED] - Delayed 15 second(s)

2023-08-16 12:52:00 - [TEST_STEP][PASSED] - verifyElementPresent(findTestObject("OB_002_Feature1/Feature/a_Track By Criteria"), 0): Object 'Object Repository/OB_002_Feature1/Feature/a_Track By Criteria' is present

2023-08-16 12:52:00 - [MESSAGE][WARNING] - Timeout '0' is invalid. Using default page load timeout: '30'

2023-08-16 12:52:19 - [MESSAGE][PASSED] - Object 'Object Repository/OB_002_Feature1/Feature/a_Track By Criteria' is present

2023-08-16 12:52:19 - [TEST_STEP][PASSED] - delay(8): Delayed 8 second(s)

2023-08-16 12:52:27 - [MESSAGE][PASSED] - Delayed 8 second(s)

2023-08-16 12:52:27 - [TEST_STEP][PASSED] - closeBrowser(): Browser is closed

2023-08-16 12:52:28 - [MESSAGE][PASSED] - Browser is closed]]></system-out>
         <system-err><![CDATA[]]></system-err>
      </testcase>
      <system-out><![CDATA[2023-08-16 12:51:27 - [TEST_SUITE][PASSED] - TS_008_PROFILE_VC_SMART_FEATURE_IOCL: Test Cases/TC_018_VC_Smart_Verify Profile login-IOCL]]></system-out>
      <system-err><![CDATA[]]></system-err>
   </testsuite>
</testsuites>
