<?xml version="1.0" encoding="UTF-8"?>
<testsuites name="TS_02_FMS_Smart_Multiplen user login" time="73.007" tests="3" failures="0" errors="0">
   <testsuite name="TS_02_FMS_Smart_Multiplen user login" tests="3" failures="0" errors="0" time="73.007" skipped="0" timestamp="2023-08-06 21:36:26" hostname="DESKTOP-21ATSCV$ - DESKTOP-21ATSCV" id="Test Suites/TS_002_FMS_Smart_web application/TS_02_FMS_Smart_Multiplen user login">
      <properties>
         <property name="deviceName" value=""/>
         <property name="devicePlatform" value=""/>
         <property name="logFolder" value="C:\\Users\\windows 10\\git\\NewRepository\\KatalonGit\\Reports\\20230806_213606\\TS_002_FMS_Smart_web application\\TS_02_FMS_Smart_Multiplen user login\\20230806_213619"/>
         <property name="logFiles" value="C:\\Users\\windows 10\\git\\NewRepository\\KatalonGit\\Reports\\20230806_213606\\TS_002_FMS_Smart_web application\\TS_02_FMS_Smart_Multiplen user login\\20230806_213619\\execution0.log"/>
         <property name="attachments" value=""/>
         <property name="hostName" value="DESKTOP-21ATSCV$ - DESKTOP-21ATSCV"/>
         <property name="os" value="Windows 10 64bit"/>
         <property name="katalonVersion" value="8.6.5.208"/>
         <property name="browser" value="Chrome 115.0.0.0"/>
         <property name="hostAddress" value="192.168.1.102"/>
         <property name="sessionId" value="58d080350e0fc8b81f1716fae2ed73d8"/>
         <property name="seleniumVersion" value="3.141.59"/>
         <property name="proxyInformation" value="ProxyInformation { proxyOption=NO_PROXY, proxyServerType=HTTP, username=, password=********, proxyServerAddress=, proxyServerPort=0, executionList=&quot;&quot;, isApplyToDesiredCapabilities=true }"/>
         <property name="platform" value="Windows 10"/>
      </properties>
      <testcase name="Test Cases/TC_013_FMS_Smart_multiple login test" time="28.834" classname="Test Cases/TC_013_FMS_Smart_multiple login test" status="PASSED">
         <system-out><![CDATA[2023-08-06 21:36:26 - [TEST_CASE][PASSED] - Test Cases/TC_013_FMS_Smart_multiple login test: Test Cases/TC_013_FMS_Smart_multiple login test

2023-08-06 21:36:27 - [TEST_STEP][PASSED] - openBrowser(url): Browser is opened with url: 'https://ioclfmssmart.tmsitrimble.in/FMSSmartApp/#/login'

2023-08-06 21:36:27 - [MESSAGE][INFO] - Starting 'Chrome' driver

2023-08-06 21:36:27 - [MESSAGE][INFO] - Action delay is set to 0 milliseconds

2023-08-06 21:36:39 - [MESSAGE][PASSED] - Browser is opened with url: 'https://ioclfmssmart.tmsitrimble.in/FMSSmartApp/#/login'

2023-08-06 21:36:39 - [TEST_STEP][PASSED] - maximizeWindow(): Current window maximized

2023-08-06 21:36:39 - [MESSAGE][PASSED] - Current window maximized

2023-08-06 21:36:39 - [TEST_STEP][PASSED] - delay(4): Delayed 4 second(s)

2023-08-06 21:36:43 - [MESSAGE][PASSED] - Delayed 4 second(s)

2023-08-06 21:36:43 - [TEST_STEP][PASSED] - click(findTestObject("OB_005_Login screen_fms smart/login screen/username")): Object: 'Object Repository/OB_005_Login screen_fms smart/login screen/username' is clicked on

2023-08-06 21:36:43 - [MESSAGE][PASSED] - Object: 'Object Repository/OB_005_Login screen_fms smart/login screen/username' is clicked on

2023-08-06 21:36:43 - [TEST_STEP][PASSED] - setText(findTestObject("OB_005_Login screen_fms smart/login screen/username"), username): Text '11047105' is set on object 'Object Repository/OB_005_Login screen_fms smart/login screen/username'

2023-08-06 21:36:44 - [MESSAGE][PASSED] - Text '11047105' is set on object 'Object Repository/OB_005_Login screen_fms smart/login screen/username'

2023-08-06 21:36:44 - [TEST_STEP][PASSED] - click(findTestObject("OB_005_Login screen_fms smart/login screen/Password")): Object: 'Object Repository/OB_005_Login screen_fms smart/login screen/Password' is clicked on

2023-08-06 21:36:45 - [MESSAGE][PASSED] - Object: 'Object Repository/OB_005_Login screen_fms smart/login screen/Password' is clicked on

2023-08-06 21:36:45 - [TEST_STEP][PASSED] - setText(findTestObject("OB_005_Login screen_fms smart/login screen/Password"), password): Text 'Password@1234' is set on object 'Object Repository/OB_005_Login screen_fms smart/login screen/Password'

2023-08-06 21:36:46 - [MESSAGE][PASSED] - Text 'Password@1234' is set on object 'Object Repository/OB_005_Login screen_fms smart/login screen/Password'

2023-08-06 21:36:46 - [TEST_STEP][PASSED] - click(findTestObject("OB_005_Login screen_fms smart/login screen/button_Sign in")): Object: 'Object Repository/OB_005_Login screen_fms smart/login screen/button_Sign in' is clicked on

2023-08-06 21:36:46 - [MESSAGE][PASSED] - Object: 'Object Repository/OB_005_Login screen_fms smart/login screen/button_Sign in' is clicked on

2023-08-06 21:36:46 - [TEST_STEP][PASSED] - delay(7): Delayed 7 second(s)

2023-08-06 21:36:53 - [MESSAGE][PASSED] - Delayed 7 second(s)

2023-08-06 21:36:53 - [TEST_STEP][PASSED] - click(findTestObject("OB_005_Login screen_fms smart/login screen/button_ACCEPT AND CLOSE")): Object: 'Object Repository/OB_005_Login screen_fms smart/login screen/button_ACCEPT AND CLOSE' is clicked on

2023-08-06 21:36:54 - [MESSAGE][PASSED] - Object: 'Object Repository/OB_005_Login screen_fms smart/login screen/button_ACCEPT AND CLOSE' is clicked on

2023-08-06 21:36:54 - [TEST_STEP][PASSED] - verifyTextPresent("FMS Smart", false): Text 'FMS Smart' is present on page 

2023-08-06 21:36:54 - [MESSAGE][PASSED] - Text 'FMS Smart' is present on page 

2023-08-06 21:36:54 - [TEST_STEP][PASSED] - closeBrowser(): Browser is closed

2023-08-06 21:36:55 - [MESSAGE][PASSED] - Browser is closed]]></system-out>
         <system-err><![CDATA[]]></system-err>
      </testcase>
      <testcase name="Test Cases/TC_013_FMS_Smart_multiple login test" time="21.997" classname="Test Cases/TC_013_FMS_Smart_multiple login test" status="PASSED">
         <system-out><![CDATA[2023-08-06 21:36:55 - [TEST_CASE][PASSED] - Test Cases/TC_013_FMS_Smart_multiple login test: Test Cases/TC_013_FMS_Smart_multiple login test

2023-08-06 21:36:55 - [TEST_STEP][PASSED] - openBrowser(url): Browser is opened with url: 'https://ioclfmssmart.tmsitrimble.in/FMSSmartApp/#/login'

2023-08-06 21:36:55 - [MESSAGE][INFO] - Starting 'Chrome' driver

2023-08-06 21:36:55 - [MESSAGE][INFO] - Action delay is set to 0 milliseconds

2023-08-06 21:37:01 - [MESSAGE][PASSED] - Browser is opened with url: 'https://ioclfmssmart.tmsitrimble.in/FMSSmartApp/#/login'

2023-08-06 21:37:01 - [TEST_STEP][PASSED] - maximizeWindow(): Current window maximized

2023-08-06 21:37:01 - [MESSAGE][PASSED] - Current window maximized

2023-08-06 21:37:01 - [TEST_STEP][PASSED] - delay(4): Delayed 4 second(s)

2023-08-06 21:37:05 - [MESSAGE][PASSED] - Delayed 4 second(s)

2023-08-06 21:37:05 - [TEST_STEP][PASSED] - click(findTestObject("OB_005_Login screen_fms smart/login screen/username")): Object: 'Object Repository/OB_005_Login screen_fms smart/login screen/username' is clicked on

2023-08-06 21:37:06 - [MESSAGE][PASSED] - Object: 'Object Repository/OB_005_Login screen_fms smart/login screen/username' is clicked on

2023-08-06 21:37:06 - [TEST_STEP][PASSED] - setText(findTestObject("OB_005_Login screen_fms smart/login screen/username"), username): Text '11048462' is set on object 'Object Repository/OB_005_Login screen_fms smart/login screen/username'

2023-08-06 21:37:06 - [MESSAGE][PASSED] - Text '11048462' is set on object 'Object Repository/OB_005_Login screen_fms smart/login screen/username'

2023-08-06 21:37:06 - [TEST_STEP][PASSED] - click(findTestObject("OB_005_Login screen_fms smart/login screen/Password")): Object: 'Object Repository/OB_005_Login screen_fms smart/login screen/Password' is clicked on

2023-08-06 21:37:07 - [MESSAGE][PASSED] - Object: 'Object Repository/OB_005_Login screen_fms smart/login screen/Password' is clicked on

2023-08-06 21:37:07 - [TEST_STEP][PASSED] - setText(findTestObject("OB_005_Login screen_fms smart/login screen/Password"), password): Text 'Password@1' is set on object 'Object Repository/OB_005_Login screen_fms smart/login screen/Password'

2023-08-06 21:37:08 - [MESSAGE][PASSED] - Text 'Password@1' is set on object 'Object Repository/OB_005_Login screen_fms smart/login screen/Password'

2023-08-06 21:37:08 - [TEST_STEP][PASSED] - click(findTestObject("OB_005_Login screen_fms smart/login screen/button_Sign in")): Object: 'Object Repository/OB_005_Login screen_fms smart/login screen/button_Sign in' is clicked on

2023-08-06 21:37:08 - [MESSAGE][PASSED] - Object: 'Object Repository/OB_005_Login screen_fms smart/login screen/button_Sign in' is clicked on

2023-08-06 21:37:08 - [TEST_STEP][PASSED] - delay(7): Delayed 7 second(s)

2023-08-06 21:37:15 - [MESSAGE][PASSED] - Delayed 7 second(s)

2023-08-06 21:37:15 - [TEST_STEP][PASSED] - click(findTestObject("OB_005_Login screen_fms smart/login screen/button_ACCEPT AND CLOSE")): Object: 'Object Repository/OB_005_Login screen_fms smart/login screen/button_ACCEPT AND CLOSE' is clicked on

2023-08-06 21:37:16 - [MESSAGE][PASSED] - Object: 'Object Repository/OB_005_Login screen_fms smart/login screen/button_ACCEPT AND CLOSE' is clicked on

2023-08-06 21:37:16 - [TEST_STEP][PASSED] - verifyTextPresent("FMS Smart", false): Text 'FMS Smart' is present on page 

2023-08-06 21:37:16 - [MESSAGE][PASSED] - Text 'FMS Smart' is present on page 

2023-08-06 21:37:16 - [TEST_STEP][PASSED] - closeBrowser(): Browser is closed

2023-08-06 21:37:17 - [MESSAGE][PASSED] - Browser is closed]]></system-out>
         <system-err><![CDATA[]]></system-err>
      </testcase>
      <testcase name="Test Cases/TC_013_FMS_Smart_multiple login test" time="21.612" classname="Test Cases/TC_013_FMS_Smart_multiple login test" status="PASSED">
         <system-out><![CDATA[2023-08-06 21:37:17 - [TEST_CASE][PASSED] - Test Cases/TC_013_FMS_Smart_multiple login test: Test Cases/TC_013_FMS_Smart_multiple login test

2023-08-06 21:37:17 - [TEST_STEP][PASSED] - openBrowser(url): Browser is opened with url: 'https://ioclfmssmart.tmsitrimble.in/FMSSmartApp/#/login'

2023-08-06 21:37:17 - [MESSAGE][INFO] - Starting 'Chrome' driver

2023-08-06 21:37:17 - [MESSAGE][INFO] - Action delay is set to 0 milliseconds

2023-08-06 21:37:23 - [MESSAGE][PASSED] - Browser is opened with url: 'https://ioclfmssmart.tmsitrimble.in/FMSSmartApp/#/login'

2023-08-06 21:37:23 - [TEST_STEP][PASSED] - maximizeWindow(): Current window maximized

2023-08-06 21:37:23 - [MESSAGE][PASSED] - Current window maximized

2023-08-06 21:37:23 - [TEST_STEP][PASSED] - delay(4): Delayed 4 second(s)

2023-08-06 21:37:27 - [MESSAGE][PASSED] - Delayed 4 second(s)

2023-08-06 21:37:27 - [TEST_STEP][PASSED] - click(findTestObject("OB_005_Login screen_fms smart/login screen/username")): Object: 'Object Repository/OB_005_Login screen_fms smart/login screen/username' is clicked on

2023-08-06 21:37:27 - [MESSAGE][PASSED] - Object: 'Object Repository/OB_005_Login screen_fms smart/login screen/username' is clicked on

2023-08-06 21:37:27 - [TEST_STEP][PASSED] - setText(findTestObject("OB_005_Login screen_fms smart/login screen/username"), username): Text '11038331' is set on object 'Object Repository/OB_005_Login screen_fms smart/login screen/username'

2023-08-06 21:37:28 - [MESSAGE][PASSED] - Text '11038331' is set on object 'Object Repository/OB_005_Login screen_fms smart/login screen/username'

2023-08-06 21:37:28 - [TEST_STEP][PASSED] - click(findTestObject("OB_005_Login screen_fms smart/login screen/Password")): Object: 'Object Repository/OB_005_Login screen_fms smart/login screen/Password' is clicked on

2023-08-06 21:37:28 - [MESSAGE][PASSED] - Object: 'Object Repository/OB_005_Login screen_fms smart/login screen/Password' is clicked on

2023-08-06 21:37:28 - [TEST_STEP][PASSED] - setText(findTestObject("OB_005_Login screen_fms smart/login screen/Password"), password): Text 'Nr@747900' is set on object 'Object Repository/OB_005_Login screen_fms smart/login screen/Password'

2023-08-06 21:37:29 - [MESSAGE][PASSED] - Text 'Nr@747900' is set on object 'Object Repository/OB_005_Login screen_fms smart/login screen/Password'

2023-08-06 21:37:29 - [TEST_STEP][PASSED] - click(findTestObject("OB_005_Login screen_fms smart/login screen/button_Sign in")): Object: 'Object Repository/OB_005_Login screen_fms smart/login screen/button_Sign in' is clicked on

2023-08-06 21:37:30 - [MESSAGE][PASSED] - Object: 'Object Repository/OB_005_Login screen_fms smart/login screen/button_Sign in' is clicked on

2023-08-06 21:37:30 - [TEST_STEP][PASSED] - delay(7): Delayed 7 second(s)

2023-08-06 21:37:37 - [MESSAGE][PASSED] - Delayed 7 second(s)

2023-08-06 21:37:37 - [TEST_STEP][PASSED] - click(findTestObject("OB_005_Login screen_fms smart/login screen/button_ACCEPT AND CLOSE")): Object: 'Object Repository/OB_005_Login screen_fms smart/login screen/button_ACCEPT AND CLOSE' is clicked on

2023-08-06 21:37:37 - [MESSAGE][PASSED] - Object: 'Object Repository/OB_005_Login screen_fms smart/login screen/button_ACCEPT AND CLOSE' is clicked on

2023-08-06 21:37:37 - [TEST_STEP][PASSED] - verifyTextPresent("FMS Smart", false): Text 'FMS Smart' is present on page 

2023-08-06 21:37:38 - [MESSAGE][PASSED] - Text 'FMS Smart' is present on page 

2023-08-06 21:37:38 - [TEST_STEP][PASSED] - closeBrowser(): Browser is closed

2023-08-06 21:37:39 - [MESSAGE][PASSED] - Browser is closed]]></system-out>
         <system-err><![CDATA[]]></system-err>
      </testcase>
      <system-out><![CDATA[2023-08-06 21:36:26 - [TEST_SUITE][PASSED] - TS_02_FMS_Smart_Multiplen user login: Test Cases/TC_013_FMS_Smart_multiple login test]]></system-out>
      <system-err><![CDATA[]]></system-err>
   </testsuite>
</testsuites>
