<?xml version="1.0" encoding="UTF-8"?>
<testsuites name="TS_002_VC_Smart_BASIC SANITY" time="288.033" tests="2" failures="0" errors="0">
   <testsuite name="TS_002_VC_Smart_BASIC SANITY" tests="2" failures="0" errors="0" time="288.033" skipped="0" timestamp="2023-08-16 17:09:20" hostname="DESKTOP-21ATSCV$ - DESKTOP-21ATSCV" id="Test Suites/TS_002_VC_Smart_BASIC SANITY">
      <properties>
         <property name="deviceName" value=""/>
         <property name="devicePlatform" value=""/>
         <property name="logFolder" value="C:\\Users\\windows 10\\git\\NewRepository\\KatalonGit\\Reports\\20230816_170410\\TS_002_VC_Smart_BASIC SANITY\\20230816_170449"/>
         <property name="logFiles" value="C:\\Users\\windows 10\\git\\NewRepository\\KatalonGit\\Reports\\20230816_170410\\TS_002_VC_Smart_BASIC SANITY\\20230816_170449\\execution0.log"/>
         <property name="attachments" value=""/>
         <property name="hostName" value="DESKTOP-21ATSCV$ - DESKTOP-21ATSCV"/>
         <property name="os" value="Windows 10 64bit"/>
         <property name="katalonVersion" value="8.6.5.208"/>
         <property name="browser" value="Chrome 115.0.0.0"/>
         <property name="hostAddress" value="192.168.1.101"/>
         <property name="sessionId" value="eafe44c39a5ef55aefed075df7f62036"/>
         <property name="seleniumVersion" value="3.141.59"/>
         <property name="proxyInformation" value="ProxyInformation { proxyOption=NO_PROXY, proxyServerType=HTTP, username=, password=********, proxyServerAddress=, proxyServerPort=0, executionList=&quot;&quot;, isApplyToDesiredCapabilities=true }"/>
         <property name="platform" value="Windows 10"/>
      </properties>
      <testcase name="Test Cases/TC_004_Verify the TBC feature" time="129.38" classname="Test Cases/TC_004_Verify the TBC feature" status="PASSED">
         <system-out><![CDATA[2023-08-16 17:09:21 - [TEST_CASE][PASSED] - Test Cases/TC_004_Verify the TBC feature: Test Cases/TC_004_Verify the TBC feature

2023-08-16 17:09:21 - [TEST_STEP][PASSED] - callTestCase(findTestCase("TC_001_Verify the Login feature with valid credentials"), [:], STOP_ON_FAILURE): Call Test Case 'Test Cases/TC_001_Verify the Login feature with valid credentials' successfully

2023-08-16 17:09:21 - [TEST_CASE][PASSED] - Test Cases/TC_001_Verify the Login feature with valid credentials: Test Cases/TC_001_Verify the Login feature with valid credentials

2023-08-16 17:09:21 - [TEST_STEP][PASSED] - openBrowser("https://ioclvcsmart.tmsitrimble.in/VCSmartApp/#/login"): Browser is opened with url: 'https://ioclvcsmart.tmsitrimble.in/VCSmartApp/#/login'

2023-08-16 17:09:22 - [MESSAGE][INFO] - Starting 'Chrome' driver

2023-08-16 17:09:22 - [MESSAGE][INFO] - Action delay is set to 0 milliseconds

2023-08-16 17:09:36 - [MESSAGE][PASSED] - Browser is opened with url: 'https://ioclvcsmart.tmsitrimble.in/VCSmartApp/#/login'

2023-08-16 17:09:36 - [TEST_STEP][PASSED] - maximizeWindow(): Current window maximized

2023-08-16 17:09:36 - [MESSAGE][PASSED] - Current window maximized

2023-08-16 17:09:36 - [TEST_STEP][PASSED] - delay(5): Delayed 5 second(s)

2023-08-16 17:09:41 - [MESSAGE][PASSED] - Delayed 5 second(s)

2023-08-16 17:09:41 - [TEST_STEP][PASSED] - click(findTestObject("OB_001_Login screen/Login Screen/Username")): Object: 'Object Repository/OB_001_Login screen/Login Screen/Username' is clicked on

2023-08-16 17:09:42 - [MESSAGE][PASSED] - Object: 'Object Repository/OB_001_Login screen/Login Screen/Username' is clicked on

2023-08-16 17:09:42 - [TEST_STEP][PASSED] - setText(findTestObject("OB_001_Login screen/Login Screen/Username"), "BSO-2300"): Text 'BSO-2300' is set on object 'Object Repository/OB_001_Login screen/Login Screen/Username'

2023-08-16 17:09:43 - [MESSAGE][PASSED] - Text 'BSO-2300' is set on object 'Object Repository/OB_001_Login screen/Login Screen/Username'

2023-08-16 17:09:43 - [TEST_STEP][PASSED] - click(findTestObject("OB_001_Login screen/Login Screen/Password")): Object: 'Object Repository/OB_001_Login screen/Login Screen/Password' is clicked on

2023-08-16 17:09:43 - [MESSAGE][PASSED] - Object: 'Object Repository/OB_001_Login screen/Login Screen/Password' is clicked on

2023-08-16 17:09:43 - [TEST_STEP][PASSED] - setText(findTestObject("OB_001_Login screen/Login Screen/Password"), "Password@2300"): Text 'Password@2300' is set on object 'Object Repository/OB_001_Login screen/Login Screen/Password'

2023-08-16 17:09:44 - [MESSAGE][PASSED] - Text 'Password@2300' is set on object 'Object Repository/OB_001_Login screen/Login Screen/Password'

2023-08-16 17:09:44 - [TEST_STEP][PASSED] - click(findTestObject("OB_001_Login screen/Login Screen/button_Sign in")): Object: 'Object Repository/OB_001_Login screen/Login Screen/button_Sign in' is clicked on

2023-08-16 17:09:45 - [MESSAGE][PASSED] - Object: 'Object Repository/OB_001_Login screen/Login Screen/button_Sign in' is clicked on

2023-08-16 17:09:45 - [TEST_STEP][PASSED] - delay(8): Delayed 8 second(s)

2023-08-16 17:09:53 - [MESSAGE][PASSED] - Delayed 8 second(s)

2023-08-16 17:09:53 - [TEST_STEP][PASSED] - verifyTextPresent("VC Smart", false): Text 'VC Smart' is present on page 

2023-08-16 17:10:23 - [MESSAGE][PASSED] - Text 'VC Smart' is present on page 

2023-08-16 17:10:23 - [MESSAGE][PASSED] - Call Test Case 'Test Cases/TC_001_Verify the Login feature with valid credentials' successfully

2023-08-16 17:10:23 - [TEST_STEP][PASSED] - delay(8): Delayed 8 second(s)

2023-08-16 17:10:31 - [MESSAGE][PASSED] - Delayed 8 second(s)

2023-08-16 17:10:31 - [TEST_STEP][PASSED] - click(findTestObject("OB_002_Feature1/Feature/a_Track By Criteria")): Object: 'Object Repository/OB_002_Feature1/Feature/a_Track By Criteria' is clicked on

2023-08-16 17:10:57 - [MESSAGE][PASSED] - Object: 'Object Repository/OB_002_Feature1/Feature/a_Track By Criteria' is clicked on

2023-08-16 17:10:57 - [TEST_STEP][PASSED] - click(findTestObject("OB_002_Feature1/Feature/button_Submit")): Object: 'Object Repository/OB_002_Feature1/Feature/button_Submit' is clicked on

2023-08-16 17:11:06 - [MESSAGE][PASSED] - Object: 'Object Repository/OB_002_Feature1/Feature/button_Submit' is clicked on

2023-08-16 17:11:06 - [TEST_STEP][PASSED] - delay(22): Delayed 22 second(s)

2023-08-16 17:11:28 - [MESSAGE][PASSED] - Delayed 22 second(s)

2023-08-16 17:11:28 - [TEST_STEP][PASSED] - verifyTextPresent("Vehicle Number", false): Text 'Vehicle Number' is present on page 

2023-08-16 17:11:30 - [MESSAGE][PASSED] - Text 'Vehicle Number' is present on page]]></system-out>
         <system-err><![CDATA[]]></system-err>
      </testcase>
      <testcase name="Test Cases/TC_005_Verify All feature of vc smart web application" time="158.359" classname="Test Cases/TC_005_Verify All feature of vc smart web application" status="PASSED">
         <system-out><![CDATA[2023-08-16 17:11:30 - [TEST_CASE][PASSED] - Test Cases/TC_005_Verify All feature of vc smart web application: Test Cases/TC_005_Verify All feature of vc smart web application

2023-08-16 17:11:30 - [TEST_STEP][PASSED] - callTestCase(findTestCase("TC_001_Verify the Login feature with valid credentials"), [:], STOP_ON_FAILURE): Call Test Case 'Test Cases/TC_001_Verify the Login feature with valid credentials' successfully

2023-08-16 17:11:30 - [TEST_CASE][PASSED] - Test Cases/TC_001_Verify the Login feature with valid credentials: Test Cases/TC_001_Verify the Login feature with valid credentials

2023-08-16 17:11:30 - [TEST_STEP][PASSED] - openBrowser("https://ioclvcsmart.tmsitrimble.in/VCSmartApp/#/login"): Browser is opened with url: 'https://ioclvcsmart.tmsitrimble.in/VCSmartApp/#/login'

2023-08-16 17:11:30 - [MESSAGE][WARNING] - A browser is already opened. Closing browser and opening a new one

2023-08-16 17:11:31 - [MESSAGE][INFO] - Starting 'Chrome' driver

2023-08-16 17:11:31 - [MESSAGE][INFO] - Action delay is set to 0 milliseconds

2023-08-16 17:11:43 - [MESSAGE][PASSED] - Browser is opened with url: 'https://ioclvcsmart.tmsitrimble.in/VCSmartApp/#/login'

2023-08-16 17:11:43 - [TEST_STEP][PASSED] - maximizeWindow(): Current window maximized

2023-08-16 17:11:43 - [MESSAGE][PASSED] - Current window maximized

2023-08-16 17:11:43 - [TEST_STEP][PASSED] - delay(5): Delayed 5 second(s)

2023-08-16 17:11:48 - [MESSAGE][PASSED] - Delayed 5 second(s)

2023-08-16 17:11:48 - [TEST_STEP][PASSED] - click(findTestObject("OB_001_Login screen/Login Screen/Username")): Object: 'Object Repository/OB_001_Login screen/Login Screen/Username' is clicked on

2023-08-16 17:11:49 - [MESSAGE][PASSED] - Object: 'Object Repository/OB_001_Login screen/Login Screen/Username' is clicked on

2023-08-16 17:11:49 - [TEST_STEP][PASSED] - setText(findTestObject("OB_001_Login screen/Login Screen/Username"), "BSO-2300"): Text 'BSO-2300' is set on object 'Object Repository/OB_001_Login screen/Login Screen/Username'

2023-08-16 17:11:49 - [MESSAGE][PASSED] - Text 'BSO-2300' is set on object 'Object Repository/OB_001_Login screen/Login Screen/Username'

2023-08-16 17:11:49 - [TEST_STEP][PASSED] - click(findTestObject("OB_001_Login screen/Login Screen/Password")): Object: 'Object Repository/OB_001_Login screen/Login Screen/Password' is clicked on

2023-08-16 17:11:50 - [MESSAGE][PASSED] - Object: 'Object Repository/OB_001_Login screen/Login Screen/Password' is clicked on

2023-08-16 17:11:50 - [TEST_STEP][PASSED] - setText(findTestObject("OB_001_Login screen/Login Screen/Password"), "Password@2300"): Text 'Password@2300' is set on object 'Object Repository/OB_001_Login screen/Login Screen/Password'

2023-08-16 17:11:51 - [MESSAGE][PASSED] - Text 'Password@2300' is set on object 'Object Repository/OB_001_Login screen/Login Screen/Password'

2023-08-16 17:11:51 - [TEST_STEP][PASSED] - click(findTestObject("OB_001_Login screen/Login Screen/button_Sign in")): Object: 'Object Repository/OB_001_Login screen/Login Screen/button_Sign in' is clicked on

2023-08-16 17:11:51 - [MESSAGE][PASSED] - Object: 'Object Repository/OB_001_Login screen/Login Screen/button_Sign in' is clicked on

2023-08-16 17:11:51 - [TEST_STEP][PASSED] - delay(8): Delayed 8 second(s)

2023-08-16 17:11:59 - [MESSAGE][PASSED] - Delayed 8 second(s)

2023-08-16 17:11:59 - [TEST_STEP][PASSED] - verifyTextPresent("VC Smart", false): Text 'VC Smart' is present on page 

2023-08-16 17:12:30 - [MESSAGE][PASSED] - Text 'VC Smart' is present on page 

2023-08-16 17:12:30 - [MESSAGE][PASSED] - Call Test Case 'Test Cases/TC_001_Verify the Login feature with valid credentials' successfully

2023-08-16 17:12:30 - [TEST_STEP][PASSED] - delay(11): Delayed 11 second(s)

2023-08-16 17:12:41 - [MESSAGE][PASSED] - Delayed 11 second(s)

2023-08-16 17:12:41 - [TEST_STEP][PASSED] - click(findTestObject("OB_003_All feature/All feature/a_Reports")): Object: 'Object Repository/OB_003_All feature/All feature/a_Reports' is clicked on

2023-08-16 17:12:49 - [MESSAGE][PASSED] - Object: 'Object Repository/OB_003_All feature/All feature/a_Reports' is clicked on

2023-08-16 17:12:49 - [TEST_STEP][PASSED] - verifyTextPresent("Safety Index Report", false): Text 'Safety Index Report' is present on page 

2023-08-16 17:12:50 - [MESSAGE][PASSED] - Text 'Safety Index Report' is present on page 

2023-08-16 17:12:50 - [TEST_STEP][PASSED] - delay(3): Delayed 3 second(s)

2023-08-16 17:12:53 - [MESSAGE][PASSED] - Delayed 3 second(s)

2023-08-16 17:12:53 - [TEST_STEP][PASSED] - click(findTestObject("OB_003_All feature/All feature/div_Safety Index Report")): Object: 'Object Repository/OB_003_All feature/All feature/div_Safety Index Report' is clicked on

2023-08-16 17:12:53 - [MESSAGE][PASSED] - Object: 'Object Repository/OB_003_All feature/All feature/div_Safety Index Report' is clicked on

2023-08-16 17:12:53 - [TEST_STEP][PASSED] - delay(3): Delayed 3 second(s)

2023-08-16 17:12:56 - [MESSAGE][PASSED] - Delayed 3 second(s)

2023-08-16 17:12:56 - [TEST_STEP][PASSED] - click(findTestObject("OB_003_All feature/All feature/a_Reports")): Object: 'Object Repository/OB_003_All feature/All feature/a_Reports' is clicked on

2023-08-16 17:12:57 - [MESSAGE][PASSED] - Object: 'Object Repository/OB_003_All feature/All feature/a_Reports' is clicked on

2023-08-16 17:12:57 - [TEST_STEP][PASSED] - click(findTestObject("OB_003_All feature/All feature/div_User Access Report")): Object: 'Object Repository/OB_003_All feature/All feature/div_User Access Report' is clicked on

2023-08-16 17:12:58 - [MESSAGE][PASSED] - Object: 'Object Repository/OB_003_All feature/All feature/div_User Access Report' is clicked on

2023-08-16 17:12:58 - [TEST_STEP][PASSED] - delay(3): Delayed 3 second(s)

2023-08-16 17:13:01 - [MESSAGE][PASSED] - Delayed 3 second(s)

2023-08-16 17:13:01 - [TEST_STEP][PASSED] - click(findTestObject("OB_003_All feature/All feature/a_Reports")): Object: 'Object Repository/OB_003_All feature/All feature/a_Reports' is clicked on

2023-08-16 17:13:01 - [MESSAGE][PASSED] - Object: 'Object Repository/OB_003_All feature/All feature/a_Reports' is clicked on

2023-08-16 17:13:01 - [TEST_STEP][PASSED] - click(findTestObject("OB_003_All feature/All feature/div_New Trip Report")): Object: 'Object Repository/OB_003_All feature/All feature/div_New Trip Report' is clicked on

2023-08-16 17:13:02 - [MESSAGE][PASSED] - Object: 'Object Repository/OB_003_All feature/All feature/div_New Trip Report' is clicked on

2023-08-16 17:13:02 - [TEST_STEP][PASSED] - delay(3): Delayed 3 second(s)

2023-08-16 17:13:05 - [MESSAGE][PASSED] - Delayed 3 second(s)

2023-08-16 17:13:05 - [TEST_STEP][PASSED] - click(findTestObject("OB_003_All feature/All feature/a_Reports")): Object: 'Object Repository/OB_003_All feature/All feature/a_Reports' is clicked on

2023-08-16 17:13:05 - [MESSAGE][PASSED] - Object: 'Object Repository/OB_003_All feature/All feature/a_Reports' is clicked on

2023-08-16 17:13:05 - [TEST_STEP][PASSED] - click(findTestObject("OB_003_All feature/All feature/div_Login History Report")): Object: 'Object Repository/OB_003_All feature/All feature/div_Login History Report' is clicked on

2023-08-16 17:13:06 - [MESSAGE][PASSED] - Object: 'Object Repository/OB_003_All feature/All feature/div_Login History Report' is clicked on

2023-08-16 17:13:06 - [TEST_STEP][PASSED] - delay(3): Delayed 3 second(s)

2023-08-16 17:13:09 - [MESSAGE][PASSED] - Delayed 3 second(s)

2023-08-16 17:13:09 - [TEST_STEP][PASSED] - click(findTestObject("OB_003_All feature/All feature/a_Reports")): Object: 'Object Repository/OB_003_All feature/All feature/a_Reports' is clicked on

2023-08-16 17:13:09 - [MESSAGE][PASSED] - Object: 'Object Repository/OB_003_All feature/All feature/a_Reports' is clicked on

2023-08-16 17:13:09 - [TEST_STEP][PASSED] - click(findTestObject("OB_003_All feature/All feature/div_External Consignment Log")): Object: 'Object Repository/OB_003_All feature/All feature/div_External Consignment Log' is clicked on

2023-08-16 17:13:10 - [MESSAGE][PASSED] - Object: 'Object Repository/OB_003_All feature/All feature/div_External Consignment Log' is clicked on

2023-08-16 17:13:10 - [TEST_STEP][PASSED] - delay(3): Delayed 3 second(s)

2023-08-16 17:13:13 - [MESSAGE][PASSED] - Delayed 3 second(s)

2023-08-16 17:13:13 - [TEST_STEP][PASSED] - click(findTestObject("OB_003_All feature/All feature/a_Reports")): Object: 'Object Repository/OB_003_All feature/All feature/a_Reports' is clicked on

2023-08-16 17:13:15 - [MESSAGE][PASSED] - Object: 'Object Repository/OB_003_All feature/All feature/a_Reports' is clicked on

2023-08-16 17:13:15 - [TEST_STEP][PASSED] - click(findTestObject("OB_003_All feature/All feature/div_Exception Report")): Object: 'Object Repository/OB_003_All feature/All feature/div_Exception Report' is clicked on

2023-08-16 17:13:16 - [MESSAGE][PASSED] - Object: 'Object Repository/OB_003_All feature/All feature/div_Exception Report' is clicked on

2023-08-16 17:13:16 - [TEST_STEP][PASSED] - delay(3): Delayed 3 second(s)

2023-08-16 17:13:19 - [MESSAGE][PASSED] - Delayed 3 second(s)

2023-08-16 17:13:19 - [TEST_STEP][PASSED] - click(findTestObject("OB_003_All feature/All feature/a_Reports")): Object: 'Object Repository/OB_003_All feature/All feature/a_Reports' is clicked on

2023-08-16 17:13:19 - [MESSAGE][PASSED] - Object: 'Object Repository/OB_003_All feature/All feature/a_Reports' is clicked on

2023-08-16 17:13:19 - [TEST_STEP][PASSED] - click(findTestObject("OB_003_All feature/All feature/a_Admin")): Object: 'Object Repository/OB_003_All feature/All feature/a_Admin' is clicked on

2023-08-16 17:13:20 - [MESSAGE][PASSED] - Object: 'Object Repository/OB_003_All feature/All feature/a_Admin' is clicked on

2023-08-16 17:13:20 - [TEST_STEP][PASSED] - delay(4): Delayed 4 second(s)

2023-08-16 17:13:24 - [MESSAGE][PASSED] - Delayed 4 second(s)

2023-08-16 17:13:24 - [TEST_STEP][PASSED] - verifyTextPresent("Landmark Manager", false): Text 'Landmark Manager' is present on page 

2023-08-16 17:13:24 - [MESSAGE][PASSED] - Text 'Landmark Manager' is present on page 

2023-08-16 17:13:24 - [TEST_STEP][PASSED] - click(findTestObject("OB_003_All feature/All feature/a_Admin")): Object: 'Object Repository/OB_003_All feature/All feature/a_Admin' is clicked on

2023-08-16 17:13:25 - [MESSAGE][PASSED] - Object: 'Object Repository/OB_003_All feature/All feature/a_Admin' is clicked on

2023-08-16 17:13:25 - [TEST_STEP][PASSED] - click(findTestObject("OB_003_All feature/All feature/a_NRD Dashboard")): Object: 'Object Repository/OB_003_All feature/All feature/a_NRD Dashboard' is clicked on

2023-08-16 17:13:25 - [MESSAGE][PASSED] - Object: 'Object Repository/OB_003_All feature/All feature/a_NRD Dashboard' is clicked on

2023-08-16 17:13:25 - [TEST_STEP][PASSED] - delay(11): Delayed 11 second(s)

2023-08-16 17:13:36 - [MESSAGE][PASSED] - Delayed 11 second(s)

2023-08-16 17:13:36 - [TEST_STEP][PASSED] - verifyTextPresent("Device Status", false): Text 'Device Status' is present on page 

2023-08-16 17:13:44 - [MESSAGE][PASSED] - Text 'Device Status' is present on page 

2023-08-16 17:13:44 - [TEST_STEP][PASSED] - click(findTestObject("OB_003_All feature/All feature/a_Map View")): Object: 'Object Repository/OB_003_All feature/All feature/a_Map View' is clicked on

2023-08-16 17:13:45 - [MESSAGE][PASSED] - Object: 'Object Repository/OB_003_All feature/All feature/a_Map View' is clicked on

2023-08-16 17:13:45 - [TEST_STEP][PASSED] - delay(12): Delayed 12 second(s)

2023-08-16 17:13:57 - [MESSAGE][PASSED] - Delayed 12 second(s)

2023-08-16 17:13:57 - [TEST_STEP][PASSED] - verifyTextPresent("View Grid", false): Text 'View Grid' is present on page 

2023-08-16 17:14:08 - [MESSAGE][PASSED] - Text 'View Grid' is present on page 

2023-08-16 17:14:08 - [TEST_STEP][PASSED] - closeBrowser(): Browser is closed

2023-08-16 17:14:08 - [MESSAGE][PASSED] - Browser is closed]]></system-out>
         <system-err><![CDATA[]]></system-err>
      </testcase>
      <system-out><![CDATA[2023-08-16 17:09:20 - [TEST_SUITE][PASSED] - TS_002_VC_Smart_BASIC SANITY: Test Cases/TC_005_Verify All feature of vc smart web application]]></system-out>
      <system-err><![CDATA[]]></system-err>
   </testsuite>
</testsuites>
