<?xml version="1.0" encoding="UTF-8"?>
<testsuites name="TS_001_Data driven for Login feature" time="314.326" tests="8" failures="0" errors="0">
   <testsuite name="TS_001_Data driven for Login feature" tests="8" failures="0" errors="0" time="314.326" skipped="0" timestamp="2023-07-26 15:07:21" hostname="windows 10 - DESKTOP-21ATSCV" id="Test Suites/TS_001_Data driven for Login feature">
      <properties>
         <property name="deviceName" value=""/>
         <property name="devicePlatform" value=""/>
         <property name="logFolder" value="C:\\Users\\windows 10\\git\\NewRepository\\KatalonGit\\Reports\\20230726_150713\\TS_001_Data driven for Login feature\\20230726_150714"/>
         <property name="logFiles" value="C:\\Users\\windows 10\\git\\NewRepository\\KatalonGit\\Reports\\20230726_150713\\TS_001_Data driven for Login feature\\20230726_150714\\execution0.log"/>
         <property name="attachments" value=""/>
         <property name="hostName" value="windows 10 - DESKTOP-21ATSCV"/>
         <property name="os" value="Windows 10 64bit"/>
         <property name="katalonVersion" value="8.6.5.208"/>
         <property name="browser" value="Chrome 114.0.0.0"/>
         <property name="hostAddress" value="192.168.1.102"/>
         <property name="sessionId" value="4f2b1c97079d2e7bdf7d9a02060ecce1"/>
         <property name="seleniumVersion" value="3.141.59"/>
         <property name="proxyInformation" value="ProxyInformation { proxyOption=NO_PROXY, proxyServerType=HTTP, username=, password=********, proxyServerAddress=, proxyServerPort=0, executionList=&quot;&quot;, isApplyToDesiredCapabilities=true }"/>
         <property name="platform" value="Windows 10"/>
      </properties>
      <testcase name="Test Cases/TC_003_Verify login with multiple user" time="32.467" classname="Test Cases/TC_003_Verify login with multiple user" status="PASSED">
         <system-out><![CDATA[2023-07-26 15:07:21 - [TEST_CASE][PASSED] - Test Cases/TC_003_Verify login with multiple user: Test Cases/TC_003_Verify login with multiple user

2023-07-26 15:07:22 - [TEST_STEP][PASSED] - openBrowser(url): Browser is opened with url: 'https://ioclvcsmart.tmsitrimble.in/VCSmartApp/#/login'

2023-07-26 15:07:22 - [MESSAGE][INFO] - Starting 'Chrome' driver

2023-07-26 15:07:22 - [MESSAGE][INFO] - Action delay is set to 0 milliseconds

2023-07-26 15:07:32 - [MESSAGE][PASSED] - Browser is opened with url: 'https://ioclvcsmart.tmsitrimble.in/VCSmartApp/#/login'

2023-07-26 15:07:32 - [TEST_STEP][PASSED] - maximizeWindow(): Current window maximized

2023-07-26 15:07:32 - [MESSAGE][PASSED] - Current window maximized

2023-07-26 15:07:32 - [TEST_STEP][PASSED] - click(findTestObject("OB_001_Login screen/Login Screen/Username")): Object: 'Object Repository/OB_001_Login screen/Login Screen/Username' is clicked on

2023-07-26 15:07:33 - [MESSAGE][PASSED] - Object: 'Object Repository/OB_001_Login screen/Login Screen/Username' is clicked on

2023-07-26 15:07:33 - [TEST_STEP][PASSED] - setText(findTestObject("OB_001_Login screen/Login Screen/Username"), username): Text 'BSO-2300' is set on object 'Object Repository/OB_001_Login screen/Login Screen/Username'

2023-07-26 15:07:34 - [MESSAGE][PASSED] - Text 'BSO-2300' is set on object 'Object Repository/OB_001_Login screen/Login Screen/Username'

2023-07-26 15:07:34 - [TEST_STEP][PASSED] - click(findTestObject("OB_001_Login screen/Login Screen/Password")): Object: 'Object Repository/OB_001_Login screen/Login Screen/Password' is clicked on

2023-07-26 15:07:34 - [MESSAGE][PASSED] - Object: 'Object Repository/OB_001_Login screen/Login Screen/Password' is clicked on

2023-07-26 15:07:34 - [TEST_STEP][PASSED] - setText(findTestObject("OB_001_Login screen/Login Screen/Password"), password): Text 'Password@2300' is set on object 'Object Repository/OB_001_Login screen/Login Screen/Password'

2023-07-26 15:07:35 - [MESSAGE][PASSED] - Text 'Password@2300' is set on object 'Object Repository/OB_001_Login screen/Login Screen/Password'

2023-07-26 15:07:35 - [TEST_STEP][PASSED] - click(findTestObject("OB_001_Login screen/Login Screen/button_Sign in")): Object: 'Object Repository/OB_001_Login screen/Login Screen/button_Sign in' is clicked on

2023-07-26 15:07:35 - [MESSAGE][PASSED] - Object: 'Object Repository/OB_001_Login screen/Login Screen/button_Sign in' is clicked on

2023-07-26 15:07:35 - [TEST_STEP][PASSED] - delay(5): Delayed 5 second(s)

2023-07-26 15:07:40 - [MESSAGE][PASSED] - Delayed 5 second(s)

2023-07-26 15:07:40 - [TEST_STEP][PASSED] - verifyTextPresent("VC Smart", false): Text 'VC Smart' is present on page 

2023-07-26 15:07:54 - [MESSAGE][PASSED] - Text 'VC Smart' is present on page]]></system-out>
         <system-err><![CDATA[]]></system-err>
      </testcase>
      <testcase name="Test Cases/TC_003_Verify login with multiple user" time="47.543" classname="Test Cases/TC_003_Verify login with multiple user" status="PASSED">
         <system-out><![CDATA[2023-07-26 15:07:54 - [TEST_CASE][PASSED] - Test Cases/TC_003_Verify login with multiple user: Test Cases/TC_003_Verify login with multiple user

2023-07-26 15:07:54 - [TEST_STEP][PASSED] - openBrowser(url): Browser is opened with url: 'https://ioclvcsmart.tmsitrimble.in/VCSmartApp/#/login'

2023-07-26 15:07:54 - [MESSAGE][WARNING] - A browser is already opened. Closing browser and opening a new one

2023-07-26 15:07:54 - [MESSAGE][INFO] - Starting 'Chrome' driver

2023-07-26 15:07:54 - [MESSAGE][INFO] - Action delay is set to 0 milliseconds

2023-07-26 15:08:03 - [MESSAGE][PASSED] - Browser is opened with url: 'https://ioclvcsmart.tmsitrimble.in/VCSmartApp/#/login'

2023-07-26 15:08:03 - [TEST_STEP][PASSED] - maximizeWindow(): Current window maximized

2023-07-26 15:08:03 - [MESSAGE][PASSED] - Current window maximized

2023-07-26 15:08:03 - [TEST_STEP][PASSED] - click(findTestObject("OB_001_Login screen/Login Screen/Username")): Object: 'Object Repository/OB_001_Login screen/Login Screen/Username' is clicked on

2023-07-26 15:08:04 - [MESSAGE][PASSED] - Object: 'Object Repository/OB_001_Login screen/Login Screen/Username' is clicked on

2023-07-26 15:08:04 - [TEST_STEP][PASSED] - setText(findTestObject("OB_001_Login screen/Login Screen/Username"), username): Text 'MPSO-3300' is set on object 'Object Repository/OB_001_Login screen/Login Screen/Username'

2023-07-26 15:08:04 - [MESSAGE][PASSED] - Text 'MPSO-3300' is set on object 'Object Repository/OB_001_Login screen/Login Screen/Username'

2023-07-26 15:08:04 - [TEST_STEP][PASSED] - click(findTestObject("OB_001_Login screen/Login Screen/Password")): Object: 'Object Repository/OB_001_Login screen/Login Screen/Password' is clicked on

2023-07-26 15:08:05 - [MESSAGE][PASSED] - Object: 'Object Repository/OB_001_Login screen/Login Screen/Password' is clicked on

2023-07-26 15:08:05 - [TEST_STEP][PASSED] - setText(findTestObject("OB_001_Login screen/Login Screen/Password"), password): Text 'Password@1' is set on object 'Object Repository/OB_001_Login screen/Login Screen/Password'

2023-07-26 15:08:06 - [MESSAGE][PASSED] - Text 'Password@1' is set on object 'Object Repository/OB_001_Login screen/Login Screen/Password'

2023-07-26 15:08:06 - [TEST_STEP][PASSED] - click(findTestObject("OB_001_Login screen/Login Screen/button_Sign in")): Object: 'Object Repository/OB_001_Login screen/Login Screen/button_Sign in' is clicked on

2023-07-26 15:08:06 - [MESSAGE][PASSED] - Object: 'Object Repository/OB_001_Login screen/Login Screen/button_Sign in' is clicked on

2023-07-26 15:08:06 - [TEST_STEP][PASSED] - delay(5): Delayed 5 second(s)

2023-07-26 15:08:11 - [MESSAGE][PASSED] - Delayed 5 second(s)

2023-07-26 15:08:11 - [TEST_STEP][PASSED] - verifyTextPresent("VC Smart", false): Text 'VC Smart' is present on page 

2023-07-26 15:08:41 - [MESSAGE][PASSED] - Text 'VC Smart' is present on page]]></system-out>
         <system-err><![CDATA[]]></system-err>
      </testcase>
      <testcase name="Test Cases/TC_003_Verify login with multiple user" time="40.775" classname="Test Cases/TC_003_Verify login with multiple user" status="PASSED">
         <system-out><![CDATA[2023-07-26 15:08:41 - [TEST_CASE][PASSED] - Test Cases/TC_003_Verify login with multiple user: Test Cases/TC_003_Verify login with multiple user

2023-07-26 15:08:41 - [TEST_STEP][PASSED] - openBrowser(url): Browser is opened with url: 'https://ioclvcsmart.tmsitrimble.in/VCSmartApp/#/login'

2023-07-26 15:08:41 - [MESSAGE][WARNING] - A browser is already opened. Closing browser and opening a new one

2023-07-26 15:08:42 - [MESSAGE][INFO] - Starting 'Chrome' driver

2023-07-26 15:08:42 - [MESSAGE][INFO] - Action delay is set to 0 milliseconds

2023-07-26 15:08:51 - [MESSAGE][PASSED] - Browser is opened with url: 'https://ioclvcsmart.tmsitrimble.in/VCSmartApp/#/login'

2023-07-26 15:08:51 - [TEST_STEP][PASSED] - maximizeWindow(): Current window maximized

2023-07-26 15:08:52 - [MESSAGE][PASSED] - Current window maximized

2023-07-26 15:08:52 - [TEST_STEP][PASSED] - click(findTestObject("OB_001_Login screen/Login Screen/Username")): Object: 'Object Repository/OB_001_Login screen/Login Screen/Username' is clicked on

2023-07-26 15:08:52 - [MESSAGE][PASSED] - Object: 'Object Repository/OB_001_Login screen/Login Screen/Username' is clicked on

2023-07-26 15:08:52 - [TEST_STEP][PASSED] - setText(findTestObject("OB_001_Login screen/Login Screen/Username"), username): Text 'DSO-1100' is set on object 'Object Repository/OB_001_Login screen/Login Screen/Username'

2023-07-26 15:08:53 - [MESSAGE][PASSED] - Text 'DSO-1100' is set on object 'Object Repository/OB_001_Login screen/Login Screen/Username'

2023-07-26 15:08:53 - [TEST_STEP][PASSED] - click(findTestObject("OB_001_Login screen/Login Screen/Password")): Object: 'Object Repository/OB_001_Login screen/Login Screen/Password' is clicked on

2023-07-26 15:08:53 - [MESSAGE][PASSED] - Object: 'Object Repository/OB_001_Login screen/Login Screen/Password' is clicked on

2023-07-26 15:08:53 - [TEST_STEP][PASSED] - setText(findTestObject("OB_001_Login screen/Login Screen/Password"), password): Text 'Password@1' is set on object 'Object Repository/OB_001_Login screen/Login Screen/Password'

2023-07-26 15:08:54 - [MESSAGE][PASSED] - Text 'Password@1' is set on object 'Object Repository/OB_001_Login screen/Login Screen/Password'

2023-07-26 15:08:54 - [TEST_STEP][PASSED] - click(findTestObject("OB_001_Login screen/Login Screen/button_Sign in")): Object: 'Object Repository/OB_001_Login screen/Login Screen/button_Sign in' is clicked on

2023-07-26 15:08:54 - [MESSAGE][PASSED] - Object: 'Object Repository/OB_001_Login screen/Login Screen/button_Sign in' is clicked on

2023-07-26 15:08:54 - [TEST_STEP][PASSED] - delay(5): Delayed 5 second(s)

2023-07-26 15:08:59 - [MESSAGE][PASSED] - Delayed 5 second(s)

2023-07-26 15:08:59 - [TEST_STEP][PASSED] - verifyTextPresent("VC Smart", false): Text 'VC Smart' is present on page 

2023-07-26 15:09:22 - [MESSAGE][PASSED] - Text 'VC Smart' is present on page]]></system-out>
         <system-err><![CDATA[]]></system-err>
      </testcase>
      <testcase name="Test Cases/TC_003_Verify login with multiple user" time="33.357" classname="Test Cases/TC_003_Verify login with multiple user" status="PASSED">
         <system-out><![CDATA[2023-07-26 15:09:22 - [TEST_CASE][PASSED] - Test Cases/TC_003_Verify login with multiple user: Test Cases/TC_003_Verify login with multiple user

2023-07-26 15:09:22 - [TEST_STEP][PASSED] - openBrowser(url): Browser is opened with url: 'https://ioclvcsmart.tmsitrimble.in/VCSmartApp/#/login'

2023-07-26 15:09:22 - [MESSAGE][WARNING] - A browser is already opened. Closing browser and opening a new one

2023-07-26 15:09:23 - [MESSAGE][INFO] - Starting 'Chrome' driver

2023-07-26 15:09:23 - [MESSAGE][INFO] - Action delay is set to 0 milliseconds

2023-07-26 15:09:31 - [MESSAGE][PASSED] - Browser is opened with url: 'https://ioclvcsmart.tmsitrimble.in/VCSmartApp/#/login'

2023-07-26 15:09:31 - [TEST_STEP][PASSED] - maximizeWindow(): Current window maximized

2023-07-26 15:09:31 - [MESSAGE][PASSED] - Current window maximized

2023-07-26 15:09:31 - [TEST_STEP][PASSED] - click(findTestObject("OB_001_Login screen/Login Screen/Username")): Object: 'Object Repository/OB_001_Login screen/Login Screen/Username' is clicked on

2023-07-26 15:09:32 - [MESSAGE][PASSED] - Object: 'Object Repository/OB_001_Login screen/Login Screen/Username' is clicked on

2023-07-26 15:09:32 - [TEST_STEP][PASSED] - setText(findTestObject("OB_001_Login screen/Login Screen/Username"), username): Text 'WBSO-2100' is set on object 'Object Repository/OB_001_Login screen/Login Screen/Username'

2023-07-26 15:09:33 - [MESSAGE][PASSED] - Text 'WBSO-2100' is set on object 'Object Repository/OB_001_Login screen/Login Screen/Username'

2023-07-26 15:09:33 - [TEST_STEP][PASSED] - click(findTestObject("OB_001_Login screen/Login Screen/Password")): Object: 'Object Repository/OB_001_Login screen/Login Screen/Password' is clicked on

2023-07-26 15:09:33 - [MESSAGE][PASSED] - Object: 'Object Repository/OB_001_Login screen/Login Screen/Password' is clicked on

2023-07-26 15:09:33 - [TEST_STEP][PASSED] - setText(findTestObject("OB_001_Login screen/Login Screen/Password"), password): Text 'Password@1' is set on object 'Object Repository/OB_001_Login screen/Login Screen/Password'

2023-07-26 15:09:34 - [MESSAGE][PASSED] - Text 'Password@1' is set on object 'Object Repository/OB_001_Login screen/Login Screen/Password'

2023-07-26 15:09:34 - [TEST_STEP][PASSED] - click(findTestObject("OB_001_Login screen/Login Screen/button_Sign in")): Object: 'Object Repository/OB_001_Login screen/Login Screen/button_Sign in' is clicked on

2023-07-26 15:09:34 - [MESSAGE][PASSED] - Object: 'Object Repository/OB_001_Login screen/Login Screen/button_Sign in' is clicked on

2023-07-26 15:09:34 - [TEST_STEP][PASSED] - delay(5): Delayed 5 second(s)

2023-07-26 15:09:39 - [MESSAGE][PASSED] - Delayed 5 second(s)

2023-07-26 15:09:39 - [TEST_STEP][PASSED] - verifyTextPresent("VC Smart", false): Text 'VC Smart' is present on page 

2023-07-26 15:09:56 - [MESSAGE][PASSED] - Text 'VC Smart' is present on page]]></system-out>
         <system-err><![CDATA[]]></system-err>
      </testcase>
      <testcase name="Test Cases/TC_003_Verify login with multiple user" time="36.833" classname="Test Cases/TC_003_Verify login with multiple user" status="PASSED">
         <system-out><![CDATA[2023-07-26 15:09:56 - [TEST_CASE][PASSED] - Test Cases/TC_003_Verify login with multiple user: Test Cases/TC_003_Verify login with multiple user

2023-07-26 15:09:56 - [TEST_STEP][PASSED] - openBrowser(url): Browser is opened with url: 'https://ioclvcsmart.tmsitrimble.in/VCSmartApp/#/login'

2023-07-26 15:09:56 - [MESSAGE][WARNING] - A browser is already opened. Closing browser and opening a new one

2023-07-26 15:09:56 - [MESSAGE][INFO] - Starting 'Chrome' driver

2023-07-26 15:09:56 - [MESSAGE][INFO] - Action delay is set to 0 milliseconds

2023-07-26 15:10:05 - [MESSAGE][PASSED] - Browser is opened with url: 'https://ioclvcsmart.tmsitrimble.in/VCSmartApp/#/login'

2023-07-26 15:10:05 - [TEST_STEP][PASSED] - maximizeWindow(): Current window maximized

2023-07-26 15:10:05 - [MESSAGE][PASSED] - Current window maximized

2023-07-26 15:10:05 - [TEST_STEP][PASSED] - click(findTestObject("OB_001_Login screen/Login Screen/Username")): Object: 'Object Repository/OB_001_Login screen/Login Screen/Username' is clicked on

2023-07-26 15:10:05 - [MESSAGE][PASSED] - Object: 'Object Repository/OB_001_Login screen/Login Screen/Username' is clicked on

2023-07-26 15:10:05 - [TEST_STEP][PASSED] - setText(findTestObject("OB_001_Login screen/Login Screen/Username"), username): Text 'WBSO-2100-BILLING' is set on object 'Object Repository/OB_001_Login screen/Login Screen/Username'

2023-07-26 15:10:06 - [MESSAGE][PASSED] - Text 'WBSO-2100-BILLING' is set on object 'Object Repository/OB_001_Login screen/Login Screen/Username'

2023-07-26 15:10:06 - [TEST_STEP][PASSED] - click(findTestObject("OB_001_Login screen/Login Screen/Password")): Object: 'Object Repository/OB_001_Login screen/Login Screen/Password' is clicked on

2023-07-26 15:10:06 - [MESSAGE][PASSED] - Object: 'Object Repository/OB_001_Login screen/Login Screen/Password' is clicked on

2023-07-26 15:10:06 - [TEST_STEP][PASSED] - setText(findTestObject("OB_001_Login screen/Login Screen/Password"), password): Text 'Password@1' is set on object 'Object Repository/OB_001_Login screen/Login Screen/Password'

2023-07-26 15:10:07 - [MESSAGE][PASSED] - Text 'Password@1' is set on object 'Object Repository/OB_001_Login screen/Login Screen/Password'

2023-07-26 15:10:07 - [TEST_STEP][PASSED] - click(findTestObject("OB_001_Login screen/Login Screen/button_Sign in")): Object: 'Object Repository/OB_001_Login screen/Login Screen/button_Sign in' is clicked on

2023-07-26 15:10:08 - [MESSAGE][PASSED] - Object: 'Object Repository/OB_001_Login screen/Login Screen/button_Sign in' is clicked on

2023-07-26 15:10:08 - [TEST_STEP][PASSED] - delay(5): Delayed 5 second(s)

2023-07-26 15:10:13 - [MESSAGE][PASSED] - Delayed 5 second(s)

2023-07-26 15:10:13 - [TEST_STEP][PASSED] - verifyTextPresent("VC Smart", false): Text 'VC Smart' is present on page 

2023-07-26 15:10:32 - [MESSAGE][PASSED] - Text 'VC Smart' is present on page]]></system-out>
         <system-err><![CDATA[]]></system-err>
      </testcase>
      <testcase name="Test Cases/TC_003_Verify login with multiple user" time="44.428" classname="Test Cases/TC_003_Verify login with multiple user" status="PASSED">
         <system-out><![CDATA[2023-07-26 15:10:32 - [TEST_CASE][PASSED] - Test Cases/TC_003_Verify login with multiple user: Test Cases/TC_003_Verify login with multiple user

2023-07-26 15:10:32 - [TEST_STEP][PASSED] - openBrowser(url): Browser is opened with url: 'https://ioclvcsmart.tmsitrimble.in/VCSmartApp/#/login'

2023-07-26 15:10:32 - [MESSAGE][WARNING] - A browser is already opened. Closing browser and opening a new one

2023-07-26 15:10:33 - [MESSAGE][INFO] - Starting 'Chrome' driver

2023-07-26 15:10:33 - [MESSAGE][INFO] - Action delay is set to 0 milliseconds

2023-07-26 15:10:42 - [MESSAGE][PASSED] - Browser is opened with url: 'https://ioclvcsmart.tmsitrimble.in/VCSmartApp/#/login'

2023-07-26 15:10:42 - [TEST_STEP][PASSED] - maximizeWindow(): Current window maximized

2023-07-26 15:10:42 - [MESSAGE][PASSED] - Current window maximized

2023-07-26 15:10:42 - [TEST_STEP][PASSED] - click(findTestObject("OB_001_Login screen/Login Screen/Username")): Object: 'Object Repository/OB_001_Login screen/Login Screen/Username' is clicked on

2023-07-26 15:10:42 - [MESSAGE][PASSED] - Object: 'Object Repository/OB_001_Login screen/Login Screen/Username' is clicked on

2023-07-26 15:10:42 - [TEST_STEP][PASSED] - setText(findTestObject("OB_001_Login screen/Login Screen/Username"), username): Text 'WBSO-2122' is set on object 'Object Repository/OB_001_Login screen/Login Screen/Username'

2023-07-26 15:10:43 - [MESSAGE][PASSED] - Text 'WBSO-2122' is set on object 'Object Repository/OB_001_Login screen/Login Screen/Username'

2023-07-26 15:10:43 - [TEST_STEP][PASSED] - click(findTestObject("OB_001_Login screen/Login Screen/Password")): Object: 'Object Repository/OB_001_Login screen/Login Screen/Password' is clicked on

2023-07-26 15:10:44 - [MESSAGE][PASSED] - Object: 'Object Repository/OB_001_Login screen/Login Screen/Password' is clicked on

2023-07-26 15:10:44 - [TEST_STEP][PASSED] - setText(findTestObject("OB_001_Login screen/Login Screen/Password"), password): Text 'Password@2122' is set on object 'Object Repository/OB_001_Login screen/Login Screen/Password'

2023-07-26 15:10:44 - [MESSAGE][PASSED] - Text 'Password@2122' is set on object 'Object Repository/OB_001_Login screen/Login Screen/Password'

2023-07-26 15:10:44 - [TEST_STEP][PASSED] - click(findTestObject("OB_001_Login screen/Login Screen/button_Sign in")): Object: 'Object Repository/OB_001_Login screen/Login Screen/button_Sign in' is clicked on

2023-07-26 15:10:45 - [MESSAGE][PASSED] - Object: 'Object Repository/OB_001_Login screen/Login Screen/button_Sign in' is clicked on

2023-07-26 15:10:45 - [TEST_STEP][PASSED] - delay(5): Delayed 5 second(s)

2023-07-26 15:10:50 - [MESSAGE][PASSED] - Delayed 5 second(s)

2023-07-26 15:10:50 - [TEST_STEP][PASSED] - verifyTextPresent("VC Smart", false): Text 'VC Smart' is present on page 

2023-07-26 15:11:17 - [MESSAGE][PASSED] - Text 'VC Smart' is present on page]]></system-out>
         <system-err><![CDATA[]]></system-err>
      </testcase>
      <testcase name="Test Cases/TC_003_Verify login with multiple user" time="30.939" classname="Test Cases/TC_003_Verify login with multiple user" status="PASSED">
         <system-out><![CDATA[2023-07-26 15:11:17 - [TEST_CASE][PASSED] - Test Cases/TC_003_Verify login with multiple user: Test Cases/TC_003_Verify login with multiple user

2023-07-26 15:11:17 - [TEST_STEP][PASSED] - openBrowser(url): Browser is opened with url: 'https://ioclvcsmart.tmsitrimble.in/VCSmartApp/#/login'

2023-07-26 15:11:17 - [MESSAGE][WARNING] - A browser is already opened. Closing browser and opening a new one

2023-07-26 15:11:18 - [MESSAGE][INFO] - Starting 'Chrome' driver

2023-07-26 15:11:18 - [MESSAGE][INFO] - Action delay is set to 0 milliseconds

2023-07-26 15:11:26 - [MESSAGE][PASSED] - Browser is opened with url: 'https://ioclvcsmart.tmsitrimble.in/VCSmartApp/#/login'

2023-07-26 15:11:26 - [TEST_STEP][PASSED] - maximizeWindow(): Current window maximized

2023-07-26 15:11:26 - [MESSAGE][PASSED] - Current window maximized

2023-07-26 15:11:26 - [TEST_STEP][PASSED] - click(findTestObject("OB_001_Login screen/Login Screen/Username")): Object: 'Object Repository/OB_001_Login screen/Login Screen/Username' is clicked on

2023-07-26 15:11:27 - [MESSAGE][PASSED] - Object: 'Object Repository/OB_001_Login screen/Login Screen/Username' is clicked on

2023-07-26 15:11:27 - [TEST_STEP][PASSED] - setText(findTestObject("OB_001_Login screen/Login Screen/Username"), username): Text 'WBSO-2122-BILLING' is set on object 'Object Repository/OB_001_Login screen/Login Screen/Username'

2023-07-26 15:11:27 - [MESSAGE][PASSED] - Text 'WBSO-2122-BILLING' is set on object 'Object Repository/OB_001_Login screen/Login Screen/Username'

2023-07-26 15:11:27 - [TEST_STEP][PASSED] - click(findTestObject("OB_001_Login screen/Login Screen/Password")): Object: 'Object Repository/OB_001_Login screen/Login Screen/Password' is clicked on

2023-07-26 15:11:28 - [MESSAGE][PASSED] - Object: 'Object Repository/OB_001_Login screen/Login Screen/Password' is clicked on

2023-07-26 15:11:28 - [TEST_STEP][PASSED] - setText(findTestObject("OB_001_Login screen/Login Screen/Password"), password): Text 'Password@2122' is set on object 'Object Repository/OB_001_Login screen/Login Screen/Password'

2023-07-26 15:11:29 - [MESSAGE][PASSED] - Text 'Password@2122' is set on object 'Object Repository/OB_001_Login screen/Login Screen/Password'

2023-07-26 15:11:29 - [TEST_STEP][PASSED] - click(findTestObject("OB_001_Login screen/Login Screen/button_Sign in")): Object: 'Object Repository/OB_001_Login screen/Login Screen/button_Sign in' is clicked on

2023-07-26 15:11:29 - [MESSAGE][PASSED] - Object: 'Object Repository/OB_001_Login screen/Login Screen/button_Sign in' is clicked on

2023-07-26 15:11:29 - [TEST_STEP][PASSED] - delay(5): Delayed 5 second(s)

2023-07-26 15:11:34 - [MESSAGE][PASSED] - Delayed 5 second(s)

2023-07-26 15:11:34 - [TEST_STEP][PASSED] - verifyTextPresent("VC Smart", false): Text 'VC Smart' is present on page 

2023-07-26 15:11:48 - [MESSAGE][PASSED] - Text 'VC Smart' is present on page]]></system-out>
         <system-err><![CDATA[]]></system-err>
      </testcase>
      <testcase name="Test Cases/TC_003_Verify login with multiple user" time="47.446" classname="Test Cases/TC_003_Verify login with multiple user" status="PASSED">
         <system-out><![CDATA[2023-07-26 15:11:48 - [TEST_CASE][PASSED] - Test Cases/TC_003_Verify login with multiple user: Test Cases/TC_003_Verify login with multiple user

2023-07-26 15:11:48 - [TEST_STEP][PASSED] - openBrowser(url): Browser is opened with url: 'https://ioclvcsmart.tmsitrimble.in/VCSmartApp/#/login'

2023-07-26 15:11:48 - [MESSAGE][WARNING] - A browser is already opened. Closing browser and opening a new one

2023-07-26 15:11:49 - [MESSAGE][INFO] - Starting 'Chrome' driver

2023-07-26 15:11:49 - [MESSAGE][INFO] - Action delay is set to 0 milliseconds

2023-07-26 15:11:57 - [MESSAGE][PASSED] - Browser is opened with url: 'https://ioclvcsmart.tmsitrimble.in/VCSmartApp/#/login'

2023-07-26 15:11:57 - [TEST_STEP][PASSED] - maximizeWindow(): Current window maximized

2023-07-26 15:11:57 - [MESSAGE][PASSED] - Current window maximized

2023-07-26 15:11:57 - [TEST_STEP][PASSED] - click(findTestObject("OB_001_Login screen/Login Screen/Username")): Object: 'Object Repository/OB_001_Login screen/Login Screen/Username' is clicked on

2023-07-26 15:11:58 - [MESSAGE][PASSED] - Object: 'Object Repository/OB_001_Login screen/Login Screen/Username' is clicked on

2023-07-26 15:11:58 - [TEST_STEP][PASSED] - setText(findTestObject("OB_001_Login screen/Login Screen/Username"), username): Text 'WBSO-2123' is set on object 'Object Repository/OB_001_Login screen/Login Screen/Username'

2023-07-26 15:11:58 - [MESSAGE][PASSED] - Text 'WBSO-2123' is set on object 'Object Repository/OB_001_Login screen/Login Screen/Username'

2023-07-26 15:11:58 - [TEST_STEP][PASSED] - click(findTestObject("OB_001_Login screen/Login Screen/Password")): Object: 'Object Repository/OB_001_Login screen/Login Screen/Password' is clicked on

2023-07-26 15:11:59 - [MESSAGE][PASSED] - Object: 'Object Repository/OB_001_Login screen/Login Screen/Password' is clicked on

2023-07-26 15:11:59 - [TEST_STEP][PASSED] - setText(findTestObject("OB_001_Login screen/Login Screen/Password"), password): Text 'Password@2123' is set on object 'Object Repository/OB_001_Login screen/Login Screen/Password'

2023-07-26 15:12:00 - [MESSAGE][PASSED] - Text 'Password@2123' is set on object 'Object Repository/OB_001_Login screen/Login Screen/Password'

2023-07-26 15:12:00 - [TEST_STEP][PASSED] - click(findTestObject("OB_001_Login screen/Login Screen/button_Sign in")): Object: 'Object Repository/OB_001_Login screen/Login Screen/button_Sign in' is clicked on

2023-07-26 15:12:00 - [MESSAGE][PASSED] - Object: 'Object Repository/OB_001_Login screen/Login Screen/button_Sign in' is clicked on

2023-07-26 15:12:00 - [TEST_STEP][PASSED] - delay(5): Delayed 5 second(s)

2023-07-26 15:12:05 - [MESSAGE][PASSED] - Delayed 5 second(s)

2023-07-26 15:12:05 - [TEST_STEP][PASSED] - verifyTextPresent("VC Smart", false): Text 'VC Smart' is present on page 

2023-07-26 15:12:35 - [MESSAGE][PASSED] - Text 'VC Smart' is present on page]]></system-out>
         <system-err><![CDATA[]]></system-err>
      </testcase>
      <system-out><![CDATA[2023-07-26 15:07:21 - [TEST_SUITE][PASSED] - TS_001_Data driven for Login feature: Test Cases/TC_003_Verify login with multiple user]]></system-out>
      <system-err><![CDATA[]]></system-err>
   </testsuite>
</testsuites>
