<?xml version="1.0" encoding="UTF-8"?>
<testsuites name="TS_011_PROFILE_FEATURE_FMS_SMART_IOCL" time="23.926" tests="1" failures="0" errors="0">
   <testsuite name="TS_011_PROFILE_FEATURE_FMS_SMART_IOCL" tests="1" failures="0" errors="0" time="23.926" skipped="0" timestamp="2023-08-16 12:54:06" hostname="windows 10 - DESKTOP-21ATSCV" id="Test Suites/TS_011_PROFILE_FEATURE_FMS_SMART_IOCL">
      <properties>
         <property name="deviceName" value=""/>
         <property name="devicePlatform" value=""/>
         <property name="logFolder" value="C:\\Users\\windows 10\\git\\NewRepository\\KatalonGit\\Reports\\20230816_125115\\TS_011_PROFILE_FEATURE_FMS_SMART_IOCL\\20230816_125123"/>
         <property name="logFiles" value="C:\\Users\\windows 10\\git\\NewRepository\\KatalonGit\\Reports\\20230816_125115\\TS_011_PROFILE_FEATURE_FMS_SMART_IOCL\\20230816_125123\\execution0.log"/>
         <property name="attachments" value=""/>
         <property name="hostName" value="windows 10 - DESKTOP-21ATSCV"/>
         <property name="os" value="Windows 10 64bit"/>
         <property name="katalonVersion" value="8.6.5.208"/>
         <property name="browser" value="Chrome 115.0.0.0"/>
         <property name="hostAddress" value="192.168.1.101"/>
         <property name="sessionId" value="b8c95139c80800cc8d1ec2f6a6f94121"/>
         <property name="seleniumVersion" value="3.141.59"/>
         <property name="proxyInformation" value="ProxyInformation { proxyOption=NO_PROXY, proxyServerType=HTTP, username=, password=********, proxyServerAddress=, proxyServerPort=0, executionList=&quot;&quot;, isApplyToDesiredCapabilities=true }"/>
         <property name="platform" value="Windows 10"/>
      </properties>
      <testcase name="Test Cases/TC_022_FMS_Smart_Login_IOCL_Profile" time="23.677" classname="Test Cases/TC_022_FMS_Smart_Login_IOCL_Profile" status="PASSED">
         <system-out><![CDATA[2023-08-16 12:54:06 - [TEST_CASE][PASSED] - Test Cases/TC_022_FMS_Smart_Login_IOCL_Profile: Test Cases/TC_022_FMS_Smart_Login_IOCL_Profile

2023-08-16 12:54:07 - [TEST_STEP][PASSED] - openBrowser(URL): Browser is opened with url: 'https://ioclfmssmart.tmsitrimble.in/FMSSmartApp/#/login'

2023-08-16 12:54:07 - [MESSAGE][INFO] - Starting 'Chrome' driver

2023-08-16 12:54:07 - [MESSAGE][INFO] - Action delay is set to 0 milliseconds

2023-08-16 12:54:17 - [MESSAGE][PASSED] - Browser is opened with url: 'https://ioclfmssmart.tmsitrimble.in/FMSSmartApp/#/login'

2023-08-16 12:54:17 - [TEST_STEP][PASSED] - waitForPageLoad(0): Wait for page load successfully

2023-08-16 12:54:17 - [MESSAGE][WARNING] - Timeout '0' is invalid. Using default page load timeout: '30'

2023-08-16 12:54:17 - [MESSAGE][PASSED] - Wait for page load successfully

2023-08-16 12:54:17 - [TEST_STEP][PASSED] - maximizeWindow(): Current window maximized

2023-08-16 12:54:17 - [MESSAGE][PASSED] - Current window maximized

2023-08-16 12:54:17 - [TEST_STEP][PASSED] - verifyElementPresent(findTestObject("OB_005_Login screen_fms smart/login screen/username"), 0): Object 'Object Repository/OB_005_Login screen_fms smart/login screen/username' is present

2023-08-16 12:54:17 - [MESSAGE][WARNING] - Timeout '0' is invalid. Using default page load timeout: '30'

2023-08-16 12:54:18 - [MESSAGE][PASSED] - Object 'Object Repository/OB_005_Login screen_fms smart/login screen/username' is present

2023-08-16 12:54:18 - [TEST_STEP][PASSED] - verifyElementClickable(findTestObject("OB_005_Login screen_fms smart/login screen/username")): Object 'Object Repository/OB_005_Login screen_fms smart/login screen/username' is clickable

2023-08-16 12:54:18 - [MESSAGE][PASSED] - Object 'Object Repository/OB_005_Login screen_fms smart/login screen/username' is clickable

2023-08-16 12:54:18 - [TEST_STEP][PASSED] - click(findTestObject("OB_005_Login screen_fms smart/login screen/username"), STOP_ON_FAILURE): Object: 'Object Repository/OB_005_Login screen_fms smart/login screen/username' is clicked on

2023-08-16 12:54:18 - [MESSAGE][PASSED] - Object: 'Object Repository/OB_005_Login screen_fms smart/login screen/username' is clicked on

2023-08-16 12:54:18 - [TEST_STEP][PASSED] - setText(findTestObject("OB_005_Login screen_fms smart/login screen/username"), USERNAME): Text '11047105' is set on object 'Object Repository/OB_005_Login screen_fms smart/login screen/username'

2023-08-16 12:54:19 - [MESSAGE][PASSED] - Text '11047105' is set on object 'Object Repository/OB_005_Login screen_fms smart/login screen/username'

2023-08-16 12:54:19 - [TEST_STEP][PASSED] - verifyElementPresent(findTestObject("OB_005_Login screen_fms smart/login screen/Password"), 0): Object 'Object Repository/OB_005_Login screen_fms smart/login screen/Password' is present

2023-08-16 12:54:19 - [MESSAGE][WARNING] - Timeout '0' is invalid. Using default page load timeout: '30'

2023-08-16 12:54:20 - [MESSAGE][PASSED] - Object 'Object Repository/OB_005_Login screen_fms smart/login screen/Password' is present

2023-08-16 12:54:20 - [TEST_STEP][PASSED] - verifyElementClickable(findTestObject("OB_005_Login screen_fms smart/login screen/Password")): Object 'Object Repository/OB_005_Login screen_fms smart/login screen/Password' is clickable

2023-08-16 12:54:20 - [MESSAGE][PASSED] - Object 'Object Repository/OB_005_Login screen_fms smart/login screen/Password' is clickable

2023-08-16 12:54:20 - [TEST_STEP][PASSED] - click(findTestObject("OB_005_Login screen_fms smart/login screen/Password")): Object: 'Object Repository/OB_005_Login screen_fms smart/login screen/Password' is clicked on

2023-08-16 12:54:20 - [MESSAGE][PASSED] - Object: 'Object Repository/OB_005_Login screen_fms smart/login screen/Password' is clicked on

2023-08-16 12:54:20 - [TEST_STEP][PASSED] - setEncryptedText(findTestObject("OB_005_Login screen_fms smart/login screen/Password"), PASSWORD): Text ****** has been set on object 'Object Repository/OB_005_Login screen_fms smart/login screen/Password'

2023-08-16 12:54:21 - [MESSAGE][PASSED] - Text ****** has been set on object 'Object Repository/OB_005_Login screen_fms smart/login screen/Password'

2023-08-16 12:54:21 - [TEST_STEP][PASSED] - verifyElementPresent(findTestObject("OB_005_Login screen_fms smart/login screen/button_Sign in"), 0): Object 'Object Repository/OB_005_Login screen_fms smart/login screen/button_Sign in' is present

2023-08-16 12:54:21 - [MESSAGE][WARNING] - Timeout '0' is invalid. Using default page load timeout: '30'

2023-08-16 12:54:21 - [MESSAGE][PASSED] - Object 'Object Repository/OB_005_Login screen_fms smart/login screen/button_Sign in' is present

2023-08-16 12:54:21 - [TEST_STEP][PASSED] - verifyElementClickable(findTestObject("OB_005_Login screen_fms smart/login screen/button_Sign in")): Object 'Object Repository/OB_005_Login screen_fms smart/login screen/button_Sign in' is clickable

2023-08-16 12:54:21 - [MESSAGE][PASSED] - Object 'Object Repository/OB_005_Login screen_fms smart/login screen/button_Sign in' is clickable

2023-08-16 12:54:21 - [TEST_STEP][PASSED] - verifyElementText(findTestObject("OB_005_Login screen_fms smart/login screen/button_Sign in"), "Sign in"): Actual text and expected text of test object 'Object Repository/OB_005_Login screen_fms smart/login screen/button_Sign in' are matched.

2023-08-16 12:54:22 - [MESSAGE][PASSED] - Actual text and expected text of test object 'Object Repository/OB_005_Login screen_fms smart/login screen/button_Sign in' are matched.

2023-08-16 12:54:22 - [TEST_STEP][PASSED] - click(findTestObject("OB_005_Login screen_fms smart/login screen/button_Sign in")): Object: 'Object Repository/OB_005_Login screen_fms smart/login screen/button_Sign in' is clicked on

2023-08-16 12:54:22 - [MESSAGE][PASSED] - Object: 'Object Repository/OB_005_Login screen_fms smart/login screen/button_Sign in' is clicked on

2023-08-16 12:54:22 - [TEST_STEP][PASSED] - waitForPageLoad(14): Wait for page load successfully

2023-08-16 12:54:22 - [MESSAGE][PASSED] - Wait for page load successfully

2023-08-16 12:54:22 - [TEST_STEP][PASSED] - click(findTestObject("OB_005_Login screen_fms smart/login screen/button_ACCEPT AND CLOSE")): Object: 'Object Repository/OB_005_Login screen_fms smart/login screen/button_ACCEPT AND CLOSE' is clicked on

2023-08-16 12:54:29 - [MESSAGE][PASSED] - Object: 'Object Repository/OB_005_Login screen_fms smart/login screen/button_ACCEPT AND CLOSE' is clicked on

2023-08-16 12:54:29 - [TEST_STEP][PASSED] - verifyTextPresent("FMS Smart", false): Text 'FMS Smart' is present on page 

2023-08-16 12:54:29 - [MESSAGE][PASSED] - Text 'FMS Smart' is present on page 

2023-08-16 12:54:29 - [TEST_STEP][PASSED] - closeBrowser(): Browser is closed

2023-08-16 12:54:30 - [MESSAGE][PASSED] - Browser is closed]]></system-out>
         <system-err><![CDATA[]]></system-err>
      </testcase>
      <system-out><![CDATA[2023-08-16 12:54:06 - [TEST_SUITE][PASSED] - TS_011_PROFILE_FEATURE_FMS_SMART_IOCL: Test Cases/TC_022_FMS_Smart_Login_IOCL_Profile]]></system-out>
      <system-err><![CDATA[]]></system-err>
   </testsuite>
</testsuites>
