<?xml version="1.0" encoding="UTF-8"?>
<testsuites name="TS_004_VC_Smart_DETAILED_REGRESSION" time="825.988" tests="4" failures="0" errors="0">
   <testsuite name="TS_004_VC_Smart_DETAILED_REGRESSION" tests="4" failures="0" errors="0" time="825.988" skipped="0" timestamp="2023-08-16 17:14:25" hostname="DESKTOP-21ATSCV$ - DESKTOP-21ATSCV" id="Test Suites/TS_004_VC_Smart_DETAILED_REGRESSION">
      <properties>
         <property name="deviceName" value=""/>
         <property name="devicePlatform" value=""/>
         <property name="logFolder" value="C:\\Users\\windows 10\\git\\NewRepository\\KatalonGit\\Reports\\20230816_170410\\TS_004_VC_Smart_DETAILED_REGRESSION\\20230816_170458"/>
         <property name="logFiles" value="C:\\Users\\windows 10\\git\\NewRepository\\KatalonGit\\Reports\\20230816_170410\\TS_004_VC_Smart_DETAILED_REGRESSION\\20230816_170458\\execution0.log"/>
         <property name="attachments" value=""/>
         <property name="hostName" value="DESKTOP-21ATSCV$ - DESKTOP-21ATSCV"/>
         <property name="os" value="Windows 10 64bit"/>
         <property name="katalonVersion" value="8.6.5.208"/>
         <property name="browser" value="Chrome 115.0.0.0"/>
         <property name="hostAddress" value="192.168.1.101"/>
         <property name="sessionId" value="8dec152828decbcd34d80f3b814e1649"/>
         <property name="seleniumVersion" value="3.141.59"/>
         <property name="proxyInformation" value="ProxyInformation { proxyOption=NO_PROXY, proxyServerType=HTTP, username=, password=********, proxyServerAddress=, proxyServerPort=0, executionList=&quot;&quot;, isApplyToDesiredCapabilities=true }"/>
         <property name="platform" value="Windows 10"/>
      </properties>
      <testcase name="Test Cases/TC_015_VC_Smart_Verify scroll down on home screen" time="99.028" classname="Test Cases/TC_015_VC_Smart_Verify scroll down on home screen" status="PASSED">
         <system-out><![CDATA[2023-08-16 17:14:25 - [TEST_CASE][PASSED] - Test Cases/TC_015_VC_Smart_Verify scroll down on home screen: Test Cases/TC_015_VC_Smart_Verify scroll down on home screen

2023-08-16 17:14:26 - [TEST_STEP][PASSED] - callTestCase(findTestCase("TC_001_Verify the Login feature with valid credentials"), [:], STOP_ON_FAILURE): Call Test Case 'Test Cases/TC_001_Verify the Login feature with valid credentials' successfully

2023-08-16 17:14:26 - [TEST_CASE][PASSED] - Test Cases/TC_001_Verify the Login feature with valid credentials: Test Cases/TC_001_Verify the Login feature with valid credentials

2023-08-16 17:14:26 - [TEST_STEP][PASSED] - openBrowser("https://ioclvcsmart.tmsitrimble.in/VCSmartApp/#/login"): Browser is opened with url: 'https://ioclvcsmart.tmsitrimble.in/VCSmartApp/#/login'

2023-08-16 17:14:27 - [MESSAGE][INFO] - Starting 'Chrome' driver

2023-08-16 17:14:27 - [MESSAGE][INFO] - Action delay is set to 0 milliseconds

2023-08-16 17:14:41 - [MESSAGE][PASSED] - Browser is opened with url: 'https://ioclvcsmart.tmsitrimble.in/VCSmartApp/#/login'

2023-08-16 17:14:41 - [TEST_STEP][PASSED] - maximizeWindow(): Current window maximized

2023-08-16 17:14:41 - [MESSAGE][PASSED] - Current window maximized

2023-08-16 17:14:41 - [TEST_STEP][PASSED] - delay(5): Delayed 5 second(s)

2023-08-16 17:14:46 - [MESSAGE][PASSED] - Delayed 5 second(s)

2023-08-16 17:14:46 - [TEST_STEP][PASSED] - click(findTestObject("OB_001_Login screen/Login Screen/Username")): Object: 'Object Repository/OB_001_Login screen/Login Screen/Username' is clicked on

2023-08-16 17:14:47 - [MESSAGE][PASSED] - Object: 'Object Repository/OB_001_Login screen/Login Screen/Username' is clicked on

2023-08-16 17:14:47 - [TEST_STEP][PASSED] - setText(findTestObject("OB_001_Login screen/Login Screen/Username"), "BSO-2300"): Text 'BSO-2300' is set on object 'Object Repository/OB_001_Login screen/Login Screen/Username'

2023-08-16 17:14:47 - [MESSAGE][PASSED] - Text 'BSO-2300' is set on object 'Object Repository/OB_001_Login screen/Login Screen/Username'

2023-08-16 17:14:47 - [TEST_STEP][PASSED] - click(findTestObject("OB_001_Login screen/Login Screen/Password")): Object: 'Object Repository/OB_001_Login screen/Login Screen/Password' is clicked on

2023-08-16 17:14:48 - [MESSAGE][PASSED] - Object: 'Object Repository/OB_001_Login screen/Login Screen/Password' is clicked on

2023-08-16 17:14:48 - [TEST_STEP][PASSED] - setText(findTestObject("OB_001_Login screen/Login Screen/Password"), "Password@2300"): Text 'Password@2300' is set on object 'Object Repository/OB_001_Login screen/Login Screen/Password'

2023-08-16 17:14:49 - [MESSAGE][PASSED] - Text 'Password@2300' is set on object 'Object Repository/OB_001_Login screen/Login Screen/Password'

2023-08-16 17:14:49 - [TEST_STEP][PASSED] - click(findTestObject("OB_001_Login screen/Login Screen/button_Sign in")): Object: 'Object Repository/OB_001_Login screen/Login Screen/button_Sign in' is clicked on

2023-08-16 17:14:49 - [MESSAGE][PASSED] - Object: 'Object Repository/OB_001_Login screen/Login Screen/button_Sign in' is clicked on

2023-08-16 17:14:49 - [TEST_STEP][PASSED] - delay(8): Delayed 8 second(s)

2023-08-16 17:14:57 - [MESSAGE][PASSED] - Delayed 8 second(s)

2023-08-16 17:14:57 - [TEST_STEP][PASSED] - verifyTextPresent("VC Smart", false): Text 'VC Smart' is present on page 

2023-08-16 17:15:28 - [MESSAGE][PASSED] - Text 'VC Smart' is present on page 

2023-08-16 17:15:28 - [MESSAGE][PASSED] - Call Test Case 'Test Cases/TC_001_Verify the Login feature with valid credentials' successfully

2023-08-16 17:15:28 - [TEST_STEP][PASSED] - scrollToElement(findTestObject("OB_011_VC_Smart_Scroll down/Page_VCSmart  Trimble/div_On Trip Safety Violation (830 Vehicles)"), 5): Scroll to object 'Object Repository/OB_011_VC_Smart_Scroll down/Page_VCSmart  Trimble/div_On Trip Safety Violation (830 Vehicles)' successfully

2023-08-16 17:15:59 - [MESSAGE][INFO] - Unable to find the element located by 'By.xpath: //*[(text() = 'On Trip Safety Violation (830 Vehicles)' or . = 'On Trip Safety Violation (830 Vehicles)')]'. Please recheck the objects properties to make sure the desired element is located. 

2023-08-16 17:15:59 - [MESSAGE][WARNING] - [SELF-HEALING] Failed to find element with id 'Object Repository/OB_011_VC_Smart_Scroll down/Page_VCSmart  Trimble/div_On Trip Safety Violation (830 Vehicles)'. Try using Self-healing.

2023-08-16 17:15:59 - [MESSAGE][WARNING] - [SELF-HEALING] The current locator of test object 'Object Repository/OB_011_VC_Smart_Scroll down/Page_VCSmart  Trimble/div_On Trip Safety Violation (830 Vehicles)' was broken. Propose an alternative one: '//div[@id='SD_3']/div/div'.

2023-08-16 17:16:00 - [MESSAGE][PASSED] - Scroll to object 'Object Repository/OB_011_VC_Smart_Scroll down/Page_VCSmart  Trimble/div_On Trip Safety Violation (830 Vehicles)' successfully

2023-08-16 17:16:00 - [TEST_STEP][PASSED] - delay(4): Delayed 4 second(s)

2023-08-16 17:16:04 - [MESSAGE][PASSED] - Delayed 4 second(s)

2023-08-16 17:16:04 - [TEST_STEP][PASSED] - closeBrowser(): Browser is closed

2023-08-16 17:16:04 - [MESSAGE][PASSED] - Browser is closed]]></system-out>
         <system-err><![CDATA[]]></system-err>
      </testcase>
      <testcase name="Test Cases/TC_016_VC_Smart_Verify_Admin feature" time="137.49" classname="Test Cases/TC_016_VC_Smart_Verify_Admin feature" status="PASSED">
         <system-out><![CDATA[2023-08-16 17:16:04 - [TEST_CASE][PASSED] - Test Cases/TC_016_VC_Smart_Verify_Admin feature: Test Cases/TC_016_VC_Smart_Verify_Admin feature

2023-08-16 17:16:05 - [TEST_STEP][PASSED] - callTestCase(findTestCase("TC_001_Verify the Login feature with valid credentials"), [:], STOP_ON_FAILURE): Call Test Case 'Test Cases/TC_001_Verify the Login feature with valid credentials' successfully

2023-08-16 17:16:05 - [TEST_CASE][PASSED] - Test Cases/TC_001_Verify the Login feature with valid credentials: Test Cases/TC_001_Verify the Login feature with valid credentials

2023-08-16 17:16:05 - [TEST_STEP][PASSED] - openBrowser("https://ioclvcsmart.tmsitrimble.in/VCSmartApp/#/login"): Browser is opened with url: 'https://ioclvcsmart.tmsitrimble.in/VCSmartApp/#/login'

2023-08-16 17:16:05 - [MESSAGE][INFO] - Starting 'Chrome' driver

2023-08-16 17:16:05 - [MESSAGE][INFO] - Action delay is set to 0 milliseconds

2023-08-16 17:16:17 - [MESSAGE][PASSED] - Browser is opened with url: 'https://ioclvcsmart.tmsitrimble.in/VCSmartApp/#/login'

2023-08-16 17:16:17 - [TEST_STEP][PASSED] - maximizeWindow(): Current window maximized

2023-08-16 17:16:17 - [MESSAGE][PASSED] - Current window maximized

2023-08-16 17:16:17 - [TEST_STEP][PASSED] - delay(5): Delayed 5 second(s)

2023-08-16 17:16:22 - [MESSAGE][PASSED] - Delayed 5 second(s)

2023-08-16 17:16:22 - [TEST_STEP][PASSED] - click(findTestObject("OB_001_Login screen/Login Screen/Username")): Object: 'Object Repository/OB_001_Login screen/Login Screen/Username' is clicked on

2023-08-16 17:16:23 - [MESSAGE][PASSED] - Object: 'Object Repository/OB_001_Login screen/Login Screen/Username' is clicked on

2023-08-16 17:16:23 - [TEST_STEP][PASSED] - setText(findTestObject("OB_001_Login screen/Login Screen/Username"), "BSO-2300"): Text 'BSO-2300' is set on object 'Object Repository/OB_001_Login screen/Login Screen/Username'

2023-08-16 17:16:24 - [MESSAGE][PASSED] - Text 'BSO-2300' is set on object 'Object Repository/OB_001_Login screen/Login Screen/Username'

2023-08-16 17:16:24 - [TEST_STEP][PASSED] - click(findTestObject("OB_001_Login screen/Login Screen/Password")): Object: 'Object Repository/OB_001_Login screen/Login Screen/Password' is clicked on

2023-08-16 17:16:24 - [MESSAGE][PASSED] - Object: 'Object Repository/OB_001_Login screen/Login Screen/Password' is clicked on

2023-08-16 17:16:24 - [TEST_STEP][PASSED] - setText(findTestObject("OB_001_Login screen/Login Screen/Password"), "Password@2300"): Text 'Password@2300' is set on object 'Object Repository/OB_001_Login screen/Login Screen/Password'

2023-08-16 17:16:25 - [MESSAGE][PASSED] - Text 'Password@2300' is set on object 'Object Repository/OB_001_Login screen/Login Screen/Password'

2023-08-16 17:16:25 - [TEST_STEP][PASSED] - click(findTestObject("OB_001_Login screen/Login Screen/button_Sign in")): Object: 'Object Repository/OB_001_Login screen/Login Screen/button_Sign in' is clicked on

2023-08-16 17:16:26 - [MESSAGE][PASSED] - Object: 'Object Repository/OB_001_Login screen/Login Screen/button_Sign in' is clicked on

2023-08-16 17:16:26 - [TEST_STEP][PASSED] - delay(8): Delayed 8 second(s)

2023-08-16 17:16:34 - [MESSAGE][PASSED] - Delayed 8 second(s)

2023-08-16 17:16:34 - [TEST_STEP][PASSED] - verifyTextPresent("VC Smart", false): Text 'VC Smart' is present on page 

2023-08-16 17:17:04 - [MESSAGE][PASSED] - Text 'VC Smart' is present on page 

2023-08-16 17:17:04 - [MESSAGE][PASSED] - Call Test Case 'Test Cases/TC_001_Verify the Login feature with valid credentials' successfully

2023-08-16 17:17:04 - [TEST_STEP][PASSED] - click(findTestObject("OB_012_VC_Smart_ADMIN Feature/Page_VCSmart  Trimble/a_Admin")): Object: 'Object Repository/OB_012_VC_Smart_ADMIN Feature/Page_VCSmart  Trimble/a_Admin' is clicked on

2023-08-16 17:17:09 - [MESSAGE][PASSED] - Object: 'Object Repository/OB_012_VC_Smart_ADMIN Feature/Page_VCSmart  Trimble/a_Admin' is clicked on

2023-08-16 17:17:09 - [TEST_STEP][PASSED] - click(findTestObject("OB_012_VC_Smart_ADMIN Feature/Page_VCSmart  Trimble/div_Landmark Manager")): Object: 'Object Repository/OB_012_VC_Smart_ADMIN Feature/Page_VCSmart  Trimble/div_Landmark Manager' is clicked on

2023-08-16 17:17:10 - [MESSAGE][PASSED] - Object: 'Object Repository/OB_012_VC_Smart_ADMIN Feature/Page_VCSmart  Trimble/div_Landmark Manager' is clicked on

2023-08-16 17:17:10 - [TEST_STEP][PASSED] - delay(4): Delayed 4 second(s)

2023-08-16 17:17:14 - [MESSAGE][PASSED] - Delayed 4 second(s)

2023-08-16 17:17:14 - [TEST_STEP][PASSED] - verifyTextPresent("Records", false): Text 'Records' is present on page 

2023-08-16 17:17:15 - [MESSAGE][PASSED] - Text 'Records' is present on page 

2023-08-16 17:17:15 - [TEST_STEP][PASSED] - click(findTestObject("OB_012_VC_Smart_ADMIN Feature/Page_VCSmart  Trimble/a_Admin")): Object: 'Object Repository/OB_012_VC_Smart_ADMIN Feature/Page_VCSmart  Trimble/a_Admin' is clicked on

2023-08-16 17:17:15 - [MESSAGE][PASSED] - Object: 'Object Repository/OB_012_VC_Smart_ADMIN Feature/Page_VCSmart  Trimble/a_Admin' is clicked on

2023-08-16 17:17:15 - [TEST_STEP][PASSED] - click(findTestObject("OB_012_VC_Smart_ADMIN Feature/Page_VCSmart  Trimble/div_Route Manager")): Object: 'Object Repository/OB_012_VC_Smart_ADMIN Feature/Page_VCSmart  Trimble/div_Route Manager' is clicked on

2023-08-16 17:17:16 - [MESSAGE][PASSED] - Object: 'Object Repository/OB_012_VC_Smart_ADMIN Feature/Page_VCSmart  Trimble/div_Route Manager' is clicked on

2023-08-16 17:17:16 - [TEST_STEP][PASSED] - verifyTextPresent("Records", false): Text 'Records' is present on page 

2023-08-16 17:17:46 - [MESSAGE][PASSED] - Text 'Records' is present on page 

2023-08-16 17:17:46 - [TEST_STEP][PASSED] - click(findTestObject("OB_012_VC_Smart_ADMIN Feature/Page_VCSmart  Trimble/a_Admin")): Object: 'Object Repository/OB_012_VC_Smart_ADMIN Feature/Page_VCSmart  Trimble/a_Admin' is clicked on

2023-08-16 17:18:03 - [MESSAGE][PASSED] - Object: 'Object Repository/OB_012_VC_Smart_ADMIN Feature/Page_VCSmart  Trimble/a_Admin' is clicked on

2023-08-16 17:18:03 - [TEST_STEP][PASSED] - click(findTestObject("OB_012_VC_Smart_ADMIN Feature/Page_VCSmart  Trimble/div_Carrier Manager")): Object: 'Object Repository/OB_012_VC_Smart_ADMIN Feature/Page_VCSmart  Trimble/div_Carrier Manager' is clicked on

2023-08-16 17:18:04 - [MESSAGE][PASSED] - Object: 'Object Repository/OB_012_VC_Smart_ADMIN Feature/Page_VCSmart  Trimble/div_Carrier Manager' is clicked on

2023-08-16 17:18:04 - [TEST_STEP][PASSED] - verifyTextPresent("Records", false): Text 'Records' is present on page 

2023-08-16 17:18:10 - [MESSAGE][PASSED] - Text 'Records' is present on page 

2023-08-16 17:18:10 - [TEST_STEP][PASSED] - click(findTestObject("OB_012_VC_Smart_ADMIN Feature/Page_VCSmart  Trimble/a_Admin")): Object: 'Object Repository/OB_012_VC_Smart_ADMIN Feature/Page_VCSmart  Trimble/a_Admin' is clicked on

2023-08-16 17:18:11 - [MESSAGE][PASSED] - Object: 'Object Repository/OB_012_VC_Smart_ADMIN Feature/Page_VCSmart  Trimble/a_Admin' is clicked on

2023-08-16 17:18:11 - [TEST_STEP][PASSED] - click(findTestObject("OB_012_VC_Smart_ADMIN Feature/Page_VCSmart  Trimble/div_Geo Area Manager")): Object: 'Object Repository/OB_012_VC_Smart_ADMIN Feature/Page_VCSmart  Trimble/div_Geo Area Manager' is clicked on

2023-08-16 17:18:12 - [MESSAGE][PASSED] - Object: 'Object Repository/OB_012_VC_Smart_ADMIN Feature/Page_VCSmart  Trimble/div_Geo Area Manager' is clicked on

2023-08-16 17:18:12 - [TEST_STEP][PASSED] - verifyTextPresent("Records", false): Text 'Records' is present on page 

2023-08-16 17:18:14 - [MESSAGE][PASSED] - Text 'Records' is present on page 

2023-08-16 17:18:14 - [TEST_STEP][PASSED] - click(findTestObject("OB_012_VC_Smart_ADMIN Feature/Page_VCSmart  Trimble/a_Admin")): Object: 'Object Repository/OB_012_VC_Smart_ADMIN Feature/Page_VCSmart  Trimble/a_Admin' is clicked on

2023-08-16 17:18:14 - [MESSAGE][PASSED] - Object: 'Object Repository/OB_012_VC_Smart_ADMIN Feature/Page_VCSmart  Trimble/a_Admin' is clicked on

2023-08-16 17:18:14 - [TEST_STEP][PASSED] - click(findTestObject("OB_012_VC_Smart_ADMIN Feature/Page_VCSmart  Trimble/div_Vehicle Manager")): Object: 'Object Repository/OB_012_VC_Smart_ADMIN Feature/Page_VCSmart  Trimble/div_Vehicle Manager' is clicked on

2023-08-16 17:18:15 - [MESSAGE][PASSED] - Object: 'Object Repository/OB_012_VC_Smart_ADMIN Feature/Page_VCSmart  Trimble/div_Vehicle Manager' is clicked on

2023-08-16 17:18:15 - [TEST_STEP][PASSED] - verifyTextPresent("Records", false): Text 'Records' is present on page 

2023-08-16 17:18:21 - [MESSAGE][PASSED] - Text 'Records' is present on page 

2023-08-16 17:18:21 - [TEST_STEP][PASSED] - closeBrowser(): Browser is closed

2023-08-16 17:18:22 - [MESSAGE][PASSED] - Browser is closed]]></system-out>
         <system-err><![CDATA[]]></system-err>
      </testcase>
      <testcase name="Test Cases/TC_017_VC_Smart_REPORT feature" time="500.887" classname="Test Cases/TC_017_VC_Smart_REPORT feature" status="PASSED">
         <system-out><![CDATA[2023-08-16 17:18:22 - [TEST_CASE][PASSED] - Test Cases/TC_017_VC_Smart_REPORT feature: Test Cases/TC_017_VC_Smart_REPORT feature

2023-08-16 17:18:22 - [TEST_STEP][PASSED] - callTestCase(findTestCase("TC_001_Verify the Login feature with valid credentials"), [:], STOP_ON_FAILURE): Call Test Case 'Test Cases/TC_001_Verify the Login feature with valid credentials' successfully

2023-08-16 17:18:22 - [TEST_CASE][PASSED] - Test Cases/TC_001_Verify the Login feature with valid credentials: Test Cases/TC_001_Verify the Login feature with valid credentials

2023-08-16 17:18:22 - [TEST_STEP][PASSED] - openBrowser("https://ioclvcsmart.tmsitrimble.in/VCSmartApp/#/login"): Browser is opened with url: 'https://ioclvcsmart.tmsitrimble.in/VCSmartApp/#/login'

2023-08-16 17:18:22 - [MESSAGE][INFO] - Starting 'Chrome' driver

2023-08-16 17:18:22 - [MESSAGE][INFO] - Action delay is set to 0 milliseconds

2023-08-16 17:18:39 - [MESSAGE][PASSED] - Browser is opened with url: 'https://ioclvcsmart.tmsitrimble.in/VCSmartApp/#/login'

2023-08-16 17:18:39 - [TEST_STEP][PASSED] - maximizeWindow(): Current window maximized

2023-08-16 17:18:39 - [MESSAGE][PASSED] - Current window maximized

2023-08-16 17:18:39 - [TEST_STEP][PASSED] - delay(5): Delayed 5 second(s)

2023-08-16 17:18:44 - [MESSAGE][PASSED] - Delayed 5 second(s)

2023-08-16 17:18:44 - [TEST_STEP][PASSED] - click(findTestObject("OB_001_Login screen/Login Screen/Username")): Object: 'Object Repository/OB_001_Login screen/Login Screen/Username' is clicked on

2023-08-16 17:18:44 - [MESSAGE][PASSED] - Object: 'Object Repository/OB_001_Login screen/Login Screen/Username' is clicked on

2023-08-16 17:18:44 - [TEST_STEP][PASSED] - setText(findTestObject("OB_001_Login screen/Login Screen/Username"), "BSO-2300"): Text 'BSO-2300' is set on object 'Object Repository/OB_001_Login screen/Login Screen/Username'

2023-08-16 17:18:45 - [MESSAGE][PASSED] - Text 'BSO-2300' is set on object 'Object Repository/OB_001_Login screen/Login Screen/Username'

2023-08-16 17:18:45 - [TEST_STEP][PASSED] - click(findTestObject("OB_001_Login screen/Login Screen/Password")): Object: 'Object Repository/OB_001_Login screen/Login Screen/Password' is clicked on

2023-08-16 17:18:46 - [MESSAGE][PASSED] - Object: 'Object Repository/OB_001_Login screen/Login Screen/Password' is clicked on

2023-08-16 17:18:46 - [TEST_STEP][PASSED] - setText(findTestObject("OB_001_Login screen/Login Screen/Password"), "Password@2300"): Text 'Password@2300' is set on object 'Object Repository/OB_001_Login screen/Login Screen/Password'

2023-08-16 17:18:46 - [MESSAGE][PASSED] - Text 'Password@2300' is set on object 'Object Repository/OB_001_Login screen/Login Screen/Password'

2023-08-16 17:18:46 - [TEST_STEP][PASSED] - click(findTestObject("OB_001_Login screen/Login Screen/button_Sign in")): Object: 'Object Repository/OB_001_Login screen/Login Screen/button_Sign in' is clicked on

2023-08-16 17:18:47 - [MESSAGE][PASSED] - Object: 'Object Repository/OB_001_Login screen/Login Screen/button_Sign in' is clicked on

2023-08-16 17:18:47 - [TEST_STEP][PASSED] - delay(8): Delayed 8 second(s)

2023-08-16 17:18:55 - [MESSAGE][PASSED] - Delayed 8 second(s)

2023-08-16 17:18:55 - [TEST_STEP][PASSED] - verifyTextPresent("VC Smart", false): Text 'VC Smart' is present on page 

2023-08-16 17:19:26 - [MESSAGE][PASSED] - Text 'VC Smart' is present on page 

2023-08-16 17:19:26 - [MESSAGE][PASSED] - Call Test Case 'Test Cases/TC_001_Verify the Login feature with valid credentials' successfully

2023-08-16 17:19:26 - [TEST_STEP][PASSED] - click(findTestObject("OB_013_VC_Smart_REPORT Feature/Page_VCSmart  Trimble/a_Reports")): Object: 'Object Repository/OB_013_VC_Smart_REPORT Feature/Page_VCSmart  Trimble/a_Reports' is clicked on

2023-08-16 17:19:41 - [MESSAGE][PASSED] - Object: 'Object Repository/OB_013_VC_Smart_REPORT Feature/Page_VCSmart  Trimble/a_Reports' is clicked on

2023-08-16 17:19:41 - [TEST_STEP][PASSED] - click(findTestObject("OB_013_VC_Smart_REPORT Feature/Page_VCSmart  Trimble/div_Safety Index Report")): Object: 'Object Repository/OB_013_VC_Smart_REPORT Feature/Page_VCSmart  Trimble/div_Safety Index Report' is clicked on

2023-08-16 17:19:42 - [MESSAGE][PASSED] - Object: 'Object Repository/OB_013_VC_Smart_REPORT Feature/Page_VCSmart  Trimble/div_Safety Index Report' is clicked on

2023-08-16 17:19:42 - [TEST_STEP][PASSED] - delay(4): Delayed 4 second(s)

2023-08-16 17:19:46 - [MESSAGE][PASSED] - Delayed 4 second(s)

2023-08-16 17:19:46 - [TEST_STEP][PASSED] - click(findTestObject("OB_013_VC_Smart_REPORT Feature/Page_VCSmart  Trimble/button_Submit")): Object: 'Object Repository/OB_013_VC_Smart_REPORT Feature/Page_VCSmart  Trimble/button_Submit' is clicked on

2023-08-16 17:20:17 - [MESSAGE][INFO] - Unable to find the element located by 'By.xpath: //button[@id='submitGenericFilterForm']'. Please recheck the objects properties to make sure the desired element is located. 

2023-08-16 17:20:17 - [MESSAGE][WARNING] - [SELF-HEALING] Failed to find element with id 'Object Repository/OB_013_VC_Smart_REPORT Feature/Page_VCSmart  Trimble/button_Submit'. Try using Self-healing.

2023-08-16 17:20:17 - [MESSAGE][WARNING] - [SELF-HEALING] The current locator of test object 'Object Repository/OB_013_VC_Smart_REPORT Feature/Page_VCSmart  Trimble/button_Submit' was broken. Propose an alternative one: '(.//*[normalize-space(text()) and normalize-space(.)='Apply'])[1]/following::button[2]'.

2023-08-16 17:20:17 - [MESSAGE][PASSED] - Object: 'Object Repository/OB_013_VC_Smart_REPORT Feature/Page_VCSmart  Trimble/button_Submit' is clicked on

2023-08-16 17:20:17 - [TEST_STEP][PASSED] - delay(11): Delayed 11 second(s)

2023-08-16 17:20:28 - [MESSAGE][PASSED] - Delayed 11 second(s)

2023-08-16 17:20:28 - [TEST_STEP][PASSED] - click(findTestObject("OB_013_VC_Smart_REPORT Feature/Page_VCSmart  Trimble/a_Reports")): Object: 'Object Repository/OB_013_VC_Smart_REPORT Feature/Page_VCSmart  Trimble/a_Reports' is clicked on

2023-08-16 17:20:29 - [MESSAGE][PASSED] - Object: 'Object Repository/OB_013_VC_Smart_REPORT Feature/Page_VCSmart  Trimble/a_Reports' is clicked on

2023-08-16 17:20:29 - [TEST_STEP][PASSED] - click(findTestObject("OB_013_VC_Smart_REPORT Feature/Page_VCSmart  Trimble/div_Exception Report")): Object: 'Object Repository/OB_013_VC_Smart_REPORT Feature/Page_VCSmart  Trimble/div_Exception Report' is clicked on

2023-08-16 17:20:30 - [MESSAGE][PASSED] - Object: 'Object Repository/OB_013_VC_Smart_REPORT Feature/Page_VCSmart  Trimble/div_Exception Report' is clicked on

2023-08-16 17:20:30 - [TEST_STEP][PASSED] - delay(3): Delayed 3 second(s)

2023-08-16 17:20:33 - [MESSAGE][PASSED] - Delayed 3 second(s)

2023-08-16 17:20:33 - [TEST_STEP][PASSED] - click(findTestObject("OB_013_VC_Smart_REPORT Feature/Page_VCSmart  Trimble/button_Select Date Range")): Object: 'Object Repository/OB_013_VC_Smart_REPORT Feature/Page_VCSmart  Trimble/button_Select Date Range' is clicked on

2023-08-16 17:20:34 - [MESSAGE][PASSED] - Object: 'Object Repository/OB_013_VC_Smart_REPORT Feature/Page_VCSmart  Trimble/button_Select Date Range' is clicked on

2023-08-16 17:20:34 - [TEST_STEP][PASSED] - delay(4): Delayed 4 second(s)

2023-08-16 17:20:38 - [MESSAGE][PASSED] - Delayed 4 second(s)

2023-08-16 17:20:38 - [TEST_STEP][PASSED] - click(findTestObject("OB_013_VC_Smart_REPORT Feature/Page_VCSmart  Trimble/button_Apply")): Object: 'Object Repository/OB_013_VC_Smart_REPORT Feature/Page_VCSmart  Trimble/button_Apply' is clicked on

2023-08-16 17:21:09 - [MESSAGE][INFO] - Unable to find the element located by 'By.xpath: (//button[@type='button'])[48]'. Please recheck the objects properties to make sure the desired element is located. 

2023-08-16 17:21:09 - [MESSAGE][WARNING] - [SELF-HEALING] Failed to find element with id 'Object Repository/OB_013_VC_Smart_REPORT Feature/Page_VCSmart  Trimble/button_Apply'. Try using Self-healing.

2023-08-16 17:21:09 - [MESSAGE][WARNING] - [SELF-HEALING] The current locator of test object 'Object Repository/OB_013_VC_Smart_REPORT Feature/Page_VCSmart  Trimble/button_Apply' was broken. Propose an alternative one: '//div[@id='dropdown-menu']/div/div/div[2]/div/button[2]'.

2023-08-16 17:21:09 - [MESSAGE][PASSED] - Object: 'Object Repository/OB_013_VC_Smart_REPORT Feature/Page_VCSmart  Trimble/button_Apply' is clicked on

2023-08-16 17:21:09 - [TEST_STEP][PASSED] - delay(2): Delayed 2 second(s)

2023-08-16 17:21:11 - [MESSAGE][PASSED] - Delayed 2 second(s)

2023-08-16 17:21:11 - [TEST_STEP][PASSED] - click(findTestObject("OB_013_VC_Smart_REPORT Feature/Page_VCSmart  Trimble/button_Submit")): Object: 'Object Repository/OB_013_VC_Smart_REPORT Feature/Page_VCSmart  Trimble/button_Submit' is clicked on

2023-08-16 17:21:12 - [MESSAGE][PASSED] - Object: 'Object Repository/OB_013_VC_Smart_REPORT Feature/Page_VCSmart  Trimble/button_Submit' is clicked on

2023-08-16 17:21:12 - [TEST_STEP][PASSED] - delay(21): Delayed 21 second(s)

2023-08-16 17:21:33 - [MESSAGE][PASSED] - Delayed 21 second(s)

2023-08-16 17:21:33 - [TEST_STEP][PASSED] - click(findTestObject("OB_013_VC_Smart_REPORT Feature/Page_VCSmart  Trimble/a_Reports")): Object: 'Object Repository/OB_013_VC_Smart_REPORT Feature/Page_VCSmart  Trimble/a_Reports' is clicked on

2023-08-16 17:22:03 - [MESSAGE][PASSED] - Object: 'Object Repository/OB_013_VC_Smart_REPORT Feature/Page_VCSmart  Trimble/a_Reports' is clicked on

2023-08-16 17:22:03 - [TEST_STEP][PASSED] - click(findTestObject("OB_013_VC_Smart_REPORT Feature/Page_VCSmart  Trimble/div_External Consignment Log")): Object: 'Object Repository/OB_013_VC_Smart_REPORT Feature/Page_VCSmart  Trimble/div_External Consignment Log' is clicked on

2023-08-16 17:22:34 - [MESSAGE][PASSED] - Object: 'Object Repository/OB_013_VC_Smart_REPORT Feature/Page_VCSmart  Trimble/div_External Consignment Log' is clicked on

2023-08-16 17:22:34 - [TEST_STEP][PASSED] - delay(3): Delayed 3 second(s)

2023-08-16 17:22:37 - [MESSAGE][PASSED] - Delayed 3 second(s)

2023-08-16 17:22:37 - [TEST_STEP][PASSED] - click(findTestObject("OB_008_Fms smart Lgout and Feedback/report submit btn/Ext con log-button_Submit")): Object: 'Object Repository/OB_008_Fms smart Lgout and Feedback/report submit btn/Ext con log-button_Submit' is clicked on

2023-08-16 17:23:07 - [MESSAGE][PASSED] - Object: 'Object Repository/OB_008_Fms smart Lgout and Feedback/report submit btn/Ext con log-button_Submit' is clicked on

2023-08-16 17:23:07 - [TEST_STEP][PASSED] - delay(8): Delayed 8 second(s)

2023-08-16 17:23:15 - [MESSAGE][PASSED] - Delayed 8 second(s)

2023-08-16 17:23:15 - [TEST_STEP][PASSED] - click(findTestObject("OB_013_VC_Smart_REPORT Feature/Page_VCSmart  Trimble/a_Reports")): Object: 'Object Repository/OB_013_VC_Smart_REPORT Feature/Page_VCSmart  Trimble/a_Reports' is clicked on

2023-08-16 17:23:45 - [MESSAGE][PASSED] - Object: 'Object Repository/OB_013_VC_Smart_REPORT Feature/Page_VCSmart  Trimble/a_Reports' is clicked on

2023-08-16 17:23:45 - [TEST_STEP][PASSED] - click(findTestObject("OB_013_VC_Smart_REPORT Feature/Page_VCSmart  Trimble/div_Login History Report")): Object: 'Object Repository/OB_013_VC_Smart_REPORT Feature/Page_VCSmart  Trimble/div_Login History Report' is clicked on

2023-08-16 17:24:16 - [MESSAGE][PASSED] - Object: 'Object Repository/OB_013_VC_Smart_REPORT Feature/Page_VCSmart  Trimble/div_Login History Report' is clicked on

2023-08-16 17:24:16 - [TEST_STEP][PASSED] - delay(3): Delayed 3 second(s)

2023-08-16 17:24:19 - [MESSAGE][PASSED] - Delayed 3 second(s)

2023-08-16 17:24:19 - [TEST_STEP][PASSED] - click(findTestObject("OB_008_Fms smart Lgout and Feedback/report submit btn/login history button_Submit")): Object: 'Object Repository/OB_008_Fms smart Lgout and Feedback/report submit btn/login history button_Submit' is clicked on

2023-08-16 17:24:49 - [MESSAGE][PASSED] - Object: 'Object Repository/OB_008_Fms smart Lgout and Feedback/report submit btn/login history button_Submit' is clicked on

2023-08-16 17:24:49 - [TEST_STEP][PASSED] - delay(11): Delayed 11 second(s)

2023-08-16 17:25:00 - [MESSAGE][PASSED] - Delayed 11 second(s)

2023-08-16 17:25:00 - [TEST_STEP][PASSED] - click(findTestObject("OB_013_VC_Smart_REPORT Feature/Page_VCSmart  Trimble/a_Reports")): Object: 'Object Repository/OB_013_VC_Smart_REPORT Feature/Page_VCSmart  Trimble/a_Reports' is clicked on

2023-08-16 17:25:07 - [MESSAGE][PASSED] - Object: 'Object Repository/OB_013_VC_Smart_REPORT Feature/Page_VCSmart  Trimble/a_Reports' is clicked on

2023-08-16 17:25:07 - [TEST_STEP][PASSED] - delay(2): Delayed 2 second(s)

2023-08-16 17:25:09 - [MESSAGE][PASSED] - Delayed 2 second(s)

2023-08-16 17:25:09 - [TEST_STEP][PASSED] - click(findTestObject("OB_013_VC_Smart_REPORT Feature/Page_VCSmart  Trimble/div_User Access Report")): Object: 'Object Repository/OB_013_VC_Smart_REPORT Feature/Page_VCSmart  Trimble/div_User Access Report' is clicked on

2023-08-16 17:25:10 - [MESSAGE][PASSED] - Object: 'Object Repository/OB_013_VC_Smart_REPORT Feature/Page_VCSmart  Trimble/div_User Access Report' is clicked on

2023-08-16 17:25:10 - [TEST_STEP][PASSED] - delay(3): Delayed 3 second(s)

2023-08-16 17:25:13 - [MESSAGE][PASSED] - Delayed 3 second(s)

2023-08-16 17:25:13 - [TEST_STEP][PASSED] - click(findTestObject("OB_008_Fms smart Lgout and Feedback/report submit btn/user-access button_Submit")): Object: 'Object Repository/OB_008_Fms smart Lgout and Feedback/report submit btn/user-access button_Submit' is clicked on

2023-08-16 17:25:13 - [MESSAGE][PASSED] - Object: 'Object Repository/OB_008_Fms smart Lgout and Feedback/report submit btn/user-access button_Submit' is clicked on

2023-08-16 17:25:13 - [TEST_STEP][PASSED] - delay(12): Delayed 12 second(s)

2023-08-16 17:25:25 - [MESSAGE][PASSED] - Delayed 12 second(s)

2023-08-16 17:25:25 - [TEST_STEP][PASSED] - click(findTestObject("OB_013_VC_Smart_REPORT Feature/Page_VCSmart  Trimble/a_Reports")): Object: 'Object Repository/OB_013_VC_Smart_REPORT Feature/Page_VCSmart  Trimble/a_Reports' is clicked on

2023-08-16 17:25:26 - [MESSAGE][PASSED] - Object: 'Object Repository/OB_013_VC_Smart_REPORT Feature/Page_VCSmart  Trimble/a_Reports' is clicked on

2023-08-16 17:25:26 - [TEST_STEP][PASSED] - click(findTestObject("OB_013_VC_Smart_REPORT Feature/Page_VCSmart  Trimble/div_New Trip Report")): Object: 'Object Repository/OB_013_VC_Smart_REPORT Feature/Page_VCSmart  Trimble/div_New Trip Report' is clicked on

2023-08-16 17:25:27 - [MESSAGE][PASSED] - Object: 'Object Repository/OB_013_VC_Smart_REPORT Feature/Page_VCSmart  Trimble/div_New Trip Report' is clicked on

2023-08-16 17:25:27 - [TEST_STEP][PASSED] - delay(4): Delayed 4 second(s)

2023-08-16 17:25:31 - [MESSAGE][PASSED] - Delayed 4 second(s)

2023-08-16 17:25:31 - [TEST_STEP][PASSED] - click(findTestObject("OB_008_Fms smart Lgout and Feedback/report submit btn/New trip re-button_Submit")): Object: 'Object Repository/OB_008_Fms smart Lgout and Feedback/report submit btn/New trip re-button_Submit' is clicked on

2023-08-16 17:26:01 - [MESSAGE][PASSED] - Object: 'Object Repository/OB_008_Fms smart Lgout and Feedback/report submit btn/New trip re-button_Submit' is clicked on

2023-08-16 17:26:01 - [TEST_STEP][PASSED] - delay(21): Delayed 21 second(s)

2023-08-16 17:26:22 - [MESSAGE][PASSED] - Delayed 21 second(s)

2023-08-16 17:26:22 - [TEST_STEP][PASSED] - click(findTestObject("OB_013_VC_Smart_REPORT Feature/Page_VCSmart  Trimble/a_Reports")): Object: 'Object Repository/OB_013_VC_Smart_REPORT Feature/Page_VCSmart  Trimble/a_Reports' is clicked on

2023-08-16 17:26:23 - [MESSAGE][PASSED] - Object: 'Object Repository/OB_013_VC_Smart_REPORT Feature/Page_VCSmart  Trimble/a_Reports' is clicked on

2023-08-16 17:26:23 - [TEST_STEP][PASSED] - delay(3): Delayed 3 second(s)

2023-08-16 17:26:26 - [MESSAGE][PASSED] - Delayed 3 second(s)

2023-08-16 17:26:26 - [TEST_STEP][PASSED] - click(findTestObject("OB_013_VC_Smart_REPORT Feature/Page_VCSmart  Trimble/div_Deviation Summary Report")): Object: 'Object Repository/OB_013_VC_Smart_REPORT Feature/Page_VCSmart  Trimble/div_Deviation Summary Report' is clicked on

2023-08-16 17:26:26 - [MESSAGE][PASSED] - Object: 'Object Repository/OB_013_VC_Smart_REPORT Feature/Page_VCSmart  Trimble/div_Deviation Summary Report' is clicked on

2023-08-16 17:26:26 - [TEST_STEP][PASSED] - delay(5): Delayed 5 second(s)

2023-08-16 17:26:31 - [MESSAGE][PASSED] - Delayed 5 second(s)

2023-08-16 17:26:31 - [TEST_STEP][PASSED] - click(findTestObject("OB_013_VC_Smart_REPORT Feature/Page_VCSmart  Trimble/button_Select Date Range")): Object: 'Object Repository/OB_013_VC_Smart_REPORT Feature/Page_VCSmart  Trimble/button_Select Date Range' is clicked on

2023-08-16 17:26:32 - [MESSAGE][PASSED] - Object: 'Object Repository/OB_013_VC_Smart_REPORT Feature/Page_VCSmart  Trimble/button_Select Date Range' is clicked on

2023-08-16 17:26:32 - [TEST_STEP][PASSED] - delay(4): Delayed 4 second(s)

2023-08-16 17:26:36 - [MESSAGE][PASSED] - Delayed 4 second(s)

2023-08-16 17:26:36 - [TEST_STEP][PASSED] - click(findTestObject("OB_013_VC_Smart_REPORT Feature/Page_VCSmart  Trimble/button_Apply")): Object: 'Object Repository/OB_013_VC_Smart_REPORT Feature/Page_VCSmart  Trimble/button_Apply' is clicked on

2023-08-16 17:26:36 - [MESSAGE][PASSED] - Object: 'Object Repository/OB_013_VC_Smart_REPORT Feature/Page_VCSmart  Trimble/button_Apply' is clicked on

2023-08-16 17:26:36 - [TEST_STEP][PASSED] - click(findTestObject("OB_013_VC_Smart_REPORT Feature/Page_VCSmart  Trimble/span_Select Violation Type")): Object: 'Object Repository/OB_013_VC_Smart_REPORT Feature/Page_VCSmart  Trimble/span_Select Violation Type' is clicked on

2023-08-16 17:26:37 - [MESSAGE][PASSED] - Object: 'Object Repository/OB_013_VC_Smart_REPORT Feature/Page_VCSmart  Trimble/span_Select Violation Type' is clicked on

2023-08-16 17:26:37 - [TEST_STEP][PASSED] - delay(3): Delayed 3 second(s)

2023-08-16 17:26:40 - [MESSAGE][PASSED] - Delayed 3 second(s)

2023-08-16 17:26:40 - [TEST_STEP][PASSED] - click(findTestObject("OB_013_VC_Smart_REPORT Feature/Page_VCSmart  Trimble/span_Over Speed 2Min Violation")): Object: 'Object Repository/OB_013_VC_Smart_REPORT Feature/Page_VCSmart  Trimble/span_Over Speed 2Min Violation' is clicked on

2023-08-16 17:26:40 - [MESSAGE][PASSED] - Object: 'Object Repository/OB_013_VC_Smart_REPORT Feature/Page_VCSmart  Trimble/span_Over Speed 2Min Violation' is clicked on

2023-08-16 17:26:40 - [TEST_STEP][PASSED] - delay(2): Delayed 2 second(s)

2023-08-16 17:26:42 - [MESSAGE][PASSED] - Delayed 2 second(s)

2023-08-16 17:26:42 - [TEST_STEP][PASSED] - click(findTestObject("OB_008_Fms smart Lgout and Feedback/report submit btn/deviation report-button_Submit")): Object: 'Object Repository/OB_008_Fms smart Lgout and Feedback/report submit btn/deviation report-button_Submit' is clicked on

2023-08-16 17:26:43 - [MESSAGE][PASSED] - Object: 'Object Repository/OB_008_Fms smart Lgout and Feedback/report submit btn/deviation report-button_Submit' is clicked on]]></system-out>
         <system-err><![CDATA[]]></system-err>
      </testcase>
      <testcase name="Test Cases/TC_019_VC_Smart_Home_Element verification-IOCL" time="88.187" classname="Test Cases/TC_019_VC_Smart_Home_Element verification-IOCL" status="PASSED">
         <system-out><![CDATA[2023-08-16 17:26:43 - [TEST_CASE][PASSED] - Test Cases/TC_019_VC_Smart_Home_Element verification-IOCL: Test Cases/TC_019_VC_Smart_Home_Element verification-IOCL

2023-08-16 17:26:43 - [TEST_STEP][PASSED] - openBrowser(URL): Browser is opened with url: 'https://ioclvcsmart.tmsitrimble.in/VCSmartApp/#/login'

2023-08-16 17:26:43 - [MESSAGE][WARNING] - A browser is already opened. Closing browser and opening a new one

2023-08-16 17:26:44 - [MESSAGE][INFO] - Starting 'Chrome' driver

2023-08-16 17:26:44 - [MESSAGE][INFO] - Action delay is set to 0 milliseconds

2023-08-16 17:26:57 - [MESSAGE][PASSED] - Browser is opened with url: 'https://ioclvcsmart.tmsitrimble.in/VCSmartApp/#/login'

2023-08-16 17:26:57 - [TEST_STEP][PASSED] - maximizeWindow(): Current window maximized

2023-08-16 17:26:57 - [MESSAGE][PASSED] - Current window maximized

2023-08-16 17:26:57 - [TEST_STEP][PASSED] - delay(5): Delayed 5 second(s)

2023-08-16 17:27:02 - [MESSAGE][PASSED] - Delayed 5 second(s)

2023-08-16 17:27:02 - [TEST_STEP][PASSED] - verifyElementPresent(findTestObject("OB_001_Login screen/Login Screen/Username"), 0): Object 'Object Repository/OB_001_Login screen/Login Screen/Username' is present

2023-08-16 17:27:02 - [MESSAGE][WARNING] - Timeout '0' is invalid. Using default page load timeout: '30'

2023-08-16 17:27:03 - [MESSAGE][PASSED] - Object 'Object Repository/OB_001_Login screen/Login Screen/Username' is present

2023-08-16 17:27:03 - [TEST_STEP][PASSED] - verifyElementPresent(findTestObject("OB_001_Login screen/Login Screen/Password"), 0): Object 'Object Repository/OB_001_Login screen/Login Screen/Password' is present

2023-08-16 17:27:03 - [MESSAGE][WARNING] - Timeout '0' is invalid. Using default page load timeout: '30'

2023-08-16 17:27:03 - [MESSAGE][PASSED] - Object 'Object Repository/OB_001_Login screen/Login Screen/Password' is present

2023-08-16 17:27:03 - [TEST_STEP][PASSED] - verifyElementPresent(findTestObject("OB_001_Login screen/Login Screen/button_Sign in"), 0): Object 'Object Repository/OB_001_Login screen/Login Screen/button_Sign in' is present

2023-08-16 17:27:03 - [MESSAGE][WARNING] - Timeout '0' is invalid. Using default page load timeout: '30'

2023-08-16 17:27:03 - [MESSAGE][PASSED] - Object 'Object Repository/OB_001_Login screen/Login Screen/button_Sign in' is present

2023-08-16 17:27:03 - [TEST_STEP][PASSED] - verifyElementClickable(findTestObject("OB_001_Login screen/Login Screen/button_Sign in")): Object 'Object Repository/OB_001_Login screen/Login Screen/button_Sign in' is clickable

2023-08-16 17:27:04 - [MESSAGE][PASSED] - Object 'Object Repository/OB_001_Login screen/Login Screen/button_Sign in' is clickable

2023-08-16 17:27:04 - [TEST_STEP][PASSED] - verifyElementClickable(findTestObject("OB_001_Login screen/Login Screen/Password")): Object 'Object Repository/OB_001_Login screen/Login Screen/Password' is clickable

2023-08-16 17:27:04 - [MESSAGE][PASSED] - Object 'Object Repository/OB_001_Login screen/Login Screen/Password' is clickable

2023-08-16 17:27:04 - [TEST_STEP][PASSED] - verifyElementClickable(findTestObject("OB_001_Login screen/Login Screen/Username")): Object 'Object Repository/OB_001_Login screen/Login Screen/Username' is clickable

2023-08-16 17:27:04 - [MESSAGE][PASSED] - Object 'Object Repository/OB_001_Login screen/Login Screen/Username' is clickable

2023-08-16 17:27:04 - [TEST_STEP][PASSED] - click(findTestObject("OB_001_Login screen/Login Screen/Username")): Object: 'Object Repository/OB_001_Login screen/Login Screen/Username' is clicked on

2023-08-16 17:27:05 - [MESSAGE][PASSED] - Object: 'Object Repository/OB_001_Login screen/Login Screen/Username' is clicked on

2023-08-16 17:27:05 - [TEST_STEP][PASSED] - setText(findTestObject("OB_001_Login screen/Login Screen/Username"), USERNAME): Text 'BSO-2300' is set on object 'Object Repository/OB_001_Login screen/Login Screen/Username'

2023-08-16 17:27:06 - [MESSAGE][PASSED] - Text 'BSO-2300' is set on object 'Object Repository/OB_001_Login screen/Login Screen/Username'

2023-08-16 17:27:06 - [TEST_STEP][PASSED] - click(findTestObject("OB_001_Login screen/Login Screen/Password")): Object: 'Object Repository/OB_001_Login screen/Login Screen/Password' is clicked on

2023-08-16 17:27:06 - [MESSAGE][PASSED] - Object: 'Object Repository/OB_001_Login screen/Login Screen/Password' is clicked on

2023-08-16 17:27:06 - [TEST_STEP][PASSED] - setEncryptedText(findTestObject("OB_001_Login screen/Login Screen/Password"), PASSWORD): Text ****** has been set on object 'Object Repository/OB_001_Login screen/Login Screen/Password'

2023-08-16 17:27:07 - [MESSAGE][PASSED] - Text ****** has been set on object 'Object Repository/OB_001_Login screen/Login Screen/Password'

2023-08-16 17:27:07 - [TEST_STEP][PASSED] - click(findTestObject("OB_001_Login screen/Login Screen/button_Sign in")): Object: 'Object Repository/OB_001_Login screen/Login Screen/button_Sign in' is clicked on

2023-08-16 17:27:07 - [MESSAGE][PASSED] - Object: 'Object Repository/OB_001_Login screen/Login Screen/button_Sign in' is clicked on

2023-08-16 17:27:07 - [TEST_STEP][PASSED] - waitForElementVisible(findTestObject("OB_004_Logout Feature/logout feature/a_IOCL"), 15): Object 'Object Repository/OB_004_Logout Feature/logout feature/a_IOCL' is visible

2023-08-16 17:27:38 - [MESSAGE][PASSED] - Object 'Object Repository/OB_004_Logout Feature/logout feature/a_IOCL' is visible

2023-08-16 17:27:38 - [TEST_STEP][PASSED] - click(findTestObject("OB_004_Logout Feature/logout feature/a_IOCL")): Object: 'Object Repository/OB_004_Logout Feature/logout feature/a_IOCL' is clicked on

2023-08-16 17:28:08 - [MESSAGE][PASSED] - Object: 'Object Repository/OB_004_Logout Feature/logout feature/a_IOCL' is clicked on

2023-08-16 17:28:08 - [TEST_STEP][PASSED] - click(findTestObject("OB_004_Logout Feature/logout feature/button_Logout")): Object: 'Object Repository/OB_004_Logout Feature/logout feature/button_Logout' is clicked on

2023-08-16 17:28:09 - [MESSAGE][PASSED] - Object: 'Object Repository/OB_004_Logout Feature/logout feature/button_Logout' is clicked on

2023-08-16 17:28:09 - [TEST_STEP][PASSED] - verifyElementVisible(findTestObject("OB_001_Login screen/Login Screen/button_Sign in")): Object 'Object Repository/OB_001_Login screen/Login Screen/button_Sign in' is visible

2023-08-16 17:28:10 - [MESSAGE][PASSED] - Object 'Object Repository/OB_001_Login screen/Login Screen/button_Sign in' is visible

2023-08-16 17:28:10 - [TEST_STEP][PASSED] - closeBrowser(): Browser is closed

2023-08-16 17:28:11 - [MESSAGE][PASSED] - Browser is closed]]></system-out>
         <system-err><![CDATA[]]></system-err>
      </testcase>
      <system-out><![CDATA[2023-08-16 17:14:25 - [TEST_SUITE][PASSED] - TS_004_VC_Smart_DETAILED_REGRESSION: Test Cases/TC_019_VC_Smart_Home_Element verification-IOCL]]></system-out>
      <system-err><![CDATA[]]></system-err>
   </testsuite>
</testsuites>
