<?xml version="1.0" encoding="UTF-8"?>
<testsuites name="TS_01_FMS_Smart_Web app_Sanity" time="355.679" tests="6" failures="0" errors="0">
   <testsuite name="TS_01_FMS_Smart_Web app_Sanity" tests="6" failures="0" errors="0" time="355.679" skipped="0" timestamp="2023-08-06 15:49:52" hostname="windows 10 - DESKTOP-21ATSCV" id="Test Suites/TS_002_FMS_Smart_web application/TS_01_FMS_Smart_Web app_Sanity">
      <properties>
         <property name="deviceName" value=""/>
         <property name="devicePlatform" value=""/>
         <property name="logFolder" value="C:\\Users\\windows 10\\git\\NewRepository\\KatalonGit\\Reports\\20230806_154948\\TS_002_FMS_Smart_web application\\TS_01_FMS_Smart_Web app_Sanity\\20230806_154948"/>
         <property name="logFiles" value="C:\\Users\\windows 10\\git\\NewRepository\\KatalonGit\\Reports\\20230806_154948\\TS_002_FMS_Smart_web application\\TS_01_FMS_Smart_Web app_Sanity\\20230806_154948\\execution0.log"/>
         <property name="attachments" value=""/>
         <property name="hostName" value="windows 10 - DESKTOP-21ATSCV"/>
         <property name="os" value="Windows 10 64bit"/>
         <property name="katalonVersion" value="8.6.5.208"/>
         <property name="browser" value="Chrome 115.0.0.0"/>
         <property name="hostAddress" value="192.168.1.102"/>
         <property name="sessionId" value="f2c7f2de4ebfc8bf5ebe55cd98c3a349"/>
         <property name="seleniumVersion" value="3.141.59"/>
         <property name="proxyInformation" value="ProxyInformation { proxyOption=NO_PROXY, proxyServerType=HTTP, username=, password=********, proxyServerAddress=, proxyServerPort=0, executionList=&quot;&quot;, isApplyToDesiredCapabilities=true }"/>
         <property name="platform" value="Windows 10"/>
      </properties>
      <testcase name="Test Cases/TC_007_FMS_Smart_Verify Login feature" time="21.634" classname="Test Cases/TC_007_FMS_Smart_Verify Login feature" status="PASSED">
         <system-out><![CDATA[2023-08-06 15:49:53 - [TEST_CASE][PASSED] - Test Cases/TC_007_FMS_Smart_Verify Login feature: Test Cases/TC_007_FMS_Smart_Verify Login feature

2023-08-06 15:49:54 - [TEST_STEP][PASSED] - openBrowser(url): Browser is opened with url: 'https://ioclfmssmart.tmsitrimble.in/FMSSmartApp/#/login'

2023-08-06 15:49:54 - [MESSAGE][INFO] - Starting 'Chrome' driver

2023-08-06 15:49:54 - [MESSAGE][INFO] - Action delay is set to 0 milliseconds

2023-08-06 15:50:00 - [MESSAGE][PASSED] - Browser is opened with url: 'https://ioclfmssmart.tmsitrimble.in/FMSSmartApp/#/login'

2023-08-06 15:50:00 - [TEST_STEP][PASSED] - maximizeWindow(): Current window maximized

2023-08-06 15:50:01 - [MESSAGE][PASSED] - Current window maximized

2023-08-06 15:50:01 - [TEST_STEP][PASSED] - delay(3): Delayed 3 second(s)

2023-08-06 15:50:04 - [MESSAGE][PASSED] - Delayed 3 second(s)

2023-08-06 15:50:04 - [TEST_STEP][PASSED] - click(findTestObject("OB_005_Login screen_fms smart/login screen/username")): Object: 'Object Repository/OB_005_Login screen_fms smart/login screen/username' is clicked on

2023-08-06 15:50:04 - [MESSAGE][PASSED] - Object: 'Object Repository/OB_005_Login screen_fms smart/login screen/username' is clicked on

2023-08-06 15:50:04 - [TEST_STEP][PASSED] - setText(findTestObject("OB_005_Login screen_fms smart/login screen/username"), username): Text '11038331' is set on object 'Object Repository/OB_005_Login screen_fms smart/login screen/username'

2023-08-06 15:50:05 - [MESSAGE][PASSED] - Text '11038331' is set on object 'Object Repository/OB_005_Login screen_fms smart/login screen/username'

2023-08-06 15:50:05 - [TEST_STEP][PASSED] - click(findTestObject("OB_005_Login screen_fms smart/login screen/Password")): Object: 'Object Repository/OB_005_Login screen_fms smart/login screen/Password' is clicked on

2023-08-06 15:50:06 - [MESSAGE][PASSED] - Object: 'Object Repository/OB_005_Login screen_fms smart/login screen/Password' is clicked on

2023-08-06 15:50:06 - [TEST_STEP][PASSED] - setText(findTestObject("OB_005_Login screen_fms smart/login screen/Password"), password): Text 'Nr@747900' is set on object 'Object Repository/OB_005_Login screen_fms smart/login screen/Password'

2023-08-06 15:50:07 - [MESSAGE][PASSED] - Text 'Nr@747900' is set on object 'Object Repository/OB_005_Login screen_fms smart/login screen/Password'

2023-08-06 15:50:07 - [TEST_STEP][PASSED] - click(findTestObject("OB_005_Login screen_fms smart/login screen/button_Sign in")): Object: 'Object Repository/OB_005_Login screen_fms smart/login screen/button_Sign in' is clicked on

2023-08-06 15:50:07 - [MESSAGE][PASSED] - Object: 'Object Repository/OB_005_Login screen_fms smart/login screen/button_Sign in' is clicked on

2023-08-06 15:50:07 - [TEST_STEP][PASSED] - delay(6): Delayed 6 second(s)

2023-08-06 15:50:13 - [MESSAGE][PASSED] - Delayed 6 second(s)

2023-08-06 15:50:13 - [TEST_STEP][PASSED] - click(findTestObject("OB_005_Login screen_fms smart/login screen/button_ACCEPT AND CLOSE")): Object: 'Object Repository/OB_005_Login screen_fms smart/login screen/button_ACCEPT AND CLOSE' is clicked on

2023-08-06 15:50:14 - [MESSAGE][PASSED] - Object: 'Object Repository/OB_005_Login screen_fms smart/login screen/button_ACCEPT AND CLOSE' is clicked on

2023-08-06 15:50:14 - [TEST_STEP][PASSED] - verifyTextPresent("FMS Smart", false): Text 'FMS Smart' is present on page 

2023-08-06 15:50:14 - [MESSAGE][PASSED] - Text 'FMS Smart' is present on page]]></system-out>
         <system-err><![CDATA[]]></system-err>
      </testcase>
      <testcase name="Test Cases/TC_008_FMS_Smart_All Vehicles" time="66.723" classname="Test Cases/TC_008_FMS_Smart_All Vehicles" status="PASSED">
         <system-out><![CDATA[2023-08-06 15:50:14 - [TEST_CASE][PASSED] - Test Cases/TC_008_FMS_Smart_All Vehicles: Test Cases/TC_008_FMS_Smart_All Vehicles

2023-08-06 15:50:15 - [TEST_STEP][PASSED] - callTestCase(findTestCase("TC_007_FMS_Smart_Verify Login feature"), ["url":"https://ioclfmssmart.tmsitrimble.in/FMSSmartApp/#/login", "username":"11038331", "password":"Nr@747900"], STOP_ON_FAILURE): Call Test Case 'Test Cases/TC_007_FMS_Smart_Verify Login feature' successfully

2023-08-06 15:50:15 - [TEST_CASE][PASSED] - Test Cases/TC_007_FMS_Smart_Verify Login feature: Test Cases/TC_007_FMS_Smart_Verify Login feature

2023-08-06 15:50:15 - [TEST_STEP][PASSED] - openBrowser(url): Browser is opened with url: 'https://ioclfmssmart.tmsitrimble.in/FMSSmartApp/#/login'

2023-08-06 15:50:15 - [MESSAGE][WARNING] - A browser is already opened. Closing browser and opening a new one

2023-08-06 15:50:16 - [MESSAGE][INFO] - Starting 'Chrome' driver

2023-08-06 15:50:16 - [MESSAGE][INFO] - Action delay is set to 0 milliseconds

2023-08-06 15:50:21 - [MESSAGE][PASSED] - Browser is opened with url: 'https://ioclfmssmart.tmsitrimble.in/FMSSmartApp/#/login'

2023-08-06 15:50:21 - [TEST_STEP][PASSED] - maximizeWindow(): Current window maximized

2023-08-06 15:50:21 - [MESSAGE][PASSED] - Current window maximized

2023-08-06 15:50:21 - [TEST_STEP][PASSED] - delay(3): Delayed 3 second(s)

2023-08-06 15:50:24 - [MESSAGE][PASSED] - Delayed 3 second(s)

2023-08-06 15:50:24 - [TEST_STEP][PASSED] - click(findTestObject("OB_005_Login screen_fms smart/login screen/username")): Object: 'Object Repository/OB_005_Login screen_fms smart/login screen/username' is clicked on

2023-08-06 15:50:25 - [MESSAGE][PASSED] - Object: 'Object Repository/OB_005_Login screen_fms smart/login screen/username' is clicked on

2023-08-06 15:50:25 - [TEST_STEP][PASSED] - setText(findTestObject("OB_005_Login screen_fms smart/login screen/username"), username): Text '11038331' is set on object 'Object Repository/OB_005_Login screen_fms smart/login screen/username'

2023-08-06 15:50:26 - [MESSAGE][PASSED] - Text '11038331' is set on object 'Object Repository/OB_005_Login screen_fms smart/login screen/username'

2023-08-06 15:50:26 - [TEST_STEP][PASSED] - click(findTestObject("OB_005_Login screen_fms smart/login screen/Password")): Object: 'Object Repository/OB_005_Login screen_fms smart/login screen/Password' is clicked on

2023-08-06 15:50:26 - [MESSAGE][PASSED] - Object: 'Object Repository/OB_005_Login screen_fms smart/login screen/Password' is clicked on

2023-08-06 15:50:26 - [TEST_STEP][PASSED] - setText(findTestObject("OB_005_Login screen_fms smart/login screen/Password"), password): Text 'Nr@747900' is set on object 'Object Repository/OB_005_Login screen_fms smart/login screen/Password'

2023-08-06 15:50:27 - [MESSAGE][PASSED] - Text 'Nr@747900' is set on object 'Object Repository/OB_005_Login screen_fms smart/login screen/Password'

2023-08-06 15:50:27 - [TEST_STEP][PASSED] - click(findTestObject("OB_005_Login screen_fms smart/login screen/button_Sign in")): Object: 'Object Repository/OB_005_Login screen_fms smart/login screen/button_Sign in' is clicked on

2023-08-06 15:50:27 - [MESSAGE][PASSED] - Object: 'Object Repository/OB_005_Login screen_fms smart/login screen/button_Sign in' is clicked on

2023-08-06 15:50:27 - [TEST_STEP][PASSED] - delay(6): Delayed 6 second(s)

2023-08-06 15:50:33 - [MESSAGE][PASSED] - Delayed 6 second(s)

2023-08-06 15:50:33 - [TEST_STEP][PASSED] - click(findTestObject("OB_005_Login screen_fms smart/login screen/button_ACCEPT AND CLOSE")): Object: 'Object Repository/OB_005_Login screen_fms smart/login screen/button_ACCEPT AND CLOSE' is clicked on

2023-08-06 15:50:34 - [MESSAGE][PASSED] - Object: 'Object Repository/OB_005_Login screen_fms smart/login screen/button_ACCEPT AND CLOSE' is clicked on

2023-08-06 15:50:34 - [TEST_STEP][PASSED] - verifyTextPresent("FMS Smart", false): Text 'FMS Smart' is present on page 

2023-08-06 15:50:35 - [MESSAGE][PASSED] - Text 'FMS Smart' is present on page 

2023-08-06 15:50:35 - [MESSAGE][PASSED] - Call Test Case 'Test Cases/TC_007_FMS_Smart_Verify Login feature' successfully

2023-08-06 15:50:35 - [TEST_STEP][PASSED] - click(findTestObject("OB_006_Dashbaord_Grid view feature 1/Page_FMS Smart/All Vehicle BOX")): Object: 'Object Repository/OB_006_Dashbaord_Grid view feature 1/Page_FMS Smart/All Vehicle BOX' is clicked on

2023-08-06 15:50:36 - [MESSAGE][PASSED] - Object: 'Object Repository/OB_006_Dashbaord_Grid view feature 1/Page_FMS Smart/All Vehicle BOX' is clicked on

2023-08-06 15:50:36 - [TEST_STEP][PASSED] - delay(3): Delayed 3 second(s)

2023-08-06 15:50:39 - [MESSAGE][PASSED] - Delayed 3 second(s)

2023-08-06 15:50:39 - [TEST_STEP][PASSED] - click(findTestObject("OB_006_Dashbaord_Grid view feature 1/Page_FMS Smart/button_Grid view")): Object: 'Object Repository/OB_006_Dashbaord_Grid view feature 1/Page_FMS Smart/button_Grid view' is clicked on

2023-08-06 15:50:39 - [MESSAGE][PASSED] - Object: 'Object Repository/OB_006_Dashbaord_Grid view feature 1/Page_FMS Smart/button_Grid view' is clicked on

2023-08-06 15:50:39 - [TEST_STEP][PASSED] - click(findTestObject("OB_006_Dashbaord_Grid view feature 1/Page_FMS Smart/Close Grid view")): Object: 'Object Repository/OB_006_Dashbaord_Grid view feature 1/Page_FMS Smart/Close Grid view' is clicked on

2023-08-06 15:50:43 - [MESSAGE][PASSED] - Object: 'Object Repository/OB_006_Dashbaord_Grid view feature 1/Page_FMS Smart/Close Grid view' is clicked on

2023-08-06 15:50:43 - [TEST_STEP][PASSED] - delay(5): Delayed 5 second(s)

2023-08-06 15:50:48 - [MESSAGE][PASSED] - Delayed 5 second(s)

2023-08-06 15:50:48 - [TEST_STEP][PASSED] - click(findTestObject("OB_006_Dashbaord_Grid view feature 1/Page_FMS Smart/All Vehicle BOX")): Object: 'Object Repository/OB_006_Dashbaord_Grid view feature 1/Page_FMS Smart/All Vehicle BOX' is clicked on

2023-08-06 15:50:48 - [MESSAGE][PASSED] - Object: 'Object Repository/OB_006_Dashbaord_Grid view feature 1/Page_FMS Smart/All Vehicle BOX' is clicked on

2023-08-06 15:50:48 - [TEST_STEP][PASSED] - click(findTestObject("OB_006_Dashbaord_Grid view feature 1/Page_FMS Smart/button_Map view")): Object: 'Object Repository/OB_006_Dashbaord_Grid view feature 1/Page_FMS Smart/button_Map view' is clicked on

2023-08-06 15:50:49 - [MESSAGE][PASSED] - Object: 'Object Repository/OB_006_Dashbaord_Grid view feature 1/Page_FMS Smart/button_Map view' is clicked on

2023-08-06 15:50:49 - [TEST_STEP][PASSED] - delay(4): Delayed 4 second(s)

2023-08-06 15:50:53 - [MESSAGE][PASSED] - Delayed 4 second(s)

2023-08-06 15:50:53 - [TEST_STEP][PASSED] - click(findTestObject("OB_006_Dashbaord_Grid view feature 1/Page_FMS Smart/Map View-Moving Vehicle")): Object: 'Object Repository/OB_006_Dashbaord_Grid view feature 1/Page_FMS Smart/Map View-Moving Vehicle' is clicked on

2023-08-06 15:50:54 - [MESSAGE][PASSED] - Object: 'Object Repository/OB_006_Dashbaord_Grid view feature 1/Page_FMS Smart/Map View-Moving Vehicle' is clicked on

2023-08-06 15:50:54 - [TEST_STEP][PASSED] - delay(3): Delayed 3 second(s)

2023-08-06 15:50:57 - [MESSAGE][PASSED] - Delayed 3 second(s)

2023-08-06 15:50:57 - [TEST_STEP][PASSED] - click(findTestObject("OB_006_Dashbaord_Grid view feature 1/Page_FMS Smart/Map Vew-Untracked vehicles")): Object: 'Object Repository/OB_006_Dashbaord_Grid view feature 1/Page_FMS Smart/Map Vew-Untracked vehicles' is clicked on

2023-08-06 15:50:58 - [MESSAGE][PASSED] - Object: 'Object Repository/OB_006_Dashbaord_Grid view feature 1/Page_FMS Smart/Map Vew-Untracked vehicles' is clicked on

2023-08-06 15:50:58 - [TEST_STEP][PASSED] - delay(3): Delayed 3 second(s)

2023-08-06 15:51:01 - [MESSAGE][PASSED] - Delayed 3 second(s)

2023-08-06 15:51:01 - [TEST_STEP][PASSED] - click(findTestObject("OB_006_Dashbaord_Grid view feature 1/Page_FMS Smart/Map View-NRD")): Object: 'Object Repository/OB_006_Dashbaord_Grid view feature 1/Page_FMS Smart/Map View-NRD' is clicked on

2023-08-06 15:51:02 - [MESSAGE][PASSED] - Object: 'Object Repository/OB_006_Dashbaord_Grid view feature 1/Page_FMS Smart/Map View-NRD' is clicked on

2023-08-06 15:51:02 - [TEST_STEP][PASSED] - delay(4): Delayed 4 second(s)

2023-08-06 15:51:06 - [MESSAGE][PASSED] - Delayed 4 second(s)

2023-08-06 15:51:06 - [TEST_STEP][PASSED] - click(findTestObject("OB_006_Dashbaord_Grid view feature 1/Page_FMS Smart/Map View-On trip vehicles")): Object: 'Object Repository/OB_006_Dashbaord_Grid view feature 1/Page_FMS Smart/Map View-On trip vehicles' is clicked on

2023-08-06 15:51:07 - [MESSAGE][PASSED] - Object: 'Object Repository/OB_006_Dashbaord_Grid view feature 1/Page_FMS Smart/Map View-On trip vehicles' is clicked on

2023-08-06 15:51:07 - [TEST_STEP][PASSED] - delay(3): Delayed 3 second(s)

2023-08-06 15:51:10 - [MESSAGE][PASSED] - Delayed 3 second(s)

2023-08-06 15:51:10 - [TEST_STEP][PASSED] - click(findTestObject("OB_006_Dashbaord_Grid view feature 1/Page_FMS Smart/Map view-Stopped vehicle")): Object: 'Object Repository/OB_006_Dashbaord_Grid view feature 1/Page_FMS Smart/Map view-Stopped vehicle' is clicked on

2023-08-06 15:51:11 - [MESSAGE][PASSED] - Object: 'Object Repository/OB_006_Dashbaord_Grid view feature 1/Page_FMS Smart/Map view-Stopped vehicle' is clicked on

2023-08-06 15:51:11 - [TEST_STEP][PASSED] - delay(2): Delayed 2 second(s)

2023-08-06 15:51:13 - [MESSAGE][PASSED] - Delayed 2 second(s)

2023-08-06 15:51:13 - [TEST_STEP][PASSED] - click(findTestObject("OB_006_Dashbaord_Grid view feature 1/Page_FMS Smart/button_View grid")): Object: 'Object Repository/OB_006_Dashbaord_Grid view feature 1/Page_FMS Smart/button_View grid' is clicked on

2023-08-06 15:51:14 - [MESSAGE][PASSED] - Object: 'Object Repository/OB_006_Dashbaord_Grid view feature 1/Page_FMS Smart/button_View grid' is clicked on

2023-08-06 15:51:14 - [TEST_STEP][PASSED] - delay(6): Delayed 6 second(s)

2023-08-06 15:51:20 - [MESSAGE][PASSED] - Delayed 6 second(s)

2023-08-06 15:51:20 - [TEST_STEP][PASSED] - click(findTestObject("OB_006_Dashbaord_Grid view feature 1/Page_FMS Smart/Close Grid view")): Object: 'Object Repository/OB_006_Dashbaord_Grid view feature 1/Page_FMS Smart/Close Grid view' is clicked on

2023-08-06 15:51:21 - [MESSAGE][PASSED] - Object: 'Object Repository/OB_006_Dashbaord_Grid view feature 1/Page_FMS Smart/Close Grid view' is clicked on]]></system-out>
         <system-err><![CDATA[]]></system-err>
      </testcase>
      <testcase name="Test Cases/TC_009_FMS_Smart_Dashabord feature 2" time="74.265" classname="Test Cases/TC_009_FMS_Smart_Dashabord feature 2" status="PASSED">
         <system-out><![CDATA[2023-08-06 15:51:21 - [TEST_CASE][PASSED] - Test Cases/TC_009_FMS_Smart_Dashabord feature 2: Test Cases/TC_009_FMS_Smart_Dashabord feature 2

2023-08-06 15:51:22 - [TEST_STEP][PASSED] - callTestCase(findTestCase("TC_007_FMS_Smart_Verify Login feature"), ["url":"https://ioclfmssmart.tmsitrimble.in/FMSSmartApp/#/login", "username":"11038331", "password":"Nr@747900"], STOP_ON_FAILURE): Call Test Case 'Test Cases/TC_007_FMS_Smart_Verify Login feature' successfully

2023-08-06 15:51:22 - [TEST_CASE][PASSED] - Test Cases/TC_007_FMS_Smart_Verify Login feature: Test Cases/TC_007_FMS_Smart_Verify Login feature

2023-08-06 15:51:22 - [TEST_STEP][PASSED] - openBrowser(url): Browser is opened with url: 'https://ioclfmssmart.tmsitrimble.in/FMSSmartApp/#/login'

2023-08-06 15:51:22 - [MESSAGE][WARNING] - A browser is already opened. Closing browser and opening a new one

2023-08-06 15:51:23 - [MESSAGE][INFO] - Starting 'Chrome' driver

2023-08-06 15:51:23 - [MESSAGE][INFO] - Action delay is set to 0 milliseconds

2023-08-06 15:51:34 - [MESSAGE][PASSED] - Browser is opened with url: 'https://ioclfmssmart.tmsitrimble.in/FMSSmartApp/#/login'

2023-08-06 15:51:34 - [TEST_STEP][PASSED] - maximizeWindow(): Current window maximized

2023-08-06 15:51:34 - [MESSAGE][PASSED] - Current window maximized

2023-08-06 15:51:34 - [TEST_STEP][PASSED] - delay(3): Delayed 3 second(s)

2023-08-06 15:51:37 - [MESSAGE][PASSED] - Delayed 3 second(s)

2023-08-06 15:51:37 - [TEST_STEP][PASSED] - click(findTestObject("OB_005_Login screen_fms smart/login screen/username")): Object: 'Object Repository/OB_005_Login screen_fms smart/login screen/username' is clicked on

2023-08-06 15:51:37 - [MESSAGE][PASSED] - Object: 'Object Repository/OB_005_Login screen_fms smart/login screen/username' is clicked on

2023-08-06 15:51:37 - [TEST_STEP][PASSED] - setText(findTestObject("OB_005_Login screen_fms smart/login screen/username"), username): Text '11038331' is set on object 'Object Repository/OB_005_Login screen_fms smart/login screen/username'

2023-08-06 15:51:38 - [MESSAGE][PASSED] - Text '11038331' is set on object 'Object Repository/OB_005_Login screen_fms smart/login screen/username'

2023-08-06 15:51:38 - [TEST_STEP][PASSED] - click(findTestObject("OB_005_Login screen_fms smart/login screen/Password")): Object: 'Object Repository/OB_005_Login screen_fms smart/login screen/Password' is clicked on

2023-08-06 15:51:39 - [MESSAGE][PASSED] - Object: 'Object Repository/OB_005_Login screen_fms smart/login screen/Password' is clicked on

2023-08-06 15:51:39 - [TEST_STEP][PASSED] - setText(findTestObject("OB_005_Login screen_fms smart/login screen/Password"), password): Text 'Nr@747900' is set on object 'Object Repository/OB_005_Login screen_fms smart/login screen/Password'

2023-08-06 15:51:40 - [MESSAGE][PASSED] - Text 'Nr@747900' is set on object 'Object Repository/OB_005_Login screen_fms smart/login screen/Password'

2023-08-06 15:51:40 - [TEST_STEP][PASSED] - click(findTestObject("OB_005_Login screen_fms smart/login screen/button_Sign in")): Object: 'Object Repository/OB_005_Login screen_fms smart/login screen/button_Sign in' is clicked on

2023-08-06 15:51:40 - [MESSAGE][PASSED] - Object: 'Object Repository/OB_005_Login screen_fms smart/login screen/button_Sign in' is clicked on

2023-08-06 15:51:40 - [TEST_STEP][PASSED] - delay(6): Delayed 6 second(s)

2023-08-06 15:51:46 - [MESSAGE][PASSED] - Delayed 6 second(s)

2023-08-06 15:51:46 - [TEST_STEP][PASSED] - click(findTestObject("OB_005_Login screen_fms smart/login screen/button_ACCEPT AND CLOSE")): Object: 'Object Repository/OB_005_Login screen_fms smart/login screen/button_ACCEPT AND CLOSE' is clicked on

2023-08-06 15:51:47 - [MESSAGE][PASSED] - Object: 'Object Repository/OB_005_Login screen_fms smart/login screen/button_ACCEPT AND CLOSE' is clicked on

2023-08-06 15:51:47 - [TEST_STEP][PASSED] - verifyTextPresent("FMS Smart", false): Text 'FMS Smart' is present on page 

2023-08-06 15:51:47 - [MESSAGE][PASSED] - Text 'FMS Smart' is present on page 

2023-08-06 15:51:47 - [MESSAGE][PASSED] - Call Test Case 'Test Cases/TC_007_FMS_Smart_Verify Login feature' successfully

2023-08-06 15:51:47 - [TEST_STEP][PASSED] - delay(3): Delayed 3 second(s)

2023-08-06 15:51:50 - [MESSAGE][PASSED] - Delayed 3 second(s)

2023-08-06 15:51:50 - [TEST_STEP][PASSED] - click(findTestObject("OB_007_Dashabord Feature2/Dashboard feature/Moving VehicleBOX")): Object: 'Object Repository/OB_007_Dashabord Feature2/Dashboard feature/Moving VehicleBOX' is clicked on

2023-08-06 15:51:51 - [MESSAGE][PASSED] - Object: 'Object Repository/OB_007_Dashabord Feature2/Dashboard feature/Moving VehicleBOX' is clicked on

2023-08-06 15:51:51 - [TEST_STEP][PASSED] - delay(2): Delayed 2 second(s)

2023-08-06 15:51:53 - [MESSAGE][PASSED] - Delayed 2 second(s)

2023-08-06 15:51:53 - [TEST_STEP][PASSED] - click(findTestObject("OB_007_Dashabord Feature2/Dashboard feature/button_Grid view")): Object: 'Object Repository/OB_007_Dashabord Feature2/Dashboard feature/button_Grid view' is clicked on

2023-08-06 15:51:53 - [MESSAGE][PASSED] - Object: 'Object Repository/OB_007_Dashabord Feature2/Dashboard feature/button_Grid view' is clicked on

2023-08-06 15:51:53 - [TEST_STEP][PASSED] - delay(2): Delayed 2 second(s)

2023-08-06 15:51:55 - [MESSAGE][PASSED] - Delayed 2 second(s)

2023-08-06 15:51:55 - [TEST_STEP][PASSED] - verifyTextPresent("Moving vehicles", false): Text 'Moving vehicles' is present on page 

2023-08-06 15:51:57 - [MESSAGE][PASSED] - Text 'Moving vehicles' is present on page 

2023-08-06 15:51:57 - [TEST_STEP][PASSED] - delay(2): Delayed 2 second(s)

2023-08-06 15:51:59 - [MESSAGE][PASSED] - Delayed 2 second(s)

2023-08-06 15:51:59 - [TEST_STEP][PASSED] - click(findTestObject("OB_007_Dashabord Feature2/Dashboard feature/CLose Grid Button")): Object: 'Object Repository/OB_007_Dashabord Feature2/Dashboard feature/CLose Grid Button' is clicked on

2023-08-06 15:51:59 - [MESSAGE][PASSED] - Object: 'Object Repository/OB_007_Dashabord Feature2/Dashboard feature/CLose Grid Button' is clicked on

2023-08-06 15:51:59 - [TEST_STEP][PASSED] - delay(2): Delayed 2 second(s)

2023-08-06 15:52:01 - [MESSAGE][PASSED] - Delayed 2 second(s)

2023-08-06 15:52:01 - [TEST_STEP][PASSED] - click(findTestObject("OB_007_Dashabord Feature2/Dashboard feature/Stopped Vehicle BOX")): Object: 'Object Repository/OB_007_Dashabord Feature2/Dashboard feature/Stopped Vehicle BOX' is clicked on

2023-08-06 15:52:02 - [MESSAGE][PASSED] - Object: 'Object Repository/OB_007_Dashabord Feature2/Dashboard feature/Stopped Vehicle BOX' is clicked on

2023-08-06 15:52:02 - [TEST_STEP][PASSED] - delay(2): Delayed 2 second(s)

2023-08-06 15:52:04 - [MESSAGE][PASSED] - Delayed 2 second(s)

2023-08-06 15:52:04 - [TEST_STEP][PASSED] - click(findTestObject("OB_007_Dashabord Feature2/Grid view btn/Grid view-StopVeh")): Object: 'Object Repository/OB_007_Dashabord Feature2/Grid view btn/Grid view-StopVeh' is clicked on

2023-08-06 15:52:04 - [MESSAGE][PASSED] - Object: 'Object Repository/OB_007_Dashabord Feature2/Grid view btn/Grid view-StopVeh' is clicked on

2023-08-06 15:52:04 - [TEST_STEP][PASSED] - delay(2): Delayed 2 second(s)

2023-08-06 15:52:06 - [MESSAGE][PASSED] - Delayed 2 second(s)

2023-08-06 15:52:06 - [TEST_STEP][PASSED] - verifyTextPresent("Stopped vehicles", false): Text 'Stopped vehicles' is present on page 

2023-08-06 15:52:08 - [MESSAGE][PASSED] - Text 'Stopped vehicles' is present on page 

2023-08-06 15:52:08 - [TEST_STEP][PASSED] - delay(2): Delayed 2 second(s)

2023-08-06 15:52:10 - [MESSAGE][PASSED] - Delayed 2 second(s)

2023-08-06 15:52:10 - [TEST_STEP][PASSED] - click(findTestObject("OB_007_Dashabord Feature2/Dashboard feature/CLose Grid Button")): Object: 'Object Repository/OB_007_Dashabord Feature2/Dashboard feature/CLose Grid Button' is clicked on

2023-08-06 15:52:11 - [MESSAGE][PASSED] - Object: 'Object Repository/OB_007_Dashabord Feature2/Dashboard feature/CLose Grid Button' is clicked on

2023-08-06 15:52:11 - [TEST_STEP][PASSED] - delay(2): Delayed 2 second(s)

2023-08-06 15:52:13 - [MESSAGE][PASSED] - Delayed 2 second(s)

2023-08-06 15:52:13 - [TEST_STEP][PASSED] - click(findTestObject("OB_007_Dashabord Feature2/Dashboard feature/NRD Box")): Object: 'Object Repository/OB_007_Dashabord Feature2/Dashboard feature/NRD Box' is clicked on

2023-08-06 15:52:13 - [MESSAGE][PASSED] - Object: 'Object Repository/OB_007_Dashabord Feature2/Dashboard feature/NRD Box' is clicked on

2023-08-06 15:52:13 - [TEST_STEP][PASSED] - delay(2): Delayed 2 second(s)

2023-08-06 15:52:15 - [MESSAGE][PASSED] - Delayed 2 second(s)

2023-08-06 15:52:15 - [TEST_STEP][PASSED] - click(findTestObject("OB_007_Dashabord Feature2/Grid view btn/Grid view-NRD")): Object: 'Object Repository/OB_007_Dashabord Feature2/Grid view btn/Grid view-NRD' is clicked on

2023-08-06 15:52:16 - [MESSAGE][PASSED] - Object: 'Object Repository/OB_007_Dashabord Feature2/Grid view btn/Grid view-NRD' is clicked on

2023-08-06 15:52:16 - [TEST_STEP][PASSED] - delay(2): Delayed 2 second(s)

2023-08-06 15:52:18 - [MESSAGE][PASSED] - Delayed 2 second(s)

2023-08-06 15:52:18 - [TEST_STEP][PASSED] - verifyTextPresent("NRD vehicles", false): Text 'NRD vehicles' is present on page 

2023-08-06 15:52:20 - [MESSAGE][PASSED] - Text 'NRD vehicles' is present on page 

2023-08-06 15:52:20 - [TEST_STEP][PASSED] - delay(2): Delayed 2 second(s)

2023-08-06 15:52:22 - [MESSAGE][PASSED] - Delayed 2 second(s)

2023-08-06 15:52:22 - [TEST_STEP][PASSED] - click(findTestObject("OB_007_Dashabord Feature2/Dashboard feature/CLose Grid Button")): Object: 'Object Repository/OB_007_Dashabord Feature2/Dashboard feature/CLose Grid Button' is clicked on

2023-08-06 15:52:22 - [MESSAGE][PASSED] - Object: 'Object Repository/OB_007_Dashabord Feature2/Dashboard feature/CLose Grid Button' is clicked on

2023-08-06 15:52:22 - [TEST_STEP][PASSED] - delay(2): Delayed 2 second(s)

2023-08-06 15:52:24 - [MESSAGE][PASSED] - Delayed 2 second(s)

2023-08-06 15:52:24 - [TEST_STEP][PASSED] - click(findTestObject("OB_007_Dashabord Feature2/Dashboard feature/On Trip Box")): Object: 'Object Repository/OB_007_Dashabord Feature2/Dashboard feature/On Trip Box' is clicked on

2023-08-06 15:52:25 - [MESSAGE][PASSED] - Object: 'Object Repository/OB_007_Dashabord Feature2/Dashboard feature/On Trip Box' is clicked on

2023-08-06 15:52:25 - [TEST_STEP][PASSED] - delay(2): Delayed 2 second(s)

2023-08-06 15:52:27 - [MESSAGE][PASSED] - Delayed 2 second(s)

2023-08-06 15:52:27 - [TEST_STEP][PASSED] - click(findTestObject("OB_007_Dashabord Feature2/Grid view btn/Grid view-OnTrip")): Object: 'Object Repository/OB_007_Dashabord Feature2/Grid view btn/Grid view-OnTrip' is clicked on

2023-08-06 15:52:27 - [MESSAGE][PASSED] - Object: 'Object Repository/OB_007_Dashabord Feature2/Grid view btn/Grid view-OnTrip' is clicked on

2023-08-06 15:52:27 - [TEST_STEP][PASSED] - delay(2): Delayed 2 second(s)

2023-08-06 15:52:29 - [MESSAGE][PASSED] - Delayed 2 second(s)

2023-08-06 15:52:29 - [TEST_STEP][PASSED] - verifyTextPresent("On trip vehicles", false): Text 'On trip vehicles' is present on page 

2023-08-06 15:52:31 - [MESSAGE][PASSED] - Text 'On trip vehicles' is present on page 

2023-08-06 15:52:31 - [TEST_STEP][PASSED] - delay(2): Delayed 2 second(s)

2023-08-06 15:52:33 - [MESSAGE][PASSED] - Delayed 2 second(s)

2023-08-06 15:52:33 - [TEST_STEP][PASSED] - click(findTestObject("OB_007_Dashabord Feature2/Dashboard feature/CLose Grid Button")): Object: 'Object Repository/OB_007_Dashabord Feature2/Dashboard feature/CLose Grid Button' is clicked on

2023-08-06 15:52:33 - [MESSAGE][PASSED] - Object: 'Object Repository/OB_007_Dashabord Feature2/Dashboard feature/CLose Grid Button' is clicked on

2023-08-06 15:52:33 - [TEST_STEP][PASSED] - delay(2): Delayed 2 second(s)

2023-08-06 15:52:35 - [MESSAGE][PASSED] - Delayed 2 second(s)]]></system-out>
         <system-err><![CDATA[]]></system-err>
      </testcase>
      <testcase name="Test Cases/TC_010_FMS_Smart_Verify Logout feature" time="61.597" classname="Test Cases/TC_010_FMS_Smart_Verify Logout feature" status="PASSED">
         <system-out><![CDATA[2023-08-06 15:52:35 - [TEST_CASE][PASSED] - Test Cases/TC_010_FMS_Smart_Verify Logout feature: Test Cases/TC_010_FMS_Smart_Verify Logout feature

2023-08-06 15:52:36 - [TEST_STEP][PASSED] - callTestCase(findTestCase("TC_007_FMS_Smart_Verify Login feature"), ["url":"https://ioclfmssmart.tmsitrimble.in/FMSSmartApp/#/login", "username":"11038331", "password":"Nr@747900"], STOP_ON_FAILURE): Call Test Case 'Test Cases/TC_007_FMS_Smart_Verify Login feature' successfully

2023-08-06 15:52:36 - [TEST_CASE][PASSED] - Test Cases/TC_007_FMS_Smart_Verify Login feature: Test Cases/TC_007_FMS_Smart_Verify Login feature

2023-08-06 15:52:36 - [TEST_STEP][PASSED] - openBrowser(url): Browser is opened with url: 'https://ioclfmssmart.tmsitrimble.in/FMSSmartApp/#/login'

2023-08-06 15:52:36 - [MESSAGE][WARNING] - A browser is already opened. Closing browser and opening a new one

2023-08-06 15:52:37 - [MESSAGE][INFO] - Starting 'Chrome' driver

2023-08-06 15:52:37 - [MESSAGE][INFO] - Action delay is set to 0 milliseconds

2023-08-06 15:52:43 - [MESSAGE][PASSED] - Browser is opened with url: 'https://ioclfmssmart.tmsitrimble.in/FMSSmartApp/#/login'

2023-08-06 15:52:43 - [TEST_STEP][PASSED] - maximizeWindow(): Current window maximized

2023-08-06 15:52:43 - [MESSAGE][PASSED] - Current window maximized

2023-08-06 15:52:43 - [TEST_STEP][PASSED] - delay(3): Delayed 3 second(s)

2023-08-06 15:52:46 - [MESSAGE][PASSED] - Delayed 3 second(s)

2023-08-06 15:52:46 - [TEST_STEP][PASSED] - click(findTestObject("OB_005_Login screen_fms smart/login screen/username")): Object: 'Object Repository/OB_005_Login screen_fms smart/login screen/username' is clicked on

2023-08-06 15:52:47 - [MESSAGE][PASSED] - Object: 'Object Repository/OB_005_Login screen_fms smart/login screen/username' is clicked on

2023-08-06 15:52:47 - [TEST_STEP][PASSED] - setText(findTestObject("OB_005_Login screen_fms smart/login screen/username"), username): Text '11038331' is set on object 'Object Repository/OB_005_Login screen_fms smart/login screen/username'

2023-08-06 15:52:48 - [MESSAGE][PASSED] - Text '11038331' is set on object 'Object Repository/OB_005_Login screen_fms smart/login screen/username'

2023-08-06 15:52:48 - [TEST_STEP][PASSED] - click(findTestObject("OB_005_Login screen_fms smart/login screen/Password")): Object: 'Object Repository/OB_005_Login screen_fms smart/login screen/Password' is clicked on

2023-08-06 15:52:48 - [MESSAGE][PASSED] - Object: 'Object Repository/OB_005_Login screen_fms smart/login screen/Password' is clicked on

2023-08-06 15:52:48 - [TEST_STEP][PASSED] - setText(findTestObject("OB_005_Login screen_fms smart/login screen/Password"), password): Text 'Nr@747900' is set on object 'Object Repository/OB_005_Login screen_fms smart/login screen/Password'

2023-08-06 15:52:49 - [MESSAGE][PASSED] - Text 'Nr@747900' is set on object 'Object Repository/OB_005_Login screen_fms smart/login screen/Password'

2023-08-06 15:52:49 - [TEST_STEP][PASSED] - click(findTestObject("OB_005_Login screen_fms smart/login screen/button_Sign in")): Object: 'Object Repository/OB_005_Login screen_fms smart/login screen/button_Sign in' is clicked on

2023-08-06 15:52:50 - [MESSAGE][PASSED] - Object: 'Object Repository/OB_005_Login screen_fms smart/login screen/button_Sign in' is clicked on

2023-08-06 15:52:50 - [TEST_STEP][PASSED] - delay(6): Delayed 6 second(s)

2023-08-06 15:52:56 - [MESSAGE][PASSED] - Delayed 6 second(s)

2023-08-06 15:52:56 - [TEST_STEP][PASSED] - click(findTestObject("OB_005_Login screen_fms smart/login screen/button_ACCEPT AND CLOSE")): Object: 'Object Repository/OB_005_Login screen_fms smart/login screen/button_ACCEPT AND CLOSE' is clicked on

2023-08-06 15:52:56 - [MESSAGE][PASSED] - Object: 'Object Repository/OB_005_Login screen_fms smart/login screen/button_ACCEPT AND CLOSE' is clicked on

2023-08-06 15:52:56 - [TEST_STEP][PASSED] - verifyTextPresent("FMS Smart", false): Text 'FMS Smart' is present on page 

2023-08-06 15:52:57 - [MESSAGE][PASSED] - Text 'FMS Smart' is present on page 

2023-08-06 15:52:57 - [MESSAGE][PASSED] - Call Test Case 'Test Cases/TC_007_FMS_Smart_Verify Login feature' successfully

2023-08-06 15:52:57 - [TEST_STEP][PASSED] - click(findTestObject("OB_008_Fms smart Lgout and Feedback/Logout And Feedback/Logout1")): Object: 'Object Repository/OB_008_Fms smart Lgout and Feedback/Logout And Feedback/Logout1' is clicked on

2023-08-06 15:52:58 - [MESSAGE][PASSED] - Object: 'Object Repository/OB_008_Fms smart Lgout and Feedback/Logout And Feedback/Logout1' is clicked on

2023-08-06 15:52:58 - [TEST_STEP][PASSED] - delay(3): Delayed 3 second(s)

2023-08-06 15:53:01 - [MESSAGE][PASSED] - Delayed 3 second(s)

2023-08-06 15:53:01 - [TEST_STEP][PASSED] - click(findTestObject("OB_008_Fms smart Lgout and Feedback/Page_FMS Smart/Lgout22")): Object: 'Object Repository/OB_008_Fms smart Lgout and Feedback/Page_FMS Smart/Lgout22' is clicked on

2023-08-06 15:53:32 - [MESSAGE][INFO] - Unable to find the element located by 'By.xpath: //div[@id='feedback-modal']/div[2]/form/div[7]/div[2]/i'. Please recheck the objects properties to make sure the desired element is located. 

2023-08-06 15:53:32 - [MESSAGE][WARNING] - [SELF-HEALING] Failed to find element with id 'Object Repository/OB_008_Fms smart Lgout and Feedback/Page_FMS Smart/Lgout22'. Try using Self-healing.

2023-08-06 15:53:33 - [MESSAGE][WARNING] - [SELF-HEALING] The current locator of test object 'Object Repository/OB_008_Fms smart Lgout and Feedback/Page_FMS Smart/Lgout22' was broken. Propose an alternative one: '//div[@id='dropdown']/a[2]/i'.

2023-08-06 15:53:33 - [MESSAGE][PASSED] - Object: 'Object Repository/OB_008_Fms smart Lgout and Feedback/Page_FMS Smart/Lgout22' is clicked on

2023-08-06 15:53:33 - [TEST_STEP][PASSED] - delay(3): Delayed 3 second(s)

2023-08-06 15:53:36 - [MESSAGE][PASSED] - Delayed 3 second(s)

2023-08-06 15:53:36 - [TEST_STEP][PASSED] - click(findTestObject("OB_008_Fms smart Lgout and Feedback/logout3/logou3")): Object: 'Object Repository/OB_008_Fms smart Lgout and Feedback/logout3/logou3' is clicked on

2023-08-06 15:53:36 - [MESSAGE][PASSED] - Object: 'Object Repository/OB_008_Fms smart Lgout and Feedback/logout3/logou3' is clicked on

2023-08-06 15:53:36 - [TEST_STEP][PASSED] - closeBrowser(): Browser is closed

2023-08-06 15:53:37 - [MESSAGE][PASSED] - Browser is closed]]></system-out>
         <system-err><![CDATA[]]></system-err>
      </testcase>
      <testcase name="Test Cases/TC_011_FMS_Smart_Verify Feedback feature" time="97.252" classname="Test Cases/TC_011_FMS_Smart_Verify Feedback feature" status="PASSED">
         <system-out><![CDATA[2023-08-06 15:53:37 - [TEST_CASE][PASSED] - Test Cases/TC_011_FMS_Smart_Verify Feedback feature: Test Cases/TC_011_FMS_Smart_Verify Feedback feature

2023-08-06 15:53:37 - [TEST_STEP][PASSED] - callTestCase(findTestCase("TC_007_FMS_Smart_Verify Login feature"), ["url":"https://ioclfmssmart.tmsitrimble.in/FMSSmartApp/#/login", "username":"11038331", "password":"Nr@747900"], STOP_ON_FAILURE): Call Test Case 'Test Cases/TC_007_FMS_Smart_Verify Login feature' successfully

2023-08-06 15:53:38 - [TEST_CASE][PASSED] - Test Cases/TC_007_FMS_Smart_Verify Login feature: Test Cases/TC_007_FMS_Smart_Verify Login feature

2023-08-06 15:53:38 - [TEST_STEP][PASSED] - openBrowser(url): Browser is opened with url: 'https://ioclfmssmart.tmsitrimble.in/FMSSmartApp/#/login'

2023-08-06 15:53:38 - [MESSAGE][INFO] - Starting 'Chrome' driver

2023-08-06 15:53:38 - [MESSAGE][INFO] - Action delay is set to 0 milliseconds

2023-08-06 15:53:43 - [MESSAGE][PASSED] - Browser is opened with url: 'https://ioclfmssmart.tmsitrimble.in/FMSSmartApp/#/login'

2023-08-06 15:53:43 - [TEST_STEP][PASSED] - maximizeWindow(): Current window maximized

2023-08-06 15:53:44 - [MESSAGE][PASSED] - Current window maximized

2023-08-06 15:53:44 - [TEST_STEP][PASSED] - delay(3): Delayed 3 second(s)

2023-08-06 15:53:47 - [MESSAGE][PASSED] - Delayed 3 second(s)

2023-08-06 15:53:47 - [TEST_STEP][PASSED] - click(findTestObject("OB_005_Login screen_fms smart/login screen/username")): Object: 'Object Repository/OB_005_Login screen_fms smart/login screen/username' is clicked on

2023-08-06 15:53:47 - [MESSAGE][PASSED] - Object: 'Object Repository/OB_005_Login screen_fms smart/login screen/username' is clicked on

2023-08-06 15:53:47 - [TEST_STEP][PASSED] - setText(findTestObject("OB_005_Login screen_fms smart/login screen/username"), username): Text '11038331' is set on object 'Object Repository/OB_005_Login screen_fms smart/login screen/username'

2023-08-06 15:53:48 - [MESSAGE][PASSED] - Text '11038331' is set on object 'Object Repository/OB_005_Login screen_fms smart/login screen/username'

2023-08-06 15:53:48 - [TEST_STEP][PASSED] - click(findTestObject("OB_005_Login screen_fms smart/login screen/Password")): Object: 'Object Repository/OB_005_Login screen_fms smart/login screen/Password' is clicked on

2023-08-06 15:53:48 - [MESSAGE][PASSED] - Object: 'Object Repository/OB_005_Login screen_fms smart/login screen/Password' is clicked on

2023-08-06 15:53:48 - [TEST_STEP][PASSED] - setText(findTestObject("OB_005_Login screen_fms smart/login screen/Password"), password): Text 'Nr@747900' is set on object 'Object Repository/OB_005_Login screen_fms smart/login screen/Password'

2023-08-06 15:53:49 - [MESSAGE][PASSED] - Text 'Nr@747900' is set on object 'Object Repository/OB_005_Login screen_fms smart/login screen/Password'

2023-08-06 15:53:49 - [TEST_STEP][PASSED] - click(findTestObject("OB_005_Login screen_fms smart/login screen/button_Sign in")): Object: 'Object Repository/OB_005_Login screen_fms smart/login screen/button_Sign in' is clicked on

2023-08-06 15:53:50 - [MESSAGE][PASSED] - Object: 'Object Repository/OB_005_Login screen_fms smart/login screen/button_Sign in' is clicked on

2023-08-06 15:53:50 - [TEST_STEP][PASSED] - delay(6): Delayed 6 second(s)

2023-08-06 15:53:56 - [MESSAGE][PASSED] - Delayed 6 second(s)

2023-08-06 15:53:56 - [TEST_STEP][PASSED] - click(findTestObject("OB_005_Login screen_fms smart/login screen/button_ACCEPT AND CLOSE")): Object: 'Object Repository/OB_005_Login screen_fms smart/login screen/button_ACCEPT AND CLOSE' is clicked on

2023-08-06 15:53:56 - [MESSAGE][PASSED] - Object: 'Object Repository/OB_005_Login screen_fms smart/login screen/button_ACCEPT AND CLOSE' is clicked on

2023-08-06 15:53:56 - [TEST_STEP][PASSED] - verifyTextPresent("FMS Smart", false): Text 'FMS Smart' is present on page 

2023-08-06 15:53:57 - [MESSAGE][PASSED] - Text 'FMS Smart' is present on page 

2023-08-06 15:53:57 - [MESSAGE][PASSED] - Call Test Case 'Test Cases/TC_007_FMS_Smart_Verify Login feature' successfully

2023-08-06 15:53:57 - [TEST_STEP][PASSED] - click(findTestObject("OB_008_Fms smart Lgout and Feedback/Logout And Feedback/Logout1")): Object: 'Object Repository/OB_008_Fms smart Lgout and Feedback/Logout And Feedback/Logout1' is clicked on

2023-08-06 15:53:58 - [MESSAGE][PASSED] - Object: 'Object Repository/OB_008_Fms smart Lgout and Feedback/Logout And Feedback/Logout1' is clicked on

2023-08-06 15:53:58 - [TEST_STEP][PASSED] - delay(2): Delayed 2 second(s)

2023-08-06 15:54:00 - [MESSAGE][PASSED] - Delayed 2 second(s)

2023-08-06 15:54:00 - [TEST_STEP][PASSED] - click(findTestObject("OB_008_Fms smart Lgout and Feedback/Logout And Feedback/Logout2")): Object: 'Object Repository/OB_008_Fms smart Lgout and Feedback/Logout And Feedback/Logout2' is clicked on

2023-08-06 15:54:31 - [MESSAGE][INFO] - Unable to find the element located by 'By.xpath: //div[@id='feedback-modal']/div[2]/form/div[7]/div[2]/span'. Please recheck the objects properties to make sure the desired element is located. 

2023-08-06 15:54:31 - [MESSAGE][WARNING] - [SELF-HEALING] Failed to find element with id 'Object Repository/OB_008_Fms smart Lgout and Feedback/Logout And Feedback/Logout2'. Try using Self-healing.

2023-08-06 15:54:31 - [MESSAGE][WARNING] - [SELF-HEALING] The current locator of test object 'Object Repository/OB_008_Fms smart Lgout and Feedback/Logout And Feedback/Logout2' was broken. Propose an alternative one: '(.//*[normalize-space(text()) and normalize-space(.)='Trimble'])[1]/preceding::span[1]'.

2023-08-06 15:54:31 - [MESSAGE][PASSED] - Object: 'Object Repository/OB_008_Fms smart Lgout and Feedback/Logout And Feedback/Logout2' is clicked on

2023-08-06 15:54:31 - [TEST_STEP][PASSED] - delay(3): Delayed 3 second(s)

2023-08-06 15:54:34 - [MESSAGE][PASSED] - Delayed 3 second(s)

2023-08-06 15:54:34 - [TEST_STEP][PASSED] - click(findTestObject("OB_008_Fms smart Lgout and Feedback/Logout And Feedback/5 Star")): Object: 'Object Repository/OB_008_Fms smart Lgout and Feedback/Logout And Feedback/5 Star' is clicked on

2023-08-06 15:54:35 - [MESSAGE][PASSED] - Object: 'Object Repository/OB_008_Fms smart Lgout and Feedback/Logout And Feedback/5 Star' is clicked on

2023-08-06 15:54:35 - [TEST_STEP][PASSED] - click(findTestObject("OB_008_Fms smart Lgout and Feedback/Logout And Feedback/Enter name")): Object: 'Object Repository/OB_008_Fms smart Lgout and Feedback/Logout And Feedback/Enter name' is clicked on

2023-08-06 15:54:35 - [MESSAGE][PASSED] - Object: 'Object Repository/OB_008_Fms smart Lgout and Feedback/Logout And Feedback/Enter name' is clicked on

2023-08-06 15:54:35 - [TEST_STEP][PASSED] - setText(findTestObject("OB_008_Fms smart Lgout and Feedback/Logout And Feedback/Enter name"), "Maddy patil"): Text 'Maddy patil' is set on object 'Object Repository/OB_008_Fms smart Lgout and Feedback/Logout And Feedback/Enter name'

2023-08-06 15:54:36 - [MESSAGE][PASSED] - Text 'Maddy patil' is set on object 'Object Repository/OB_008_Fms smart Lgout and Feedback/Logout And Feedback/Enter name'

2023-08-06 15:54:36 - [TEST_STEP][PASSED] - click(findTestObject("OB_008_Fms smart Lgout and Feedback/Logout And Feedback/Enter Email")): Object: 'Object Repository/OB_008_Fms smart Lgout and Feedback/Logout And Feedback/Enter Email' is clicked on

2023-08-06 15:54:37 - [MESSAGE][PASSED] - Object: 'Object Repository/OB_008_Fms smart Lgout and Feedback/Logout And Feedback/Enter Email' is clicked on

2023-08-06 15:54:37 - [TEST_STEP][PASSED] - setText(findTestObject("OB_008_Fms smart Lgout and Feedback/Logout And Feedback/Enter Email"), "maddy@gmail.com"): Text 'maddy@gmail.com' is set on object 'Object Repository/OB_008_Fms smart Lgout and Feedback/Logout And Feedback/Enter Email'

2023-08-06 15:54:38 - [MESSAGE][PASSED] - Text 'maddy@gmail.com' is set on object 'Object Repository/OB_008_Fms smart Lgout and Feedback/Logout And Feedback/Enter Email'

2023-08-06 15:54:38 - [TEST_STEP][PASSED] - click(findTestObject("OB_008_Fms smart Lgout and Feedback/Logout And Feedback/button_Others")): Object: 'Object Repository/OB_008_Fms smart Lgout and Feedback/Logout And Feedback/button_Others' is clicked on

2023-08-06 15:54:39 - [MESSAGE][PASSED] - Object: 'Object Repository/OB_008_Fms smart Lgout and Feedback/Logout And Feedback/button_Others' is clicked on

2023-08-06 15:54:39 - [TEST_STEP][PASSED] - click(findTestObject("OB_008_Fms smart Lgout and Feedback/Logout And Feedback/Description")): Object: 'Object Repository/OB_008_Fms smart Lgout and Feedback/Logout And Feedback/Description' is clicked on

2023-08-06 15:54:39 - [MESSAGE][PASSED] - Object: 'Object Repository/OB_008_Fms smart Lgout and Feedback/Logout And Feedback/Description' is clicked on

2023-08-06 15:54:39 - [TEST_STEP][PASSED] - setText(findTestObject("OB_008_Fms smart Lgout and Feedback/Logout And Feedback/Description"), "Application is very good,it helps lot ,thank you so much for this"): Text 'Application is very good,it helps lot ,thank you so much for this' is set on object 'Object Repository/OB_008_Fms smart Lgout and Feedback/Logout And Feedback/Description'

2023-08-06 15:54:41 - [MESSAGE][PASSED] - Text 'Application is very good,it helps lot ,thank you so much for this' is set on object 'Object Repository/OB_008_Fms smart Lgout and Feedback/Logout And Feedback/Description'

2023-08-06 15:54:41 - [TEST_STEP][PASSED] - click(findTestObject("OB_008_Fms smart Lgout and Feedback/Logout And Feedback/button_Send Feedback")): Object: 'Object Repository/OB_008_Fms smart Lgout and Feedback/Logout And Feedback/button_Send Feedback' is clicked on

2023-08-06 15:55:12 - [MESSAGE][INFO] - Unable to find the element located by 'By.xpath: //div[@id='feedback-modal']/div[2]/form/div[7]/div/button'. Please recheck the objects properties to make sure the desired element is located. 

2023-08-06 15:55:12 - [MESSAGE][WARNING] - [SELF-HEALING] Failed to find element with id 'Object Repository/OB_008_Fms smart Lgout and Feedback/Logout And Feedback/button_Send Feedback'. Try using Self-healing.

2023-08-06 15:55:12 - [MESSAGE][WARNING] - [SELF-HEALING] The current locator of test object 'Object Repository/OB_008_Fms smart Lgout and Feedback/Logout And Feedback/button_Send Feedback' was broken. Propose an alternative one: '(.//*[normalize-space(text()) and normalize-space(.)='Upload'])[1]/following::button[1]'.

2023-08-06 15:55:13 - [MESSAGE][PASSED] - Object: 'Object Repository/OB_008_Fms smart Lgout and Feedback/Logout And Feedback/button_Send Feedback' is clicked on

2023-08-06 15:55:13 - [TEST_STEP][PASSED] - verifyTextPresent("Thank You", false): Text 'Thank You' is present on page 

2023-08-06 15:55:14 - [MESSAGE][PASSED] - Text 'Thank You' is present on page]]></system-out>
         <system-err><![CDATA[]]></system-err>
      </testcase>
      <testcase name="Test Cases/TC_012_FMS_Smart_Upload the Feedack feature" time="33.735" classname="Test Cases/TC_012_FMS_Smart_Upload the Feedack feature" status="PASSED">
         <system-out><![CDATA[2023-08-06 15:55:14 - [TEST_CASE][PASSED] - Test Cases/TC_012_FMS_Smart_Upload the Feedack feature: Test Cases/TC_012_FMS_Smart_Upload the Feedack feature

2023-08-06 15:55:15 - [TEST_STEP][PASSED] - callTestCase(findTestCase("TC_007_FMS_Smart_Verify Login feature"), ["url":"https://ioclfmssmart.tmsitrimble.in/FMSSmartApp/#/login", "username":"11038331", "password":"Nr@747900"], STOP_ON_FAILURE): Call Test Case 'Test Cases/TC_007_FMS_Smart_Verify Login feature' successfully

2023-08-06 15:55:15 - [TEST_CASE][PASSED] - Test Cases/TC_007_FMS_Smart_Verify Login feature: Test Cases/TC_007_FMS_Smart_Verify Login feature

2023-08-06 15:55:15 - [TEST_STEP][PASSED] - openBrowser(url): Browser is opened with url: 'https://ioclfmssmart.tmsitrimble.in/FMSSmartApp/#/login'

2023-08-06 15:55:15 - [MESSAGE][WARNING] - A browser is already opened. Closing browser and opening a new one

2023-08-06 15:55:16 - [MESSAGE][INFO] - Starting 'Chrome' driver

2023-08-06 15:55:16 - [MESSAGE][INFO] - Action delay is set to 0 milliseconds

2023-08-06 15:55:21 - [MESSAGE][PASSED] - Browser is opened with url: 'https://ioclfmssmart.tmsitrimble.in/FMSSmartApp/#/login'

2023-08-06 15:55:21 - [TEST_STEP][PASSED] - maximizeWindow(): Current window maximized

2023-08-06 15:55:21 - [MESSAGE][PASSED] - Current window maximized

2023-08-06 15:55:21 - [TEST_STEP][PASSED] - delay(3): Delayed 3 second(s)

2023-08-06 15:55:24 - [MESSAGE][PASSED] - Delayed 3 second(s)

2023-08-06 15:55:24 - [TEST_STEP][PASSED] - click(findTestObject("OB_005_Login screen_fms smart/login screen/username")): Object: 'Object Repository/OB_005_Login screen_fms smart/login screen/username' is clicked on

2023-08-06 15:55:25 - [MESSAGE][PASSED] - Object: 'Object Repository/OB_005_Login screen_fms smart/login screen/username' is clicked on

2023-08-06 15:55:25 - [TEST_STEP][PASSED] - setText(findTestObject("OB_005_Login screen_fms smart/login screen/username"), username): Text '11038331' is set on object 'Object Repository/OB_005_Login screen_fms smart/login screen/username'

2023-08-06 15:55:25 - [MESSAGE][PASSED] - Text '11038331' is set on object 'Object Repository/OB_005_Login screen_fms smart/login screen/username'

2023-08-06 15:55:25 - [TEST_STEP][PASSED] - click(findTestObject("OB_005_Login screen_fms smart/login screen/Password")): Object: 'Object Repository/OB_005_Login screen_fms smart/login screen/Password' is clicked on

2023-08-06 15:55:26 - [MESSAGE][PASSED] - Object: 'Object Repository/OB_005_Login screen_fms smart/login screen/Password' is clicked on

2023-08-06 15:55:26 - [TEST_STEP][PASSED] - setText(findTestObject("OB_005_Login screen_fms smart/login screen/Password"), password): Text 'Nr@747900' is set on object 'Object Repository/OB_005_Login screen_fms smart/login screen/Password'

2023-08-06 15:55:27 - [MESSAGE][PASSED] - Text 'Nr@747900' is set on object 'Object Repository/OB_005_Login screen_fms smart/login screen/Password'

2023-08-06 15:55:27 - [TEST_STEP][PASSED] - click(findTestObject("OB_005_Login screen_fms smart/login screen/button_Sign in")): Object: 'Object Repository/OB_005_Login screen_fms smart/login screen/button_Sign in' is clicked on

2023-08-06 15:55:27 - [MESSAGE][PASSED] - Object: 'Object Repository/OB_005_Login screen_fms smart/login screen/button_Sign in' is clicked on

2023-08-06 15:55:27 - [TEST_STEP][PASSED] - delay(6): Delayed 6 second(s)

2023-08-06 15:55:33 - [MESSAGE][PASSED] - Delayed 6 second(s)

2023-08-06 15:55:33 - [TEST_STEP][PASSED] - click(findTestObject("OB_005_Login screen_fms smart/login screen/button_ACCEPT AND CLOSE")): Object: 'Object Repository/OB_005_Login screen_fms smart/login screen/button_ACCEPT AND CLOSE' is clicked on

2023-08-06 15:55:34 - [MESSAGE][PASSED] - Object: 'Object Repository/OB_005_Login screen_fms smart/login screen/button_ACCEPT AND CLOSE' is clicked on

2023-08-06 15:55:34 - [TEST_STEP][PASSED] - verifyTextPresent("FMS Smart", false): Text 'FMS Smart' is present on page 

2023-08-06 15:55:36 - [MESSAGE][PASSED] - Text 'FMS Smart' is present on page 

2023-08-06 15:55:36 - [MESSAGE][PASSED] - Call Test Case 'Test Cases/TC_007_FMS_Smart_Verify Login feature' successfully

2023-08-06 15:55:36 - [TEST_STEP][PASSED] - delay(4): Delayed 4 second(s)

2023-08-06 15:55:40 - [MESSAGE][PASSED] - Delayed 4 second(s)

2023-08-06 15:55:40 - [TEST_STEP][PASSED] - click(findTestObject("OB_09_Upload feedback/Page_FMS Smart/FEEDBACK")): Object: 'Object Repository/OB_09_Upload feedback/Page_FMS Smart/FEEDBACK' is clicked on

2023-08-06 15:55:40 - [MESSAGE][PASSED] - Object: 'Object Repository/OB_09_Upload feedback/Page_FMS Smart/FEEDBACK' is clicked on

2023-08-06 15:55:40 - [TEST_STEP][PASSED] - delay(3): Delayed 3 second(s)

2023-08-06 15:55:43 - [MESSAGE][PASSED] - Delayed 3 second(s)

2023-08-06 15:55:43 - [TEST_STEP][PASSED] - click(findTestObject("OB_09_Upload feedback/Page_FMS Smart/Send Feedback")): Object: 'Object Repository/OB_09_Upload feedback/Page_FMS Smart/Send Feedback' is clicked on

2023-08-06 15:55:44 - [MESSAGE][PASSED] - Object: 'Object Repository/OB_09_Upload feedback/Page_FMS Smart/Send Feedback' is clicked on

2023-08-06 15:55:44 - [TEST_STEP][PASSED] - verifyTextPresent("All fields are mandatory", false): Text 'All fields are mandatory' is present on page 

2023-08-06 15:55:44 - [MESSAGE][PASSED] - Text 'All fields are mandatory' is present on page 

2023-08-06 15:55:44 - [TEST_STEP][PASSED] - delay(3): Delayed 3 second(s)

2023-08-06 15:55:47 - [MESSAGE][PASSED] - Delayed 3 second(s)

2023-08-06 15:55:47 - [TEST_STEP][PASSED] - closeBrowser(): Browser is closed

2023-08-06 15:55:48 - [MESSAGE][PASSED] - Browser is closed]]></system-out>
         <system-err><![CDATA[]]></system-err>
      </testcase>
      <system-out><![CDATA[2023-08-06 15:49:52 - [TEST_SUITE][PASSED] - TS_01_FMS_Smart_Web app_Sanity: Test Cases/TC_012_FMS_Smart_Upload the Feedack feature]]></system-out>
      <system-err><![CDATA[]]></system-err>
   </testsuite>
</testsuites>
