<?xml version="1.0" encoding="UTF-8"?>
<testsuites name="TS_005_FMS_SMART_Login feature" time="69.601" tests="1" failures="0" errors="0">
   <testsuite name="TS_005_FMS_SMART_Login feature" tests="1" failures="0" errors="0" time="69.601" skipped="0" timestamp="2023-08-17 12:30:37" hostname="DESKTOP-21ATSCV$ - DESKTOP-21ATSCV" id="Test Suites/TS_005_FMS_SMART_Login feature">
      <properties>
         <property name="deviceName" value=""/>
         <property name="devicePlatform" value=""/>
         <property name="logFolder" value="C:\\Users\\windows 10\\git\\NewRepository\\KatalonGit\\Reports\\20230817_123000\\TS_005_FMS_SMART_Login feature\\20230817_123011"/>
         <property name="logFiles" value="C:\\Users\\windows 10\\git\\NewRepository\\KatalonGit\\Reports\\20230817_123000\\TS_005_FMS_SMART_Login feature\\20230817_123011\\execution0.log"/>
         <property name="attachments" value=""/>
         <property name="hostName" value="DESKTOP-21ATSCV$ - DESKTOP-21ATSCV"/>
         <property name="os" value="Windows 10 64bit"/>
         <property name="katalonVersion" value="8.6.5.208"/>
         <property name="browser" value="Chrome 115.0.0.0"/>
         <property name="hostAddress" value="192.168.1.101"/>
         <property name="sessionId" value="5992aeb1cf405396a59027d5f0e43c9a"/>
         <property name="seleniumVersion" value="3.141.59"/>
         <property name="proxyInformation" value="ProxyInformation { proxyOption=NO_PROXY, proxyServerType=HTTP, username=, password=********, proxyServerAddress=, proxyServerPort=0, executionList=&quot;&quot;, isApplyToDesiredCapabilities=true }"/>
         <property name="platform" value="Windows 10"/>
      </properties>
      <testcase name="Test Cases/TC_007_FMS_Smart_Verify Login feature" time="69.25" classname="Test Cases/TC_007_FMS_Smart_Verify Login feature" status="PASSED">
         <system-out><![CDATA[2023-08-17 12:30:37 - [TEST_CASE][PASSED] - Test Cases/TC_007_FMS_Smart_Verify Login feature: Test Cases/TC_007_FMS_Smart_Verify Login feature

2023-08-17 12:30:38 - [TEST_STEP][PASSED] - openBrowser(url): Browser is opened with url: 'https://ioclfmssmart.tmsitrimble.in/FMSSmartApp/#/login'

2023-08-17 12:30:38 - [MESSAGE][INFO] - Starting 'Chrome' driver

2023-08-17 12:30:38 - [MESSAGE][INFO] - Action delay is set to 0 milliseconds

2023-08-17 12:30:46 - [MESSAGE][PASSED] - Browser is opened with url: 'https://ioclfmssmart.tmsitrimble.in/FMSSmartApp/#/login'

2023-08-17 12:30:46 - [TEST_STEP][PASSED] - maximizeWindow(): Current window maximized

2023-08-17 12:30:46 - [MESSAGE][PASSED] - Current window maximized

2023-08-17 12:30:46 - [TEST_STEP][PASSED] - delay(3): Delayed 3 second(s)

2023-08-17 12:30:49 - [MESSAGE][PASSED] - Delayed 3 second(s)

2023-08-17 12:30:49 - [TEST_STEP][PASSED] - click(findTestObject("OB_005_Login screen_fms smart/login screen/username")): Object: 'Object Repository/OB_005_Login screen_fms smart/login screen/username' is clicked on

2023-08-17 12:30:49 - [MESSAGE][PASSED] - Object: 'Object Repository/OB_005_Login screen_fms smart/login screen/username' is clicked on

2023-08-17 12:30:49 - [TEST_STEP][PASSED] - setText(findTestObject("OB_005_Login screen_fms smart/login screen/username"), username): Text '11038331' is set on object 'Object Repository/OB_005_Login screen_fms smart/login screen/username'

2023-08-17 12:30:50 - [MESSAGE][PASSED] - Text '11038331' is set on object 'Object Repository/OB_005_Login screen_fms smart/login screen/username'

2023-08-17 12:30:50 - [TEST_STEP][PASSED] - click(findTestObject("OB_005_Login screen_fms smart/login screen/Password")): Object: 'Object Repository/OB_005_Login screen_fms smart/login screen/Password' is clicked on

2023-08-17 12:30:51 - [MESSAGE][PASSED] - Object: 'Object Repository/OB_005_Login screen_fms smart/login screen/Password' is clicked on

2023-08-17 12:30:51 - [TEST_STEP][PASSED] - setText(findTestObject("OB_005_Login screen_fms smart/login screen/Password"), password): Text 'Nr@747900' is set on object 'Object Repository/OB_005_Login screen_fms smart/login screen/Password'

2023-08-17 12:30:52 - [MESSAGE][PASSED] - Text 'Nr@747900' is set on object 'Object Repository/OB_005_Login screen_fms smart/login screen/Password'

2023-08-17 12:30:52 - [TEST_STEP][PASSED] - click(findTestObject("OB_005_Login screen_fms smart/login screen/button_Sign in")): Object: 'Object Repository/OB_005_Login screen_fms smart/login screen/button_Sign in' is clicked on

2023-08-17 12:30:52 - [MESSAGE][PASSED] - Object: 'Object Repository/OB_005_Login screen_fms smart/login screen/button_Sign in' is clicked on

2023-08-17 12:30:52 - [TEST_STEP][PASSED] - delay(6): Delayed 6 second(s)

2023-08-17 12:30:58 - [MESSAGE][PASSED] - Delayed 6 second(s)

2023-08-17 12:30:58 - [TEST_STEP][PASSED] - click(findTestObject("OB_005_Login screen_fms smart/login screen/button_ACCEPT AND CLOSE")): Object: 'Object Repository/OB_005_Login screen_fms smart/login screen/button_ACCEPT AND CLOSE' is clicked on

2023-08-17 12:31:28 - [MESSAGE][PASSED] - Object: 'Object Repository/OB_005_Login screen_fms smart/login screen/button_ACCEPT AND CLOSE' is clicked on

2023-08-17 12:31:28 - [TEST_STEP][PASSED] - verifyTextPresent("FMS Smart", false): Text 'FMS Smart' is present on page 

2023-08-17 12:31:46 - [MESSAGE][PASSED] - Text 'FMS Smart' is present on page]]></system-out>
         <system-err><![CDATA[]]></system-err>
      </testcase>
      <system-out><![CDATA[2023-08-17 12:30:37 - [TEST_SUITE][PASSED] - TS_005_FMS_SMART_Login feature: Test Cases/TC_007_FMS_Smart_Verify Login feature]]></system-out>
      <system-err><![CDATA[]]></system-err>
   </testsuite>
</testsuites>
