<?xml version="1.0" encoding="UTF-8"?>
<testsuites name="TS_02_FMS_Smart_Multiplen user login" time="78.39" tests="3" failures="0" errors="0">
   <testsuite name="TS_02_FMS_Smart_Multiplen user login" tests="3" failures="0" errors="0" time="78.39" skipped="0" timestamp="2023-08-08 09:01:16" hostname="DESKTOP-21ATSCV$ - DESKTOP-21ATSCV" id="Test Suites/TS_002_FMS_Smart_web application/TS_02_FMS_Smart_Multiplen user login">
      <properties>
         <property name="deviceName" value=""/>
         <property name="devicePlatform" value=""/>
         <property name="logFolder" value="C:\\Users\\windows 10\\git\\NewRepository\\KatalonGit\\Reports\\20230808_090059\\TS_002_FMS_Smart_web application\\TS_02_FMS_Smart_Multiplen user login\\20230808_090110"/>
         <property name="logFiles" value="C:\\Users\\windows 10\\git\\NewRepository\\KatalonGit\\Reports\\20230808_090059\\TS_002_FMS_Smart_web application\\TS_02_FMS_Smart_Multiplen user login\\20230808_090110\\execution0.log"/>
         <property name="attachments" value=""/>
         <property name="hostName" value="DESKTOP-21ATSCV$ - DESKTOP-21ATSCV"/>
         <property name="os" value="Windows 10 64bit"/>
         <property name="katalonVersion" value="8.6.5.208"/>
         <property name="browser" value="Chrome 115.0.0.0"/>
         <property name="hostAddress" value="192.168.1.102"/>
         <property name="sessionId" value="5250d2455678ee606453451e87708363"/>
         <property name="seleniumVersion" value="3.141.59"/>
         <property name="proxyInformation" value="ProxyInformation { proxyOption=NO_PROXY, proxyServerType=HTTP, username=, password=********, proxyServerAddress=, proxyServerPort=0, executionList=&quot;&quot;, isApplyToDesiredCapabilities=true }"/>
         <property name="platform" value="Windows 10"/>
      </properties>
      <testcase name="Test Cases/TC_013_FMS_Smart_multiple login test" time="32.001" classname="Test Cases/TC_013_FMS_Smart_multiple login test" status="PASSED">
         <system-out><![CDATA[2023-08-08 09:01:17 - [TEST_CASE][PASSED] - Test Cases/TC_013_FMS_Smart_multiple login test: Test Cases/TC_013_FMS_Smart_multiple login test

2023-08-08 09:01:18 - [TEST_STEP][PASSED] - openBrowser(url): Browser is opened with url: 'https://ioclfmssmart.tmsitrimble.in/FMSSmartApp/#/login'

2023-08-08 09:01:19 - [MESSAGE][INFO] - Starting 'Chrome' driver

2023-08-08 09:01:19 - [MESSAGE][INFO] - Action delay is set to 0 milliseconds

2023-08-08 09:01:31 - [MESSAGE][PASSED] - Browser is opened with url: 'https://ioclfmssmart.tmsitrimble.in/FMSSmartApp/#/login'

2023-08-08 09:01:31 - [TEST_STEP][PASSED] - maximizeWindow(): Current window maximized

2023-08-08 09:01:32 - [MESSAGE][PASSED] - Current window maximized

2023-08-08 09:01:32 - [TEST_STEP][PASSED] - delay(4): Delayed 4 second(s)

2023-08-08 09:01:36 - [MESSAGE][PASSED] - Delayed 4 second(s)

2023-08-08 09:01:36 - [TEST_STEP][PASSED] - click(findTestObject("OB_005_Login screen_fms smart/login screen/username")): Object: 'Object Repository/OB_005_Login screen_fms smart/login screen/username' is clicked on

2023-08-08 09:01:36 - [MESSAGE][PASSED] - Object: 'Object Repository/OB_005_Login screen_fms smart/login screen/username' is clicked on

2023-08-08 09:01:36 - [TEST_STEP][PASSED] - setText(findTestObject("OB_005_Login screen_fms smart/login screen/username"), username): Text '11047105' is set on object 'Object Repository/OB_005_Login screen_fms smart/login screen/username'

2023-08-08 09:01:37 - [MESSAGE][PASSED] - Text '11047105' is set on object 'Object Repository/OB_005_Login screen_fms smart/login screen/username'

2023-08-08 09:01:37 - [TEST_STEP][PASSED] - click(findTestObject("OB_005_Login screen_fms smart/login screen/Password")): Object: 'Object Repository/OB_005_Login screen_fms smart/login screen/Password' is clicked on

2023-08-08 09:01:38 - [MESSAGE][PASSED] - Object: 'Object Repository/OB_005_Login screen_fms smart/login screen/Password' is clicked on

2023-08-08 09:01:38 - [TEST_STEP][PASSED] - setText(findTestObject("OB_005_Login screen_fms smart/login screen/Password"), password): Text 'Password@1234' is set on object 'Object Repository/OB_005_Login screen_fms smart/login screen/Password'

2023-08-08 09:01:39 - [MESSAGE][PASSED] - Text 'Password@1234' is set on object 'Object Repository/OB_005_Login screen_fms smart/login screen/Password'

2023-08-08 09:01:39 - [TEST_STEP][PASSED] - click(findTestObject("OB_005_Login screen_fms smart/login screen/button_Sign in")): Object: 'Object Repository/OB_005_Login screen_fms smart/login screen/button_Sign in' is clicked on

2023-08-08 09:01:39 - [MESSAGE][PASSED] - Object: 'Object Repository/OB_005_Login screen_fms smart/login screen/button_Sign in' is clicked on

2023-08-08 09:01:39 - [TEST_STEP][PASSED] - delay(7): Delayed 7 second(s)

2023-08-08 09:01:46 - [MESSAGE][PASSED] - Delayed 7 second(s)

2023-08-08 09:01:46 - [TEST_STEP][PASSED] - click(findTestObject("OB_005_Login screen_fms smart/login screen/button_ACCEPT AND CLOSE")): Object: 'Object Repository/OB_005_Login screen_fms smart/login screen/button_ACCEPT AND CLOSE' is clicked on

2023-08-08 09:01:47 - [MESSAGE][PASSED] - Object: 'Object Repository/OB_005_Login screen_fms smart/login screen/button_ACCEPT AND CLOSE' is clicked on

2023-08-08 09:01:47 - [TEST_STEP][PASSED] - verifyTextPresent("FMS Smart", false): Text 'FMS Smart' is present on page 

2023-08-08 09:01:48 - [MESSAGE][PASSED] - Text 'FMS Smart' is present on page 

2023-08-08 09:01:48 - [TEST_STEP][PASSED] - closeBrowser(): Browser is closed

2023-08-08 09:01:49 - [MESSAGE][PASSED] - Browser is closed]]></system-out>
         <system-err><![CDATA[]]></system-err>
      </testcase>
      <testcase name="Test Cases/TC_013_FMS_Smart_multiple login test" time="23.099" classname="Test Cases/TC_013_FMS_Smart_multiple login test" status="PASSED">
         <system-out><![CDATA[2023-08-08 09:01:49 - [TEST_CASE][PASSED] - Test Cases/TC_013_FMS_Smart_multiple login test: Test Cases/TC_013_FMS_Smart_multiple login test

2023-08-08 09:01:49 - [TEST_STEP][PASSED] - openBrowser(url): Browser is opened with url: 'https://ioclfmssmart.tmsitrimble.in/FMSSmartApp/#/login'

2023-08-08 09:01:49 - [MESSAGE][INFO] - Starting 'Chrome' driver

2023-08-08 09:01:49 - [MESSAGE][INFO] - Action delay is set to 0 milliseconds

2023-08-08 09:01:56 - [MESSAGE][PASSED] - Browser is opened with url: 'https://ioclfmssmart.tmsitrimble.in/FMSSmartApp/#/login'

2023-08-08 09:01:56 - [TEST_STEP][PASSED] - maximizeWindow(): Current window maximized

2023-08-08 09:01:56 - [MESSAGE][PASSED] - Current window maximized

2023-08-08 09:01:56 - [TEST_STEP][PASSED] - delay(4): Delayed 4 second(s)

2023-08-08 09:02:00 - [MESSAGE][PASSED] - Delayed 4 second(s)

2023-08-08 09:02:00 - [TEST_STEP][PASSED] - click(findTestObject("OB_005_Login screen_fms smart/login screen/username")): Object: 'Object Repository/OB_005_Login screen_fms smart/login screen/username' is clicked on

2023-08-08 09:02:01 - [MESSAGE][PASSED] - Object: 'Object Repository/OB_005_Login screen_fms smart/login screen/username' is clicked on

2023-08-08 09:02:01 - [TEST_STEP][PASSED] - setText(findTestObject("OB_005_Login screen_fms smart/login screen/username"), username): Text '11048462' is set on object 'Object Repository/OB_005_Login screen_fms smart/login screen/username'

2023-08-08 09:02:02 - [MESSAGE][PASSED] - Text '11048462' is set on object 'Object Repository/OB_005_Login screen_fms smart/login screen/username'

2023-08-08 09:02:02 - [TEST_STEP][PASSED] - click(findTestObject("OB_005_Login screen_fms smart/login screen/Password")): Object: 'Object Repository/OB_005_Login screen_fms smart/login screen/Password' is clicked on

2023-08-08 09:02:02 - [MESSAGE][PASSED] - Object: 'Object Repository/OB_005_Login screen_fms smart/login screen/Password' is clicked on

2023-08-08 09:02:02 - [TEST_STEP][PASSED] - setText(findTestObject("OB_005_Login screen_fms smart/login screen/Password"), password): Text 'Password@1' is set on object 'Object Repository/OB_005_Login screen_fms smart/login screen/Password'

2023-08-08 09:02:03 - [MESSAGE][PASSED] - Text 'Password@1' is set on object 'Object Repository/OB_005_Login screen_fms smart/login screen/Password'

2023-08-08 09:02:03 - [TEST_STEP][PASSED] - click(findTestObject("OB_005_Login screen_fms smart/login screen/button_Sign in")): Object: 'Object Repository/OB_005_Login screen_fms smart/login screen/button_Sign in' is clicked on

2023-08-08 09:02:03 - [MESSAGE][PASSED] - Object: 'Object Repository/OB_005_Login screen_fms smart/login screen/button_Sign in' is clicked on

2023-08-08 09:02:03 - [TEST_STEP][PASSED] - delay(7): Delayed 7 second(s)

2023-08-08 09:02:10 - [MESSAGE][PASSED] - Delayed 7 second(s)

2023-08-08 09:02:10 - [TEST_STEP][PASSED] - click(findTestObject("OB_005_Login screen_fms smart/login screen/button_ACCEPT AND CLOSE")): Object: 'Object Repository/OB_005_Login screen_fms smart/login screen/button_ACCEPT AND CLOSE' is clicked on

2023-08-08 09:02:11 - [MESSAGE][PASSED] - Object: 'Object Repository/OB_005_Login screen_fms smart/login screen/button_ACCEPT AND CLOSE' is clicked on

2023-08-08 09:02:11 - [TEST_STEP][PASSED] - verifyTextPresent("FMS Smart", false): Text 'FMS Smart' is present on page 

2023-08-08 09:02:12 - [MESSAGE][PASSED] - Text 'FMS Smart' is present on page 

2023-08-08 09:02:12 - [TEST_STEP][PASSED] - closeBrowser(): Browser is closed

2023-08-08 09:02:12 - [MESSAGE][PASSED] - Browser is closed]]></system-out>
         <system-err><![CDATA[]]></system-err>
      </testcase>
      <testcase name="Test Cases/TC_013_FMS_Smart_multiple login test" time="22.477" classname="Test Cases/TC_013_FMS_Smart_multiple login test" status="PASSED">
         <system-out><![CDATA[2023-08-08 09:02:12 - [TEST_CASE][PASSED] - Test Cases/TC_013_FMS_Smart_multiple login test: Test Cases/TC_013_FMS_Smart_multiple login test

2023-08-08 09:02:12 - [TEST_STEP][PASSED] - openBrowser(url): Browser is opened with url: 'https://ioclfmssmart.tmsitrimble.in/FMSSmartApp/#/login'

2023-08-08 09:02:12 - [MESSAGE][INFO] - Starting 'Chrome' driver

2023-08-08 09:02:12 - [MESSAGE][INFO] - Action delay is set to 0 milliseconds

2023-08-08 09:02:18 - [MESSAGE][PASSED] - Browser is opened with url: 'https://ioclfmssmart.tmsitrimble.in/FMSSmartApp/#/login'

2023-08-08 09:02:18 - [TEST_STEP][PASSED] - maximizeWindow(): Current window maximized

2023-08-08 09:02:19 - [MESSAGE][PASSED] - Current window maximized

2023-08-08 09:02:19 - [TEST_STEP][PASSED] - delay(4): Delayed 4 second(s)

2023-08-08 09:02:23 - [MESSAGE][PASSED] - Delayed 4 second(s)

2023-08-08 09:02:23 - [TEST_STEP][PASSED] - click(findTestObject("OB_005_Login screen_fms smart/login screen/username")): Object: 'Object Repository/OB_005_Login screen_fms smart/login screen/username' is clicked on

2023-08-08 09:02:23 - [MESSAGE][PASSED] - Object: 'Object Repository/OB_005_Login screen_fms smart/login screen/username' is clicked on

2023-08-08 09:02:23 - [TEST_STEP][PASSED] - setText(findTestObject("OB_005_Login screen_fms smart/login screen/username"), username): Text '11038331' is set on object 'Object Repository/OB_005_Login screen_fms smart/login screen/username'

2023-08-08 09:02:24 - [MESSAGE][PASSED] - Text '11038331' is set on object 'Object Repository/OB_005_Login screen_fms smart/login screen/username'

2023-08-08 09:02:24 - [TEST_STEP][PASSED] - click(findTestObject("OB_005_Login screen_fms smart/login screen/Password")): Object: 'Object Repository/OB_005_Login screen_fms smart/login screen/Password' is clicked on

2023-08-08 09:02:24 - [MESSAGE][PASSED] - Object: 'Object Repository/OB_005_Login screen_fms smart/login screen/Password' is clicked on

2023-08-08 09:02:24 - [TEST_STEP][PASSED] - setText(findTestObject("OB_005_Login screen_fms smart/login screen/Password"), password): Text 'Nr@747900' is set on object 'Object Repository/OB_005_Login screen_fms smart/login screen/Password'

2023-08-08 09:02:25 - [MESSAGE][PASSED] - Text 'Nr@747900' is set on object 'Object Repository/OB_005_Login screen_fms smart/login screen/Password'

2023-08-08 09:02:25 - [TEST_STEP][PASSED] - click(findTestObject("OB_005_Login screen_fms smart/login screen/button_Sign in")): Object: 'Object Repository/OB_005_Login screen_fms smart/login screen/button_Sign in' is clicked on

2023-08-08 09:02:26 - [MESSAGE][PASSED] - Object: 'Object Repository/OB_005_Login screen_fms smart/login screen/button_Sign in' is clicked on

2023-08-08 09:02:26 - [TEST_STEP][PASSED] - delay(7): Delayed 7 second(s)

2023-08-08 09:02:33 - [MESSAGE][PASSED] - Delayed 7 second(s)

2023-08-08 09:02:33 - [TEST_STEP][PASSED] - click(findTestObject("OB_005_Login screen_fms smart/login screen/button_ACCEPT AND CLOSE")): Object: 'Object Repository/OB_005_Login screen_fms smart/login screen/button_ACCEPT AND CLOSE' is clicked on

2023-08-08 09:02:33 - [MESSAGE][PASSED] - Object: 'Object Repository/OB_005_Login screen_fms smart/login screen/button_ACCEPT AND CLOSE' is clicked on

2023-08-08 09:02:33 - [TEST_STEP][PASSED] - verifyTextPresent("FMS Smart", false): Text 'FMS Smart' is present on page 

2023-08-08 09:02:34 - [MESSAGE][PASSED] - Text 'FMS Smart' is present on page 

2023-08-08 09:02:34 - [TEST_STEP][PASSED] - closeBrowser(): Browser is closed

2023-08-08 09:02:35 - [MESSAGE][PASSED] - Browser is closed]]></system-out>
         <system-err><![CDATA[]]></system-err>
      </testcase>
      <system-out><![CDATA[2023-08-08 09:01:16 - [TEST_SUITE][PASSED] - TS_02_FMS_Smart_Multiplen user login: Test Cases/TC_013_FMS_Smart_multiple login test]]></system-out>
      <system-err><![CDATA[]]></system-err>
   </testsuite>
</testsuites>
