<?xml version="1.0" encoding="UTF-8"?>
<testsuites name="TS_02_FMS_Smart_Multiplen user login" time="75.56" tests="3" failures="0" errors="0">
   <testsuite name="TS_02_FMS_Smart_Multiplen user login" tests="3" failures="0" errors="0" time="75.56" skipped="0" timestamp="2023-08-06 16:47:59" hostname="DESKTOP-21ATSCV$ - DESKTOP-21ATSCV" id="Test Suites/TS_002_FMS_Smart_web application/TS_02_FMS_Smart_Multiplen user login">
      <properties>
         <property name="deviceName" value=""/>
         <property name="devicePlatform" value=""/>
         <property name="logFolder" value="C:\\Users\\windows 10\\git\\NewRepository\\KatalonGit\\Reports\\20230806_164746\\TS_002_FMS_Smart_web application\\TS_02_FMS_Smart_Multiplen user login\\20230806_164755"/>
         <property name="logFiles" value="C:\\Users\\windows 10\\git\\NewRepository\\KatalonGit\\Reports\\20230806_164746\\TS_002_FMS_Smart_web application\\TS_02_FMS_Smart_Multiplen user login\\20230806_164755\\execution0.log"/>
         <property name="attachments" value=""/>
         <property name="hostName" value="DESKTOP-21ATSCV$ - DESKTOP-21ATSCV"/>
         <property name="os" value="Windows 10 64bit"/>
         <property name="katalonVersion" value="8.6.5.208"/>
         <property name="browser" value="Chrome 115.0.0.0"/>
         <property name="hostAddress" value="192.168.1.102"/>
         <property name="sessionId" value="c9423f011cdca0c60db84e61bbbc55e8"/>
         <property name="seleniumVersion" value="3.141.59"/>
         <property name="proxyInformation" value="ProxyInformation { proxyOption=NO_PROXY, proxyServerType=HTTP, username=, password=********, proxyServerAddress=, proxyServerPort=0, executionList=&quot;&quot;, isApplyToDesiredCapabilities=true }"/>
         <property name="platform" value="Windows 10"/>
      </properties>
      <testcase name="Test Cases/TC_013_FMS_Smart_multiple login test" time="27.702" classname="Test Cases/TC_013_FMS_Smart_multiple login test" status="PASSED">
         <system-out><![CDATA[2023-08-06 16:47:59 - [TEST_CASE][PASSED] - Test Cases/TC_013_FMS_Smart_multiple login test: Test Cases/TC_013_FMS_Smart_multiple login test

2023-08-06 16:48:00 - [TEST_STEP][PASSED] - openBrowser(url): Browser is opened with url: 'https://ioclfmssmart.tmsitrimble.in/FMSSmartApp/#/login'

2023-08-06 16:48:00 - [MESSAGE][INFO] - Starting 'Chrome' driver

2023-08-06 16:48:00 - [MESSAGE][INFO] - Action delay is set to 0 milliseconds

2023-08-06 16:48:11 - [MESSAGE][PASSED] - Browser is opened with url: 'https://ioclfmssmart.tmsitrimble.in/FMSSmartApp/#/login'

2023-08-06 16:48:11 - [TEST_STEP][PASSED] - maximizeWindow(): Current window maximized

2023-08-06 16:48:11 - [MESSAGE][PASSED] - Current window maximized

2023-08-06 16:48:11 - [TEST_STEP][PASSED] - delay(4): Delayed 4 second(s)

2023-08-06 16:48:15 - [MESSAGE][PASSED] - Delayed 4 second(s)

2023-08-06 16:48:15 - [TEST_STEP][PASSED] - click(findTestObject("OB_005_Login screen_fms smart/login screen/username")): Object: 'Object Repository/OB_005_Login screen_fms smart/login screen/username' is clicked on

2023-08-06 16:48:16 - [MESSAGE][PASSED] - Object: 'Object Repository/OB_005_Login screen_fms smart/login screen/username' is clicked on

2023-08-06 16:48:16 - [TEST_STEP][PASSED] - setText(findTestObject("OB_005_Login screen_fms smart/login screen/username"), username): Text '11047105' is set on object 'Object Repository/OB_005_Login screen_fms smart/login screen/username'

2023-08-06 16:48:16 - [MESSAGE][PASSED] - Text '11047105' is set on object 'Object Repository/OB_005_Login screen_fms smart/login screen/username'

2023-08-06 16:48:16 - [TEST_STEP][PASSED] - click(findTestObject("OB_005_Login screen_fms smart/login screen/Password")): Object: 'Object Repository/OB_005_Login screen_fms smart/login screen/Password' is clicked on

2023-08-06 16:48:17 - [MESSAGE][PASSED] - Object: 'Object Repository/OB_005_Login screen_fms smart/login screen/Password' is clicked on

2023-08-06 16:48:17 - [TEST_STEP][PASSED] - setText(findTestObject("OB_005_Login screen_fms smart/login screen/Password"), password): Text 'Password@1234' is set on object 'Object Repository/OB_005_Login screen_fms smart/login screen/Password'

2023-08-06 16:48:18 - [MESSAGE][PASSED] - Text 'Password@1234' is set on object 'Object Repository/OB_005_Login screen_fms smart/login screen/Password'

2023-08-06 16:48:18 - [TEST_STEP][PASSED] - click(findTestObject("OB_005_Login screen_fms smart/login screen/button_Sign in")): Object: 'Object Repository/OB_005_Login screen_fms smart/login screen/button_Sign in' is clicked on

2023-08-06 16:48:18 - [MESSAGE][PASSED] - Object: 'Object Repository/OB_005_Login screen_fms smart/login screen/button_Sign in' is clicked on

2023-08-06 16:48:18 - [TEST_STEP][PASSED] - delay(7): Delayed 7 second(s)

2023-08-06 16:48:25 - [MESSAGE][PASSED] - Delayed 7 second(s)

2023-08-06 16:48:25 - [TEST_STEP][PASSED] - click(findTestObject("OB_005_Login screen_fms smart/login screen/button_ACCEPT AND CLOSE")): Object: 'Object Repository/OB_005_Login screen_fms smart/login screen/button_ACCEPT AND CLOSE' is clicked on

2023-08-06 16:48:26 - [MESSAGE][PASSED] - Object: 'Object Repository/OB_005_Login screen_fms smart/login screen/button_ACCEPT AND CLOSE' is clicked on

2023-08-06 16:48:26 - [TEST_STEP][PASSED] - verifyTextPresent("FMS Smart", false): Text 'FMS Smart' is present on page 

2023-08-06 16:48:26 - [MESSAGE][PASSED] - Text 'FMS Smart' is present on page 

2023-08-06 16:48:26 - [TEST_STEP][PASSED] - closeBrowser(): Browser is closed

2023-08-06 16:48:27 - [MESSAGE][PASSED] - Browser is closed]]></system-out>
         <system-err><![CDATA[]]></system-err>
      </testcase>
      <testcase name="Test Cases/TC_013_FMS_Smart_multiple login test" time="23.573" classname="Test Cases/TC_013_FMS_Smart_multiple login test" status="PASSED">
         <system-out><![CDATA[2023-08-06 16:48:27 - [TEST_CASE][PASSED] - Test Cases/TC_013_FMS_Smart_multiple login test: Test Cases/TC_013_FMS_Smart_multiple login test

2023-08-06 16:48:27 - [TEST_STEP][PASSED] - openBrowser(url): Browser is opened with url: 'https://ioclfmssmart.tmsitrimble.in/FMSSmartApp/#/login'

2023-08-06 16:48:27 - [MESSAGE][INFO] - Starting 'Chrome' driver

2023-08-06 16:48:27 - [MESSAGE][INFO] - Action delay is set to 0 milliseconds

2023-08-06 16:48:35 - [MESSAGE][PASSED] - Browser is opened with url: 'https://ioclfmssmart.tmsitrimble.in/FMSSmartApp/#/login'

2023-08-06 16:48:35 - [TEST_STEP][PASSED] - maximizeWindow(): Current window maximized

2023-08-06 16:48:35 - [MESSAGE][PASSED] - Current window maximized

2023-08-06 16:48:35 - [TEST_STEP][PASSED] - delay(4): Delayed 4 second(s)

2023-08-06 16:48:39 - [MESSAGE][PASSED] - Delayed 4 second(s)

2023-08-06 16:48:39 - [TEST_STEP][PASSED] - click(findTestObject("OB_005_Login screen_fms smart/login screen/username")): Object: 'Object Repository/OB_005_Login screen_fms smart/login screen/username' is clicked on

2023-08-06 16:48:39 - [MESSAGE][PASSED] - Object: 'Object Repository/OB_005_Login screen_fms smart/login screen/username' is clicked on

2023-08-06 16:48:39 - [TEST_STEP][PASSED] - setText(findTestObject("OB_005_Login screen_fms smart/login screen/username"), username): Text '11048462' is set on object 'Object Repository/OB_005_Login screen_fms smart/login screen/username'

2023-08-06 16:48:40 - [MESSAGE][PASSED] - Text '11048462' is set on object 'Object Repository/OB_005_Login screen_fms smart/login screen/username'

2023-08-06 16:48:40 - [TEST_STEP][PASSED] - click(findTestObject("OB_005_Login screen_fms smart/login screen/Password")): Object: 'Object Repository/OB_005_Login screen_fms smart/login screen/Password' is clicked on

2023-08-06 16:48:41 - [MESSAGE][PASSED] - Object: 'Object Repository/OB_005_Login screen_fms smart/login screen/Password' is clicked on

2023-08-06 16:48:41 - [TEST_STEP][PASSED] - setText(findTestObject("OB_005_Login screen_fms smart/login screen/Password"), password): Text 'Password@1' is set on object 'Object Repository/OB_005_Login screen_fms smart/login screen/Password'

2023-08-06 16:48:41 - [MESSAGE][PASSED] - Text 'Password@1' is set on object 'Object Repository/OB_005_Login screen_fms smart/login screen/Password'

2023-08-06 16:48:41 - [TEST_STEP][PASSED] - click(findTestObject("OB_005_Login screen_fms smart/login screen/button_Sign in")): Object: 'Object Repository/OB_005_Login screen_fms smart/login screen/button_Sign in' is clicked on

2023-08-06 16:48:42 - [MESSAGE][PASSED] - Object: 'Object Repository/OB_005_Login screen_fms smart/login screen/button_Sign in' is clicked on

2023-08-06 16:48:42 - [TEST_STEP][PASSED] - delay(7): Delayed 7 second(s)

2023-08-06 16:48:49 - [MESSAGE][PASSED] - Delayed 7 second(s)

2023-08-06 16:48:49 - [TEST_STEP][PASSED] - click(findTestObject("OB_005_Login screen_fms smart/login screen/button_ACCEPT AND CLOSE")): Object: 'Object Repository/OB_005_Login screen_fms smart/login screen/button_ACCEPT AND CLOSE' is clicked on

2023-08-06 16:48:49 - [MESSAGE][PASSED] - Object: 'Object Repository/OB_005_Login screen_fms smart/login screen/button_ACCEPT AND CLOSE' is clicked on

2023-08-06 16:48:49 - [TEST_STEP][PASSED] - verifyTextPresent("FMS Smart", false): Text 'FMS Smart' is present on page 

2023-08-06 16:48:50 - [MESSAGE][PASSED] - Text 'FMS Smart' is present on page 

2023-08-06 16:48:50 - [TEST_STEP][PASSED] - closeBrowser(): Browser is closed

2023-08-06 16:48:51 - [MESSAGE][PASSED] - Browser is closed]]></system-out>
         <system-err><![CDATA[]]></system-err>
      </testcase>
      <testcase name="Test Cases/TC_013_FMS_Smart_multiple login test" time="23.654" classname="Test Cases/TC_013_FMS_Smart_multiple login test" status="PASSED">
         <system-out><![CDATA[2023-08-06 16:48:51 - [TEST_CASE][PASSED] - Test Cases/TC_013_FMS_Smart_multiple login test: Test Cases/TC_013_FMS_Smart_multiple login test

2023-08-06 16:48:51 - [TEST_STEP][PASSED] - openBrowser(url): Browser is opened with url: 'https://ioclfmssmart.tmsitrimble.in/FMSSmartApp/#/login'

2023-08-06 16:48:51 - [MESSAGE][INFO] - Starting 'Chrome' driver

2023-08-06 16:48:51 - [MESSAGE][INFO] - Action delay is set to 0 milliseconds

2023-08-06 16:48:58 - [MESSAGE][PASSED] - Browser is opened with url: 'https://ioclfmssmart.tmsitrimble.in/FMSSmartApp/#/login'

2023-08-06 16:48:58 - [TEST_STEP][PASSED] - maximizeWindow(): Current window maximized

2023-08-06 16:48:59 - [MESSAGE][PASSED] - Current window maximized

2023-08-06 16:48:59 - [TEST_STEP][PASSED] - delay(4): Delayed 4 second(s)

2023-08-06 16:49:03 - [MESSAGE][PASSED] - Delayed 4 second(s)

2023-08-06 16:49:03 - [TEST_STEP][PASSED] - click(findTestObject("OB_005_Login screen_fms smart/login screen/username")): Object: 'Object Repository/OB_005_Login screen_fms smart/login screen/username' is clicked on

2023-08-06 16:49:03 - [MESSAGE][PASSED] - Object: 'Object Repository/OB_005_Login screen_fms smart/login screen/username' is clicked on

2023-08-06 16:49:03 - [TEST_STEP][PASSED] - setText(findTestObject("OB_005_Login screen_fms smart/login screen/username"), username): Text '11038331' is set on object 'Object Repository/OB_005_Login screen_fms smart/login screen/username'

2023-08-06 16:49:04 - [MESSAGE][PASSED] - Text '11038331' is set on object 'Object Repository/OB_005_Login screen_fms smart/login screen/username'

2023-08-06 16:49:04 - [TEST_STEP][PASSED] - click(findTestObject("OB_005_Login screen_fms smart/login screen/Password")): Object: 'Object Repository/OB_005_Login screen_fms smart/login screen/Password' is clicked on

2023-08-06 16:49:04 - [MESSAGE][PASSED] - Object: 'Object Repository/OB_005_Login screen_fms smart/login screen/Password' is clicked on

2023-08-06 16:49:04 - [TEST_STEP][PASSED] - setText(findTestObject("OB_005_Login screen_fms smart/login screen/Password"), password): Text 'Nr@747900' is set on object 'Object Repository/OB_005_Login screen_fms smart/login screen/Password'

2023-08-06 16:49:05 - [MESSAGE][PASSED] - Text 'Nr@747900' is set on object 'Object Repository/OB_005_Login screen_fms smart/login screen/Password'

2023-08-06 16:49:05 - [TEST_STEP][PASSED] - click(findTestObject("OB_005_Login screen_fms smart/login screen/button_Sign in")): Object: 'Object Repository/OB_005_Login screen_fms smart/login screen/button_Sign in' is clicked on

2023-08-06 16:49:05 - [MESSAGE][PASSED] - Object: 'Object Repository/OB_005_Login screen_fms smart/login screen/button_Sign in' is clicked on

2023-08-06 16:49:05 - [TEST_STEP][PASSED] - delay(7): Delayed 7 second(s)

2023-08-06 16:49:12 - [MESSAGE][PASSED] - Delayed 7 second(s)

2023-08-06 16:49:12 - [TEST_STEP][PASSED] - click(findTestObject("OB_005_Login screen_fms smart/login screen/button_ACCEPT AND CLOSE")): Object: 'Object Repository/OB_005_Login screen_fms smart/login screen/button_ACCEPT AND CLOSE' is clicked on

2023-08-06 16:49:13 - [MESSAGE][PASSED] - Object: 'Object Repository/OB_005_Login screen_fms smart/login screen/button_ACCEPT AND CLOSE' is clicked on

2023-08-06 16:49:13 - [TEST_STEP][PASSED] - verifyTextPresent("FMS Smart", false): Text 'FMS Smart' is present on page 

2023-08-06 16:49:14 - [MESSAGE][PASSED] - Text 'FMS Smart' is present on page 

2023-08-06 16:49:14 - [TEST_STEP][PASSED] - closeBrowser(): Browser is closed

2023-08-06 16:49:14 - [MESSAGE][PASSED] - Browser is closed]]></system-out>
         <system-err><![CDATA[]]></system-err>
      </testcase>
      <system-out><![CDATA[2023-08-06 16:47:59 - [TEST_SUITE][PASSED] - TS_02_FMS_Smart_Multiplen user login: Test Cases/TC_013_FMS_Smart_multiple login test]]></system-out>
      <system-err><![CDATA[]]></system-err>
   </testsuite>
</testsuites>
