<?xml version="1.0" encoding="UTF-8"?>
<testsuites name="TS_007_FMS_SMART_BASIC_SANITY" time="198.104" tests="3" failures="0" errors="0">
   <testsuite name="TS_007_FMS_SMART_BASIC_SANITY" tests="3" failures="0" errors="0" time="198.104" skipped="0" timestamp="2023-08-18 14:56:55" hostname="DESKTOP-21ATSCV$ - DESKTOP-21ATSCV" id="Test Suites/TEST_SUIT_02_FMS_SMART_WEB_APP/TS_007_FMS_SMART_BASIC_SANITY">
      <properties>
         <property name="deviceName" value=""/>
         <property name="devicePlatform" value=""/>
         <property name="logFolder" value="C:\\Users\\windows 10\\git\\NewRepository\\KatalonGit\\Reports\\20230818_145642\\TEST_SUIT_02_FMS_SMART_WEB_APP\\TS_007_FMS_SMART_BASIC_SANITY\\20230818_145650"/>
         <property name="logFiles" value="C:\\Users\\windows 10\\git\\NewRepository\\KatalonGit\\Reports\\20230818_145642\\TEST_SUIT_02_FMS_SMART_WEB_APP\\TS_007_FMS_SMART_BASIC_SANITY\\20230818_145650\\execution0.log"/>
         <property name="attachments" value=""/>
         <property name="hostName" value="DESKTOP-21ATSCV$ - DESKTOP-21ATSCV"/>
         <property name="os" value="Windows 10 64bit"/>
         <property name="katalonVersion" value="8.6.5.208"/>
         <property name="browser" value="Chrome 115.0.0.0"/>
         <property name="hostAddress" value="192.168.1.101"/>
         <property name="sessionId" value="eb3afba10252a3be13a4431ec7dcf1ba"/>
         <property name="seleniumVersion" value="3.141.59"/>
         <property name="proxyInformation" value="ProxyInformation { proxyOption=NO_PROXY, proxyServerType=HTTP, username=, password=********, proxyServerAddress=, proxyServerPort=0, executionList=&quot;&quot;, isApplyToDesiredCapabilities=true }"/>
         <property name="platform" value="Windows 10"/>
      </properties>
      <testcase name="Test Cases/APP_02_FMS_SMART_WEB_APP/TC_012_FMS_Smart_Upload the Feedack feature" time="39.931" classname="Test Cases/APP_02_FMS_SMART_WEB_APP/TC_012_FMS_Smart_Upload the Feedack feature" status="PASSED">
         <system-out><![CDATA[2023-08-18 14:56:55 - [TEST_CASE][PASSED] - Test Cases/APP_02_FMS_SMART_WEB_APP/TC_012_FMS_Smart_Upload the Feedack feature: Test Cases/APP_02_FMS_SMART_WEB_APP/TC_012_FMS_Smart_Upload the Feedack feature

2023-08-18 14:56:56 - [TEST_STEP][PASSED] - callTestCase(findTestCase("APP_02_FMS_SMART_WEB_APP/TC_007_FMS_Smart_Verify Login feature"), ["url":"https://ioclfmssmart.tmsitrimble.in/FMSSmartApp/#/login", "username":"11038331", "password":"Nr@747900"], STOP_ON_FAILURE): Call Test Case 'Test Cases/APP_02_FMS_SMART_WEB_APP/TC_007_FMS_Smart_Verify Login feature' successfully

2023-08-18 14:56:56 - [TEST_CASE][PASSED] - Test Cases/APP_02_FMS_SMART_WEB_APP/TC_007_FMS_Smart_Verify Login feature: Test Cases/APP_02_FMS_SMART_WEB_APP/TC_007_FMS_Smart_Verify Login feature

2023-08-18 14:56:56 - [TEST_STEP][PASSED] - openBrowser(url): Browser is opened with url: 'https://ioclfmssmart.tmsitrimble.in/FMSSmartApp/#/login'

2023-08-18 14:56:57 - [MESSAGE][INFO] - Starting 'Chrome' driver

2023-08-18 14:56:57 - [MESSAGE][INFO] - Action delay is set to 0 milliseconds

2023-08-18 14:57:03 - [MESSAGE][PASSED] - Browser is opened with url: 'https://ioclfmssmart.tmsitrimble.in/FMSSmartApp/#/login'

2023-08-18 14:57:03 - [TEST_STEP][PASSED] - maximizeWindow(): Current window maximized

2023-08-18 14:57:04 - [MESSAGE][PASSED] - Current window maximized

2023-08-18 14:57:04 - [TEST_STEP][PASSED] - delay(3): Delayed 3 second(s)

2023-08-18 14:57:07 - [MESSAGE][PASSED] - Delayed 3 second(s)

2023-08-18 14:57:07 - [TEST_STEP][PASSED] - click(findTestObject("OB_005_Login screen_fms smart/login screen/username")): Object: 'Object Repository/OB_005_Login screen_fms smart/login screen/username' is clicked on

2023-08-18 14:57:07 - [MESSAGE][PASSED] - Object: 'Object Repository/OB_005_Login screen_fms smart/login screen/username' is clicked on

2023-08-18 14:57:07 - [TEST_STEP][PASSED] - setText(findTestObject("OB_005_Login screen_fms smart/login screen/username"), username): Text '11038331' is set on object 'Object Repository/OB_005_Login screen_fms smart/login screen/username'

2023-08-18 14:57:08 - [MESSAGE][PASSED] - Text '11038331' is set on object 'Object Repository/OB_005_Login screen_fms smart/login screen/username'

2023-08-18 14:57:08 - [TEST_STEP][PASSED] - click(findTestObject("OB_005_Login screen_fms smart/login screen/Password")): Object: 'Object Repository/OB_005_Login screen_fms smart/login screen/Password' is clicked on

2023-08-18 14:57:08 - [MESSAGE][PASSED] - Object: 'Object Repository/OB_005_Login screen_fms smart/login screen/Password' is clicked on

2023-08-18 14:57:08 - [TEST_STEP][PASSED] - setText(findTestObject("OB_005_Login screen_fms smart/login screen/Password"), password): Text 'Nr@747900' is set on object 'Object Repository/OB_005_Login screen_fms smart/login screen/Password'

2023-08-18 14:57:09 - [MESSAGE][PASSED] - Text 'Nr@747900' is set on object 'Object Repository/OB_005_Login screen_fms smart/login screen/Password'

2023-08-18 14:57:09 - [TEST_STEP][PASSED] - click(findTestObject("OB_005_Login screen_fms smart/login screen/button_Sign in")): Object: 'Object Repository/OB_005_Login screen_fms smart/login screen/button_Sign in' is clicked on

2023-08-18 14:57:09 - [MESSAGE][PASSED] - Object: 'Object Repository/OB_005_Login screen_fms smart/login screen/button_Sign in' is clicked on

2023-08-18 14:57:09 - [TEST_STEP][PASSED] - delay(6): Delayed 6 second(s)

2023-08-18 14:57:15 - [MESSAGE][PASSED] - Delayed 6 second(s)

2023-08-18 14:57:15 - [TEST_STEP][PASSED] - click(findTestObject("OB_005_Login screen_fms smart/login screen/button_ACCEPT AND CLOSE")): Object: 'Object Repository/OB_005_Login screen_fms smart/login screen/button_ACCEPT AND CLOSE' is clicked on

2023-08-18 14:57:23 - [MESSAGE][PASSED] - Object: 'Object Repository/OB_005_Login screen_fms smart/login screen/button_ACCEPT AND CLOSE' is clicked on

2023-08-18 14:57:23 - [TEST_STEP][PASSED] - verifyTextPresent("FMS Smart", false): Text 'FMS Smart' is present on page 

2023-08-18 14:57:23 - [MESSAGE][PASSED] - Text 'FMS Smart' is present on page 

2023-08-18 14:57:23 - [MESSAGE][PASSED] - Call Test Case 'Test Cases/APP_02_FMS_SMART_WEB_APP/TC_007_FMS_Smart_Verify Login feature' successfully

2023-08-18 14:57:23 - [TEST_STEP][PASSED] - delay(4): Delayed 4 second(s)

2023-08-18 14:57:27 - [MESSAGE][PASSED] - Delayed 4 second(s)

2023-08-18 14:57:27 - [TEST_STEP][PASSED] - click(findTestObject("OB_009_Upload feedback/Page_FMS Smart/FEEDBACK")): Object: 'Object Repository/OB_009_Upload feedback/Page_FMS Smart/FEEDBACK' is clicked on

2023-08-18 14:57:28 - [MESSAGE][PASSED] - Object: 'Object Repository/OB_009_Upload feedback/Page_FMS Smart/FEEDBACK' is clicked on

2023-08-18 14:57:28 - [TEST_STEP][PASSED] - delay(3): Delayed 3 second(s)

2023-08-18 14:57:31 - [MESSAGE][PASSED] - Delayed 3 second(s)

2023-08-18 14:57:31 - [TEST_STEP][PASSED] - click(findTestObject("OB_009_Upload feedback/Page_FMS Smart/Send Feedback")): Object: 'Object Repository/OB_009_Upload feedback/Page_FMS Smart/Send Feedback' is clicked on

2023-08-18 14:57:31 - [MESSAGE][PASSED] - Object: 'Object Repository/OB_009_Upload feedback/Page_FMS Smart/Send Feedback' is clicked on

2023-08-18 14:57:31 - [TEST_STEP][PASSED] - verifyTextPresent("All fields are mandatory", false): Text 'All fields are mandatory' is present on page 

2023-08-18 14:57:32 - [MESSAGE][PASSED] - Text 'All fields are mandatory' is present on page 

2023-08-18 14:57:32 - [TEST_STEP][PASSED] - delay(3): Delayed 3 second(s)

2023-08-18 14:57:35 - [MESSAGE][PASSED] - Delayed 3 second(s)

2023-08-18 14:57:35 - [TEST_STEP][PASSED] - closeBrowser(): Browser is closed

2023-08-18 14:57:35 - [MESSAGE][PASSED] - Browser is closed]]></system-out>
         <system-err><![CDATA[]]></system-err>
      </testcase>
      <testcase name="Test Cases/APP_02_FMS_SMART_WEB_APP/TC_011_FMS_Smart_Verify Feedback feature" time="92.488" classname="Test Cases/APP_02_FMS_SMART_WEB_APP/TC_011_FMS_Smart_Verify Feedback feature" status="PASSED">
         <system-out><![CDATA[2023-08-18 14:57:35 - [TEST_CASE][PASSED] - Test Cases/APP_02_FMS_SMART_WEB_APP/TC_011_FMS_Smart_Verify Feedback feature: Test Cases/APP_02_FMS_SMART_WEB_APP/TC_011_FMS_Smart_Verify Feedback feature

2023-08-18 14:57:36 - [TEST_STEP][PASSED] - callTestCase(findTestCase("APP_02_FMS_SMART_WEB_APP/TC_007_FMS_Smart_Verify Login feature"), ["url":"https://ioclfmssmart.tmsitrimble.in/FMSSmartApp/#/login", "username":"11038331", "password":"Nr@747900"], STOP_ON_FAILURE): Call Test Case 'Test Cases/APP_02_FMS_SMART_WEB_APP/TC_007_FMS_Smart_Verify Login feature' successfully

2023-08-18 14:57:36 - [TEST_CASE][PASSED] - Test Cases/APP_02_FMS_SMART_WEB_APP/TC_007_FMS_Smart_Verify Login feature: Test Cases/APP_02_FMS_SMART_WEB_APP/TC_007_FMS_Smart_Verify Login feature

2023-08-18 14:57:36 - [TEST_STEP][PASSED] - openBrowser(url): Browser is opened with url: 'https://ioclfmssmart.tmsitrimble.in/FMSSmartApp/#/login'

2023-08-18 14:57:36 - [MESSAGE][INFO] - Starting 'Chrome' driver

2023-08-18 14:57:36 - [MESSAGE][INFO] - Action delay is set to 0 milliseconds

2023-08-18 14:57:40 - [MESSAGE][PASSED] - Browser is opened with url: 'https://ioclfmssmart.tmsitrimble.in/FMSSmartApp/#/login'

2023-08-18 14:57:40 - [TEST_STEP][PASSED] - maximizeWindow(): Current window maximized

2023-08-18 14:57:40 - [MESSAGE][PASSED] - Current window maximized

2023-08-18 14:57:40 - [TEST_STEP][PASSED] - delay(3): Delayed 3 second(s)

2023-08-18 14:57:43 - [MESSAGE][PASSED] - Delayed 3 second(s)

2023-08-18 14:57:43 - [TEST_STEP][PASSED] - click(findTestObject("OB_005_Login screen_fms smart/login screen/username")): Object: 'Object Repository/OB_005_Login screen_fms smart/login screen/username' is clicked on

2023-08-18 14:57:43 - [MESSAGE][PASSED] - Object: 'Object Repository/OB_005_Login screen_fms smart/login screen/username' is clicked on

2023-08-18 14:57:43 - [TEST_STEP][PASSED] - setText(findTestObject("OB_005_Login screen_fms smart/login screen/username"), username): Text '11038331' is set on object 'Object Repository/OB_005_Login screen_fms smart/login screen/username'

2023-08-18 14:57:44 - [MESSAGE][PASSED] - Text '11038331' is set on object 'Object Repository/OB_005_Login screen_fms smart/login screen/username'

2023-08-18 14:57:44 - [TEST_STEP][PASSED] - click(findTestObject("OB_005_Login screen_fms smart/login screen/Password")): Object: 'Object Repository/OB_005_Login screen_fms smart/login screen/Password' is clicked on

2023-08-18 14:57:44 - [MESSAGE][PASSED] - Object: 'Object Repository/OB_005_Login screen_fms smart/login screen/Password' is clicked on

2023-08-18 14:57:44 - [TEST_STEP][PASSED] - setText(findTestObject("OB_005_Login screen_fms smart/login screen/Password"), password): Text 'Nr@747900' is set on object 'Object Repository/OB_005_Login screen_fms smart/login screen/Password'

2023-08-18 14:57:45 - [MESSAGE][PASSED] - Text 'Nr@747900' is set on object 'Object Repository/OB_005_Login screen_fms smart/login screen/Password'

2023-08-18 14:57:45 - [TEST_STEP][PASSED] - click(findTestObject("OB_005_Login screen_fms smart/login screen/button_Sign in")): Object: 'Object Repository/OB_005_Login screen_fms smart/login screen/button_Sign in' is clicked on

2023-08-18 14:57:45 - [MESSAGE][PASSED] - Object: 'Object Repository/OB_005_Login screen_fms smart/login screen/button_Sign in' is clicked on

2023-08-18 14:57:45 - [TEST_STEP][PASSED] - delay(6): Delayed 6 second(s)

2023-08-18 14:57:51 - [MESSAGE][PASSED] - Delayed 6 second(s)

2023-08-18 14:57:51 - [TEST_STEP][PASSED] - click(findTestObject("OB_005_Login screen_fms smart/login screen/button_ACCEPT AND CLOSE")): Object: 'Object Repository/OB_005_Login screen_fms smart/login screen/button_ACCEPT AND CLOSE' is clicked on

2023-08-18 14:57:52 - [MESSAGE][PASSED] - Object: 'Object Repository/OB_005_Login screen_fms smart/login screen/button_ACCEPT AND CLOSE' is clicked on

2023-08-18 14:57:52 - [TEST_STEP][PASSED] - verifyTextPresent("FMS Smart", false): Text 'FMS Smart' is present on page 

2023-08-18 14:57:52 - [MESSAGE][PASSED] - Text 'FMS Smart' is present on page 

2023-08-18 14:57:52 - [MESSAGE][PASSED] - Call Test Case 'Test Cases/APP_02_FMS_SMART_WEB_APP/TC_007_FMS_Smart_Verify Login feature' successfully

2023-08-18 14:57:52 - [TEST_STEP][PASSED] - click(findTestObject("OB_008_Fms smart Lgout and Feedback/Logout And Feedback/Logout1")): Object: 'Object Repository/OB_008_Fms smart Lgout and Feedback/Logout And Feedback/Logout1' is clicked on

2023-08-18 14:57:53 - [MESSAGE][PASSED] - Object: 'Object Repository/OB_008_Fms smart Lgout and Feedback/Logout And Feedback/Logout1' is clicked on

2023-08-18 14:57:53 - [TEST_STEP][PASSED] - delay(2): Delayed 2 second(s)

2023-08-18 14:57:55 - [MESSAGE][PASSED] - Delayed 2 second(s)

2023-08-18 14:57:55 - [TEST_STEP][PASSED] - click(findTestObject("OB_008_Fms smart Lgout and Feedback/Logout And Feedback/Logout2")): Object: 'Object Repository/OB_008_Fms smart Lgout and Feedback/Logout And Feedback/Logout2' is clicked on

2023-08-18 14:58:26 - [MESSAGE][INFO] - Unable to find the element located by 'By.xpath: //div[@id='feedback-modal']/div[2]/form/div[7]/div[2]/span'. Please recheck the objects properties to make sure the desired element is located. 

2023-08-18 14:58:26 - [MESSAGE][WARNING] - [SELF-HEALING] Failed to find element with id 'Object Repository/OB_008_Fms smart Lgout and Feedback/Logout And Feedback/Logout2'. Try using Self-healing.

2023-08-18 14:58:26 - [MESSAGE][WARNING] - [SELF-HEALING] The current locator of test object 'Object Repository/OB_008_Fms smart Lgout and Feedback/Logout And Feedback/Logout2' was broken. Propose an alternative one: '(.//*[normalize-space(text()) and normalize-space(.)='Trimble'])[1]/preceding::span[1]'.

2023-08-18 14:58:26 - [MESSAGE][PASSED] - Object: 'Object Repository/OB_008_Fms smart Lgout and Feedback/Logout And Feedback/Logout2' is clicked on

2023-08-18 14:58:26 - [TEST_STEP][PASSED] - delay(3): Delayed 3 second(s)

2023-08-18 14:58:29 - [MESSAGE][PASSED] - Delayed 3 second(s)

2023-08-18 14:58:29 - [TEST_STEP][PASSED] - click(findTestObject("OB_008_Fms smart Lgout and Feedback/Logout And Feedback/5 Star")): Object: 'Object Repository/OB_008_Fms smart Lgout and Feedback/Logout And Feedback/5 Star' is clicked on

2023-08-18 14:58:30 - [MESSAGE][PASSED] - Object: 'Object Repository/OB_008_Fms smart Lgout and Feedback/Logout And Feedback/5 Star' is clicked on

2023-08-18 14:58:30 - [TEST_STEP][PASSED] - click(findTestObject("OB_008_Fms smart Lgout and Feedback/Logout And Feedback/Enter name")): Object: 'Object Repository/OB_008_Fms smart Lgout and Feedback/Logout And Feedback/Enter name' is clicked on

2023-08-18 14:58:30 - [MESSAGE][PASSED] - Object: 'Object Repository/OB_008_Fms smart Lgout and Feedback/Logout And Feedback/Enter name' is clicked on

2023-08-18 14:58:30 - [TEST_STEP][PASSED] - setText(findTestObject("OB_008_Fms smart Lgout and Feedback/Logout And Feedback/Enter name"), "Maddy patil"): Text 'Maddy patil' is set on object 'Object Repository/OB_008_Fms smart Lgout and Feedback/Logout And Feedback/Enter name'

2023-08-18 14:58:31 - [MESSAGE][PASSED] - Text 'Maddy patil' is set on object 'Object Repository/OB_008_Fms smart Lgout and Feedback/Logout And Feedback/Enter name'

2023-08-18 14:58:31 - [TEST_STEP][PASSED] - click(findTestObject("OB_008_Fms smart Lgout and Feedback/Logout And Feedback/Enter Email")): Object: 'Object Repository/OB_008_Fms smart Lgout and Feedback/Logout And Feedback/Enter Email' is clicked on

2023-08-18 14:58:31 - [MESSAGE][PASSED] - Object: 'Object Repository/OB_008_Fms smart Lgout and Feedback/Logout And Feedback/Enter Email' is clicked on

2023-08-18 14:58:31 - [TEST_STEP][PASSED] - setText(findTestObject("OB_008_Fms smart Lgout and Feedback/Logout And Feedback/Enter Email"), "maddy@gmail.com"): Text 'maddy@gmail.com' is set on object 'Object Repository/OB_008_Fms smart Lgout and Feedback/Logout And Feedback/Enter Email'

2023-08-18 14:58:32 - [MESSAGE][PASSED] - Text 'maddy@gmail.com' is set on object 'Object Repository/OB_008_Fms smart Lgout and Feedback/Logout And Feedback/Enter Email'

2023-08-18 14:58:32 - [TEST_STEP][PASSED] - click(findTestObject("OB_008_Fms smart Lgout and Feedback/Logout And Feedback/button_Others")): Object: 'Object Repository/OB_008_Fms smart Lgout and Feedback/Logout And Feedback/button_Others' is clicked on

2023-08-18 14:58:32 - [MESSAGE][PASSED] - Object: 'Object Repository/OB_008_Fms smart Lgout and Feedback/Logout And Feedback/button_Others' is clicked on

2023-08-18 14:58:32 - [TEST_STEP][PASSED] - click(findTestObject("OB_008_Fms smart Lgout and Feedback/Logout And Feedback/Description")): Object: 'Object Repository/OB_008_Fms smart Lgout and Feedback/Logout And Feedback/Description' is clicked on

2023-08-18 14:58:33 - [MESSAGE][PASSED] - Object: 'Object Repository/OB_008_Fms smart Lgout and Feedback/Logout And Feedback/Description' is clicked on

2023-08-18 14:58:33 - [TEST_STEP][PASSED] - setText(findTestObject("OB_008_Fms smart Lgout and Feedback/Logout And Feedback/Description"), "Application is very good,it helps lot ,thank you so much for this"): Text 'Application is very good,it helps lot ,thank you so much for this' is set on object 'Object Repository/OB_008_Fms smart Lgout and Feedback/Logout And Feedback/Description'

2023-08-18 14:58:34 - [MESSAGE][PASSED] - Text 'Application is very good,it helps lot ,thank you so much for this' is set on object 'Object Repository/OB_008_Fms smart Lgout and Feedback/Logout And Feedback/Description'

2023-08-18 14:58:34 - [TEST_STEP][PASSED] - click(findTestObject("OB_008_Fms smart Lgout and Feedback/Logout And Feedback/button_Send Feedback")): Object: 'Object Repository/OB_008_Fms smart Lgout and Feedback/Logout And Feedback/button_Send Feedback' is clicked on

2023-08-18 14:59:05 - [MESSAGE][INFO] - Unable to find the element located by 'By.xpath: //div[@id='feedback-modal']/div[2]/form/div[7]/div/button'. Please recheck the objects properties to make sure the desired element is located. 

2023-08-18 14:59:05 - [MESSAGE][WARNING] - [SELF-HEALING] Failed to find element with id 'Object Repository/OB_008_Fms smart Lgout and Feedback/Logout And Feedback/button_Send Feedback'. Try using Self-healing.

2023-08-18 14:59:05 - [MESSAGE][WARNING] - [SELF-HEALING] The current locator of test object 'Object Repository/OB_008_Fms smart Lgout and Feedback/Logout And Feedback/button_Send Feedback' was broken. Propose an alternative one: '(.//*[normalize-space(text()) and normalize-space(.)='Upload'])[1]/following::button[1]'.

2023-08-18 14:59:05 - [MESSAGE][PASSED] - Object: 'Object Repository/OB_008_Fms smart Lgout and Feedback/Logout And Feedback/button_Send Feedback' is clicked on

2023-08-18 14:59:05 - [TEST_STEP][PASSED] - verifyTextPresent("Thank You", false): Text 'Thank You' is present on page 

2023-08-18 14:59:08 - [MESSAGE][PASSED] - Text 'Thank You' is present on page]]></system-out>
         <system-err><![CDATA[]]></system-err>
      </testcase>
      <testcase name="Test Cases/APP_02_FMS_SMART_WEB_APP/TC_008_FMS_Smart_All Vehicles" time="65.349" classname="Test Cases/APP_02_FMS_SMART_WEB_APP/TC_008_FMS_Smart_All Vehicles" status="PASSED">
         <system-out><![CDATA[2023-08-18 14:59:08 - [TEST_CASE][PASSED] - Test Cases/APP_02_FMS_SMART_WEB_APP/TC_008_FMS_Smart_All Vehicles: Test Cases/APP_02_FMS_SMART_WEB_APP/TC_008_FMS_Smart_All Vehicles

2023-08-18 14:59:08 - [TEST_STEP][PASSED] - callTestCase(findTestCase("APP_02_FMS_SMART_WEB_APP/TC_007_FMS_Smart_Verify Login feature"), ["url":"https://ioclfmssmart.tmsitrimble.in/FMSSmartApp/#/login", "username":"11038331", "password":"Nr@747900"], STOP_ON_FAILURE): Call Test Case 'Test Cases/APP_02_FMS_SMART_WEB_APP/TC_007_FMS_Smart_Verify Login feature' successfully

2023-08-18 14:59:08 - [TEST_CASE][PASSED] - Test Cases/APP_02_FMS_SMART_WEB_APP/TC_007_FMS_Smart_Verify Login feature: Test Cases/APP_02_FMS_SMART_WEB_APP/TC_007_FMS_Smart_Verify Login feature

2023-08-18 14:59:08 - [TEST_STEP][PASSED] - openBrowser(url): Browser is opened with url: 'https://ioclfmssmart.tmsitrimble.in/FMSSmartApp/#/login'

2023-08-18 14:59:08 - [MESSAGE][WARNING] - A browser is already opened. Closing browser and opening a new one

2023-08-18 14:59:09 - [MESSAGE][INFO] - Starting 'Chrome' driver

2023-08-18 14:59:09 - [MESSAGE][INFO] - Action delay is set to 0 milliseconds

2023-08-18 14:59:13 - [MESSAGE][PASSED] - Browser is opened with url: 'https://ioclfmssmart.tmsitrimble.in/FMSSmartApp/#/login'

2023-08-18 14:59:13 - [TEST_STEP][PASSED] - maximizeWindow(): Current window maximized

2023-08-18 14:59:13 - [MESSAGE][PASSED] - Current window maximized

2023-08-18 14:59:13 - [TEST_STEP][PASSED] - delay(3): Delayed 3 second(s)

2023-08-18 14:59:16 - [MESSAGE][PASSED] - Delayed 3 second(s)

2023-08-18 14:59:16 - [TEST_STEP][PASSED] - click(findTestObject("OB_005_Login screen_fms smart/login screen/username")): Object: 'Object Repository/OB_005_Login screen_fms smart/login screen/username' is clicked on

2023-08-18 14:59:17 - [MESSAGE][PASSED] - Object: 'Object Repository/OB_005_Login screen_fms smart/login screen/username' is clicked on

2023-08-18 14:59:17 - [TEST_STEP][PASSED] - setText(findTestObject("OB_005_Login screen_fms smart/login screen/username"), username): Text '11038331' is set on object 'Object Repository/OB_005_Login screen_fms smart/login screen/username'

2023-08-18 14:59:17 - [MESSAGE][PASSED] - Text '11038331' is set on object 'Object Repository/OB_005_Login screen_fms smart/login screen/username'

2023-08-18 14:59:17 - [TEST_STEP][PASSED] - click(findTestObject("OB_005_Login screen_fms smart/login screen/Password")): Object: 'Object Repository/OB_005_Login screen_fms smart/login screen/Password' is clicked on

2023-08-18 14:59:18 - [MESSAGE][PASSED] - Object: 'Object Repository/OB_005_Login screen_fms smart/login screen/Password' is clicked on

2023-08-18 14:59:18 - [TEST_STEP][PASSED] - setText(findTestObject("OB_005_Login screen_fms smart/login screen/Password"), password): Text 'Nr@747900' is set on object 'Object Repository/OB_005_Login screen_fms smart/login screen/Password'

2023-08-18 14:59:18 - [MESSAGE][PASSED] - Text 'Nr@747900' is set on object 'Object Repository/OB_005_Login screen_fms smart/login screen/Password'

2023-08-18 14:59:18 - [TEST_STEP][PASSED] - click(findTestObject("OB_005_Login screen_fms smart/login screen/button_Sign in")): Object: 'Object Repository/OB_005_Login screen_fms smart/login screen/button_Sign in' is clicked on

2023-08-18 14:59:19 - [MESSAGE][PASSED] - Object: 'Object Repository/OB_005_Login screen_fms smart/login screen/button_Sign in' is clicked on

2023-08-18 14:59:19 - [TEST_STEP][PASSED] - delay(6): Delayed 6 second(s)

2023-08-18 14:59:25 - [MESSAGE][PASSED] - Delayed 6 second(s)

2023-08-18 14:59:25 - [TEST_STEP][PASSED] - click(findTestObject("OB_005_Login screen_fms smart/login screen/button_ACCEPT AND CLOSE")): Object: 'Object Repository/OB_005_Login screen_fms smart/login screen/button_ACCEPT AND CLOSE' is clicked on

2023-08-18 14:59:25 - [MESSAGE][PASSED] - Object: 'Object Repository/OB_005_Login screen_fms smart/login screen/button_ACCEPT AND CLOSE' is clicked on

2023-08-18 14:59:25 - [TEST_STEP][PASSED] - verifyTextPresent("FMS Smart", false): Text 'FMS Smart' is present on page 

2023-08-18 14:59:26 - [MESSAGE][PASSED] - Text 'FMS Smart' is present on page 

2023-08-18 14:59:26 - [MESSAGE][PASSED] - Call Test Case 'Test Cases/APP_02_FMS_SMART_WEB_APP/TC_007_FMS_Smart_Verify Login feature' successfully

2023-08-18 14:59:26 - [TEST_STEP][PASSED] - click(findTestObject("OB_006_Dashbaord_Grid view feature 1/Page_FMS Smart/All Vehicle BOX")): Object: 'Object Repository/OB_006_Dashbaord_Grid view feature 1/Page_FMS Smart/All Vehicle BOX' is clicked on

2023-08-18 14:59:26 - [MESSAGE][PASSED] - Object: 'Object Repository/OB_006_Dashbaord_Grid view feature 1/Page_FMS Smart/All Vehicle BOX' is clicked on

2023-08-18 14:59:26 - [TEST_STEP][PASSED] - delay(3): Delayed 3 second(s)

2023-08-18 14:59:29 - [MESSAGE][PASSED] - Delayed 3 second(s)

2023-08-18 14:59:29 - [TEST_STEP][PASSED] - click(findTestObject("OB_006_Dashbaord_Grid view feature 1/Page_FMS Smart/button_Grid view")): Object: 'Object Repository/OB_006_Dashbaord_Grid view feature 1/Page_FMS Smart/button_Grid view' is clicked on

2023-08-18 14:59:29 - [MESSAGE][PASSED] - Object: 'Object Repository/OB_006_Dashbaord_Grid view feature 1/Page_FMS Smart/button_Grid view' is clicked on

2023-08-18 14:59:29 - [TEST_STEP][PASSED] - click(findTestObject("OB_006_Dashbaord_Grid view feature 1/Page_FMS Smart/Close Grid view")): Object: 'Object Repository/OB_006_Dashbaord_Grid view feature 1/Page_FMS Smart/Close Grid view' is clicked on

2023-08-18 14:59:36 - [MESSAGE][PASSED] - Object: 'Object Repository/OB_006_Dashbaord_Grid view feature 1/Page_FMS Smart/Close Grid view' is clicked on

2023-08-18 14:59:36 - [TEST_STEP][PASSED] - delay(5): Delayed 5 second(s)

2023-08-18 14:59:41 - [MESSAGE][PASSED] - Delayed 5 second(s)

2023-08-18 14:59:41 - [TEST_STEP][PASSED] - click(findTestObject("OB_006_Dashbaord_Grid view feature 1/Page_FMS Smart/All Vehicle BOX")): Object: 'Object Repository/OB_006_Dashbaord_Grid view feature 1/Page_FMS Smart/All Vehicle BOX' is clicked on

2023-08-18 14:59:41 - [MESSAGE][PASSED] - Object: 'Object Repository/OB_006_Dashbaord_Grid view feature 1/Page_FMS Smart/All Vehicle BOX' is clicked on

2023-08-18 14:59:41 - [TEST_STEP][PASSED] - click(findTestObject("OB_006_Dashbaord_Grid view feature 1/Page_FMS Smart/button_Map view")): Object: 'Object Repository/OB_006_Dashbaord_Grid view feature 1/Page_FMS Smart/button_Map view' is clicked on

2023-08-18 14:59:42 - [MESSAGE][PASSED] - Object: 'Object Repository/OB_006_Dashbaord_Grid view feature 1/Page_FMS Smart/button_Map view' is clicked on

2023-08-18 14:59:42 - [TEST_STEP][PASSED] - delay(4): Delayed 4 second(s)

2023-08-18 14:59:46 - [MESSAGE][PASSED] - Delayed 4 second(s)

2023-08-18 14:59:46 - [TEST_STEP][PASSED] - click(findTestObject("OB_006_Dashbaord_Grid view feature 1/Page_FMS Smart/Map View-Moving Vehicle")): Object: 'Object Repository/OB_006_Dashbaord_Grid view feature 1/Page_FMS Smart/Map View-Moving Vehicle' is clicked on

2023-08-18 14:59:46 - [MESSAGE][PASSED] - Object: 'Object Repository/OB_006_Dashbaord_Grid view feature 1/Page_FMS Smart/Map View-Moving Vehicle' is clicked on

2023-08-18 14:59:46 - [TEST_STEP][PASSED] - delay(3): Delayed 3 second(s)

2023-08-18 14:59:49 - [MESSAGE][PASSED] - Delayed 3 second(s)

2023-08-18 14:59:49 - [TEST_STEP][PASSED] - click(findTestObject("OB_006_Dashbaord_Grid view feature 1/Page_FMS Smart/Map Vew-Untracked vehicles")): Object: 'Object Repository/OB_006_Dashbaord_Grid view feature 1/Page_FMS Smart/Map Vew-Untracked vehicles' is clicked on

2023-08-18 14:59:50 - [MESSAGE][PASSED] - Object: 'Object Repository/OB_006_Dashbaord_Grid view feature 1/Page_FMS Smart/Map Vew-Untracked vehicles' is clicked on

2023-08-18 14:59:50 - [TEST_STEP][PASSED] - delay(3): Delayed 3 second(s)

2023-08-18 14:59:53 - [MESSAGE][PASSED] - Delayed 3 second(s)

2023-08-18 14:59:53 - [TEST_STEP][PASSED] - click(findTestObject("OB_006_Dashbaord_Grid view feature 1/Page_FMS Smart/Map View-NRD")): Object: 'Object Repository/OB_006_Dashbaord_Grid view feature 1/Page_FMS Smart/Map View-NRD' is clicked on

2023-08-18 14:59:54 - [MESSAGE][PASSED] - Object: 'Object Repository/OB_006_Dashbaord_Grid view feature 1/Page_FMS Smart/Map View-NRD' is clicked on

2023-08-18 14:59:54 - [TEST_STEP][PASSED] - delay(4): Delayed 4 second(s)

2023-08-18 14:59:58 - [MESSAGE][PASSED] - Delayed 4 second(s)

2023-08-18 14:59:58 - [TEST_STEP][PASSED] - click(findTestObject("OB_006_Dashbaord_Grid view feature 1/Page_FMS Smart/Map View-On trip vehicles")): Object: 'Object Repository/OB_006_Dashbaord_Grid view feature 1/Page_FMS Smart/Map View-On trip vehicles' is clicked on

2023-08-18 14:59:59 - [MESSAGE][PASSED] - Object: 'Object Repository/OB_006_Dashbaord_Grid view feature 1/Page_FMS Smart/Map View-On trip vehicles' is clicked on

2023-08-18 14:59:59 - [TEST_STEP][PASSED] - delay(3): Delayed 3 second(s)

2023-08-18 15:00:02 - [MESSAGE][PASSED] - Delayed 3 second(s)

2023-08-18 15:00:02 - [TEST_STEP][PASSED] - click(findTestObject("OB_006_Dashbaord_Grid view feature 1/Page_FMS Smart/Map view-Stopped vehicle")): Object: 'Object Repository/OB_006_Dashbaord_Grid view feature 1/Page_FMS Smart/Map view-Stopped vehicle' is clicked on

2023-08-18 15:00:03 - [MESSAGE][PASSED] - Object: 'Object Repository/OB_006_Dashbaord_Grid view feature 1/Page_FMS Smart/Map view-Stopped vehicle' is clicked on

2023-08-18 15:00:03 - [TEST_STEP][PASSED] - delay(2): Delayed 2 second(s)

2023-08-18 15:00:05 - [MESSAGE][PASSED] - Delayed 2 second(s)

2023-08-18 15:00:05 - [TEST_STEP][PASSED] - click(findTestObject("OB_006_Dashbaord_Grid view feature 1/Page_FMS Smart/button_View grid")): Object: 'Object Repository/OB_006_Dashbaord_Grid view feature 1/Page_FMS Smart/button_View grid' is clicked on

2023-08-18 15:00:06 - [MESSAGE][PASSED] - Object: 'Object Repository/OB_006_Dashbaord_Grid view feature 1/Page_FMS Smart/button_View grid' is clicked on

2023-08-18 15:00:06 - [TEST_STEP][PASSED] - delay(6): Delayed 6 second(s)

2023-08-18 15:00:12 - [MESSAGE][PASSED] - Delayed 6 second(s)

2023-08-18 15:00:12 - [TEST_STEP][PASSED] - click(findTestObject("OB_006_Dashbaord_Grid view feature 1/Page_FMS Smart/Close Grid view")): Object: 'Object Repository/OB_006_Dashbaord_Grid view feature 1/Page_FMS Smart/Close Grid view' is clicked on

2023-08-18 15:00:13 - [MESSAGE][PASSED] - Object: 'Object Repository/OB_006_Dashbaord_Grid view feature 1/Page_FMS Smart/Close Grid view' is clicked on]]></system-out>
         <system-err><![CDATA[]]></system-err>
      </testcase>
      <system-out><![CDATA[2023-08-18 14:56:55 - [TEST_SUITE][PASSED] - TS_007_FMS_SMART_BASIC_SANITY: Test Cases/APP_02_FMS_SMART_WEB_APP/TC_008_FMS_Smart_All Vehicles]]></system-out>
      <system-err><![CDATA[]]></system-err>
   </testsuite>
</testsuites>
