<?xml version="1.0" encoding="UTF-8"?>
<testsuites name="TS_02_FMS_Smart_Multiplen user login" time="75.878" tests="3" failures="0" errors="0">
   <testsuite name="TS_02_FMS_Smart_Multiplen user login" tests="3" failures="0" errors="0" time="75.878" skipped="0" timestamp="2023-08-06 16:31:47" hostname="windows 10 - DESKTOP-21ATSCV" id="Test Suites/TS_002_FMS_Smart_web application/TS_02_FMS_Smart_Multiplen user login">
      <properties>
         <property name="deviceName" value=""/>
         <property name="devicePlatform" value=""/>
         <property name="logFolder" value="C:\\Users\\windows 10\\git\\NewRepository\\KatalonGit\\Reports\\20230806_163134\\TS_002_FMS_Smart_web application\\TS_02_FMS_Smart_Multiplen user login\\20230806_163143"/>
         <property name="logFiles" value="C:\\Users\\windows 10\\git\\NewRepository\\KatalonGit\\Reports\\20230806_163134\\TS_002_FMS_Smart_web application\\TS_02_FMS_Smart_Multiplen user login\\20230806_163143\\execution0.log"/>
         <property name="attachments" value=""/>
         <property name="hostName" value="windows 10 - DESKTOP-21ATSCV"/>
         <property name="os" value="Windows 10 64bit"/>
         <property name="katalonVersion" value="8.6.5.208"/>
         <property name="browser" value="Chrome 115.0.0.0"/>
         <property name="hostAddress" value="192.168.1.102"/>
         <property name="sessionId" value="8225b8d1adb8c2cb2966546ca1f5fe3d"/>
         <property name="seleniumVersion" value="3.141.59"/>
         <property name="proxyInformation" value="ProxyInformation { proxyOption=NO_PROXY, proxyServerType=HTTP, username=, password=********, proxyServerAddress=, proxyServerPort=0, executionList=&quot;&quot;, isApplyToDesiredCapabilities=true }"/>
         <property name="platform" value="Windows 10"/>
      </properties>
      <testcase name="Test Cases/TC_013_FMS_Smart_multiple login test" time="26.352" classname="Test Cases/TC_013_FMS_Smart_multiple login test" status="PASSED">
         <system-out><![CDATA[2023-08-06 16:31:47 - [TEST_CASE][PASSED] - Test Cases/TC_013_FMS_Smart_multiple login test: Test Cases/TC_013_FMS_Smart_multiple login test

2023-08-06 16:31:48 - [TEST_STEP][PASSED] - openBrowser(url): Browser is opened with url: 'https://ioclfmssmart.tmsitrimble.in/FMSSmartApp/#/login'

2023-08-06 16:31:48 - [MESSAGE][INFO] - Starting 'Chrome' driver

2023-08-06 16:31:48 - [MESSAGE][INFO] - Action delay is set to 0 milliseconds

2023-08-06 16:31:57 - [MESSAGE][PASSED] - Browser is opened with url: 'https://ioclfmssmart.tmsitrimble.in/FMSSmartApp/#/login'

2023-08-06 16:31:57 - [TEST_STEP][PASSED] - maximizeWindow(): Current window maximized

2023-08-06 16:31:57 - [MESSAGE][PASSED] - Current window maximized

2023-08-06 16:31:57 - [TEST_STEP][PASSED] - delay(4): Delayed 4 second(s)

2023-08-06 16:32:01 - [MESSAGE][PASSED] - Delayed 4 second(s)

2023-08-06 16:32:01 - [TEST_STEP][PASSED] - click(findTestObject("OB_005_Login screen_fms smart/login screen/username")): Object: 'Object Repository/OB_005_Login screen_fms smart/login screen/username' is clicked on

2023-08-06 16:32:02 - [MESSAGE][PASSED] - Object: 'Object Repository/OB_005_Login screen_fms smart/login screen/username' is clicked on

2023-08-06 16:32:02 - [TEST_STEP][PASSED] - setText(findTestObject("OB_005_Login screen_fms smart/login screen/username"), username): Text '11047105' is set on object 'Object Repository/OB_005_Login screen_fms smart/login screen/username'

2023-08-06 16:32:03 - [MESSAGE][PASSED] - Text '11047105' is set on object 'Object Repository/OB_005_Login screen_fms smart/login screen/username'

2023-08-06 16:32:03 - [TEST_STEP][PASSED] - click(findTestObject("OB_005_Login screen_fms smart/login screen/Password")): Object: 'Object Repository/OB_005_Login screen_fms smart/login screen/Password' is clicked on

2023-08-06 16:32:03 - [MESSAGE][PASSED] - Object: 'Object Repository/OB_005_Login screen_fms smart/login screen/Password' is clicked on

2023-08-06 16:32:03 - [TEST_STEP][PASSED] - setText(findTestObject("OB_005_Login screen_fms smart/login screen/Password"), password): Text 'Password@1234' is set on object 'Object Repository/OB_005_Login screen_fms smart/login screen/Password'

2023-08-06 16:32:04 - [MESSAGE][PASSED] - Text 'Password@1234' is set on object 'Object Repository/OB_005_Login screen_fms smart/login screen/Password'

2023-08-06 16:32:04 - [TEST_STEP][PASSED] - click(findTestObject("OB_005_Login screen_fms smart/login screen/button_Sign in")): Object: 'Object Repository/OB_005_Login screen_fms smart/login screen/button_Sign in' is clicked on

2023-08-06 16:32:05 - [MESSAGE][PASSED] - Object: 'Object Repository/OB_005_Login screen_fms smart/login screen/button_Sign in' is clicked on

2023-08-06 16:32:05 - [TEST_STEP][PASSED] - delay(7): Delayed 7 second(s)

2023-08-06 16:32:12 - [MESSAGE][PASSED] - Delayed 7 second(s)

2023-08-06 16:32:12 - [TEST_STEP][PASSED] - click(findTestObject("OB_005_Login screen_fms smart/login screen/button_ACCEPT AND CLOSE")): Object: 'Object Repository/OB_005_Login screen_fms smart/login screen/button_ACCEPT AND CLOSE' is clicked on

2023-08-06 16:32:12 - [MESSAGE][PASSED] - Object: 'Object Repository/OB_005_Login screen_fms smart/login screen/button_ACCEPT AND CLOSE' is clicked on

2023-08-06 16:32:12 - [TEST_STEP][PASSED] - verifyTextPresent("FMS Smart", false): Text 'FMS Smart' is present on page 

2023-08-06 16:32:13 - [MESSAGE][PASSED] - Text 'FMS Smart' is present on page 

2023-08-06 16:32:13 - [TEST_STEP][PASSED] - closeBrowser(): Browser is closed

2023-08-06 16:32:14 - [MESSAGE][PASSED] - Browser is closed]]></system-out>
         <system-err><![CDATA[]]></system-err>
      </testcase>
      <testcase name="Test Cases/TC_013_FMS_Smart_multiple login test" time="23.908" classname="Test Cases/TC_013_FMS_Smart_multiple login test" status="PASSED">
         <system-out><![CDATA[2023-08-06 16:32:14 - [TEST_CASE][PASSED] - Test Cases/TC_013_FMS_Smart_multiple login test: Test Cases/TC_013_FMS_Smart_multiple login test

2023-08-06 16:32:14 - [TEST_STEP][PASSED] - openBrowser(url): Browser is opened with url: 'https://ioclfmssmart.tmsitrimble.in/FMSSmartApp/#/login'

2023-08-06 16:32:14 - [MESSAGE][INFO] - Starting 'Chrome' driver

2023-08-06 16:32:14 - [MESSAGE][INFO] - Action delay is set to 0 milliseconds

2023-08-06 16:32:21 - [MESSAGE][PASSED] - Browser is opened with url: 'https://ioclfmssmart.tmsitrimble.in/FMSSmartApp/#/login'

2023-08-06 16:32:21 - [TEST_STEP][PASSED] - maximizeWindow(): Current window maximized

2023-08-06 16:32:21 - [MESSAGE][PASSED] - Current window maximized

2023-08-06 16:32:21 - [TEST_STEP][PASSED] - delay(4): Delayed 4 second(s)

2023-08-06 16:32:25 - [MESSAGE][PASSED] - Delayed 4 second(s)

2023-08-06 16:32:25 - [TEST_STEP][PASSED] - click(findTestObject("OB_005_Login screen_fms smart/login screen/username")): Object: 'Object Repository/OB_005_Login screen_fms smart/login screen/username' is clicked on

2023-08-06 16:32:26 - [MESSAGE][PASSED] - Object: 'Object Repository/OB_005_Login screen_fms smart/login screen/username' is clicked on

2023-08-06 16:32:26 - [TEST_STEP][PASSED] - setText(findTestObject("OB_005_Login screen_fms smart/login screen/username"), username): Text '11048462' is set on object 'Object Repository/OB_005_Login screen_fms smart/login screen/username'

2023-08-06 16:32:26 - [MESSAGE][PASSED] - Text '11048462' is set on object 'Object Repository/OB_005_Login screen_fms smart/login screen/username'

2023-08-06 16:32:26 - [TEST_STEP][PASSED] - click(findTestObject("OB_005_Login screen_fms smart/login screen/Password")): Object: 'Object Repository/OB_005_Login screen_fms smart/login screen/Password' is clicked on

2023-08-06 16:32:27 - [MESSAGE][PASSED] - Object: 'Object Repository/OB_005_Login screen_fms smart/login screen/Password' is clicked on

2023-08-06 16:32:27 - [TEST_STEP][PASSED] - setText(findTestObject("OB_005_Login screen_fms smart/login screen/Password"), password): Text 'Password@1' is set on object 'Object Repository/OB_005_Login screen_fms smart/login screen/Password'

2023-08-06 16:32:28 - [MESSAGE][PASSED] - Text 'Password@1' is set on object 'Object Repository/OB_005_Login screen_fms smart/login screen/Password'

2023-08-06 16:32:28 - [TEST_STEP][PASSED] - click(findTestObject("OB_005_Login screen_fms smart/login screen/button_Sign in")): Object: 'Object Repository/OB_005_Login screen_fms smart/login screen/button_Sign in' is clicked on

2023-08-06 16:32:28 - [MESSAGE][PASSED] - Object: 'Object Repository/OB_005_Login screen_fms smart/login screen/button_Sign in' is clicked on

2023-08-06 16:32:28 - [TEST_STEP][PASSED] - delay(7): Delayed 7 second(s)

2023-08-06 16:32:35 - [MESSAGE][PASSED] - Delayed 7 second(s)

2023-08-06 16:32:35 - [TEST_STEP][PASSED] - click(findTestObject("OB_005_Login screen_fms smart/login screen/button_ACCEPT AND CLOSE")): Object: 'Object Repository/OB_005_Login screen_fms smart/login screen/button_ACCEPT AND CLOSE' is clicked on

2023-08-06 16:32:36 - [MESSAGE][PASSED] - Object: 'Object Repository/OB_005_Login screen_fms smart/login screen/button_ACCEPT AND CLOSE' is clicked on

2023-08-06 16:32:36 - [TEST_STEP][PASSED] - verifyTextPresent("FMS Smart", false): Text 'FMS Smart' is present on page 

2023-08-06 16:32:36 - [MESSAGE][PASSED] - Text 'FMS Smart' is present on page 

2023-08-06 16:32:36 - [TEST_STEP][PASSED] - closeBrowser(): Browser is closed

2023-08-06 16:32:38 - [MESSAGE][PASSED] - Browser is closed]]></system-out>
         <system-err><![CDATA[]]></system-err>
      </testcase>
      <testcase name="Test Cases/TC_013_FMS_Smart_multiple login test" time="25.014" classname="Test Cases/TC_013_FMS_Smart_multiple login test" status="PASSED">
         <system-out><![CDATA[2023-08-06 16:32:38 - [TEST_CASE][PASSED] - Test Cases/TC_013_FMS_Smart_multiple login test: Test Cases/TC_013_FMS_Smart_multiple login test

2023-08-06 16:32:38 - [TEST_STEP][PASSED] - openBrowser(url): Browser is opened with url: 'https://ioclfmssmart.tmsitrimble.in/FMSSmartApp/#/login'

2023-08-06 16:32:38 - [MESSAGE][INFO] - Starting 'Chrome' driver

2023-08-06 16:32:38 - [MESSAGE][INFO] - Action delay is set to 0 milliseconds

2023-08-06 16:32:46 - [MESSAGE][PASSED] - Browser is opened with url: 'https://ioclfmssmart.tmsitrimble.in/FMSSmartApp/#/login'

2023-08-06 16:32:46 - [TEST_STEP][PASSED] - maximizeWindow(): Current window maximized

2023-08-06 16:32:46 - [MESSAGE][PASSED] - Current window maximized

2023-08-06 16:32:46 - [TEST_STEP][PASSED] - delay(4): Delayed 4 second(s)

2023-08-06 16:32:50 - [MESSAGE][PASSED] - Delayed 4 second(s)

2023-08-06 16:32:50 - [TEST_STEP][PASSED] - click(findTestObject("OB_005_Login screen_fms smart/login screen/username")): Object: 'Object Repository/OB_005_Login screen_fms smart/login screen/username' is clicked on

2023-08-06 16:32:51 - [MESSAGE][PASSED] - Object: 'Object Repository/OB_005_Login screen_fms smart/login screen/username' is clicked on

2023-08-06 16:32:51 - [TEST_STEP][PASSED] - setText(findTestObject("OB_005_Login screen_fms smart/login screen/username"), username): Text '11038331' is set on object 'Object Repository/OB_005_Login screen_fms smart/login screen/username'

2023-08-06 16:32:51 - [MESSAGE][PASSED] - Text '11038331' is set on object 'Object Repository/OB_005_Login screen_fms smart/login screen/username'

2023-08-06 16:32:51 - [TEST_STEP][PASSED] - click(findTestObject("OB_005_Login screen_fms smart/login screen/Password")): Object: 'Object Repository/OB_005_Login screen_fms smart/login screen/Password' is clicked on

2023-08-06 16:32:52 - [MESSAGE][PASSED] - Object: 'Object Repository/OB_005_Login screen_fms smart/login screen/Password' is clicked on

2023-08-06 16:32:52 - [TEST_STEP][PASSED] - setText(findTestObject("OB_005_Login screen_fms smart/login screen/Password"), password): Text 'Nr@747900' is set on object 'Object Repository/OB_005_Login screen_fms smart/login screen/Password'

2023-08-06 16:32:53 - [MESSAGE][PASSED] - Text 'Nr@747900' is set on object 'Object Repository/OB_005_Login screen_fms smart/login screen/Password'

2023-08-06 16:32:53 - [TEST_STEP][PASSED] - click(findTestObject("OB_005_Login screen_fms smart/login screen/button_Sign in")): Object: 'Object Repository/OB_005_Login screen_fms smart/login screen/button_Sign in' is clicked on

2023-08-06 16:32:53 - [MESSAGE][PASSED] - Object: 'Object Repository/OB_005_Login screen_fms smart/login screen/button_Sign in' is clicked on

2023-08-06 16:32:53 - [TEST_STEP][PASSED] - delay(7): Delayed 7 second(s)

2023-08-06 16:33:00 - [MESSAGE][PASSED] - Delayed 7 second(s)

2023-08-06 16:33:00 - [TEST_STEP][PASSED] - click(findTestObject("OB_005_Login screen_fms smart/login screen/button_ACCEPT AND CLOSE")): Object: 'Object Repository/OB_005_Login screen_fms smart/login screen/button_ACCEPT AND CLOSE' is clicked on

2023-08-06 16:33:01 - [MESSAGE][PASSED] - Object: 'Object Repository/OB_005_Login screen_fms smart/login screen/button_ACCEPT AND CLOSE' is clicked on

2023-08-06 16:33:01 - [TEST_STEP][PASSED] - verifyTextPresent("FMS Smart", false): Text 'FMS Smart' is present on page 

2023-08-06 16:33:01 - [MESSAGE][PASSED] - Text 'FMS Smart' is present on page 

2023-08-06 16:33:01 - [TEST_STEP][PASSED] - closeBrowser(): Browser is closed

2023-08-06 16:33:03 - [MESSAGE][PASSED] - Browser is closed]]></system-out>
         <system-err><![CDATA[]]></system-err>
      </testcase>
      <system-out><![CDATA[2023-08-06 16:31:47 - [TEST_SUITE][PASSED] - TS_02_FMS_Smart_Multiplen user login: Test Cases/TC_013_FMS_Smart_multiple login test]]></system-out>
      <system-err><![CDATA[]]></system-err>
   </testsuite>
</testsuites>
