<?xml version="1.0" encoding="UTF-8"?>
<testsuites name="TS_003_VC_Smart_DUAL Profile" time="40.616" tests="1" failures="0" errors="0">
   <testsuite name="TS_003_VC_Smart_DUAL Profile" tests="1" failures="0" errors="0" time="40.616" skipped="0" timestamp="2023-08-09 19:10:03" hostname="windows 10 - DESKTOP-21ATSCV" id="Test Suites/TS_003_VC_Smart_DUAL Profile">
      <properties>
         <property name="deviceName" value=""/>
         <property name="devicePlatform" value=""/>
         <property name="logFolder" value="C:\\Users\\windows 10\\git\\NewRepository\\KatalonGit\\Reports\\20230809_190959\\TS_003_VC_Smart_DUAL Profile\\20230809_190959"/>
         <property name="logFiles" value="C:\\Users\\windows 10\\git\\NewRepository\\KatalonGit\\Reports\\20230809_190959\\TS_003_VC_Smart_DUAL Profile\\20230809_190959\\execution0.log"/>
         <property name="attachments" value=""/>
         <property name="hostName" value="windows 10 - DESKTOP-21ATSCV"/>
         <property name="os" value="Windows 10 64bit"/>
         <property name="katalonVersion" value="8.6.5.208"/>
         <property name="browser" value="Chrome 115.0.0.0"/>
         <property name="hostAddress" value="192.168.1.102"/>
         <property name="sessionId" value="06fb12061166b4dec587f37750461e59"/>
         <property name="seleniumVersion" value="3.141.59"/>
         <property name="proxyInformation" value="ProxyInformation { proxyOption=NO_PROXY, proxyServerType=HTTP, username=, password=********, proxyServerAddress=, proxyServerPort=0, executionList=&quot;&quot;, isApplyToDesiredCapabilities=true }"/>
         <property name="platform" value="Windows 10"/>
      </properties>
      <testcase name="Test Cases/TC_018_VC_Smart_Verify Profile login-IOCL" time="40.196" classname="Test Cases/TC_018_VC_Smart_Verify Profile login-IOCL" status="PASSED">
         <system-out><![CDATA[2023-08-09 19:10:04 - [TEST_CASE][PASSED] - Test Cases/TC_018_VC_Smart_Verify Profile login-IOCL: Test Cases/TC_018_VC_Smart_Verify Profile login-IOCL

2023-08-09 19:10:05 - [TEST_STEP][PASSED] - openBrowser(URL): Browser is opened with url: 'https://vcsmart.tmsitrimble.in/VCSmartApp/#/login'

2023-08-09 19:10:05 - [MESSAGE][INFO] - Starting 'Chrome' driver

2023-08-09 19:10:05 - [MESSAGE][INFO] - Action delay is set to 0 milliseconds

2023-08-09 19:10:12 - [MESSAGE][PASSED] - Browser is opened with url: 'https://vcsmart.tmsitrimble.in/VCSmartApp/#/login'

2023-08-09 19:10:12 - [TEST_STEP][PASSED] - delay(4): Delayed 4 second(s)

2023-08-09 19:10:16 - [MESSAGE][PASSED] - Delayed 4 second(s)

2023-08-09 19:10:16 - [TEST_STEP][PASSED] - maximizeWindow(): Current window maximized

2023-08-09 19:10:17 - [MESSAGE][PASSED] - Current window maximized

2023-08-09 19:10:17 - [TEST_STEP][PASSED] - click(findTestObject("OB_001_Login screen/Login Screen/Username")): Object: 'Object Repository/OB_001_Login screen/Login Screen/Username' is clicked on

2023-08-09 19:10:17 - [MESSAGE][PASSED] - Object: 'Object Repository/OB_001_Login screen/Login Screen/Username' is clicked on

2023-08-09 19:10:17 - [TEST_STEP][PASSED] - setText(findTestObject("OB_001_Login screen/Login Screen/Username"), USERNAME): Text 'hqlogpack' is set on object 'Object Repository/OB_001_Login screen/Login Screen/Username'

2023-08-09 19:10:18 - [MESSAGE][PASSED] - Text 'hqlogpack' is set on object 'Object Repository/OB_001_Login screen/Login Screen/Username'

2023-08-09 19:10:18 - [TEST_STEP][PASSED] - click(findTestObject("OB_001_Login screen/Login Screen/Password")): Object: 'Object Repository/OB_001_Login screen/Login Screen/Password' is clicked on

2023-08-09 19:10:19 - [MESSAGE][PASSED] - Object: 'Object Repository/OB_001_Login screen/Login Screen/Password' is clicked on

2023-08-09 19:10:19 - [TEST_STEP][PASSED] - setEncryptedText(findTestObject("OB_001_Login screen/Login Screen/Password"), PASSWORD): Text ****** has been set on object 'Object Repository/OB_001_Login screen/Login Screen/Password'

2023-08-09 19:10:19 - [MESSAGE][PASSED] - Text ****** has been set on object 'Object Repository/OB_001_Login screen/Login Screen/Password'

2023-08-09 19:10:19 - [TEST_STEP][PASSED] - click(findTestObject("OB_001_Login screen/Login Screen/button_Sign in")): Object: 'Object Repository/OB_001_Login screen/Login Screen/button_Sign in' is clicked on

2023-08-09 19:10:20 - [MESSAGE][PASSED] - Object: 'Object Repository/OB_001_Login screen/Login Screen/button_Sign in' is clicked on

2023-08-09 19:10:20 - [TEST_STEP][PASSED] - delay(15): Delayed 15 second(s)

2023-08-09 19:10:35 - [MESSAGE][PASSED] - Delayed 15 second(s)

2023-08-09 19:10:35 - [TEST_STEP][PASSED] - verifyElementPresent(findTestObject("OB_002_Feature1/Feature/a_Track By Criteria"), 0): Object 'Object Repository/OB_002_Feature1/Feature/a_Track By Criteria' is present

2023-08-09 19:10:35 - [MESSAGE][WARNING] - Timeout '0' is invalid. Using default page load timeout: '30'

2023-08-09 19:10:35 - [MESSAGE][PASSED] - Object 'Object Repository/OB_002_Feature1/Feature/a_Track By Criteria' is present

2023-08-09 19:10:35 - [TEST_STEP][PASSED] - delay(8): Delayed 8 second(s)

2023-08-09 19:10:43 - [MESSAGE][PASSED] - Delayed 8 second(s)

2023-08-09 19:10:43 - [TEST_STEP][PASSED] - closeBrowser(): Browser is closed

2023-08-09 19:10:44 - [MESSAGE][PASSED] - Browser is closed]]></system-out>
         <system-err><![CDATA[]]></system-err>
      </testcase>
      <system-out><![CDATA[2023-08-09 19:10:03 - [TEST_SUITE][PASSED] - TS_003_VC_Smart_DUAL Profile: Test Cases/TC_018_VC_Smart_Verify Profile login-IOCL]]></system-out>
      <system-err><![CDATA[]]></system-err>
   </testsuite>
</testsuites>
