<?xml version="1.0" encoding="UTF-8"?>
<testsuites name="TS_002_VC_Smart_BASIC SANITY" time="406.207" tests="2" failures="0" errors="0">
   <testsuite name="TS_002_VC_Smart_BASIC SANITY" tests="2" failures="0" errors="0" time="406.207" skipped="0" timestamp="2023-08-16 14:10:10" hostname="DESKTOP-21ATSCV$ - DESKTOP-21ATSCV" id="Test Suites/TS_002_VC_Smart_BASIC SANITY">
      <properties>
         <property name="deviceName" value=""/>
         <property name="devicePlatform" value=""/>
         <property name="logFolder" value="C:\\Users\\windows 10\\git\\NewRepository\\KatalonGit\\Reports\\20230816_141000\\TS_002_VC_Smart_BASIC SANITY\\20230816_141007"/>
         <property name="logFiles" value="C:\\Users\\windows 10\\git\\NewRepository\\KatalonGit\\Reports\\20230816_141000\\TS_002_VC_Smart_BASIC SANITY\\20230816_141007\\execution0.log"/>
         <property name="attachments" value=""/>
         <property name="hostName" value="DESKTOP-21ATSCV$ - DESKTOP-21ATSCV"/>
         <property name="os" value="Windows 10 64bit"/>
         <property name="katalonVersion" value="8.6.5.208"/>
         <property name="browser" value="Chrome 115.0.0.0"/>
         <property name="hostAddress" value="192.168.1.101"/>
         <property name="sessionId" value="9ca491eda12081f38dd26d0aeeffcb44"/>
         <property name="seleniumVersion" value="3.141.59"/>
         <property name="proxyInformation" value="ProxyInformation { proxyOption=NO_PROXY, proxyServerType=HTTP, username=, password=********, proxyServerAddress=, proxyServerPort=0, executionList=&quot;&quot;, isApplyToDesiredCapabilities=true }"/>
         <property name="platform" value="Windows 10"/>
      </properties>
      <testcase name="Test Cases/TC_004_Verify the TBC feature" time="172.934" classname="Test Cases/TC_004_Verify the TBC feature" status="PASSED">
         <system-out><![CDATA[2023-08-16 14:10:10 - [TEST_CASE][PASSED] - Test Cases/TC_004_Verify the TBC feature: Test Cases/TC_004_Verify the TBC feature

2023-08-16 14:10:11 - [TEST_STEP][PASSED] - callTestCase(findTestCase("TC_001_Verify the Login feature with valid credentials"), [:], STOP_ON_FAILURE): Call Test Case 'Test Cases/TC_001_Verify the Login feature with valid credentials' successfully

2023-08-16 14:10:11 - [TEST_CASE][PASSED] - Test Cases/TC_001_Verify the Login feature with valid credentials: Test Cases/TC_001_Verify the Login feature with valid credentials

2023-08-16 14:10:11 - [TEST_STEP][PASSED] - openBrowser("https://ioclvcsmart.tmsitrimble.in/VCSmartApp/#/login"): Browser is opened with url: 'https://ioclvcsmart.tmsitrimble.in/VCSmartApp/#/login'

2023-08-16 14:10:12 - [MESSAGE][INFO] - Starting 'Chrome' driver

2023-08-16 14:10:12 - [MESSAGE][INFO] - Action delay is set to 0 milliseconds

2023-08-16 14:10:23 - [MESSAGE][PASSED] - Browser is opened with url: 'https://ioclvcsmart.tmsitrimble.in/VCSmartApp/#/login'

2023-08-16 14:10:23 - [TEST_STEP][PASSED] - maximizeWindow(): Current window maximized

2023-08-16 14:10:23 - [MESSAGE][PASSED] - Current window maximized

2023-08-16 14:10:23 - [TEST_STEP][PASSED] - delay(5): Delayed 5 second(s)

2023-08-16 14:10:28 - [MESSAGE][PASSED] - Delayed 5 second(s)

2023-08-16 14:10:28 - [TEST_STEP][PASSED] - click(findTestObject("OB_001_Login screen/Login Screen/Username")): Object: 'Object Repository/OB_001_Login screen/Login Screen/Username' is clicked on

2023-08-16 14:10:28 - [MESSAGE][PASSED] - Object: 'Object Repository/OB_001_Login screen/Login Screen/Username' is clicked on

2023-08-16 14:10:28 - [TEST_STEP][PASSED] - setText(findTestObject("OB_001_Login screen/Login Screen/Username"), "BSO-2300"): Text 'BSO-2300' is set on object 'Object Repository/OB_001_Login screen/Login Screen/Username'

2023-08-16 14:10:29 - [MESSAGE][PASSED] - Text 'BSO-2300' is set on object 'Object Repository/OB_001_Login screen/Login Screen/Username'

2023-08-16 14:10:29 - [TEST_STEP][PASSED] - click(findTestObject("OB_001_Login screen/Login Screen/Password")): Object: 'Object Repository/OB_001_Login screen/Login Screen/Password' is clicked on

2023-08-16 14:10:29 - [MESSAGE][PASSED] - Object: 'Object Repository/OB_001_Login screen/Login Screen/Password' is clicked on

2023-08-16 14:10:29 - [TEST_STEP][PASSED] - setText(findTestObject("OB_001_Login screen/Login Screen/Password"), "Password@2300"): Text 'Password@2300' is set on object 'Object Repository/OB_001_Login screen/Login Screen/Password'

2023-08-16 14:10:30 - [MESSAGE][PASSED] - Text 'Password@2300' is set on object 'Object Repository/OB_001_Login screen/Login Screen/Password'

2023-08-16 14:10:30 - [TEST_STEP][PASSED] - click(findTestObject("OB_001_Login screen/Login Screen/button_Sign in")): Object: 'Object Repository/OB_001_Login screen/Login Screen/button_Sign in' is clicked on

2023-08-16 14:10:31 - [MESSAGE][PASSED] - Object: 'Object Repository/OB_001_Login screen/Login Screen/button_Sign in' is clicked on

2023-08-16 14:10:31 - [TEST_STEP][PASSED] - delay(8): Delayed 8 second(s)

2023-08-16 14:10:39 - [MESSAGE][PASSED] - Delayed 8 second(s)

2023-08-16 14:10:39 - [TEST_STEP][PASSED] - verifyTextPresent("VC Smart", false): Text 'VC Smart' is present on page 

2023-08-16 14:11:09 - [MESSAGE][PASSED] - Text 'VC Smart' is present on page 

2023-08-16 14:11:09 - [MESSAGE][PASSED] - Call Test Case 'Test Cases/TC_001_Verify the Login feature with valid credentials' successfully

2023-08-16 14:11:09 - [TEST_STEP][PASSED] - delay(8): Delayed 8 second(s)

2023-08-16 14:11:17 - [MESSAGE][PASSED] - Delayed 8 second(s)

2023-08-16 14:11:17 - [TEST_STEP][PASSED] - click(findTestObject("OB_002_Feature1/Feature/a_Track By Criteria")): Object: 'Object Repository/OB_002_Feature1/Feature/a_Track By Criteria' is clicked on

2023-08-16 14:11:47 - [MESSAGE][PASSED] - Object: 'Object Repository/OB_002_Feature1/Feature/a_Track By Criteria' is clicked on

2023-08-16 14:11:47 - [TEST_STEP][PASSED] - click(findTestObject("OB_002_Feature1/Feature/button_Submit")): Object: 'Object Repository/OB_002_Feature1/Feature/button_Submit' is clicked on

2023-08-16 14:12:11 - [MESSAGE][PASSED] - Object: 'Object Repository/OB_002_Feature1/Feature/button_Submit' is clicked on

2023-08-16 14:12:11 - [TEST_STEP][PASSED] - delay(22): Delayed 22 second(s)

2023-08-16 14:12:33 - [MESSAGE][PASSED] - Delayed 22 second(s)

2023-08-16 14:12:33 - [TEST_STEP][PASSED] - verifyTextPresent("Vehicle Number", false): Text 'Vehicle Number' is present on page 

2023-08-16 14:13:03 - [MESSAGE][PASSED] - Text 'Vehicle Number' is present on page]]></system-out>
         <system-err><![CDATA[]]></system-err>
      </testcase>
      <testcase name="Test Cases/TC_005_Verify All feature of vc smart web application" time="232.85" classname="Test Cases/TC_005_Verify All feature of vc smart web application" status="PASSED">
         <system-out><![CDATA[2023-08-16 14:13:03 - [TEST_CASE][PASSED] - Test Cases/TC_005_Verify All feature of vc smart web application: Test Cases/TC_005_Verify All feature of vc smart web application

2023-08-16 14:13:03 - [TEST_STEP][PASSED] - callTestCase(findTestCase("TC_001_Verify the Login feature with valid credentials"), [:], STOP_ON_FAILURE): Call Test Case 'Test Cases/TC_001_Verify the Login feature with valid credentials' successfully

2023-08-16 14:13:04 - [TEST_CASE][PASSED] - Test Cases/TC_001_Verify the Login feature with valid credentials: Test Cases/TC_001_Verify the Login feature with valid credentials

2023-08-16 14:13:04 - [TEST_STEP][PASSED] - openBrowser("https://ioclvcsmart.tmsitrimble.in/VCSmartApp/#/login"): Browser is opened with url: 'https://ioclvcsmart.tmsitrimble.in/VCSmartApp/#/login'

2023-08-16 14:13:04 - [MESSAGE][WARNING] - A browser is already opened. Closing browser and opening a new one

2023-08-16 14:13:04 - [MESSAGE][INFO] - Starting 'Chrome' driver

2023-08-16 14:13:04 - [MESSAGE][INFO] - Action delay is set to 0 milliseconds

2023-08-16 14:13:14 - [MESSAGE][PASSED] - Browser is opened with url: 'https://ioclvcsmart.tmsitrimble.in/VCSmartApp/#/login'

2023-08-16 14:13:14 - [TEST_STEP][PASSED] - maximizeWindow(): Current window maximized

2023-08-16 14:13:14 - [MESSAGE][PASSED] - Current window maximized

2023-08-16 14:13:14 - [TEST_STEP][PASSED] - delay(5): Delayed 5 second(s)

2023-08-16 14:13:19 - [MESSAGE][PASSED] - Delayed 5 second(s)

2023-08-16 14:13:19 - [TEST_STEP][PASSED] - click(findTestObject("OB_001_Login screen/Login Screen/Username")): Object: 'Object Repository/OB_001_Login screen/Login Screen/Username' is clicked on

2023-08-16 14:13:20 - [MESSAGE][PASSED] - Object: 'Object Repository/OB_001_Login screen/Login Screen/Username' is clicked on

2023-08-16 14:13:20 - [TEST_STEP][PASSED] - setText(findTestObject("OB_001_Login screen/Login Screen/Username"), "BSO-2300"): Text 'BSO-2300' is set on object 'Object Repository/OB_001_Login screen/Login Screen/Username'

2023-08-16 14:13:20 - [MESSAGE][PASSED] - Text 'BSO-2300' is set on object 'Object Repository/OB_001_Login screen/Login Screen/Username'

2023-08-16 14:13:20 - [TEST_STEP][PASSED] - click(findTestObject("OB_001_Login screen/Login Screen/Password")): Object: 'Object Repository/OB_001_Login screen/Login Screen/Password' is clicked on

2023-08-16 14:13:21 - [MESSAGE][PASSED] - Object: 'Object Repository/OB_001_Login screen/Login Screen/Password' is clicked on

2023-08-16 14:13:21 - [TEST_STEP][PASSED] - setText(findTestObject("OB_001_Login screen/Login Screen/Password"), "Password@2300"): Text 'Password@2300' is set on object 'Object Repository/OB_001_Login screen/Login Screen/Password'

2023-08-16 14:13:22 - [MESSAGE][PASSED] - Text 'Password@2300' is set on object 'Object Repository/OB_001_Login screen/Login Screen/Password'

2023-08-16 14:13:22 - [TEST_STEP][PASSED] - click(findTestObject("OB_001_Login screen/Login Screen/button_Sign in")): Object: 'Object Repository/OB_001_Login screen/Login Screen/button_Sign in' is clicked on

2023-08-16 14:13:22 - [MESSAGE][PASSED] - Object: 'Object Repository/OB_001_Login screen/Login Screen/button_Sign in' is clicked on

2023-08-16 14:13:22 - [TEST_STEP][PASSED] - delay(8): Delayed 8 second(s)

2023-08-16 14:13:30 - [MESSAGE][PASSED] - Delayed 8 second(s)

2023-08-16 14:13:30 - [TEST_STEP][PASSED] - verifyTextPresent("VC Smart", false): Text 'VC Smart' is present on page 

2023-08-16 14:14:01 - [MESSAGE][PASSED] - Text 'VC Smart' is present on page 

2023-08-16 14:14:01 - [MESSAGE][PASSED] - Call Test Case 'Test Cases/TC_001_Verify the Login feature with valid credentials' successfully

2023-08-16 14:14:01 - [TEST_STEP][PASSED] - delay(11): Delayed 11 second(s)

2023-08-16 14:14:12 - [MESSAGE][PASSED] - Delayed 11 second(s)

2023-08-16 14:14:12 - [TEST_STEP][PASSED] - click(findTestObject("OB_003_All feature/All feature/a_Reports")): Object: 'Object Repository/OB_003_All feature/All feature/a_Reports' is clicked on

2023-08-16 14:14:38 - [MESSAGE][PASSED] - Object: 'Object Repository/OB_003_All feature/All feature/a_Reports' is clicked on

2023-08-16 14:14:38 - [TEST_STEP][PASSED] - verifyTextPresent("Safety Index Report", false): Text 'Safety Index Report' is present on page 

2023-08-16 14:14:39 - [MESSAGE][PASSED] - Text 'Safety Index Report' is present on page 

2023-08-16 14:14:39 - [TEST_STEP][PASSED] - delay(3): Delayed 3 second(s)

2023-08-16 14:14:42 - [MESSAGE][PASSED] - Delayed 3 second(s)

2023-08-16 14:14:42 - [TEST_STEP][PASSED] - click(findTestObject("OB_003_All feature/All feature/div_Safety Index Report")): Object: 'Object Repository/OB_003_All feature/All feature/div_Safety Index Report' is clicked on

2023-08-16 14:14:42 - [MESSAGE][PASSED] - Object: 'Object Repository/OB_003_All feature/All feature/div_Safety Index Report' is clicked on

2023-08-16 14:14:42 - [TEST_STEP][PASSED] - delay(3): Delayed 3 second(s)

2023-08-16 14:14:45 - [MESSAGE][PASSED] - Delayed 3 second(s)

2023-08-16 14:14:45 - [TEST_STEP][PASSED] - click(findTestObject("OB_003_All feature/All feature/a_Reports")): Object: 'Object Repository/OB_003_All feature/All feature/a_Reports' is clicked on

2023-08-16 14:14:46 - [MESSAGE][PASSED] - Object: 'Object Repository/OB_003_All feature/All feature/a_Reports' is clicked on

2023-08-16 14:14:46 - [TEST_STEP][PASSED] - click(findTestObject("OB_003_All feature/All feature/div_User Access Report")): Object: 'Object Repository/OB_003_All feature/All feature/div_User Access Report' is clicked on

2023-08-16 14:14:46 - [MESSAGE][PASSED] - Object: 'Object Repository/OB_003_All feature/All feature/div_User Access Report' is clicked on

2023-08-16 14:14:46 - [TEST_STEP][PASSED] - delay(3): Delayed 3 second(s)

2023-08-16 14:14:49 - [MESSAGE][PASSED] - Delayed 3 second(s)

2023-08-16 14:14:49 - [TEST_STEP][PASSED] - click(findTestObject("OB_003_All feature/All feature/a_Reports")): Object: 'Object Repository/OB_003_All feature/All feature/a_Reports' is clicked on

2023-08-16 14:14:50 - [MESSAGE][PASSED] - Object: 'Object Repository/OB_003_All feature/All feature/a_Reports' is clicked on

2023-08-16 14:14:50 - [TEST_STEP][PASSED] - click(findTestObject("OB_003_All feature/All feature/div_New Trip Report")): Object: 'Object Repository/OB_003_All feature/All feature/div_New Trip Report' is clicked on

2023-08-16 14:14:50 - [MESSAGE][PASSED] - Object: 'Object Repository/OB_003_All feature/All feature/div_New Trip Report' is clicked on

2023-08-16 14:14:50 - [TEST_STEP][PASSED] - delay(3): Delayed 3 second(s)

2023-08-16 14:14:53 - [MESSAGE][PASSED] - Delayed 3 second(s)

2023-08-16 14:14:53 - [TEST_STEP][PASSED] - click(findTestObject("OB_003_All feature/All feature/a_Reports")): Object: 'Object Repository/OB_003_All feature/All feature/a_Reports' is clicked on

2023-08-16 14:15:02 - [MESSAGE][PASSED] - Object: 'Object Repository/OB_003_All feature/All feature/a_Reports' is clicked on

2023-08-16 14:15:02 - [TEST_STEP][PASSED] - click(findTestObject("OB_003_All feature/All feature/div_Login History Report")): Object: 'Object Repository/OB_003_All feature/All feature/div_Login History Report' is clicked on

2023-08-16 14:15:03 - [MESSAGE][PASSED] - Object: 'Object Repository/OB_003_All feature/All feature/div_Login History Report' is clicked on

2023-08-16 14:15:03 - [TEST_STEP][PASSED] - delay(3): Delayed 3 second(s)

2023-08-16 14:15:06 - [MESSAGE][PASSED] - Delayed 3 second(s)

2023-08-16 14:15:06 - [TEST_STEP][PASSED] - click(findTestObject("OB_003_All feature/All feature/a_Reports")): Object: 'Object Repository/OB_003_All feature/All feature/a_Reports' is clicked on

2023-08-16 14:15:06 - [MESSAGE][PASSED] - Object: 'Object Repository/OB_003_All feature/All feature/a_Reports' is clicked on

2023-08-16 14:15:06 - [TEST_STEP][PASSED] - click(findTestObject("OB_003_All feature/All feature/div_External Consignment Log")): Object: 'Object Repository/OB_003_All feature/All feature/div_External Consignment Log' is clicked on

2023-08-16 14:15:07 - [MESSAGE][PASSED] - Object: 'Object Repository/OB_003_All feature/All feature/div_External Consignment Log' is clicked on

2023-08-16 14:15:07 - [TEST_STEP][PASSED] - delay(3): Delayed 3 second(s)

2023-08-16 14:15:10 - [MESSAGE][PASSED] - Delayed 3 second(s)

2023-08-16 14:15:10 - [TEST_STEP][PASSED] - click(findTestObject("OB_003_All feature/All feature/a_Reports")): Object: 'Object Repository/OB_003_All feature/All feature/a_Reports' is clicked on

2023-08-16 14:15:10 - [MESSAGE][PASSED] - Object: 'Object Repository/OB_003_All feature/All feature/a_Reports' is clicked on

2023-08-16 14:15:10 - [TEST_STEP][PASSED] - click(findTestObject("OB_003_All feature/All feature/div_Exception Report")): Object: 'Object Repository/OB_003_All feature/All feature/div_Exception Report' is clicked on

2023-08-16 14:15:11 - [MESSAGE][PASSED] - Object: 'Object Repository/OB_003_All feature/All feature/div_Exception Report' is clicked on

2023-08-16 14:15:11 - [TEST_STEP][PASSED] - delay(3): Delayed 3 second(s)

2023-08-16 14:15:14 - [MESSAGE][PASSED] - Delayed 3 second(s)

2023-08-16 14:15:14 - [TEST_STEP][PASSED] - click(findTestObject("OB_003_All feature/All feature/a_Reports")): Object: 'Object Repository/OB_003_All feature/All feature/a_Reports' is clicked on

2023-08-16 14:15:18 - [MESSAGE][PASSED] - Object: 'Object Repository/OB_003_All feature/All feature/a_Reports' is clicked on

2023-08-16 14:15:18 - [TEST_STEP][PASSED] - click(findTestObject("OB_003_All feature/All feature/a_Admin")): Object: 'Object Repository/OB_003_All feature/All feature/a_Admin' is clicked on

2023-08-16 14:15:19 - [MESSAGE][PASSED] - Object: 'Object Repository/OB_003_All feature/All feature/a_Admin' is clicked on

2023-08-16 14:15:19 - [TEST_STEP][PASSED] - delay(4): Delayed 4 second(s)

2023-08-16 14:15:23 - [MESSAGE][PASSED] - Delayed 4 second(s)

2023-08-16 14:15:23 - [TEST_STEP][PASSED] - verifyTextPresent("Landmark Manager", false): Text 'Landmark Manager' is present on page 

2023-08-16 14:15:23 - [MESSAGE][PASSED] - Text 'Landmark Manager' is present on page 

2023-08-16 14:15:23 - [TEST_STEP][PASSED] - click(findTestObject("OB_003_All feature/All feature/a_Admin")): Object: 'Object Repository/OB_003_All feature/All feature/a_Admin' is clicked on

2023-08-16 14:15:24 - [MESSAGE][PASSED] - Object: 'Object Repository/OB_003_All feature/All feature/a_Admin' is clicked on

2023-08-16 14:15:24 - [TEST_STEP][PASSED] - click(findTestObject("OB_003_All feature/All feature/a_NRD Dashboard")): Object: 'Object Repository/OB_003_All feature/All feature/a_NRD Dashboard' is clicked on

2023-08-16 14:15:24 - [MESSAGE][PASSED] - Object: 'Object Repository/OB_003_All feature/All feature/a_NRD Dashboard' is clicked on

2023-08-16 14:15:24 - [TEST_STEP][PASSED] - delay(11): Delayed 11 second(s)

2023-08-16 14:15:35 - [MESSAGE][PASSED] - Delayed 11 second(s)

2023-08-16 14:15:35 - [TEST_STEP][PASSED] - verifyTextPresent("Device Status", false): Text 'Device Status' is present on page 

2023-08-16 14:16:05 - [MESSAGE][PASSED] - Text 'Device Status' is present on page 

2023-08-16 14:16:05 - [TEST_STEP][PASSED] - click(findTestObject("OB_003_All feature/All feature/a_Map View")): Object: 'Object Repository/OB_003_All feature/All feature/a_Map View' is clicked on

2023-08-16 14:16:13 - [MESSAGE][PASSED] - Object: 'Object Repository/OB_003_All feature/All feature/a_Map View' is clicked on

2023-08-16 14:16:13 - [TEST_STEP][PASSED] - delay(12): Delayed 12 second(s)

2023-08-16 14:16:25 - [MESSAGE][PASSED] - Delayed 12 second(s)

2023-08-16 14:16:25 - [TEST_STEP][PASSED] - verifyTextPresent("View Grid", false): Text 'View Grid' is present on page 

2023-08-16 14:16:56 - [MESSAGE][PASSED] - Text 'View Grid' is present on page 

2023-08-16 14:16:56 - [TEST_STEP][PASSED] - closeBrowser(): Browser is closed

2023-08-16 14:16:56 - [MESSAGE][PASSED] - Browser is closed]]></system-out>
         <system-err><![CDATA[]]></system-err>
      </testcase>
      <system-out><![CDATA[2023-08-16 14:10:10 - [TEST_SUITE][PASSED] - TS_002_VC_Smart_BASIC SANITY: Test Cases/TC_005_Verify All feature of vc smart web application]]></system-out>
      <system-err><![CDATA[]]></system-err>
   </testsuite>
</testsuites>
