<?xml version="1.0" encoding="UTF-8"?>
<testsuites name="TS_010_PROFILE_VC_SMART_ITL" time="41.448" tests="1" failures="0" errors="0">
   <testsuite name="TS_010_PROFILE_VC_SMART_ITL" tests="1" failures="0" errors="0" time="41.448" skipped="0" timestamp="2023-08-16 12:53:12" hostname="windows 10 - DESKTOP-21ATSCV" id="Test Suites/TS_010_PROFILE_VC_SMART_ITL">
      <properties>
         <property name="deviceName" value=""/>
         <property name="devicePlatform" value=""/>
         <property name="logFolder" value="C:\\Users\\windows 10\\git\\NewRepository\\KatalonGit\\Reports\\20230816_125115\\TS_010_PROFILE_VC_SMART_ITL\\20230816_125121"/>
         <property name="logFiles" value="C:\\Users\\windows 10\\git\\NewRepository\\KatalonGit\\Reports\\20230816_125115\\TS_010_PROFILE_VC_SMART_ITL\\20230816_125121\\execution0.log"/>
         <property name="attachments" value=""/>
         <property name="hostName" value="windows 10 - DESKTOP-21ATSCV"/>
         <property name="os" value="Windows 10 64bit"/>
         <property name="katalonVersion" value="8.6.5.208"/>
         <property name="browser" value="Chrome 115.0.0.0"/>
         <property name="hostAddress" value="192.168.1.101"/>
         <property name="sessionId" value="abb6bf78fdd673ae4942c0799b4f7aa8"/>
         <property name="seleniumVersion" value="3.141.59"/>
         <property name="proxyInformation" value="ProxyInformation { proxyOption=NO_PROXY, proxyServerType=HTTP, username=, password=********, proxyServerAddress=, proxyServerPort=0, executionList=&quot;&quot;, isApplyToDesiredCapabilities=true }"/>
         <property name="platform" value="Windows 10"/>
      </properties>
      <testcase name="Test Cases/TC_020_VC_Smart_Login profile-ITL" time="41.191" classname="Test Cases/TC_020_VC_Smart_Login profile-ITL" status="PASSED">
         <system-out><![CDATA[2023-08-16 12:53:12 - [TEST_CASE][PASSED] - Test Cases/TC_020_VC_Smart_Login profile-ITL: Test Cases/TC_020_VC_Smart_Login profile-ITL

2023-08-16 12:53:13 - [TEST_STEP][PASSED] - openBrowser(URL): Browser is opened with url: 'https://vcsmart.tmsitrimble.in/VCSmartApp/#/login'

2023-08-16 12:53:13 - [MESSAGE][INFO] - Starting 'Chrome' driver

2023-08-16 12:53:13 - [MESSAGE][INFO] - Action delay is set to 0 milliseconds

2023-08-16 12:53:19 - [MESSAGE][PASSED] - Browser is opened with url: 'https://vcsmart.tmsitrimble.in/VCSmartApp/#/login'

2023-08-16 12:53:19 - [TEST_STEP][PASSED] - waitForPageLoad(15): Wait for page load successfully

2023-08-16 12:53:19 - [MESSAGE][PASSED] - Wait for page load successfully

2023-08-16 12:53:19 - [TEST_STEP][PASSED] - verifyElementPresent(findTestObject("OB_001_Login screen/Login Screen/Username"), 0): Object 'Object Repository/OB_001_Login screen/Login Screen/Username' is present

2023-08-16 12:53:19 - [MESSAGE][WARNING] - Timeout '0' is invalid. Using default page load timeout: '30'

2023-08-16 12:53:19 - [MESSAGE][PASSED] - Object 'Object Repository/OB_001_Login screen/Login Screen/Username' is present

2023-08-16 12:53:19 - [TEST_STEP][PASSED] - verifyElementPresent(findTestObject("OB_001_Login screen/Login Screen/Password"), 0): Object 'Object Repository/OB_001_Login screen/Login Screen/Password' is present

2023-08-16 12:53:19 - [MESSAGE][WARNING] - Timeout '0' is invalid. Using default page load timeout: '30'

2023-08-16 12:53:20 - [MESSAGE][PASSED] - Object 'Object Repository/OB_001_Login screen/Login Screen/Password' is present

2023-08-16 12:53:20 - [TEST_STEP][PASSED] - verifyElementPresent(findTestObject("OB_001_Login screen/Login Screen/button_Sign in"), 0): Object 'Object Repository/OB_001_Login screen/Login Screen/button_Sign in' is present

2023-08-16 12:53:20 - [MESSAGE][WARNING] - Timeout '0' is invalid. Using default page load timeout: '30'

2023-08-16 12:53:20 - [MESSAGE][PASSED] - Object 'Object Repository/OB_001_Login screen/Login Screen/button_Sign in' is present

2023-08-16 12:53:20 - [TEST_STEP][PASSED] - click(findTestObject("OB_001_Login screen/Login Screen/Username"), STOP_ON_FAILURE): Object: 'Object Repository/OB_001_Login screen/Login Screen/Username' is clicked on

2023-08-16 12:53:20 - [MESSAGE][PASSED] - Object: 'Object Repository/OB_001_Login screen/Login Screen/Username' is clicked on

2023-08-16 12:53:20 - [TEST_STEP][PASSED] - setText(findTestObject("OB_001_Login screen/Login Screen/Username"), USERNAME): Text 'hqlogpack' is set on object 'Object Repository/OB_001_Login screen/Login Screen/Username'

2023-08-16 12:53:21 - [MESSAGE][PASSED] - Text 'hqlogpack' is set on object 'Object Repository/OB_001_Login screen/Login Screen/Username'

2023-08-16 12:53:21 - [TEST_STEP][PASSED] - click(findTestObject("OB_001_Login screen/Login Screen/Password")): Object: 'Object Repository/OB_001_Login screen/Login Screen/Password' is clicked on

2023-08-16 12:53:22 - [MESSAGE][PASSED] - Object: 'Object Repository/OB_001_Login screen/Login Screen/Password' is clicked on

2023-08-16 12:53:22 - [TEST_STEP][PASSED] - setEncryptedText(findTestObject("OB_001_Login screen/Login Screen/Password"), PASSWORD): Text ****** has been set on object 'Object Repository/OB_001_Login screen/Login Screen/Password'

2023-08-16 12:53:22 - [MESSAGE][PASSED] - Text ****** has been set on object 'Object Repository/OB_001_Login screen/Login Screen/Password'

2023-08-16 12:53:22 - [TEST_STEP][PASSED] - waitForElementClickable(findTestObject("OB_001_Login screen/Login Screen/button_Sign in"), 3): Object 'Object Repository/OB_001_Login screen/Login Screen/button_Sign in' is clickable

2023-08-16 12:53:23 - [MESSAGE][PASSED] - Object 'Object Repository/OB_001_Login screen/Login Screen/button_Sign in' is clickable

2023-08-16 12:53:23 - [TEST_STEP][PASSED] - click(findTestObject("OB_001_Login screen/Login Screen/button_Sign in")): Object: 'Object Repository/OB_001_Login screen/Login Screen/button_Sign in' is clicked on

2023-08-16 12:53:23 - [MESSAGE][PASSED] - Object: 'Object Repository/OB_001_Login screen/Login Screen/button_Sign in' is clicked on

2023-08-16 12:53:23 - [TEST_STEP][PASSED] - waitForPageLoad(14): Wait for page load successfully

2023-08-16 12:53:23 - [MESSAGE][PASSED] - Wait for page load successfully

2023-08-16 12:53:23 - [TEST_STEP][PASSED] - verifyTextPresent("VC Smart", false): Text 'VC Smart' is present on page 

2023-08-16 12:53:53 - [MESSAGE][PASSED] - Text 'VC Smart' is present on page]]></system-out>
         <system-err><![CDATA[]]></system-err>
      </testcase>
      <system-out><![CDATA[2023-08-16 12:53:12 - [TEST_SUITE][PASSED] - TS_010_PROFILE_VC_SMART_ITL: Test Cases/TC_020_VC_Smart_Login profile-ITL]]></system-out>
      <system-err><![CDATA[]]></system-err>
   </testsuite>
</testsuites>
